[2022-04-25 12:41:19,974] {processor.py:163} INFO - Started process (PID=127) to work on /home/airflow/.local/lib/python3.7/site-packages/airflow/example_dags/example_xcom.py
[2022-04-25 12:41:19,987] {processor.py:642} INFO - Processing file /home/airflow/.local/lib/python3.7/site-packages/airflow/example_dags/example_xcom.py for tasks to queue
[2022-04-25 12:41:20,000] {logging_mixin.py:109} INFO - [2022-04-25 12:41:19,999] {dagbag.py:500} INFO - Filling up the DagBag from /home/airflow/.local/lib/python3.7/site-packages/airflow/example_dags/example_xcom.py
[2022-04-25 12:41:20,087] {processor.py:652} INFO - DAG(s) dict_keys(['example_xcom']) retrieved from /home/airflow/.local/lib/python3.7/site-packages/airflow/example_dags/example_xcom.py
[2022-04-25 12:41:23,641] {logging_mixin.py:109} INFO - [2022-04-25 12:41:23,641] {manager.py:496} INFO - Created Permission View: can read on DAG:example_xcom
[2022-04-25 12:41:23,658] {logging_mixin.py:109} INFO - [2022-04-25 12:41:23,658] {manager.py:496} INFO - Created Permission View: can edit on DAG:example_xcom
[2022-04-25 12:41:23,661] {logging_mixin.py:109} INFO - [2022-04-25 12:41:23,660] {dag.py:2398} INFO - Sync 1 DAGs
[2022-04-25 12:41:23,678] {logging_mixin.py:109} INFO - [2022-04-25 12:41:23,678] {dag.py:2417} INFO - Creating ORM DAG for example_xcom
[2022-04-25 12:41:23,700] {logging_mixin.py:109} INFO - [2022-04-25 12:41:23,700] {dag.py:2937} INFO - Setting next_dagrun for example_xcom to 2021-01-01T00:00:00+00:00
[2022-04-25 12:41:23,730] {processor.py:171} INFO - Processing /home/airflow/.local/lib/python3.7/site-packages/airflow/example_dags/example_xcom.py took 3.780 seconds
[2022-04-25 12:42:34,788] {processor.py:163} INFO - Started process (PID=247) to work on /home/airflow/.local/lib/python3.7/site-packages/airflow/example_dags/example_xcom.py
[2022-04-25 12:42:34,793] {processor.py:642} INFO - Processing file /home/airflow/.local/lib/python3.7/site-packages/airflow/example_dags/example_xcom.py for tasks to queue
[2022-04-25 12:42:34,795] {logging_mixin.py:109} INFO - [2022-04-25 12:42:34,795] {dagbag.py:500} INFO - Filling up the DagBag from /home/airflow/.local/lib/python3.7/site-packages/airflow/example_dags/example_xcom.py
[2022-04-25 12:42:34,882] {processor.py:652} INFO - DAG(s) dict_keys(['example_xcom']) retrieved from /home/airflow/.local/lib/python3.7/site-packages/airflow/example_dags/example_xcom.py
[2022-04-25 12:42:35,438] {logging_mixin.py:109} INFO - [2022-04-25 12:42:35,437] {dag.py:2398} INFO - Sync 1 DAGs
[2022-04-25 12:42:35,482] {logging_mixin.py:109} INFO - [2022-04-25 12:42:35,481] {dag.py:2937} INFO - Setting next_dagrun for example_xcom to 2021-01-01T00:00:00+00:00
[2022-04-25 12:42:35,520] {processor.py:171} INFO - Processing /home/airflow/.local/lib/python3.7/site-packages/airflow/example_dags/example_xcom.py took 0.740 seconds
[2022-04-25 12:43:06,687] {processor.py:163} INFO - Started process (PID=301) to work on /home/airflow/.local/lib/python3.7/site-packages/airflow/example_dags/example_xcom.py
[2022-04-25 12:43:06,699] {processor.py:642} INFO - Processing file /home/airflow/.local/lib/python3.7/site-packages/airflow/example_dags/example_xcom.py for tasks to queue
[2022-04-25 12:43:06,705] {logging_mixin.py:109} INFO - [2022-04-25 12:43:06,703] {dagbag.py:500} INFO - Filling up the DagBag from /home/airflow/.local/lib/python3.7/site-packages/airflow/example_dags/example_xcom.py
[2022-04-25 12:43:06,819] {processor.py:652} INFO - DAG(s) dict_keys(['example_xcom']) retrieved from /home/airflow/.local/lib/python3.7/site-packages/airflow/example_dags/example_xcom.py
[2022-04-25 12:43:08,030] {logging_mixin.py:109} INFO - [2022-04-25 12:43:08,030] {dag.py:2398} INFO - Sync 1 DAGs
[2022-04-25 12:43:08,078] {logging_mixin.py:109} INFO - [2022-04-25 12:43:08,078] {dag.py:2937} INFO - Setting next_dagrun for example_xcom to 2021-01-01T00:00:00+00:00
[2022-04-25 12:43:08,126] {processor.py:171} INFO - Processing /home/airflow/.local/lib/python3.7/site-packages/airflow/example_dags/example_xcom.py took 1.461 seconds
[2022-04-25 12:43:38,451] {processor.py:163} INFO - Started process (PID=353) to work on /home/airflow/.local/lib/python3.7/site-packages/airflow/example_dags/example_xcom.py
[2022-04-25 12:43:38,464] {processor.py:642} INFO - Processing file /home/airflow/.local/lib/python3.7/site-packages/airflow/example_dags/example_xcom.py for tasks to queue
[2022-04-25 12:43:38,469] {logging_mixin.py:109} INFO - [2022-04-25 12:43:38,468] {dagbag.py:500} INFO - Filling up the DagBag from /home/airflow/.local/lib/python3.7/site-packages/airflow/example_dags/example_xcom.py
[2022-04-25 12:43:38,594] {processor.py:652} INFO - DAG(s) dict_keys(['example_xcom']) retrieved from /home/airflow/.local/lib/python3.7/site-packages/airflow/example_dags/example_xcom.py
[2022-04-25 12:43:40,667] {logging_mixin.py:109} INFO - [2022-04-25 12:43:40,667] {dag.py:2398} INFO - Sync 1 DAGs
[2022-04-25 12:43:40,736] {logging_mixin.py:109} INFO - [2022-04-25 12:43:40,736] {dag.py:2937} INFO - Setting next_dagrun for example_xcom to 2021-01-01T00:00:00+00:00
[2022-04-25 12:43:40,809] {processor.py:171} INFO - Processing /home/airflow/.local/lib/python3.7/site-packages/airflow/example_dags/example_xcom.py took 2.376 seconds
[2022-04-25 12:44:11,000] {processor.py:163} INFO - Started process (PID=414) to work on /home/airflow/.local/lib/python3.7/site-packages/airflow/example_dags/example_xcom.py
[2022-04-25 12:44:11,003] {processor.py:642} INFO - Processing file /home/airflow/.local/lib/python3.7/site-packages/airflow/example_dags/example_xcom.py for tasks to queue
[2022-04-25 12:44:11,011] {logging_mixin.py:109} INFO - [2022-04-25 12:44:11,011] {dagbag.py:500} INFO - Filling up the DagBag from /home/airflow/.local/lib/python3.7/site-packages/airflow/example_dags/example_xcom.py
[2022-04-25 12:44:11,103] {processor.py:652} INFO - DAG(s) dict_keys(['example_xcom']) retrieved from /home/airflow/.local/lib/python3.7/site-packages/airflow/example_dags/example_xcom.py
[2022-04-25 12:44:12,277] {logging_mixin.py:109} INFO - [2022-04-25 12:44:12,277] {dag.py:2398} INFO - Sync 1 DAGs
[2022-04-25 12:44:12,401] {logging_mixin.py:109} INFO - [2022-04-25 12:44:12,401] {dag.py:2937} INFO - Setting next_dagrun for example_xcom to 2021-01-01T00:00:00+00:00
[2022-04-25 12:44:12,479] {processor.py:171} INFO - Processing /home/airflow/.local/lib/python3.7/site-packages/airflow/example_dags/example_xcom.py took 1.484 seconds
[2022-04-25 12:44:42,785] {processor.py:163} INFO - Started process (PID=470) to work on /home/airflow/.local/lib/python3.7/site-packages/airflow/example_dags/example_xcom.py
[2022-04-25 12:44:42,792] {processor.py:642} INFO - Processing file /home/airflow/.local/lib/python3.7/site-packages/airflow/example_dags/example_xcom.py for tasks to queue
[2022-04-25 12:44:42,801] {logging_mixin.py:109} INFO - [2022-04-25 12:44:42,799] {dagbag.py:500} INFO - Filling up the DagBag from /home/airflow/.local/lib/python3.7/site-packages/airflow/example_dags/example_xcom.py
[2022-04-25 12:44:42,967] {processor.py:652} INFO - DAG(s) dict_keys(['example_xcom']) retrieved from /home/airflow/.local/lib/python3.7/site-packages/airflow/example_dags/example_xcom.py
[2022-04-25 12:44:43,868] {logging_mixin.py:109} INFO - [2022-04-25 12:44:43,867] {dag.py:2398} INFO - Sync 1 DAGs
[2022-04-25 12:44:43,900] {logging_mixin.py:109} INFO - [2022-04-25 12:44:43,900] {dag.py:2937} INFO - Setting next_dagrun for example_xcom to 2021-01-01T00:00:00+00:00
[2022-04-25 12:44:43,927] {processor.py:171} INFO - Processing /home/airflow/.local/lib/python3.7/site-packages/airflow/example_dags/example_xcom.py took 1.169 seconds
[2022-04-25 12:45:14,041] {processor.py:163} INFO - Started process (PID=521) to work on /home/airflow/.local/lib/python3.7/site-packages/airflow/example_dags/example_xcom.py
[2022-04-25 12:45:14,049] {processor.py:642} INFO - Processing file /home/airflow/.local/lib/python3.7/site-packages/airflow/example_dags/example_xcom.py for tasks to queue
[2022-04-25 12:45:14,054] {logging_mixin.py:109} INFO - [2022-04-25 12:45:14,053] {dagbag.py:500} INFO - Filling up the DagBag from /home/airflow/.local/lib/python3.7/site-packages/airflow/example_dags/example_xcom.py
[2022-04-25 12:45:14,162] {processor.py:652} INFO - DAG(s) dict_keys(['example_xcom']) retrieved from /home/airflow/.local/lib/python3.7/site-packages/airflow/example_dags/example_xcom.py
[2022-04-25 12:45:15,438] {logging_mixin.py:109} INFO - [2022-04-25 12:45:15,438] {dag.py:2398} INFO - Sync 1 DAGs
[2022-04-25 12:45:15,573] {logging_mixin.py:109} INFO - [2022-04-25 12:45:15,565] {dag.py:2937} INFO - Setting next_dagrun for example_xcom to 2021-01-01T00:00:00+00:00
[2022-04-25 12:45:15,663] {processor.py:171} INFO - Processing /home/airflow/.local/lib/python3.7/site-packages/airflow/example_dags/example_xcom.py took 1.637 seconds
[2022-04-25 12:45:46,128] {processor.py:163} INFO - Started process (PID=575) to work on /home/airflow/.local/lib/python3.7/site-packages/airflow/example_dags/example_xcom.py
[2022-04-25 12:45:46,135] {processor.py:642} INFO - Processing file /home/airflow/.local/lib/python3.7/site-packages/airflow/example_dags/example_xcom.py for tasks to queue
[2022-04-25 12:45:46,138] {logging_mixin.py:109} INFO - [2022-04-25 12:45:46,138] {dagbag.py:500} INFO - Filling up the DagBag from /home/airflow/.local/lib/python3.7/site-packages/airflow/example_dags/example_xcom.py
[2022-04-25 12:45:46,188] {processor.py:652} INFO - DAG(s) dict_keys(['example_xcom']) retrieved from /home/airflow/.local/lib/python3.7/site-packages/airflow/example_dags/example_xcom.py
[2022-04-25 12:45:46,605] {logging_mixin.py:109} INFO - [2022-04-25 12:45:46,605] {dag.py:2398} INFO - Sync 1 DAGs
[2022-04-25 12:45:46,636] {logging_mixin.py:109} INFO - [2022-04-25 12:45:46,636] {dag.py:2937} INFO - Setting next_dagrun for example_xcom to 2021-01-01T00:00:00+00:00
[2022-04-25 12:45:46,660] {processor.py:171} INFO - Processing /home/airflow/.local/lib/python3.7/site-packages/airflow/example_dags/example_xcom.py took 0.538 seconds
[2022-04-25 12:46:16,794] {processor.py:163} INFO - Started process (PID=627) to work on /home/airflow/.local/lib/python3.7/site-packages/airflow/example_dags/example_xcom.py
[2022-04-25 12:46:16,798] {processor.py:642} INFO - Processing file /home/airflow/.local/lib/python3.7/site-packages/airflow/example_dags/example_xcom.py for tasks to queue
[2022-04-25 12:46:16,800] {logging_mixin.py:109} INFO - [2022-04-25 12:46:16,800] {dagbag.py:500} INFO - Filling up the DagBag from /home/airflow/.local/lib/python3.7/site-packages/airflow/example_dags/example_xcom.py
[2022-04-25 12:46:16,832] {processor.py:652} INFO - DAG(s) dict_keys(['example_xcom']) retrieved from /home/airflow/.local/lib/python3.7/site-packages/airflow/example_dags/example_xcom.py
[2022-04-25 12:46:17,119] {logging_mixin.py:109} INFO - [2022-04-25 12:46:17,119] {dag.py:2398} INFO - Sync 1 DAGs
[2022-04-25 12:46:17,144] {logging_mixin.py:109} INFO - [2022-04-25 12:46:17,144] {dag.py:2937} INFO - Setting next_dagrun for example_xcom to 2021-01-01T00:00:00+00:00
[2022-04-25 12:46:17,169] {processor.py:171} INFO - Processing /home/airflow/.local/lib/python3.7/site-packages/airflow/example_dags/example_xcom.py took 0.382 seconds
[2022-04-25 12:46:47,284] {processor.py:163} INFO - Started process (PID=677) to work on /home/airflow/.local/lib/python3.7/site-packages/airflow/example_dags/example_xcom.py
[2022-04-25 12:46:47,287] {processor.py:642} INFO - Processing file /home/airflow/.local/lib/python3.7/site-packages/airflow/example_dags/example_xcom.py for tasks to queue
[2022-04-25 12:46:47,290] {logging_mixin.py:109} INFO - [2022-04-25 12:46:47,289] {dagbag.py:500} INFO - Filling up the DagBag from /home/airflow/.local/lib/python3.7/site-packages/airflow/example_dags/example_xcom.py
[2022-04-25 12:46:47,328] {processor.py:652} INFO - DAG(s) dict_keys(['example_xcom']) retrieved from /home/airflow/.local/lib/python3.7/site-packages/airflow/example_dags/example_xcom.py
[2022-04-25 12:46:47,713] {logging_mixin.py:109} INFO - [2022-04-25 12:46:47,713] {dag.py:2398} INFO - Sync 1 DAGs
[2022-04-25 12:46:47,741] {logging_mixin.py:109} INFO - [2022-04-25 12:46:47,741] {dag.py:2937} INFO - Setting next_dagrun for example_xcom to 2021-01-01T00:00:00+00:00
[2022-04-25 12:46:47,760] {processor.py:171} INFO - Processing /home/airflow/.local/lib/python3.7/site-packages/airflow/example_dags/example_xcom.py took 0.502 seconds
[2022-04-25 12:47:18,611] {processor.py:163} INFO - Started process (PID=727) to work on /home/airflow/.local/lib/python3.7/site-packages/airflow/example_dags/example_xcom.py
[2022-04-25 12:47:18,615] {processor.py:642} INFO - Processing file /home/airflow/.local/lib/python3.7/site-packages/airflow/example_dags/example_xcom.py for tasks to queue
[2022-04-25 12:47:18,617] {logging_mixin.py:109} INFO - [2022-04-25 12:47:18,617] {dagbag.py:500} INFO - Filling up the DagBag from /home/airflow/.local/lib/python3.7/site-packages/airflow/example_dags/example_xcom.py
[2022-04-25 12:47:18,723] {processor.py:652} INFO - DAG(s) dict_keys(['example_xcom']) retrieved from /home/airflow/.local/lib/python3.7/site-packages/airflow/example_dags/example_xcom.py
[2022-04-25 12:47:19,220] {logging_mixin.py:109} INFO - [2022-04-25 12:47:19,220] {dag.py:2398} INFO - Sync 1 DAGs
[2022-04-25 12:47:19,240] {logging_mixin.py:109} INFO - [2022-04-25 12:47:19,240] {dag.py:2937} INFO - Setting next_dagrun for example_xcom to 2021-01-01T00:00:00+00:00
[2022-04-25 12:47:19,255] {processor.py:171} INFO - Processing /home/airflow/.local/lib/python3.7/site-packages/airflow/example_dags/example_xcom.py took 0.656 seconds
[2022-04-25 12:47:49,502] {processor.py:163} INFO - Started process (PID=776) to work on /home/airflow/.local/lib/python3.7/site-packages/airflow/example_dags/example_xcom.py
[2022-04-25 12:47:49,516] {processor.py:642} INFO - Processing file /home/airflow/.local/lib/python3.7/site-packages/airflow/example_dags/example_xcom.py for tasks to queue
[2022-04-25 12:47:49,518] {logging_mixin.py:109} INFO - [2022-04-25 12:47:49,518] {dagbag.py:500} INFO - Filling up the DagBag from /home/airflow/.local/lib/python3.7/site-packages/airflow/example_dags/example_xcom.py
[2022-04-25 12:47:49,566] {processor.py:652} INFO - DAG(s) dict_keys(['example_xcom']) retrieved from /home/airflow/.local/lib/python3.7/site-packages/airflow/example_dags/example_xcom.py
[2022-04-25 12:47:49,923] {logging_mixin.py:109} INFO - [2022-04-25 12:47:49,923] {dag.py:2398} INFO - Sync 1 DAGs
[2022-04-25 12:47:49,946] {logging_mixin.py:109} INFO - [2022-04-25 12:47:49,945] {dag.py:2937} INFO - Setting next_dagrun for example_xcom to 2021-01-01T00:00:00+00:00
[2022-04-25 12:47:49,960] {processor.py:171} INFO - Processing /home/airflow/.local/lib/python3.7/site-packages/airflow/example_dags/example_xcom.py took 0.464 seconds
[2022-04-25 12:48:20,146] {processor.py:163} INFO - Started process (PID=827) to work on /home/airflow/.local/lib/python3.7/site-packages/airflow/example_dags/example_xcom.py
[2022-04-25 12:48:20,150] {processor.py:642} INFO - Processing file /home/airflow/.local/lib/python3.7/site-packages/airflow/example_dags/example_xcom.py for tasks to queue
[2022-04-25 12:48:20,155] {logging_mixin.py:109} INFO - [2022-04-25 12:48:20,155] {dagbag.py:500} INFO - Filling up the DagBag from /home/airflow/.local/lib/python3.7/site-packages/airflow/example_dags/example_xcom.py
[2022-04-25 12:48:20,298] {processor.py:652} INFO - DAG(s) dict_keys(['example_xcom']) retrieved from /home/airflow/.local/lib/python3.7/site-packages/airflow/example_dags/example_xcom.py
[2022-04-25 12:48:20,812] {logging_mixin.py:109} INFO - [2022-04-25 12:48:20,812] {dag.py:2398} INFO - Sync 1 DAGs
[2022-04-25 12:48:20,853] {logging_mixin.py:109} INFO - [2022-04-25 12:48:20,853] {dag.py:2937} INFO - Setting next_dagrun for example_xcom to 2021-01-01T00:00:00+00:00
[2022-04-25 12:48:20,886] {processor.py:171} INFO - Processing /home/airflow/.local/lib/python3.7/site-packages/airflow/example_dags/example_xcom.py took 0.760 seconds
[2022-04-25 12:48:53,436] {processor.py:163} INFO - Started process (PID=886) to work on /home/airflow/.local/lib/python3.7/site-packages/airflow/example_dags/example_xcom.py
[2022-04-25 12:48:53,454] {processor.py:642} INFO - Processing file /home/airflow/.local/lib/python3.7/site-packages/airflow/example_dags/example_xcom.py for tasks to queue
[2022-04-25 12:48:53,474] {logging_mixin.py:109} INFO - [2022-04-25 12:48:53,472] {dagbag.py:500} INFO - Filling up the DagBag from /home/airflow/.local/lib/python3.7/site-packages/airflow/example_dags/example_xcom.py
[2022-04-25 12:48:53,652] {processor.py:652} INFO - DAG(s) dict_keys(['example_xcom']) retrieved from /home/airflow/.local/lib/python3.7/site-packages/airflow/example_dags/example_xcom.py
[2022-04-25 12:48:54,766] {logging_mixin.py:109} INFO - [2022-04-25 12:48:54,766] {dag.py:2398} INFO - Sync 1 DAGs
[2022-04-25 12:48:54,839] {logging_mixin.py:109} INFO - [2022-04-25 12:48:54,839] {dag.py:2937} INFO - Setting next_dagrun for example_xcom to 2021-01-01T00:00:00+00:00
[2022-04-25 12:48:54,878] {processor.py:171} INFO - Processing /home/airflow/.local/lib/python3.7/site-packages/airflow/example_dags/example_xcom.py took 1.485 seconds
[2022-04-25 12:52:34,818] {processor.py:163} INFO - Started process (PID=923) to work on /home/airflow/.local/lib/python3.7/site-packages/airflow/example_dags/example_xcom.py
[2022-04-25 12:52:34,835] {processor.py:642} INFO - Processing file /home/airflow/.local/lib/python3.7/site-packages/airflow/example_dags/example_xcom.py for tasks to queue
[2022-04-25 12:52:34,843] {logging_mixin.py:109} INFO - [2022-04-25 12:52:34,838] {dagbag.py:500} INFO - Filling up the DagBag from /home/airflow/.local/lib/python3.7/site-packages/airflow/example_dags/example_xcom.py
[2022-04-25 12:52:35,058] {processor.py:652} INFO - DAG(s) dict_keys(['example_xcom']) retrieved from /home/airflow/.local/lib/python3.7/site-packages/airflow/example_dags/example_xcom.py
[2022-04-25 12:52:37,146] {logging_mixin.py:109} INFO - [2022-04-25 12:52:37,145] {dag.py:2398} INFO - Sync 1 DAGs
[2022-04-25 12:52:37,254] {logging_mixin.py:109} INFO - [2022-04-25 12:52:37,253] {dag.py:2937} INFO - Setting next_dagrun for example_xcom to 2021-01-01T00:00:00+00:00
[2022-04-25 12:52:37,328] {processor.py:171} INFO - Processing /home/airflow/.local/lib/python3.7/site-packages/airflow/example_dags/example_xcom.py took 2.535 seconds
[2022-04-25 12:53:08,348] {processor.py:163} INFO - Started process (PID=978) to work on /home/airflow/.local/lib/python3.7/site-packages/airflow/example_dags/example_xcom.py
[2022-04-25 12:53:08,353] {processor.py:642} INFO - Processing file /home/airflow/.local/lib/python3.7/site-packages/airflow/example_dags/example_xcom.py for tasks to queue
[2022-04-25 12:53:08,355] {logging_mixin.py:109} INFO - [2022-04-25 12:53:08,354] {dagbag.py:500} INFO - Filling up the DagBag from /home/airflow/.local/lib/python3.7/site-packages/airflow/example_dags/example_xcom.py
[2022-04-25 12:53:08,397] {processor.py:652} INFO - DAG(s) dict_keys(['example_xcom']) retrieved from /home/airflow/.local/lib/python3.7/site-packages/airflow/example_dags/example_xcom.py
[2022-04-25 12:53:08,871] {logging_mixin.py:109} INFO - [2022-04-25 12:53:08,871] {dag.py:2398} INFO - Sync 1 DAGs
[2022-04-25 12:53:08,894] {logging_mixin.py:109} INFO - [2022-04-25 12:53:08,894] {dag.py:2937} INFO - Setting next_dagrun for example_xcom to 2021-01-01T00:00:00+00:00
[2022-04-25 12:53:08,911] {processor.py:171} INFO - Processing /home/airflow/.local/lib/python3.7/site-packages/airflow/example_dags/example_xcom.py took 0.568 seconds
[2022-04-25 12:53:39,275] {processor.py:163} INFO - Started process (PID=1039) to work on /home/airflow/.local/lib/python3.7/site-packages/airflow/example_dags/example_xcom.py
[2022-04-25 12:53:39,285] {processor.py:642} INFO - Processing file /home/airflow/.local/lib/python3.7/site-packages/airflow/example_dags/example_xcom.py for tasks to queue
[2022-04-25 12:53:39,290] {logging_mixin.py:109} INFO - [2022-04-25 12:53:39,289] {dagbag.py:500} INFO - Filling up the DagBag from /home/airflow/.local/lib/python3.7/site-packages/airflow/example_dags/example_xcom.py
[2022-04-25 12:53:39,390] {processor.py:652} INFO - DAG(s) dict_keys(['example_xcom']) retrieved from /home/airflow/.local/lib/python3.7/site-packages/airflow/example_dags/example_xcom.py
[2022-04-25 12:53:40,023] {logging_mixin.py:109} INFO - [2022-04-25 12:53:40,023] {dag.py:2398} INFO - Sync 1 DAGs
[2022-04-25 12:53:40,047] {logging_mixin.py:109} INFO - [2022-04-25 12:53:40,047] {dag.py:2937} INFO - Setting next_dagrun for example_xcom to 2021-01-01T00:00:00+00:00
[2022-04-25 12:53:40,062] {processor.py:171} INFO - Processing /home/airflow/.local/lib/python3.7/site-packages/airflow/example_dags/example_xcom.py took 0.807 seconds
[2022-04-25 12:54:10,864] {processor.py:163} INFO - Started process (PID=1090) to work on /home/airflow/.local/lib/python3.7/site-packages/airflow/example_dags/example_xcom.py
[2022-04-25 12:54:10,867] {processor.py:642} INFO - Processing file /home/airflow/.local/lib/python3.7/site-packages/airflow/example_dags/example_xcom.py for tasks to queue
[2022-04-25 12:54:10,869] {logging_mixin.py:109} INFO - [2022-04-25 12:54:10,869] {dagbag.py:500} INFO - Filling up the DagBag from /home/airflow/.local/lib/python3.7/site-packages/airflow/example_dags/example_xcom.py
[2022-04-25 12:54:10,940] {processor.py:652} INFO - DAG(s) dict_keys(['example_xcom']) retrieved from /home/airflow/.local/lib/python3.7/site-packages/airflow/example_dags/example_xcom.py
[2022-04-25 12:54:11,552] {logging_mixin.py:109} INFO - [2022-04-25 12:54:11,552] {dag.py:2398} INFO - Sync 1 DAGs
[2022-04-25 12:54:11,581] {logging_mixin.py:109} INFO - [2022-04-25 12:54:11,581] {dag.py:2937} INFO - Setting next_dagrun for example_xcom to 2021-01-01T00:00:00+00:00
[2022-04-25 12:54:11,601] {processor.py:171} INFO - Processing /home/airflow/.local/lib/python3.7/site-packages/airflow/example_dags/example_xcom.py took 0.750 seconds
[2022-04-25 12:54:42,232] {processor.py:163} INFO - Started process (PID=1141) to work on /home/airflow/.local/lib/python3.7/site-packages/airflow/example_dags/example_xcom.py
[2022-04-25 12:54:42,236] {processor.py:642} INFO - Processing file /home/airflow/.local/lib/python3.7/site-packages/airflow/example_dags/example_xcom.py for tasks to queue
[2022-04-25 12:54:42,238] {logging_mixin.py:109} INFO - [2022-04-25 12:54:42,238] {dagbag.py:500} INFO - Filling up the DagBag from /home/airflow/.local/lib/python3.7/site-packages/airflow/example_dags/example_xcom.py
[2022-04-25 12:54:42,281] {processor.py:652} INFO - DAG(s) dict_keys(['example_xcom']) retrieved from /home/airflow/.local/lib/python3.7/site-packages/airflow/example_dags/example_xcom.py
[2022-04-25 12:54:42,758] {logging_mixin.py:109} INFO - [2022-04-25 12:54:42,758] {dag.py:2398} INFO - Sync 1 DAGs
[2022-04-25 12:54:42,780] {logging_mixin.py:109} INFO - [2022-04-25 12:54:42,780] {dag.py:2937} INFO - Setting next_dagrun for example_xcom to 2021-01-01T00:00:00+00:00
[2022-04-25 12:54:42,804] {processor.py:171} INFO - Processing /home/airflow/.local/lib/python3.7/site-packages/airflow/example_dags/example_xcom.py took 0.579 seconds
[2022-04-25 12:55:13,144] {processor.py:163} INFO - Started process (PID=1195) to work on /home/airflow/.local/lib/python3.7/site-packages/airflow/example_dags/example_xcom.py
[2022-04-25 12:55:13,150] {processor.py:642} INFO - Processing file /home/airflow/.local/lib/python3.7/site-packages/airflow/example_dags/example_xcom.py for tasks to queue
[2022-04-25 12:55:13,153] {logging_mixin.py:109} INFO - [2022-04-25 12:55:13,152] {dagbag.py:500} INFO - Filling up the DagBag from /home/airflow/.local/lib/python3.7/site-packages/airflow/example_dags/example_xcom.py
[2022-04-25 12:55:13,200] {processor.py:652} INFO - DAG(s) dict_keys(['example_xcom']) retrieved from /home/airflow/.local/lib/python3.7/site-packages/airflow/example_dags/example_xcom.py
[2022-04-25 12:55:13,685] {logging_mixin.py:109} INFO - [2022-04-25 12:55:13,684] {dag.py:2398} INFO - Sync 1 DAGs
[2022-04-25 12:55:13,707] {logging_mixin.py:109} INFO - [2022-04-25 12:55:13,707] {dag.py:2937} INFO - Setting next_dagrun for example_xcom to 2021-01-01T00:00:00+00:00
[2022-04-25 12:55:13,722] {processor.py:171} INFO - Processing /home/airflow/.local/lib/python3.7/site-packages/airflow/example_dags/example_xcom.py took 0.604 seconds
[2022-04-25 12:55:43,796] {processor.py:163} INFO - Started process (PID=1249) to work on /home/airflow/.local/lib/python3.7/site-packages/airflow/example_dags/example_xcom.py
[2022-04-25 12:55:43,800] {processor.py:642} INFO - Processing file /home/airflow/.local/lib/python3.7/site-packages/airflow/example_dags/example_xcom.py for tasks to queue
[2022-04-25 12:55:43,803] {logging_mixin.py:109} INFO - [2022-04-25 12:55:43,802] {dagbag.py:500} INFO - Filling up the DagBag from /home/airflow/.local/lib/python3.7/site-packages/airflow/example_dags/example_xcom.py
[2022-04-25 12:55:43,850] {processor.py:652} INFO - DAG(s) dict_keys(['example_xcom']) retrieved from /home/airflow/.local/lib/python3.7/site-packages/airflow/example_dags/example_xcom.py
[2022-04-25 12:55:44,356] {logging_mixin.py:109} INFO - [2022-04-25 12:55:44,356] {dag.py:2398} INFO - Sync 1 DAGs
[2022-04-25 12:55:44,395] {logging_mixin.py:109} INFO - [2022-04-25 12:55:44,394] {dag.py:2937} INFO - Setting next_dagrun for example_xcom to 2021-01-01T00:00:00+00:00
[2022-04-25 12:55:44,417] {processor.py:171} INFO - Processing /home/airflow/.local/lib/python3.7/site-packages/airflow/example_dags/example_xcom.py took 0.629 seconds
[2022-04-25 12:56:15,334] {processor.py:163} INFO - Started process (PID=1300) to work on /home/airflow/.local/lib/python3.7/site-packages/airflow/example_dags/example_xcom.py
[2022-04-25 12:56:15,345] {processor.py:642} INFO - Processing file /home/airflow/.local/lib/python3.7/site-packages/airflow/example_dags/example_xcom.py for tasks to queue
[2022-04-25 12:56:15,348] {logging_mixin.py:109} INFO - [2022-04-25 12:56:15,348] {dagbag.py:500} INFO - Filling up the DagBag from /home/airflow/.local/lib/python3.7/site-packages/airflow/example_dags/example_xcom.py
[2022-04-25 12:56:15,383] {processor.py:652} INFO - DAG(s) dict_keys(['example_xcom']) retrieved from /home/airflow/.local/lib/python3.7/site-packages/airflow/example_dags/example_xcom.py
[2022-04-25 12:56:15,981] {logging_mixin.py:109} INFO - [2022-04-25 12:56:15,981] {dag.py:2398} INFO - Sync 1 DAGs
[2022-04-25 12:56:16,004] {logging_mixin.py:109} INFO - [2022-04-25 12:56:16,003] {dag.py:2937} INFO - Setting next_dagrun for example_xcom to 2021-01-01T00:00:00+00:00
[2022-04-25 12:56:16,027] {processor.py:171} INFO - Processing /home/airflow/.local/lib/python3.7/site-packages/airflow/example_dags/example_xcom.py took 0.704 seconds
[2022-04-25 12:56:46,314] {processor.py:163} INFO - Started process (PID=1361) to work on /home/airflow/.local/lib/python3.7/site-packages/airflow/example_dags/example_xcom.py
[2022-04-25 12:56:46,318] {processor.py:642} INFO - Processing file /home/airflow/.local/lib/python3.7/site-packages/airflow/example_dags/example_xcom.py for tasks to queue
[2022-04-25 12:56:46,320] {logging_mixin.py:109} INFO - [2022-04-25 12:56:46,320] {dagbag.py:500} INFO - Filling up the DagBag from /home/airflow/.local/lib/python3.7/site-packages/airflow/example_dags/example_xcom.py
[2022-04-25 12:56:46,390] {processor.py:652} INFO - DAG(s) dict_keys(['example_xcom']) retrieved from /home/airflow/.local/lib/python3.7/site-packages/airflow/example_dags/example_xcom.py
[2022-04-25 12:56:47,049] {logging_mixin.py:109} INFO - [2022-04-25 12:56:47,049] {dag.py:2398} INFO - Sync 1 DAGs
[2022-04-25 12:56:47,069] {logging_mixin.py:109} INFO - [2022-04-25 12:56:47,068] {dag.py:2937} INFO - Setting next_dagrun for example_xcom to 2021-01-01T00:00:00+00:00
[2022-04-25 12:56:47,084] {processor.py:171} INFO - Processing /home/airflow/.local/lib/python3.7/site-packages/airflow/example_dags/example_xcom.py took 0.776 seconds
[2022-04-25 12:57:17,244] {processor.py:163} INFO - Started process (PID=1417) to work on /home/airflow/.local/lib/python3.7/site-packages/airflow/example_dags/example_xcom.py
[2022-04-25 12:57:17,251] {processor.py:642} INFO - Processing file /home/airflow/.local/lib/python3.7/site-packages/airflow/example_dags/example_xcom.py for tasks to queue
[2022-04-25 12:57:17,257] {logging_mixin.py:109} INFO - [2022-04-25 12:57:17,257] {dagbag.py:500} INFO - Filling up the DagBag from /home/airflow/.local/lib/python3.7/site-packages/airflow/example_dags/example_xcom.py
[2022-04-25 12:57:17,312] {processor.py:652} INFO - DAG(s) dict_keys(['example_xcom']) retrieved from /home/airflow/.local/lib/python3.7/site-packages/airflow/example_dags/example_xcom.py
[2022-04-25 12:57:17,802] {logging_mixin.py:109} INFO - [2022-04-25 12:57:17,802] {dag.py:2398} INFO - Sync 1 DAGs
[2022-04-25 12:57:17,827] {logging_mixin.py:109} INFO - [2022-04-25 12:57:17,827] {dag.py:2937} INFO - Setting next_dagrun for example_xcom to 2021-01-01T00:00:00+00:00
[2022-04-25 12:57:17,844] {processor.py:171} INFO - Processing /home/airflow/.local/lib/python3.7/site-packages/airflow/example_dags/example_xcom.py took 0.611 seconds
[2022-04-25 12:57:48,874] {processor.py:163} INFO - Started process (PID=1470) to work on /home/airflow/.local/lib/python3.7/site-packages/airflow/example_dags/example_xcom.py
[2022-04-25 12:57:48,881] {processor.py:642} INFO - Processing file /home/airflow/.local/lib/python3.7/site-packages/airflow/example_dags/example_xcom.py for tasks to queue
[2022-04-25 12:57:48,890] {logging_mixin.py:109} INFO - [2022-04-25 12:57:48,889] {dagbag.py:500} INFO - Filling up the DagBag from /home/airflow/.local/lib/python3.7/site-packages/airflow/example_dags/example_xcom.py
[2022-04-25 12:57:48,972] {processor.py:652} INFO - DAG(s) dict_keys(['example_xcom']) retrieved from /home/airflow/.local/lib/python3.7/site-packages/airflow/example_dags/example_xcom.py
[2022-04-25 12:57:49,935] {logging_mixin.py:109} INFO - [2022-04-25 12:57:49,934] {dag.py:2398} INFO - Sync 1 DAGs
[2022-04-25 12:57:49,957] {logging_mixin.py:109} INFO - [2022-04-25 12:57:49,957] {dag.py:2937} INFO - Setting next_dagrun for example_xcom to 2021-01-01T00:00:00+00:00
[2022-04-25 12:57:49,973] {processor.py:171} INFO - Processing /home/airflow/.local/lib/python3.7/site-packages/airflow/example_dags/example_xcom.py took 1.104 seconds
[2022-04-25 12:58:20,920] {processor.py:163} INFO - Started process (PID=1525) to work on /home/airflow/.local/lib/python3.7/site-packages/airflow/example_dags/example_xcom.py
[2022-04-25 12:58:20,924] {processor.py:642} INFO - Processing file /home/airflow/.local/lib/python3.7/site-packages/airflow/example_dags/example_xcom.py for tasks to queue
[2022-04-25 12:58:20,927] {logging_mixin.py:109} INFO - [2022-04-25 12:58:20,927] {dagbag.py:500} INFO - Filling up the DagBag from /home/airflow/.local/lib/python3.7/site-packages/airflow/example_dags/example_xcom.py
[2022-04-25 12:58:21,055] {processor.py:652} INFO - DAG(s) dict_keys(['example_xcom']) retrieved from /home/airflow/.local/lib/python3.7/site-packages/airflow/example_dags/example_xcom.py
[2022-04-25 12:58:22,718] {logging_mixin.py:109} INFO - [2022-04-25 12:58:22,718] {dag.py:2398} INFO - Sync 1 DAGs
[2022-04-25 12:58:22,760] {logging_mixin.py:109} INFO - [2022-04-25 12:58:22,760] {dag.py:2937} INFO - Setting next_dagrun for example_xcom to 2021-01-01T00:00:00+00:00
[2022-04-25 12:58:22,795] {processor.py:171} INFO - Processing /home/airflow/.local/lib/python3.7/site-packages/airflow/example_dags/example_xcom.py took 1.894 seconds
[2022-04-25 12:58:53,165] {processor.py:163} INFO - Started process (PID=1579) to work on /home/airflow/.local/lib/python3.7/site-packages/airflow/example_dags/example_xcom.py
[2022-04-25 12:58:53,172] {processor.py:642} INFO - Processing file /home/airflow/.local/lib/python3.7/site-packages/airflow/example_dags/example_xcom.py for tasks to queue
[2022-04-25 12:58:53,177] {logging_mixin.py:109} INFO - [2022-04-25 12:58:53,176] {dagbag.py:500} INFO - Filling up the DagBag from /home/airflow/.local/lib/python3.7/site-packages/airflow/example_dags/example_xcom.py
[2022-04-25 12:58:53,273] {processor.py:652} INFO - DAG(s) dict_keys(['example_xcom']) retrieved from /home/airflow/.local/lib/python3.7/site-packages/airflow/example_dags/example_xcom.py
[2022-04-25 12:58:54,863] {logging_mixin.py:109} INFO - [2022-04-25 12:58:54,863] {dag.py:2398} INFO - Sync 1 DAGs
[2022-04-25 12:58:54,946] {logging_mixin.py:109} INFO - [2022-04-25 12:58:54,945] {dag.py:2937} INFO - Setting next_dagrun for example_xcom to 2021-01-01T00:00:00+00:00
[2022-04-25 12:58:55,009] {processor.py:171} INFO - Processing /home/airflow/.local/lib/python3.7/site-packages/airflow/example_dags/example_xcom.py took 1.867 seconds
[2022-04-25 12:59:25,489] {processor.py:163} INFO - Started process (PID=1635) to work on /home/airflow/.local/lib/python3.7/site-packages/airflow/example_dags/example_xcom.py
[2022-04-25 12:59:25,494] {processor.py:642} INFO - Processing file /home/airflow/.local/lib/python3.7/site-packages/airflow/example_dags/example_xcom.py for tasks to queue
[2022-04-25 12:59:25,497] {logging_mixin.py:109} INFO - [2022-04-25 12:59:25,497] {dagbag.py:500} INFO - Filling up the DagBag from /home/airflow/.local/lib/python3.7/site-packages/airflow/example_dags/example_xcom.py
[2022-04-25 12:59:25,551] {processor.py:652} INFO - DAG(s) dict_keys(['example_xcom']) retrieved from /home/airflow/.local/lib/python3.7/site-packages/airflow/example_dags/example_xcom.py
[2022-04-25 12:59:26,057] {logging_mixin.py:109} INFO - [2022-04-25 12:59:26,057] {dag.py:2398} INFO - Sync 1 DAGs
[2022-04-25 12:59:26,076] {logging_mixin.py:109} INFO - [2022-04-25 12:59:26,076] {dag.py:2937} INFO - Setting next_dagrun for example_xcom to 2021-01-01T00:00:00+00:00
[2022-04-25 12:59:26,096] {processor.py:171} INFO - Processing /home/airflow/.local/lib/python3.7/site-packages/airflow/example_dags/example_xcom.py took 0.620 seconds
[2022-04-25 12:59:56,285] {processor.py:163} INFO - Started process (PID=1691) to work on /home/airflow/.local/lib/python3.7/site-packages/airflow/example_dags/example_xcom.py
[2022-04-25 12:59:56,290] {processor.py:642} INFO - Processing file /home/airflow/.local/lib/python3.7/site-packages/airflow/example_dags/example_xcom.py for tasks to queue
[2022-04-25 12:59:56,292] {logging_mixin.py:109} INFO - [2022-04-25 12:59:56,292] {dagbag.py:500} INFO - Filling up the DagBag from /home/airflow/.local/lib/python3.7/site-packages/airflow/example_dags/example_xcom.py
[2022-04-25 12:59:56,331] {processor.py:652} INFO - DAG(s) dict_keys(['example_xcom']) retrieved from /home/airflow/.local/lib/python3.7/site-packages/airflow/example_dags/example_xcom.py
[2022-04-25 12:59:56,816] {logging_mixin.py:109} INFO - [2022-04-25 12:59:56,816] {dag.py:2398} INFO - Sync 1 DAGs
[2022-04-25 12:59:56,840] {logging_mixin.py:109} INFO - [2022-04-25 12:59:56,840] {dag.py:2937} INFO - Setting next_dagrun for example_xcom to 2021-01-01T00:00:00+00:00
[2022-04-25 12:59:56,857] {processor.py:171} INFO - Processing /home/airflow/.local/lib/python3.7/site-packages/airflow/example_dags/example_xcom.py took 0.578 seconds
[2022-04-25 13:00:27,206] {processor.py:163} INFO - Started process (PID=1743) to work on /home/airflow/.local/lib/python3.7/site-packages/airflow/example_dags/example_xcom.py
[2022-04-25 13:00:27,213] {processor.py:642} INFO - Processing file /home/airflow/.local/lib/python3.7/site-packages/airflow/example_dags/example_xcom.py for tasks to queue
[2022-04-25 13:00:27,219] {logging_mixin.py:109} INFO - [2022-04-25 13:00:27,218] {dagbag.py:500} INFO - Filling up the DagBag from /home/airflow/.local/lib/python3.7/site-packages/airflow/example_dags/example_xcom.py
[2022-04-25 13:00:27,349] {processor.py:652} INFO - DAG(s) dict_keys(['example_xcom']) retrieved from /home/airflow/.local/lib/python3.7/site-packages/airflow/example_dags/example_xcom.py
[2022-04-25 13:00:28,845] {logging_mixin.py:109} INFO - [2022-04-25 13:00:28,844] {dag.py:2398} INFO - Sync 1 DAGs
[2022-04-25 13:00:28,985] {logging_mixin.py:109} INFO - [2022-04-25 13:00:28,985] {dag.py:2937} INFO - Setting next_dagrun for example_xcom to 2021-01-01T00:00:00+00:00
[2022-04-25 13:00:29,129] {processor.py:171} INFO - Processing /home/airflow/.local/lib/python3.7/site-packages/airflow/example_dags/example_xcom.py took 1.943 seconds
[2022-04-25 13:00:59,608] {processor.py:163} INFO - Started process (PID=1801) to work on /home/airflow/.local/lib/python3.7/site-packages/airflow/example_dags/example_xcom.py
[2022-04-25 13:00:59,616] {processor.py:642} INFO - Processing file /home/airflow/.local/lib/python3.7/site-packages/airflow/example_dags/example_xcom.py for tasks to queue
[2022-04-25 13:00:59,620] {logging_mixin.py:109} INFO - [2022-04-25 13:00:59,620] {dagbag.py:500} INFO - Filling up the DagBag from /home/airflow/.local/lib/python3.7/site-packages/airflow/example_dags/example_xcom.py
[2022-04-25 13:00:59,827] {processor.py:652} INFO - DAG(s) dict_keys(['example_xcom']) retrieved from /home/airflow/.local/lib/python3.7/site-packages/airflow/example_dags/example_xcom.py
[2022-04-25 13:01:02,311] {logging_mixin.py:109} INFO - [2022-04-25 13:01:02,310] {dag.py:2398} INFO - Sync 1 DAGs
[2022-04-25 13:01:02,362] {logging_mixin.py:109} INFO - [2022-04-25 13:01:02,361] {dag.py:2937} INFO - Setting next_dagrun for example_xcom to 2021-01-01T00:00:00+00:00
[2022-04-25 13:01:02,395] {processor.py:171} INFO - Processing /home/airflow/.local/lib/python3.7/site-packages/airflow/example_dags/example_xcom.py took 2.831 seconds
[2022-04-25 13:01:32,661] {processor.py:163} INFO - Started process (PID=1858) to work on /home/airflow/.local/lib/python3.7/site-packages/airflow/example_dags/example_xcom.py
[2022-04-25 13:01:32,669] {processor.py:642} INFO - Processing file /home/airflow/.local/lib/python3.7/site-packages/airflow/example_dags/example_xcom.py for tasks to queue
[2022-04-25 13:01:32,672] {logging_mixin.py:109} INFO - [2022-04-25 13:01:32,672] {dagbag.py:500} INFO - Filling up the DagBag from /home/airflow/.local/lib/python3.7/site-packages/airflow/example_dags/example_xcom.py
[2022-04-25 13:01:32,747] {processor.py:652} INFO - DAG(s) dict_keys(['example_xcom']) retrieved from /home/airflow/.local/lib/python3.7/site-packages/airflow/example_dags/example_xcom.py
[2022-04-25 13:01:33,531] {logging_mixin.py:109} INFO - [2022-04-25 13:01:33,531] {dag.py:2398} INFO - Sync 1 DAGs
[2022-04-25 13:01:33,562] {logging_mixin.py:109} INFO - [2022-04-25 13:01:33,562] {dag.py:2937} INFO - Setting next_dagrun for example_xcom to 2021-01-01T00:00:00+00:00
[2022-04-25 13:01:33,585] {processor.py:171} INFO - Processing /home/airflow/.local/lib/python3.7/site-packages/airflow/example_dags/example_xcom.py took 0.930 seconds
[2022-04-25 13:02:04,546] {processor.py:163} INFO - Started process (PID=1913) to work on /home/airflow/.local/lib/python3.7/site-packages/airflow/example_dags/example_xcom.py
[2022-04-25 13:02:04,550] {processor.py:642} INFO - Processing file /home/airflow/.local/lib/python3.7/site-packages/airflow/example_dags/example_xcom.py for tasks to queue
[2022-04-25 13:02:04,553] {logging_mixin.py:109} INFO - [2022-04-25 13:02:04,553] {dagbag.py:500} INFO - Filling up the DagBag from /home/airflow/.local/lib/python3.7/site-packages/airflow/example_dags/example_xcom.py
[2022-04-25 13:02:04,588] {processor.py:652} INFO - DAG(s) dict_keys(['example_xcom']) retrieved from /home/airflow/.local/lib/python3.7/site-packages/airflow/example_dags/example_xcom.py
[2022-04-25 13:02:04,943] {logging_mixin.py:109} INFO - [2022-04-25 13:02:04,943] {dag.py:2398} INFO - Sync 1 DAGs
[2022-04-25 13:02:04,964] {logging_mixin.py:109} INFO - [2022-04-25 13:02:04,964] {dag.py:2937} INFO - Setting next_dagrun for example_xcom to 2021-01-01T00:00:00+00:00
[2022-04-25 13:02:04,987] {processor.py:171} INFO - Processing /home/airflow/.local/lib/python3.7/site-packages/airflow/example_dags/example_xcom.py took 0.453 seconds
[2022-04-25 13:02:36,019] {processor.py:163} INFO - Started process (PID=1964) to work on /home/airflow/.local/lib/python3.7/site-packages/airflow/example_dags/example_xcom.py
[2022-04-25 13:02:36,025] {processor.py:642} INFO - Processing file /home/airflow/.local/lib/python3.7/site-packages/airflow/example_dags/example_xcom.py for tasks to queue
[2022-04-25 13:02:36,029] {logging_mixin.py:109} INFO - [2022-04-25 13:02:36,028] {dagbag.py:500} INFO - Filling up the DagBag from /home/airflow/.local/lib/python3.7/site-packages/airflow/example_dags/example_xcom.py
[2022-04-25 13:02:36,092] {processor.py:652} INFO - DAG(s) dict_keys(['example_xcom']) retrieved from /home/airflow/.local/lib/python3.7/site-packages/airflow/example_dags/example_xcom.py
[2022-04-25 13:02:36,494] {logging_mixin.py:109} INFO - [2022-04-25 13:02:36,494] {dag.py:2398} INFO - Sync 1 DAGs
[2022-04-25 13:02:36,522] {logging_mixin.py:109} INFO - [2022-04-25 13:02:36,522] {dag.py:2937} INFO - Setting next_dagrun for example_xcom to 2021-01-01T00:00:00+00:00
[2022-04-25 13:02:36,721] {processor.py:171} INFO - Processing /home/airflow/.local/lib/python3.7/site-packages/airflow/example_dags/example_xcom.py took 0.721 seconds
[2022-04-25 13:11:53,240] {processor.py:163} INFO - Started process (PID=2005) to work on /home/airflow/.local/lib/python3.7/site-packages/airflow/example_dags/example_xcom.py
[2022-04-25 13:11:53,264] {processor.py:642} INFO - Processing file /home/airflow/.local/lib/python3.7/site-packages/airflow/example_dags/example_xcom.py for tasks to queue
[2022-04-25 13:11:53,279] {logging_mixin.py:109} INFO - [2022-04-25 13:11:53,274] {dagbag.py:500} INFO - Filling up the DagBag from /home/airflow/.local/lib/python3.7/site-packages/airflow/example_dags/example_xcom.py
[2022-04-25 13:11:53,655] {processor.py:652} INFO - DAG(s) dict_keys(['example_xcom']) retrieved from /home/airflow/.local/lib/python3.7/site-packages/airflow/example_dags/example_xcom.py
[2022-04-25 13:11:54,865] {logging_mixin.py:109} INFO - [2022-04-25 13:11:54,864] {dag.py:2398} INFO - Sync 1 DAGs
[2022-04-25 13:11:54,918] {logging_mixin.py:109} INFO - [2022-04-25 13:11:54,918] {dag.py:2937} INFO - Setting next_dagrun for example_xcom to 2021-01-01T00:00:00+00:00
[2022-04-25 13:11:54,970] {processor.py:171} INFO - Processing /home/airflow/.local/lib/python3.7/site-packages/airflow/example_dags/example_xcom.py took 1.795 seconds
