[2022-04-25 12:41:37,050] {processor.py:163} INFO - Started process (PID=155) to work on /home/airflow/.local/lib/python3.7/site-packages/airflow/example_dags/example_trigger_target_dag.py
[2022-04-25 12:41:37,061] {processor.py:642} INFO - Processing file /home/airflow/.local/lib/python3.7/site-packages/airflow/example_dags/example_trigger_target_dag.py for tasks to queue
[2022-04-25 12:41:37,069] {logging_mixin.py:109} INFO - [2022-04-25 12:41:37,068] {dagbag.py:500} INFO - Filling up the DagBag from /home/airflow/.local/lib/python3.7/site-packages/airflow/example_dags/example_trigger_target_dag.py
[2022-04-25 12:41:37,169] {processor.py:652} INFO - DAG(s) dict_keys(['example_trigger_target_dag']) retrieved from /home/airflow/.local/lib/python3.7/site-packages/airflow/example_dags/example_trigger_target_dag.py
[2022-04-25 12:41:41,928] {logging_mixin.py:109} INFO - [2022-04-25 12:41:41,928] {manager.py:496} INFO - Created Permission View: can read on DAG:example_trigger_target_dag
[2022-04-25 12:41:41,976] {logging_mixin.py:109} INFO - [2022-04-25 12:41:41,976] {manager.py:496} INFO - Created Permission View: can edit on DAG:example_trigger_target_dag
[2022-04-25 12:41:41,978] {logging_mixin.py:109} INFO - [2022-04-25 12:41:41,978] {dag.py:2398} INFO - Sync 1 DAGs
[2022-04-25 12:41:41,996] {logging_mixin.py:109} INFO - [2022-04-25 12:41:41,996] {dag.py:2417} INFO - Creating ORM DAG for example_trigger_target_dag
[2022-04-25 12:41:42,019] {logging_mixin.py:109} INFO - [2022-04-25 12:41:42,019] {dag.py:2937} INFO - Setting next_dagrun for example_trigger_target_dag to None
[2022-04-25 12:41:42,054] {processor.py:171} INFO - Processing /home/airflow/.local/lib/python3.7/site-packages/airflow/example_dags/example_trigger_target_dag.py took 5.013 seconds
[2022-04-25 12:42:36,194] {processor.py:163} INFO - Started process (PID=252) to work on /home/airflow/.local/lib/python3.7/site-packages/airflow/example_dags/example_trigger_target_dag.py
[2022-04-25 12:42:36,199] {processor.py:642} INFO - Processing file /home/airflow/.local/lib/python3.7/site-packages/airflow/example_dags/example_trigger_target_dag.py for tasks to queue
[2022-04-25 12:42:36,204] {logging_mixin.py:109} INFO - [2022-04-25 12:42:36,204] {dagbag.py:500} INFO - Filling up the DagBag from /home/airflow/.local/lib/python3.7/site-packages/airflow/example_dags/example_trigger_target_dag.py
[2022-04-25 12:42:36,282] {processor.py:652} INFO - DAG(s) dict_keys(['example_trigger_target_dag']) retrieved from /home/airflow/.local/lib/python3.7/site-packages/airflow/example_dags/example_trigger_target_dag.py
[2022-04-25 12:42:36,341] {logging_mixin.py:109} INFO - [2022-04-25 12:42:36,341] {dag.py:2398} INFO - Sync 1 DAGs
[2022-04-25 12:42:36,416] {logging_mixin.py:109} INFO - [2022-04-25 12:42:36,416] {dag.py:2937} INFO - Setting next_dagrun for example_trigger_target_dag to None
[2022-04-25 12:42:36,453] {processor.py:171} INFO - Processing /home/airflow/.local/lib/python3.7/site-packages/airflow/example_dags/example_trigger_target_dag.py took 0.275 seconds
[2022-04-25 12:43:08,875] {processor.py:163} INFO - Started process (PID=306) to work on /home/airflow/.local/lib/python3.7/site-packages/airflow/example_dags/example_trigger_target_dag.py
[2022-04-25 12:43:08,880] {processor.py:642} INFO - Processing file /home/airflow/.local/lib/python3.7/site-packages/airflow/example_dags/example_trigger_target_dag.py for tasks to queue
[2022-04-25 12:43:08,885] {logging_mixin.py:109} INFO - [2022-04-25 12:43:08,884] {dagbag.py:500} INFO - Filling up the DagBag from /home/airflow/.local/lib/python3.7/site-packages/airflow/example_dags/example_trigger_target_dag.py
[2022-04-25 12:43:09,014] {processor.py:652} INFO - DAG(s) dict_keys(['example_trigger_target_dag']) retrieved from /home/airflow/.local/lib/python3.7/site-packages/airflow/example_dags/example_trigger_target_dag.py
[2022-04-25 12:43:09,102] {logging_mixin.py:109} INFO - [2022-04-25 12:43:09,102] {dag.py:2398} INFO - Sync 1 DAGs
[2022-04-25 12:43:09,159] {logging_mixin.py:109} INFO - [2022-04-25 12:43:09,159] {dag.py:2937} INFO - Setting next_dagrun for example_trigger_target_dag to None
[2022-04-25 12:43:09,211] {processor.py:171} INFO - Processing /home/airflow/.local/lib/python3.7/site-packages/airflow/example_dags/example_trigger_target_dag.py took 0.358 seconds
[2022-04-25 12:43:41,495] {processor.py:163} INFO - Started process (PID=364) to work on /home/airflow/.local/lib/python3.7/site-packages/airflow/example_dags/example_trigger_target_dag.py
[2022-04-25 12:43:41,503] {processor.py:642} INFO - Processing file /home/airflow/.local/lib/python3.7/site-packages/airflow/example_dags/example_trigger_target_dag.py for tasks to queue
[2022-04-25 12:43:41,511] {logging_mixin.py:109} INFO - [2022-04-25 12:43:41,509] {dagbag.py:500} INFO - Filling up the DagBag from /home/airflow/.local/lib/python3.7/site-packages/airflow/example_dags/example_trigger_target_dag.py
[2022-04-25 12:43:41,748] {processor.py:652} INFO - DAG(s) dict_keys(['example_trigger_target_dag']) retrieved from /home/airflow/.local/lib/python3.7/site-packages/airflow/example_dags/example_trigger_target_dag.py
[2022-04-25 12:43:41,949] {logging_mixin.py:109} INFO - [2022-04-25 12:43:41,949] {dag.py:2398} INFO - Sync 1 DAGs
[2022-04-25 12:43:42,116] {logging_mixin.py:109} INFO - [2022-04-25 12:43:42,116] {dag.py:2937} INFO - Setting next_dagrun for example_trigger_target_dag to None
[2022-04-25 12:43:42,229] {processor.py:171} INFO - Processing /home/airflow/.local/lib/python3.7/site-packages/airflow/example_dags/example_trigger_target_dag.py took 0.773 seconds
[2022-04-25 12:44:12,477] {processor.py:163} INFO - Started process (PID=420) to work on /home/airflow/.local/lib/python3.7/site-packages/airflow/example_dags/example_trigger_target_dag.py
[2022-04-25 12:44:12,495] {processor.py:642} INFO - Processing file /home/airflow/.local/lib/python3.7/site-packages/airflow/example_dags/example_trigger_target_dag.py for tasks to queue
[2022-04-25 12:44:12,501] {logging_mixin.py:109} INFO - [2022-04-25 12:44:12,501] {dagbag.py:500} INFO - Filling up the DagBag from /home/airflow/.local/lib/python3.7/site-packages/airflow/example_dags/example_trigger_target_dag.py
[2022-04-25 12:44:12,613] {processor.py:652} INFO - DAG(s) dict_keys(['example_trigger_target_dag']) retrieved from /home/airflow/.local/lib/python3.7/site-packages/airflow/example_dags/example_trigger_target_dag.py
[2022-04-25 12:44:12,669] {logging_mixin.py:109} INFO - [2022-04-25 12:44:12,669] {dag.py:2398} INFO - Sync 1 DAGs
[2022-04-25 12:44:12,720] {logging_mixin.py:109} INFO - [2022-04-25 12:44:12,720] {dag.py:2937} INFO - Setting next_dagrun for example_trigger_target_dag to None
[2022-04-25 12:44:12,751] {processor.py:171} INFO - Processing /home/airflow/.local/lib/python3.7/site-packages/airflow/example_dags/example_trigger_target_dag.py took 0.293 seconds
[2022-04-25 12:44:43,449] {processor.py:163} INFO - Started process (PID=472) to work on /home/airflow/.local/lib/python3.7/site-packages/airflow/example_dags/example_trigger_target_dag.py
[2022-04-25 12:44:43,461] {processor.py:642} INFO - Processing file /home/airflow/.local/lib/python3.7/site-packages/airflow/example_dags/example_trigger_target_dag.py for tasks to queue
[2022-04-25 12:44:43,468] {logging_mixin.py:109} INFO - [2022-04-25 12:44:43,468] {dagbag.py:500} INFO - Filling up the DagBag from /home/airflow/.local/lib/python3.7/site-packages/airflow/example_dags/example_trigger_target_dag.py
[2022-04-25 12:44:43,557] {processor.py:652} INFO - DAG(s) dict_keys(['example_trigger_target_dag']) retrieved from /home/airflow/.local/lib/python3.7/site-packages/airflow/example_dags/example_trigger_target_dag.py
[2022-04-25 12:44:43,612] {logging_mixin.py:109} INFO - [2022-04-25 12:44:43,612] {dag.py:2398} INFO - Sync 1 DAGs
[2022-04-25 12:44:43,666] {logging_mixin.py:109} INFO - [2022-04-25 12:44:43,666] {dag.py:2937} INFO - Setting next_dagrun for example_trigger_target_dag to None
[2022-04-25 12:44:43,701] {processor.py:171} INFO - Processing /home/airflow/.local/lib/python3.7/site-packages/airflow/example_dags/example_trigger_target_dag.py took 0.281 seconds
[2022-04-25 12:45:14,858] {processor.py:163} INFO - Started process (PID=523) to work on /home/airflow/.local/lib/python3.7/site-packages/airflow/example_dags/example_trigger_target_dag.py
[2022-04-25 12:45:14,866] {processor.py:642} INFO - Processing file /home/airflow/.local/lib/python3.7/site-packages/airflow/example_dags/example_trigger_target_dag.py for tasks to queue
[2022-04-25 12:45:14,873] {logging_mixin.py:109} INFO - [2022-04-25 12:45:14,872] {dagbag.py:500} INFO - Filling up the DagBag from /home/airflow/.local/lib/python3.7/site-packages/airflow/example_dags/example_trigger_target_dag.py
[2022-04-25 12:45:14,991] {processor.py:652} INFO - DAG(s) dict_keys(['example_trigger_target_dag']) retrieved from /home/airflow/.local/lib/python3.7/site-packages/airflow/example_dags/example_trigger_target_dag.py
[2022-04-25 12:45:15,191] {logging_mixin.py:109} INFO - [2022-04-25 12:45:15,191] {dag.py:2398} INFO - Sync 1 DAGs
[2022-04-25 12:45:15,265] {logging_mixin.py:109} INFO - [2022-04-25 12:45:15,265] {dag.py:2937} INFO - Setting next_dagrun for example_trigger_target_dag to None
[2022-04-25 12:45:15,335] {processor.py:171} INFO - Processing /home/airflow/.local/lib/python3.7/site-packages/airflow/example_dags/example_trigger_target_dag.py took 0.500 seconds
[2022-04-25 12:45:46,142] {processor.py:163} INFO - Started process (PID=576) to work on /home/airflow/.local/lib/python3.7/site-packages/airflow/example_dags/example_trigger_target_dag.py
[2022-04-25 12:45:46,145] {processor.py:642} INFO - Processing file /home/airflow/.local/lib/python3.7/site-packages/airflow/example_dags/example_trigger_target_dag.py for tasks to queue
[2022-04-25 12:45:46,147] {logging_mixin.py:109} INFO - [2022-04-25 12:45:46,147] {dagbag.py:500} INFO - Filling up the DagBag from /home/airflow/.local/lib/python3.7/site-packages/airflow/example_dags/example_trigger_target_dag.py
[2022-04-25 12:45:46,179] {processor.py:652} INFO - DAG(s) dict_keys(['example_trigger_target_dag']) retrieved from /home/airflow/.local/lib/python3.7/site-packages/airflow/example_dags/example_trigger_target_dag.py
[2022-04-25 12:45:46,218] {logging_mixin.py:109} INFO - [2022-04-25 12:45:46,217] {dag.py:2398} INFO - Sync 1 DAGs
[2022-04-25 12:45:46,243] {logging_mixin.py:109} INFO - [2022-04-25 12:45:46,243] {dag.py:2937} INFO - Setting next_dagrun for example_trigger_target_dag to None
[2022-04-25 12:45:46,258] {processor.py:171} INFO - Processing /home/airflow/.local/lib/python3.7/site-packages/airflow/example_dags/example_trigger_target_dag.py took 0.124 seconds
[2022-04-25 12:46:16,484] {processor.py:163} INFO - Started process (PID=625) to work on /home/airflow/.local/lib/python3.7/site-packages/airflow/example_dags/example_trigger_target_dag.py
[2022-04-25 12:46:16,487] {processor.py:642} INFO - Processing file /home/airflow/.local/lib/python3.7/site-packages/airflow/example_dags/example_trigger_target_dag.py for tasks to queue
[2022-04-25 12:46:16,490] {logging_mixin.py:109} INFO - [2022-04-25 12:46:16,490] {dagbag.py:500} INFO - Filling up the DagBag from /home/airflow/.local/lib/python3.7/site-packages/airflow/example_dags/example_trigger_target_dag.py
[2022-04-25 12:46:16,525] {processor.py:652} INFO - DAG(s) dict_keys(['example_trigger_target_dag']) retrieved from /home/airflow/.local/lib/python3.7/site-packages/airflow/example_dags/example_trigger_target_dag.py
[2022-04-25 12:46:16,557] {logging_mixin.py:109} INFO - [2022-04-25 12:46:16,557] {dag.py:2398} INFO - Sync 1 DAGs
[2022-04-25 12:46:16,580] {logging_mixin.py:109} INFO - [2022-04-25 12:46:16,579] {dag.py:2937} INFO - Setting next_dagrun for example_trigger_target_dag to None
[2022-04-25 12:46:16,595] {processor.py:171} INFO - Processing /home/airflow/.local/lib/python3.7/site-packages/airflow/example_dags/example_trigger_target_dag.py took 0.117 seconds
[2022-04-25 12:46:46,990] {processor.py:163} INFO - Started process (PID=675) to work on /home/airflow/.local/lib/python3.7/site-packages/airflow/example_dags/example_trigger_target_dag.py
[2022-04-25 12:46:46,998] {processor.py:642} INFO - Processing file /home/airflow/.local/lib/python3.7/site-packages/airflow/example_dags/example_trigger_target_dag.py for tasks to queue
[2022-04-25 12:46:47,003] {logging_mixin.py:109} INFO - [2022-04-25 12:46:47,003] {dagbag.py:500} INFO - Filling up the DagBag from /home/airflow/.local/lib/python3.7/site-packages/airflow/example_dags/example_trigger_target_dag.py
[2022-04-25 12:46:47,087] {processor.py:652} INFO - DAG(s) dict_keys(['example_trigger_target_dag']) retrieved from /home/airflow/.local/lib/python3.7/site-packages/airflow/example_dags/example_trigger_target_dag.py
[2022-04-25 12:46:47,179] {logging_mixin.py:109} INFO - [2022-04-25 12:46:47,177] {dag.py:2398} INFO - Sync 1 DAGs
[2022-04-25 12:46:47,218] {logging_mixin.py:109} INFO - [2022-04-25 12:46:47,218] {dag.py:2937} INFO - Setting next_dagrun for example_trigger_target_dag to None
[2022-04-25 12:46:47,240] {processor.py:171} INFO - Processing /home/airflow/.local/lib/python3.7/site-packages/airflow/example_dags/example_trigger_target_dag.py took 0.262 seconds
[2022-04-25 12:47:17,450] {processor.py:163} INFO - Started process (PID=726) to work on /home/airflow/.local/lib/python3.7/site-packages/airflow/example_dags/example_trigger_target_dag.py
[2022-04-25 12:47:17,456] {processor.py:642} INFO - Processing file /home/airflow/.local/lib/python3.7/site-packages/airflow/example_dags/example_trigger_target_dag.py for tasks to queue
[2022-04-25 12:47:17,460] {logging_mixin.py:109} INFO - [2022-04-25 12:47:17,459] {dagbag.py:500} INFO - Filling up the DagBag from /home/airflow/.local/lib/python3.7/site-packages/airflow/example_dags/example_trigger_target_dag.py
[2022-04-25 12:47:17,497] {processor.py:652} INFO - DAG(s) dict_keys(['example_trigger_target_dag']) retrieved from /home/airflow/.local/lib/python3.7/site-packages/airflow/example_dags/example_trigger_target_dag.py
[2022-04-25 12:47:17,538] {logging_mixin.py:109} INFO - [2022-04-25 12:47:17,537] {dag.py:2398} INFO - Sync 1 DAGs
[2022-04-25 12:47:17,565] {logging_mixin.py:109} INFO - [2022-04-25 12:47:17,565] {dag.py:2937} INFO - Setting next_dagrun for example_trigger_target_dag to None
[2022-04-25 12:47:17,585] {processor.py:171} INFO - Processing /home/airflow/.local/lib/python3.7/site-packages/airflow/example_dags/example_trigger_target_dag.py took 0.144 seconds
[2022-04-25 12:47:47,959] {processor.py:163} INFO - Started process (PID=774) to work on /home/airflow/.local/lib/python3.7/site-packages/airflow/example_dags/example_trigger_target_dag.py
[2022-04-25 12:47:47,968] {processor.py:642} INFO - Processing file /home/airflow/.local/lib/python3.7/site-packages/airflow/example_dags/example_trigger_target_dag.py for tasks to queue
[2022-04-25 12:47:47,972] {logging_mixin.py:109} INFO - [2022-04-25 12:47:47,972] {dagbag.py:500} INFO - Filling up the DagBag from /home/airflow/.local/lib/python3.7/site-packages/airflow/example_dags/example_trigger_target_dag.py
[2022-04-25 12:47:48,035] {processor.py:652} INFO - DAG(s) dict_keys(['example_trigger_target_dag']) retrieved from /home/airflow/.local/lib/python3.7/site-packages/airflow/example_dags/example_trigger_target_dag.py
[2022-04-25 12:47:48,070] {logging_mixin.py:109} INFO - [2022-04-25 12:47:48,070] {dag.py:2398} INFO - Sync 1 DAGs
[2022-04-25 12:47:48,096] {logging_mixin.py:109} INFO - [2022-04-25 12:47:48,095] {dag.py:2937} INFO - Setting next_dagrun for example_trigger_target_dag to None
[2022-04-25 12:47:48,109] {processor.py:171} INFO - Processing /home/airflow/.local/lib/python3.7/site-packages/airflow/example_dags/example_trigger_target_dag.py took 0.158 seconds
[2022-04-25 12:48:18,401] {processor.py:163} INFO - Started process (PID=824) to work on /home/airflow/.local/lib/python3.7/site-packages/airflow/example_dags/example_trigger_target_dag.py
[2022-04-25 12:48:18,407] {processor.py:642} INFO - Processing file /home/airflow/.local/lib/python3.7/site-packages/airflow/example_dags/example_trigger_target_dag.py for tasks to queue
[2022-04-25 12:48:18,411] {logging_mixin.py:109} INFO - [2022-04-25 12:48:18,411] {dagbag.py:500} INFO - Filling up the DagBag from /home/airflow/.local/lib/python3.7/site-packages/airflow/example_dags/example_trigger_target_dag.py
[2022-04-25 12:48:18,472] {processor.py:652} INFO - DAG(s) dict_keys(['example_trigger_target_dag']) retrieved from /home/airflow/.local/lib/python3.7/site-packages/airflow/example_dags/example_trigger_target_dag.py
[2022-04-25 12:48:18,532] {logging_mixin.py:109} INFO - [2022-04-25 12:48:18,531] {dag.py:2398} INFO - Sync 1 DAGs
[2022-04-25 12:48:18,561] {logging_mixin.py:109} INFO - [2022-04-25 12:48:18,561] {dag.py:2937} INFO - Setting next_dagrun for example_trigger_target_dag to None
[2022-04-25 12:48:18,577] {processor.py:171} INFO - Processing /home/airflow/.local/lib/python3.7/site-packages/airflow/example_dags/example_trigger_target_dag.py took 0.186 seconds
[2022-04-25 12:48:51,904] {processor.py:163} INFO - Started process (PID=875) to work on /home/airflow/.local/lib/python3.7/site-packages/airflow/example_dags/example_trigger_target_dag.py
[2022-04-25 12:48:51,925] {processor.py:642} INFO - Processing file /home/airflow/.local/lib/python3.7/site-packages/airflow/example_dags/example_trigger_target_dag.py for tasks to queue
[2022-04-25 12:48:51,939] {logging_mixin.py:109} INFO - [2022-04-25 12:48:51,936] {dagbag.py:500} INFO - Filling up the DagBag from /home/airflow/.local/lib/python3.7/site-packages/airflow/example_dags/example_trigger_target_dag.py
[2022-04-25 12:48:52,124] {processor.py:652} INFO - DAG(s) dict_keys(['example_trigger_target_dag']) retrieved from /home/airflow/.local/lib/python3.7/site-packages/airflow/example_dags/example_trigger_target_dag.py
[2022-04-25 12:48:52,211] {logging_mixin.py:109} INFO - [2022-04-25 12:48:52,211] {dag.py:2398} INFO - Sync 1 DAGs
[2022-04-25 12:48:52,330] {logging_mixin.py:109} INFO - [2022-04-25 12:48:52,330] {dag.py:2937} INFO - Setting next_dagrun for example_trigger_target_dag to None
[2022-04-25 12:48:52,434] {processor.py:171} INFO - Processing /home/airflow/.local/lib/python3.7/site-packages/airflow/example_dags/example_trigger_target_dag.py took 0.549 seconds
[2022-04-25 12:52:37,864] {processor.py:163} INFO - Started process (PID=928) to work on /home/airflow/.local/lib/python3.7/site-packages/airflow/example_dags/example_trigger_target_dag.py
[2022-04-25 12:52:37,899] {processor.py:642} INFO - Processing file /home/airflow/.local/lib/python3.7/site-packages/airflow/example_dags/example_trigger_target_dag.py for tasks to queue
[2022-04-25 12:52:37,918] {logging_mixin.py:109} INFO - [2022-04-25 12:52:37,918] {dagbag.py:500} INFO - Filling up the DagBag from /home/airflow/.local/lib/python3.7/site-packages/airflow/example_dags/example_trigger_target_dag.py
[2022-04-25 12:52:38,315] {processor.py:652} INFO - DAG(s) dict_keys(['example_trigger_target_dag']) retrieved from /home/airflow/.local/lib/python3.7/site-packages/airflow/example_dags/example_trigger_target_dag.py
[2022-04-25 12:52:38,523] {logging_mixin.py:109} INFO - [2022-04-25 12:52:38,520] {dag.py:2398} INFO - Sync 1 DAGs
[2022-04-25 12:52:38,705] {logging_mixin.py:109} INFO - [2022-04-25 12:52:38,705] {dag.py:2937} INFO - Setting next_dagrun for example_trigger_target_dag to None
[2022-04-25 12:52:38,825] {processor.py:171} INFO - Processing /home/airflow/.local/lib/python3.7/site-packages/airflow/example_dags/example_trigger_target_dag.py took 1.074 seconds
[2022-04-25 12:53:08,985] {processor.py:163} INFO - Started process (PID=979) to work on /home/airflow/.local/lib/python3.7/site-packages/airflow/example_dags/example_trigger_target_dag.py
[2022-04-25 12:53:08,989] {processor.py:642} INFO - Processing file /home/airflow/.local/lib/python3.7/site-packages/airflow/example_dags/example_trigger_target_dag.py for tasks to queue
[2022-04-25 12:53:08,991] {logging_mixin.py:109} INFO - [2022-04-25 12:53:08,991] {dagbag.py:500} INFO - Filling up the DagBag from /home/airflow/.local/lib/python3.7/site-packages/airflow/example_dags/example_trigger_target_dag.py
[2022-04-25 12:53:09,050] {processor.py:652} INFO - DAG(s) dict_keys(['example_trigger_target_dag']) retrieved from /home/airflow/.local/lib/python3.7/site-packages/airflow/example_dags/example_trigger_target_dag.py
[2022-04-25 12:53:09,099] {logging_mixin.py:109} INFO - [2022-04-25 12:53:09,099] {dag.py:2398} INFO - Sync 1 DAGs
[2022-04-25 12:53:09,126] {logging_mixin.py:109} INFO - [2022-04-25 12:53:09,126] {dag.py:2937} INFO - Setting next_dagrun for example_trigger_target_dag to None
[2022-04-25 12:53:09,159] {processor.py:171} INFO - Processing /home/airflow/.local/lib/python3.7/site-packages/airflow/example_dags/example_trigger_target_dag.py took 0.183 seconds
[2022-04-25 12:53:39,292] {processor.py:163} INFO - Started process (PID=1040) to work on /home/airflow/.local/lib/python3.7/site-packages/airflow/example_dags/example_trigger_target_dag.py
[2022-04-25 12:53:39,301] {processor.py:642} INFO - Processing file /home/airflow/.local/lib/python3.7/site-packages/airflow/example_dags/example_trigger_target_dag.py for tasks to queue
[2022-04-25 12:53:39,306] {logging_mixin.py:109} INFO - [2022-04-25 12:53:39,305] {dagbag.py:500} INFO - Filling up the DagBag from /home/airflow/.local/lib/python3.7/site-packages/airflow/example_dags/example_trigger_target_dag.py
[2022-04-25 12:53:39,387] {processor.py:652} INFO - DAG(s) dict_keys(['example_trigger_target_dag']) retrieved from /home/airflow/.local/lib/python3.7/site-packages/airflow/example_dags/example_trigger_target_dag.py
[2022-04-25 12:53:39,429] {logging_mixin.py:109} INFO - [2022-04-25 12:53:39,429] {dag.py:2398} INFO - Sync 1 DAGs
[2022-04-25 12:53:39,463] {logging_mixin.py:109} INFO - [2022-04-25 12:53:39,463] {dag.py:2937} INFO - Setting next_dagrun for example_trigger_target_dag to None
[2022-04-25 12:53:39,488] {processor.py:171} INFO - Processing /home/airflow/.local/lib/python3.7/site-packages/airflow/example_dags/example_trigger_target_dag.py took 0.222 seconds
[2022-04-25 12:54:09,660] {processor.py:163} INFO - Started process (PID=1089) to work on /home/airflow/.local/lib/python3.7/site-packages/airflow/example_dags/example_trigger_target_dag.py
[2022-04-25 12:54:09,665] {processor.py:642} INFO - Processing file /home/airflow/.local/lib/python3.7/site-packages/airflow/example_dags/example_trigger_target_dag.py for tasks to queue
[2022-04-25 12:54:09,668] {logging_mixin.py:109} INFO - [2022-04-25 12:54:09,668] {dagbag.py:500} INFO - Filling up the DagBag from /home/airflow/.local/lib/python3.7/site-packages/airflow/example_dags/example_trigger_target_dag.py
[2022-04-25 12:54:09,758] {processor.py:652} INFO - DAG(s) dict_keys(['example_trigger_target_dag']) retrieved from /home/airflow/.local/lib/python3.7/site-packages/airflow/example_dags/example_trigger_target_dag.py
[2022-04-25 12:54:09,817] {logging_mixin.py:109} INFO - [2022-04-25 12:54:09,816] {dag.py:2398} INFO - Sync 1 DAGs
[2022-04-25 12:54:09,847] {logging_mixin.py:109} INFO - [2022-04-25 12:54:09,847] {dag.py:2937} INFO - Setting next_dagrun for example_trigger_target_dag to None
[2022-04-25 12:54:09,861] {processor.py:171} INFO - Processing /home/airflow/.local/lib/python3.7/site-packages/airflow/example_dags/example_trigger_target_dag.py took 0.244 seconds
[2022-04-25 12:54:40,906] {processor.py:163} INFO - Started process (PID=1139) to work on /home/airflow/.local/lib/python3.7/site-packages/airflow/example_dags/example_trigger_target_dag.py
[2022-04-25 12:54:40,910] {processor.py:642} INFO - Processing file /home/airflow/.local/lib/python3.7/site-packages/airflow/example_dags/example_trigger_target_dag.py for tasks to queue
[2022-04-25 12:54:40,913] {logging_mixin.py:109} INFO - [2022-04-25 12:54:40,912] {dagbag.py:500} INFO - Filling up the DagBag from /home/airflow/.local/lib/python3.7/site-packages/airflow/example_dags/example_trigger_target_dag.py
[2022-04-25 12:54:40,956] {processor.py:652} INFO - DAG(s) dict_keys(['example_trigger_target_dag']) retrieved from /home/airflow/.local/lib/python3.7/site-packages/airflow/example_dags/example_trigger_target_dag.py
[2022-04-25 12:54:40,992] {logging_mixin.py:109} INFO - [2022-04-25 12:54:40,992] {dag.py:2398} INFO - Sync 1 DAGs
[2022-04-25 12:54:41,019] {logging_mixin.py:109} INFO - [2022-04-25 12:54:41,018] {dag.py:2937} INFO - Setting next_dagrun for example_trigger_target_dag to None
[2022-04-25 12:54:41,044] {processor.py:171} INFO - Processing /home/airflow/.local/lib/python3.7/site-packages/airflow/example_dags/example_trigger_target_dag.py took 0.151 seconds
[2022-04-25 12:55:11,404] {processor.py:163} INFO - Started process (PID=1192) to work on /home/airflow/.local/lib/python3.7/site-packages/airflow/example_dags/example_trigger_target_dag.py
[2022-04-25 12:55:11,410] {processor.py:642} INFO - Processing file /home/airflow/.local/lib/python3.7/site-packages/airflow/example_dags/example_trigger_target_dag.py for tasks to queue
[2022-04-25 12:55:11,413] {logging_mixin.py:109} INFO - [2022-04-25 12:55:11,413] {dagbag.py:500} INFO - Filling up the DagBag from /home/airflow/.local/lib/python3.7/site-packages/airflow/example_dags/example_trigger_target_dag.py
[2022-04-25 12:55:11,452] {processor.py:652} INFO - DAG(s) dict_keys(['example_trigger_target_dag']) retrieved from /home/airflow/.local/lib/python3.7/site-packages/airflow/example_dags/example_trigger_target_dag.py
[2022-04-25 12:55:11,489] {logging_mixin.py:109} INFO - [2022-04-25 12:55:11,489] {dag.py:2398} INFO - Sync 1 DAGs
[2022-04-25 12:55:11,518] {logging_mixin.py:109} INFO - [2022-04-25 12:55:11,518] {dag.py:2937} INFO - Setting next_dagrun for example_trigger_target_dag to None
[2022-04-25 12:55:11,538] {processor.py:171} INFO - Processing /home/airflow/.local/lib/python3.7/site-packages/airflow/example_dags/example_trigger_target_dag.py took 0.146 seconds
[2022-04-25 12:55:41,798] {processor.py:163} INFO - Started process (PID=1244) to work on /home/airflow/.local/lib/python3.7/site-packages/airflow/example_dags/example_trigger_target_dag.py
[2022-04-25 12:55:41,809] {processor.py:642} INFO - Processing file /home/airflow/.local/lib/python3.7/site-packages/airflow/example_dags/example_trigger_target_dag.py for tasks to queue
[2022-04-25 12:55:41,823] {logging_mixin.py:109} INFO - [2022-04-25 12:55:41,823] {dagbag.py:500} INFO - Filling up the DagBag from /home/airflow/.local/lib/python3.7/site-packages/airflow/example_dags/example_trigger_target_dag.py
[2022-04-25 12:55:41,943] {processor.py:652} INFO - DAG(s) dict_keys(['example_trigger_target_dag']) retrieved from /home/airflow/.local/lib/python3.7/site-packages/airflow/example_dags/example_trigger_target_dag.py
[2022-04-25 12:55:42,014] {logging_mixin.py:109} INFO - [2022-04-25 12:55:42,014] {dag.py:2398} INFO - Sync 1 DAGs
[2022-04-25 12:55:42,064] {logging_mixin.py:109} INFO - [2022-04-25 12:55:42,064] {dag.py:2937} INFO - Setting next_dagrun for example_trigger_target_dag to None
[2022-04-25 12:55:42,101] {processor.py:171} INFO - Processing /home/airflow/.local/lib/python3.7/site-packages/airflow/example_dags/example_trigger_target_dag.py took 0.323 seconds
[2022-04-25 12:56:12,405] {processor.py:163} INFO - Started process (PID=1295) to work on /home/airflow/.local/lib/python3.7/site-packages/airflow/example_dags/example_trigger_target_dag.py
[2022-04-25 12:56:12,408] {processor.py:642} INFO - Processing file /home/airflow/.local/lib/python3.7/site-packages/airflow/example_dags/example_trigger_target_dag.py for tasks to queue
[2022-04-25 12:56:12,410] {logging_mixin.py:109} INFO - [2022-04-25 12:56:12,410] {dagbag.py:500} INFO - Filling up the DagBag from /home/airflow/.local/lib/python3.7/site-packages/airflow/example_dags/example_trigger_target_dag.py
[2022-04-25 12:56:12,457] {processor.py:652} INFO - DAG(s) dict_keys(['example_trigger_target_dag']) retrieved from /home/airflow/.local/lib/python3.7/site-packages/airflow/example_dags/example_trigger_target_dag.py
[2022-04-25 12:56:12,523] {logging_mixin.py:109} INFO - [2022-04-25 12:56:12,523] {dag.py:2398} INFO - Sync 1 DAGs
[2022-04-25 12:56:12,562] {logging_mixin.py:109} INFO - [2022-04-25 12:56:12,562] {dag.py:2937} INFO - Setting next_dagrun for example_trigger_target_dag to None
[2022-04-25 12:56:12,578] {processor.py:171} INFO - Processing /home/airflow/.local/lib/python3.7/site-packages/airflow/example_dags/example_trigger_target_dag.py took 0.184 seconds
[2022-04-25 12:56:43,428] {processor.py:163} INFO - Started process (PID=1348) to work on /home/airflow/.local/lib/python3.7/site-packages/airflow/example_dags/example_trigger_target_dag.py
[2022-04-25 12:56:43,431] {processor.py:642} INFO - Processing file /home/airflow/.local/lib/python3.7/site-packages/airflow/example_dags/example_trigger_target_dag.py for tasks to queue
[2022-04-25 12:56:43,434] {logging_mixin.py:109} INFO - [2022-04-25 12:56:43,433] {dagbag.py:500} INFO - Filling up the DagBag from /home/airflow/.local/lib/python3.7/site-packages/airflow/example_dags/example_trigger_target_dag.py
[2022-04-25 12:56:43,478] {processor.py:652} INFO - DAG(s) dict_keys(['example_trigger_target_dag']) retrieved from /home/airflow/.local/lib/python3.7/site-packages/airflow/example_dags/example_trigger_target_dag.py
[2022-04-25 12:56:43,524] {logging_mixin.py:109} INFO - [2022-04-25 12:56:43,524] {dag.py:2398} INFO - Sync 1 DAGs
[2022-04-25 12:56:43,561] {logging_mixin.py:109} INFO - [2022-04-25 12:56:43,561] {dag.py:2937} INFO - Setting next_dagrun for example_trigger_target_dag to None
[2022-04-25 12:56:43,578] {processor.py:171} INFO - Processing /home/airflow/.local/lib/python3.7/site-packages/airflow/example_dags/example_trigger_target_dag.py took 0.157 seconds
[2022-04-25 12:57:14,413] {processor.py:163} INFO - Started process (PID=1411) to work on /home/airflow/.local/lib/python3.7/site-packages/airflow/example_dags/example_trigger_target_dag.py
[2022-04-25 12:57:14,417] {processor.py:642} INFO - Processing file /home/airflow/.local/lib/python3.7/site-packages/airflow/example_dags/example_trigger_target_dag.py for tasks to queue
[2022-04-25 12:57:14,420] {logging_mixin.py:109} INFO - [2022-04-25 12:57:14,419] {dagbag.py:500} INFO - Filling up the DagBag from /home/airflow/.local/lib/python3.7/site-packages/airflow/example_dags/example_trigger_target_dag.py
[2022-04-25 12:57:14,546] {processor.py:652} INFO - DAG(s) dict_keys(['example_trigger_target_dag']) retrieved from /home/airflow/.local/lib/python3.7/site-packages/airflow/example_dags/example_trigger_target_dag.py
[2022-04-25 12:57:14,595] {logging_mixin.py:109} INFO - [2022-04-25 12:57:14,595] {dag.py:2398} INFO - Sync 1 DAGs
[2022-04-25 12:57:14,647] {logging_mixin.py:109} INFO - [2022-04-25 12:57:14,645] {dag.py:2937} INFO - Setting next_dagrun for example_trigger_target_dag to None
[2022-04-25 12:57:14,676] {processor.py:171} INFO - Processing /home/airflow/.local/lib/python3.7/site-packages/airflow/example_dags/example_trigger_target_dag.py took 0.272 seconds
[2022-04-25 12:57:45,225] {processor.py:163} INFO - Started process (PID=1464) to work on /home/airflow/.local/lib/python3.7/site-packages/airflow/example_dags/example_trigger_target_dag.py
[2022-04-25 12:57:45,237] {processor.py:642} INFO - Processing file /home/airflow/.local/lib/python3.7/site-packages/airflow/example_dags/example_trigger_target_dag.py for tasks to queue
[2022-04-25 12:57:45,248] {logging_mixin.py:109} INFO - [2022-04-25 12:57:45,248] {dagbag.py:500} INFO - Filling up the DagBag from /home/airflow/.local/lib/python3.7/site-packages/airflow/example_dags/example_trigger_target_dag.py
[2022-04-25 12:57:45,416] {processor.py:652} INFO - DAG(s) dict_keys(['example_trigger_target_dag']) retrieved from /home/airflow/.local/lib/python3.7/site-packages/airflow/example_dags/example_trigger_target_dag.py
[2022-04-25 12:57:45,496] {logging_mixin.py:109} INFO - [2022-04-25 12:57:45,496] {dag.py:2398} INFO - Sync 1 DAGs
[2022-04-25 12:57:45,545] {logging_mixin.py:109} INFO - [2022-04-25 12:57:45,544] {dag.py:2937} INFO - Setting next_dagrun for example_trigger_target_dag to None
[2022-04-25 12:57:45,569] {processor.py:171} INFO - Processing /home/airflow/.local/lib/python3.7/site-packages/airflow/example_dags/example_trigger_target_dag.py took 0.364 seconds
[2022-04-25 12:58:15,865] {processor.py:163} INFO - Started process (PID=1513) to work on /home/airflow/.local/lib/python3.7/site-packages/airflow/example_dags/example_trigger_target_dag.py
[2022-04-25 12:58:15,870] {processor.py:642} INFO - Processing file /home/airflow/.local/lib/python3.7/site-packages/airflow/example_dags/example_trigger_target_dag.py for tasks to queue
[2022-04-25 12:58:15,873] {logging_mixin.py:109} INFO - [2022-04-25 12:58:15,873] {dagbag.py:500} INFO - Filling up the DagBag from /home/airflow/.local/lib/python3.7/site-packages/airflow/example_dags/example_trigger_target_dag.py
[2022-04-25 12:58:15,912] {processor.py:652} INFO - DAG(s) dict_keys(['example_trigger_target_dag']) retrieved from /home/airflow/.local/lib/python3.7/site-packages/airflow/example_dags/example_trigger_target_dag.py
[2022-04-25 12:58:15,955] {logging_mixin.py:109} INFO - [2022-04-25 12:58:15,955] {dag.py:2398} INFO - Sync 1 DAGs
[2022-04-25 12:58:15,988] {logging_mixin.py:109} INFO - [2022-04-25 12:58:15,987] {dag.py:2937} INFO - Setting next_dagrun for example_trigger_target_dag to None
[2022-04-25 12:58:16,016] {processor.py:171} INFO - Processing /home/airflow/.local/lib/python3.7/site-packages/airflow/example_dags/example_trigger_target_dag.py took 0.162 seconds
[2022-04-25 12:58:46,182] {processor.py:163} INFO - Started process (PID=1562) to work on /home/airflow/.local/lib/python3.7/site-packages/airflow/example_dags/example_trigger_target_dag.py
[2022-04-25 12:58:46,191] {processor.py:642} INFO - Processing file /home/airflow/.local/lib/python3.7/site-packages/airflow/example_dags/example_trigger_target_dag.py for tasks to queue
[2022-04-25 12:58:46,197] {logging_mixin.py:109} INFO - [2022-04-25 12:58:46,196] {dagbag.py:500} INFO - Filling up the DagBag from /home/airflow/.local/lib/python3.7/site-packages/airflow/example_dags/example_trigger_target_dag.py
[2022-04-25 12:58:46,262] {processor.py:652} INFO - DAG(s) dict_keys(['example_trigger_target_dag']) retrieved from /home/airflow/.local/lib/python3.7/site-packages/airflow/example_dags/example_trigger_target_dag.py
[2022-04-25 12:58:46,335] {logging_mixin.py:109} INFO - [2022-04-25 12:58:46,332] {dag.py:2398} INFO - Sync 1 DAGs
[2022-04-25 12:58:46,380] {logging_mixin.py:109} INFO - [2022-04-25 12:58:46,380] {dag.py:2937} INFO - Setting next_dagrun for example_trigger_target_dag to None
[2022-04-25 12:58:46,419] {processor.py:171} INFO - Processing /home/airflow/.local/lib/python3.7/site-packages/airflow/example_dags/example_trigger_target_dag.py took 0.252 seconds
[2022-04-25 12:59:16,947] {processor.py:163} INFO - Started process (PID=1612) to work on /home/airflow/.local/lib/python3.7/site-packages/airflow/example_dags/example_trigger_target_dag.py
[2022-04-25 12:59:16,958] {processor.py:642} INFO - Processing file /home/airflow/.local/lib/python3.7/site-packages/airflow/example_dags/example_trigger_target_dag.py for tasks to queue
[2022-04-25 12:59:16,964] {logging_mixin.py:109} INFO - [2022-04-25 12:59:16,964] {dagbag.py:500} INFO - Filling up the DagBag from /home/airflow/.local/lib/python3.7/site-packages/airflow/example_dags/example_trigger_target_dag.py
[2022-04-25 12:59:17,065] {processor.py:652} INFO - DAG(s) dict_keys(['example_trigger_target_dag']) retrieved from /home/airflow/.local/lib/python3.7/site-packages/airflow/example_dags/example_trigger_target_dag.py
[2022-04-25 12:59:17,151] {logging_mixin.py:109} INFO - [2022-04-25 12:59:17,151] {dag.py:2398} INFO - Sync 1 DAGs
[2022-04-25 12:59:17,235] {logging_mixin.py:109} INFO - [2022-04-25 12:59:17,235] {dag.py:2937} INFO - Setting next_dagrun for example_trigger_target_dag to None
[2022-04-25 12:59:17,253] {processor.py:171} INFO - Processing /home/airflow/.local/lib/python3.7/site-packages/airflow/example_dags/example_trigger_target_dag.py took 0.316 seconds
[2022-04-25 12:59:47,438] {processor.py:163} INFO - Started process (PID=1667) to work on /home/airflow/.local/lib/python3.7/site-packages/airflow/example_dags/example_trigger_target_dag.py
[2022-04-25 12:59:47,444] {processor.py:642} INFO - Processing file /home/airflow/.local/lib/python3.7/site-packages/airflow/example_dags/example_trigger_target_dag.py for tasks to queue
[2022-04-25 12:59:47,448] {logging_mixin.py:109} INFO - [2022-04-25 12:59:47,447] {dagbag.py:500} INFO - Filling up the DagBag from /home/airflow/.local/lib/python3.7/site-packages/airflow/example_dags/example_trigger_target_dag.py
[2022-04-25 12:59:47,489] {processor.py:652} INFO - DAG(s) dict_keys(['example_trigger_target_dag']) retrieved from /home/airflow/.local/lib/python3.7/site-packages/airflow/example_dags/example_trigger_target_dag.py
[2022-04-25 12:59:47,545] {logging_mixin.py:109} INFO - [2022-04-25 12:59:47,544] {dag.py:2398} INFO - Sync 1 DAGs
[2022-04-25 12:59:47,604] {logging_mixin.py:109} INFO - [2022-04-25 12:59:47,603] {dag.py:2937} INFO - Setting next_dagrun for example_trigger_target_dag to None
[2022-04-25 12:59:47,632] {processor.py:171} INFO - Processing /home/airflow/.local/lib/python3.7/site-packages/airflow/example_dags/example_trigger_target_dag.py took 0.230 seconds
[2022-04-25 13:00:17,969] {processor.py:163} INFO - Started process (PID=1730) to work on /home/airflow/.local/lib/python3.7/site-packages/airflow/example_dags/example_trigger_target_dag.py
[2022-04-25 13:00:17,973] {processor.py:642} INFO - Processing file /home/airflow/.local/lib/python3.7/site-packages/airflow/example_dags/example_trigger_target_dag.py for tasks to queue
[2022-04-25 13:00:17,975] {logging_mixin.py:109} INFO - [2022-04-25 13:00:17,975] {dagbag.py:500} INFO - Filling up the DagBag from /home/airflow/.local/lib/python3.7/site-packages/airflow/example_dags/example_trigger_target_dag.py
[2022-04-25 13:00:18,043] {processor.py:652} INFO - DAG(s) dict_keys(['example_trigger_target_dag']) retrieved from /home/airflow/.local/lib/python3.7/site-packages/airflow/example_dags/example_trigger_target_dag.py
[2022-04-25 13:00:18,084] {logging_mixin.py:109} INFO - [2022-04-25 13:00:18,084] {dag.py:2398} INFO - Sync 1 DAGs
[2022-04-25 13:00:18,140] {logging_mixin.py:109} INFO - [2022-04-25 13:00:18,140] {dag.py:2937} INFO - Setting next_dagrun for example_trigger_target_dag to None
[2022-04-25 13:00:18,169] {processor.py:171} INFO - Processing /home/airflow/.local/lib/python3.7/site-packages/airflow/example_dags/example_trigger_target_dag.py took 0.215 seconds
[2022-04-25 13:00:48,611] {processor.py:163} INFO - Started process (PID=1779) to work on /home/airflow/.local/lib/python3.7/site-packages/airflow/example_dags/example_trigger_target_dag.py
[2022-04-25 13:00:48,615] {processor.py:642} INFO - Processing file /home/airflow/.local/lib/python3.7/site-packages/airflow/example_dags/example_trigger_target_dag.py for tasks to queue
[2022-04-25 13:00:48,618] {logging_mixin.py:109} INFO - [2022-04-25 13:00:48,618] {dagbag.py:500} INFO - Filling up the DagBag from /home/airflow/.local/lib/python3.7/site-packages/airflow/example_dags/example_trigger_target_dag.py
[2022-04-25 13:00:48,685] {processor.py:652} INFO - DAG(s) dict_keys(['example_trigger_target_dag']) retrieved from /home/airflow/.local/lib/python3.7/site-packages/airflow/example_dags/example_trigger_target_dag.py
[2022-04-25 13:00:48,742] {logging_mixin.py:109} INFO - [2022-04-25 13:00:48,741] {dag.py:2398} INFO - Sync 1 DAGs
[2022-04-25 13:00:48,789] {logging_mixin.py:109} INFO - [2022-04-25 13:00:48,789] {dag.py:2937} INFO - Setting next_dagrun for example_trigger_target_dag to None
[2022-04-25 13:00:48,810] {processor.py:171} INFO - Processing /home/airflow/.local/lib/python3.7/site-packages/airflow/example_dags/example_trigger_target_dag.py took 0.209 seconds
[2022-04-25 13:01:19,343] {processor.py:163} INFO - Started process (PID=1830) to work on /home/airflow/.local/lib/python3.7/site-packages/airflow/example_dags/example_trigger_target_dag.py
[2022-04-25 13:01:19,347] {processor.py:642} INFO - Processing file /home/airflow/.local/lib/python3.7/site-packages/airflow/example_dags/example_trigger_target_dag.py for tasks to queue
[2022-04-25 13:01:19,349] {logging_mixin.py:109} INFO - [2022-04-25 13:01:19,349] {dagbag.py:500} INFO - Filling up the DagBag from /home/airflow/.local/lib/python3.7/site-packages/airflow/example_dags/example_trigger_target_dag.py
[2022-04-25 13:01:19,381] {processor.py:652} INFO - DAG(s) dict_keys(['example_trigger_target_dag']) retrieved from /home/airflow/.local/lib/python3.7/site-packages/airflow/example_dags/example_trigger_target_dag.py
[2022-04-25 13:01:19,414] {logging_mixin.py:109} INFO - [2022-04-25 13:01:19,413] {dag.py:2398} INFO - Sync 1 DAGs
[2022-04-25 13:01:19,440] {logging_mixin.py:109} INFO - [2022-04-25 13:01:19,440] {dag.py:2937} INFO - Setting next_dagrun for example_trigger_target_dag to None
[2022-04-25 13:01:19,454] {processor.py:171} INFO - Processing /home/airflow/.local/lib/python3.7/site-packages/airflow/example_dags/example_trigger_target_dag.py took 0.119 seconds
[2022-04-25 13:01:50,060] {processor.py:163} INFO - Started process (PID=1882) to work on /home/airflow/.local/lib/python3.7/site-packages/airflow/example_dags/example_trigger_target_dag.py
[2022-04-25 13:01:50,067] {processor.py:642} INFO - Processing file /home/airflow/.local/lib/python3.7/site-packages/airflow/example_dags/example_trigger_target_dag.py for tasks to queue
[2022-04-25 13:01:50,073] {logging_mixin.py:109} INFO - [2022-04-25 13:01:50,072] {dagbag.py:500} INFO - Filling up the DagBag from /home/airflow/.local/lib/python3.7/site-packages/airflow/example_dags/example_trigger_target_dag.py
[2022-04-25 13:01:50,149] {processor.py:652} INFO - DAG(s) dict_keys(['example_trigger_target_dag']) retrieved from /home/airflow/.local/lib/python3.7/site-packages/airflow/example_dags/example_trigger_target_dag.py
[2022-04-25 13:01:50,229] {logging_mixin.py:109} INFO - [2022-04-25 13:01:50,229] {dag.py:2398} INFO - Sync 1 DAGs
[2022-04-25 13:01:50,276] {logging_mixin.py:109} INFO - [2022-04-25 13:01:50,275] {dag.py:2937} INFO - Setting next_dagrun for example_trigger_target_dag to None
[2022-04-25 13:01:50,335] {processor.py:171} INFO - Processing /home/airflow/.local/lib/python3.7/site-packages/airflow/example_dags/example_trigger_target_dag.py took 0.288 seconds
[2022-04-25 13:02:21,024] {processor.py:163} INFO - Started process (PID=1935) to work on /home/airflow/.local/lib/python3.7/site-packages/airflow/example_dags/example_trigger_target_dag.py
[2022-04-25 13:02:21,028] {processor.py:642} INFO - Processing file /home/airflow/.local/lib/python3.7/site-packages/airflow/example_dags/example_trigger_target_dag.py for tasks to queue
[2022-04-25 13:02:21,031] {logging_mixin.py:109} INFO - [2022-04-25 13:02:21,030] {dagbag.py:500} INFO - Filling up the DagBag from /home/airflow/.local/lib/python3.7/site-packages/airflow/example_dags/example_trigger_target_dag.py
[2022-04-25 13:02:21,061] {processor.py:652} INFO - DAG(s) dict_keys(['example_trigger_target_dag']) retrieved from /home/airflow/.local/lib/python3.7/site-packages/airflow/example_dags/example_trigger_target_dag.py
[2022-04-25 13:02:21,093] {logging_mixin.py:109} INFO - [2022-04-25 13:02:21,093] {dag.py:2398} INFO - Sync 1 DAGs
[2022-04-25 13:02:21,119] {logging_mixin.py:109} INFO - [2022-04-25 13:02:21,119] {dag.py:2937} INFO - Setting next_dagrun for example_trigger_target_dag to None
[2022-04-25 13:02:21,138] {processor.py:171} INFO - Processing /home/airflow/.local/lib/python3.7/site-packages/airflow/example_dags/example_trigger_target_dag.py took 0.122 seconds
[2022-04-25 13:02:51,326] {processor.py:163} INFO - Started process (PID=1986) to work on /home/airflow/.local/lib/python3.7/site-packages/airflow/example_dags/example_trigger_target_dag.py
[2022-04-25 13:02:51,330] {processor.py:642} INFO - Processing file /home/airflow/.local/lib/python3.7/site-packages/airflow/example_dags/example_trigger_target_dag.py for tasks to queue
[2022-04-25 13:02:51,332] {logging_mixin.py:109} INFO - [2022-04-25 13:02:51,332] {dagbag.py:500} INFO - Filling up the DagBag from /home/airflow/.local/lib/python3.7/site-packages/airflow/example_dags/example_trigger_target_dag.py
[2022-04-25 13:02:51,365] {processor.py:652} INFO - DAG(s) dict_keys(['example_trigger_target_dag']) retrieved from /home/airflow/.local/lib/python3.7/site-packages/airflow/example_dags/example_trigger_target_dag.py
[2022-04-25 13:02:51,413] {logging_mixin.py:109} INFO - [2022-04-25 13:02:51,413] {dag.py:2398} INFO - Sync 1 DAGs
[2022-04-25 13:02:51,450] {logging_mixin.py:109} INFO - [2022-04-25 13:02:51,450] {dag.py:2937} INFO - Setting next_dagrun for example_trigger_target_dag to None
[2022-04-25 13:02:51,466] {processor.py:171} INFO - Processing /home/airflow/.local/lib/python3.7/site-packages/airflow/example_dags/example_trigger_target_dag.py took 0.146 seconds
[2022-04-25 13:11:55,345] {processor.py:163} INFO - Started process (PID=2010) to work on /home/airflow/.local/lib/python3.7/site-packages/airflow/example_dags/example_trigger_target_dag.py
[2022-04-25 13:11:55,355] {processor.py:642} INFO - Processing file /home/airflow/.local/lib/python3.7/site-packages/airflow/example_dags/example_trigger_target_dag.py for tasks to queue
[2022-04-25 13:11:55,359] {logging_mixin.py:109} INFO - [2022-04-25 13:11:55,359] {dagbag.py:500} INFO - Filling up the DagBag from /home/airflow/.local/lib/python3.7/site-packages/airflow/example_dags/example_trigger_target_dag.py
[2022-04-25 13:11:55,413] {processor.py:652} INFO - DAG(s) dict_keys(['example_trigger_target_dag']) retrieved from /home/airflow/.local/lib/python3.7/site-packages/airflow/example_dags/example_trigger_target_dag.py
[2022-04-25 13:11:55,486] {logging_mixin.py:109} INFO - [2022-04-25 13:11:55,486] {dag.py:2398} INFO - Sync 1 DAGs
[2022-04-25 13:11:55,536] {logging_mixin.py:109} INFO - [2022-04-25 13:11:55,536] {dag.py:2937} INFO - Setting next_dagrun for example_trigger_target_dag to None
[2022-04-25 13:11:55,560] {processor.py:171} INFO - Processing /home/airflow/.local/lib/python3.7/site-packages/airflow/example_dags/example_trigger_target_dag.py took 0.234 seconds
