[2022-04-25 12:42:27,794] {processor.py:163} INFO - Started process (PID=234) to work on /home/airflow/.local/lib/python3.7/site-packages/airflow/example_dags/example_xcomargs.py
[2022-04-25 12:42:27,805] {processor.py:642} INFO - Processing file /home/airflow/.local/lib/python3.7/site-packages/airflow/example_dags/example_xcomargs.py for tasks to queue
[2022-04-25 12:42:27,812] {logging_mixin.py:109} INFO - [2022-04-25 12:42:27,811] {dagbag.py:500} INFO - Filling up the DagBag from /home/airflow/.local/lib/python3.7/site-packages/airflow/example_dags/example_xcomargs.py
[2022-04-25 12:42:27,939] {processor.py:652} INFO - DAG(s) dict_keys(['example_xcom_args', 'example_xcom_args_with_operators']) retrieved from /home/airflow/.local/lib/python3.7/site-packages/airflow/example_dags/example_xcomargs.py
[2022-04-25 12:42:33,702] {logging_mixin.py:109} INFO - [2022-04-25 12:42:33,702] {manager.py:496} INFO - Created Permission View: can read on DAG:example_xcom_args
[2022-04-25 12:42:33,731] {logging_mixin.py:109} INFO - [2022-04-25 12:42:33,731] {manager.py:496} INFO - Created Permission View: can edit on DAG:example_xcom_args
[2022-04-25 12:42:33,785] {logging_mixin.py:109} INFO - [2022-04-25 12:42:33,785] {manager.py:496} INFO - Created Permission View: can read on DAG:example_xcom_args_with_operators
[2022-04-25 12:42:33,844] {logging_mixin.py:109} INFO - [2022-04-25 12:42:33,843] {manager.py:496} INFO - Created Permission View: can edit on DAG:example_xcom_args_with_operators
[2022-04-25 12:42:33,847] {logging_mixin.py:109} INFO - [2022-04-25 12:42:33,845] {dag.py:2398} INFO - Sync 2 DAGs
[2022-04-25 12:42:33,883] {logging_mixin.py:109} INFO - [2022-04-25 12:42:33,877] {dag.py:2417} INFO - Creating ORM DAG for example_xcom_args
[2022-04-25 12:42:33,886] {logging_mixin.py:109} INFO - [2022-04-25 12:42:33,885] {dag.py:2417} INFO - Creating ORM DAG for example_xcom_args_with_operators
[2022-04-25 12:42:33,918] {logging_mixin.py:109} INFO - [2022-04-25 12:42:33,918] {dag.py:2937} INFO - Setting next_dagrun for example_xcom_args to None
[2022-04-25 12:42:33,920] {logging_mixin.py:109} INFO - [2022-04-25 12:42:33,920] {dag.py:2937} INFO - Setting next_dagrun for example_xcom_args_with_operators to None
[2022-04-25 12:42:33,963] {processor.py:171} INFO - Processing /home/airflow/.local/lib/python3.7/site-packages/airflow/example_dags/example_xcomargs.py took 6.198 seconds
[2022-04-25 12:43:05,394] {processor.py:163} INFO - Started process (PID=299) to work on /home/airflow/.local/lib/python3.7/site-packages/airflow/example_dags/example_xcomargs.py
[2022-04-25 12:43:05,401] {processor.py:642} INFO - Processing file /home/airflow/.local/lib/python3.7/site-packages/airflow/example_dags/example_xcomargs.py for tasks to queue
[2022-04-25 12:43:05,407] {logging_mixin.py:109} INFO - [2022-04-25 12:43:05,407] {dagbag.py:500} INFO - Filling up the DagBag from /home/airflow/.local/lib/python3.7/site-packages/airflow/example_dags/example_xcomargs.py
[2022-04-25 12:43:05,490] {processor.py:652} INFO - DAG(s) dict_keys(['example_xcom_args', 'example_xcom_args_with_operators']) retrieved from /home/airflow/.local/lib/python3.7/site-packages/airflow/example_dags/example_xcomargs.py
[2022-04-25 12:43:06,462] {logging_mixin.py:109} INFO - [2022-04-25 12:43:06,462] {dag.py:2398} INFO - Sync 2 DAGs
[2022-04-25 12:43:06,517] {logging_mixin.py:109} INFO - [2022-04-25 12:43:06,517] {dag.py:2937} INFO - Setting next_dagrun for example_xcom_args to None
[2022-04-25 12:43:06,520] {logging_mixin.py:109} INFO - [2022-04-25 12:43:06,519] {dag.py:2937} INFO - Setting next_dagrun for example_xcom_args_with_operators to None
[2022-04-25 12:43:06,573] {processor.py:171} INFO - Processing /home/airflow/.local/lib/python3.7/site-packages/airflow/example_dags/example_xcomargs.py took 1.200 seconds
[2022-04-25 12:43:37,016] {processor.py:163} INFO - Started process (PID=351) to work on /home/airflow/.local/lib/python3.7/site-packages/airflow/example_dags/example_xcomargs.py
[2022-04-25 12:43:37,019] {processor.py:642} INFO - Processing file /home/airflow/.local/lib/python3.7/site-packages/airflow/example_dags/example_xcomargs.py for tasks to queue
[2022-04-25 12:43:37,023] {logging_mixin.py:109} INFO - [2022-04-25 12:43:37,023] {dagbag.py:500} INFO - Filling up the DagBag from /home/airflow/.local/lib/python3.7/site-packages/airflow/example_dags/example_xcomargs.py
[2022-04-25 12:43:37,109] {processor.py:652} INFO - DAG(s) dict_keys(['example_xcom_args', 'example_xcom_args_with_operators']) retrieved from /home/airflow/.local/lib/python3.7/site-packages/airflow/example_dags/example_xcomargs.py
[2022-04-25 12:43:38,209] {logging_mixin.py:109} INFO - [2022-04-25 12:43:38,209] {dag.py:2398} INFO - Sync 2 DAGs
[2022-04-25 12:43:38,270] {logging_mixin.py:109} INFO - [2022-04-25 12:43:38,270] {dag.py:2937} INFO - Setting next_dagrun for example_xcom_args to None
[2022-04-25 12:43:38,273] {logging_mixin.py:109} INFO - [2022-04-25 12:43:38,273] {dag.py:2937} INFO - Setting next_dagrun for example_xcom_args_with_operators to None
[2022-04-25 12:43:38,329] {processor.py:171} INFO - Processing /home/airflow/.local/lib/python3.7/site-packages/airflow/example_dags/example_xcomargs.py took 1.327 seconds
[2022-04-25 12:44:08,620] {processor.py:163} INFO - Started process (PID=403) to work on /home/airflow/.local/lib/python3.7/site-packages/airflow/example_dags/example_xcomargs.py
[2022-04-25 12:44:08,626] {processor.py:642} INFO - Processing file /home/airflow/.local/lib/python3.7/site-packages/airflow/example_dags/example_xcomargs.py for tasks to queue
[2022-04-25 12:44:08,631] {logging_mixin.py:109} INFO - [2022-04-25 12:44:08,630] {dagbag.py:500} INFO - Filling up the DagBag from /home/airflow/.local/lib/python3.7/site-packages/airflow/example_dags/example_xcomargs.py
[2022-04-25 12:44:08,701] {processor.py:652} INFO - DAG(s) dict_keys(['example_xcom_args', 'example_xcom_args_with_operators']) retrieved from /home/airflow/.local/lib/python3.7/site-packages/airflow/example_dags/example_xcomargs.py
[2022-04-25 12:44:09,152] {logging_mixin.py:109} INFO - [2022-04-25 12:44:09,151] {dag.py:2398} INFO - Sync 2 DAGs
[2022-04-25 12:44:09,192] {logging_mixin.py:109} INFO - [2022-04-25 12:44:09,192] {dag.py:2937} INFO - Setting next_dagrun for example_xcom_args to None
[2022-04-25 12:44:09,195] {logging_mixin.py:109} INFO - [2022-04-25 12:44:09,195] {dag.py:2937} INFO - Setting next_dagrun for example_xcom_args_with_operators to None
[2022-04-25 12:44:09,220] {processor.py:171} INFO - Processing /home/airflow/.local/lib/python3.7/site-packages/airflow/example_dags/example_xcomargs.py took 0.618 seconds
[2022-04-25 12:44:39,985] {processor.py:163} INFO - Started process (PID=464) to work on /home/airflow/.local/lib/python3.7/site-packages/airflow/example_dags/example_xcomargs.py
[2022-04-25 12:44:39,990] {processor.py:642} INFO - Processing file /home/airflow/.local/lib/python3.7/site-packages/airflow/example_dags/example_xcomargs.py for tasks to queue
[2022-04-25 12:44:39,995] {logging_mixin.py:109} INFO - [2022-04-25 12:44:39,994] {dagbag.py:500} INFO - Filling up the DagBag from /home/airflow/.local/lib/python3.7/site-packages/airflow/example_dags/example_xcomargs.py
[2022-04-25 12:44:40,071] {processor.py:652} INFO - DAG(s) dict_keys(['example_xcom_args', 'example_xcom_args_with_operators']) retrieved from /home/airflow/.local/lib/python3.7/site-packages/airflow/example_dags/example_xcomargs.py
[2022-04-25 12:44:40,710] {logging_mixin.py:109} INFO - [2022-04-25 12:44:40,709] {dag.py:2398} INFO - Sync 2 DAGs
[2022-04-25 12:44:40,752] {logging_mixin.py:109} INFO - [2022-04-25 12:44:40,752] {dag.py:2937} INFO - Setting next_dagrun for example_xcom_args to None
[2022-04-25 12:44:40,754] {logging_mixin.py:109} INFO - [2022-04-25 12:44:40,754] {dag.py:2937} INFO - Setting next_dagrun for example_xcom_args_with_operators to None
[2022-04-25 12:44:40,789] {processor.py:171} INFO - Processing /home/airflow/.local/lib/python3.7/site-packages/airflow/example_dags/example_xcomargs.py took 0.821 seconds
[2022-04-25 12:45:10,917] {processor.py:163} INFO - Started process (PID=517) to work on /home/airflow/.local/lib/python3.7/site-packages/airflow/example_dags/example_xcomargs.py
[2022-04-25 12:45:10,936] {processor.py:642} INFO - Processing file /home/airflow/.local/lib/python3.7/site-packages/airflow/example_dags/example_xcomargs.py for tasks to queue
[2022-04-25 12:45:10,946] {logging_mixin.py:109} INFO - [2022-04-25 12:45:10,944] {dagbag.py:500} INFO - Filling up the DagBag from /home/airflow/.local/lib/python3.7/site-packages/airflow/example_dags/example_xcomargs.py
[2022-04-25 12:45:11,072] {processor.py:652} INFO - DAG(s) dict_keys(['example_xcom_args', 'example_xcom_args_with_operators']) retrieved from /home/airflow/.local/lib/python3.7/site-packages/airflow/example_dags/example_xcomargs.py
[2022-04-25 12:45:12,058] {logging_mixin.py:109} INFO - [2022-04-25 12:45:12,058] {dag.py:2398} INFO - Sync 2 DAGs
[2022-04-25 12:45:12,079] {logging_mixin.py:109} INFO - [2022-04-25 12:45:12,079] {dag.py:2937} INFO - Setting next_dagrun for example_xcom_args to None
[2022-04-25 12:45:12,081] {logging_mixin.py:109} INFO - [2022-04-25 12:45:12,081] {dag.py:2937} INFO - Setting next_dagrun for example_xcom_args_with_operators to None
[2022-04-25 12:45:12,099] {processor.py:171} INFO - Processing /home/airflow/.local/lib/python3.7/site-packages/airflow/example_dags/example_xcomargs.py took 1.207 seconds
[2022-04-25 12:45:42,331] {processor.py:163} INFO - Started process (PID=570) to work on /home/airflow/.local/lib/python3.7/site-packages/airflow/example_dags/example_xcomargs.py
[2022-04-25 12:45:42,335] {processor.py:642} INFO - Processing file /home/airflow/.local/lib/python3.7/site-packages/airflow/example_dags/example_xcomargs.py for tasks to queue
[2022-04-25 12:45:42,337] {logging_mixin.py:109} INFO - [2022-04-25 12:45:42,337] {dagbag.py:500} INFO - Filling up the DagBag from /home/airflow/.local/lib/python3.7/site-packages/airflow/example_dags/example_xcomargs.py
[2022-04-25 12:45:42,375] {processor.py:652} INFO - DAG(s) dict_keys(['example_xcom_args', 'example_xcom_args_with_operators']) retrieved from /home/airflow/.local/lib/python3.7/site-packages/airflow/example_dags/example_xcomargs.py
[2022-04-25 12:45:43,203] {logging_mixin.py:109} INFO - [2022-04-25 12:45:43,203] {dag.py:2398} INFO - Sync 2 DAGs
[2022-04-25 12:45:43,250] {logging_mixin.py:109} INFO - [2022-04-25 12:45:43,250] {dag.py:2937} INFO - Setting next_dagrun for example_xcom_args to None
[2022-04-25 12:45:43,252] {logging_mixin.py:109} INFO - [2022-04-25 12:45:43,252] {dag.py:2937} INFO - Setting next_dagrun for example_xcom_args_with_operators to None
[2022-04-25 12:45:43,287] {processor.py:171} INFO - Processing /home/airflow/.local/lib/python3.7/site-packages/airflow/example_dags/example_xcomargs.py took 0.969 seconds
[2022-04-25 12:46:13,434] {processor.py:163} INFO - Started process (PID=619) to work on /home/airflow/.local/lib/python3.7/site-packages/airflow/example_dags/example_xcomargs.py
[2022-04-25 12:46:13,438] {processor.py:642} INFO - Processing file /home/airflow/.local/lib/python3.7/site-packages/airflow/example_dags/example_xcomargs.py for tasks to queue
[2022-04-25 12:46:13,440] {logging_mixin.py:109} INFO - [2022-04-25 12:46:13,440] {dagbag.py:500} INFO - Filling up the DagBag from /home/airflow/.local/lib/python3.7/site-packages/airflow/example_dags/example_xcomargs.py
[2022-04-25 12:46:13,477] {processor.py:652} INFO - DAG(s) dict_keys(['example_xcom_args', 'example_xcom_args_with_operators']) retrieved from /home/airflow/.local/lib/python3.7/site-packages/airflow/example_dags/example_xcomargs.py
[2022-04-25 12:46:13,729] {logging_mixin.py:109} INFO - [2022-04-25 12:46:13,729] {dag.py:2398} INFO - Sync 2 DAGs
[2022-04-25 12:46:13,747] {logging_mixin.py:109} INFO - [2022-04-25 12:46:13,747] {dag.py:2937} INFO - Setting next_dagrun for example_xcom_args to None
[2022-04-25 12:46:13,749] {logging_mixin.py:109} INFO - [2022-04-25 12:46:13,749] {dag.py:2937} INFO - Setting next_dagrun for example_xcom_args_with_operators to None
[2022-04-25 12:46:13,769] {processor.py:171} INFO - Processing /home/airflow/.local/lib/python3.7/site-packages/airflow/example_dags/example_xcomargs.py took 0.342 seconds
[2022-04-25 12:46:44,009] {processor.py:163} INFO - Started process (PID=669) to work on /home/airflow/.local/lib/python3.7/site-packages/airflow/example_dags/example_xcomargs.py
[2022-04-25 12:46:44,014] {processor.py:642} INFO - Processing file /home/airflow/.local/lib/python3.7/site-packages/airflow/example_dags/example_xcomargs.py for tasks to queue
[2022-04-25 12:46:44,016] {logging_mixin.py:109} INFO - [2022-04-25 12:46:44,016] {dagbag.py:500} INFO - Filling up the DagBag from /home/airflow/.local/lib/python3.7/site-packages/airflow/example_dags/example_xcomargs.py
[2022-04-25 12:46:44,055] {processor.py:652} INFO - DAG(s) dict_keys(['example_xcom_args', 'example_xcom_args_with_operators']) retrieved from /home/airflow/.local/lib/python3.7/site-packages/airflow/example_dags/example_xcomargs.py
[2022-04-25 12:46:44,363] {logging_mixin.py:109} INFO - [2022-04-25 12:46:44,363] {dag.py:2398} INFO - Sync 2 DAGs
[2022-04-25 12:46:44,391] {logging_mixin.py:109} INFO - [2022-04-25 12:46:44,391] {dag.py:2937} INFO - Setting next_dagrun for example_xcom_args to None
[2022-04-25 12:46:44,394] {logging_mixin.py:109} INFO - [2022-04-25 12:46:44,393] {dag.py:2937} INFO - Setting next_dagrun for example_xcom_args_with_operators to None
[2022-04-25 12:46:44,422] {processor.py:171} INFO - Processing /home/airflow/.local/lib/python3.7/site-packages/airflow/example_dags/example_xcomargs.py took 0.418 seconds
[2022-04-25 12:47:15,355] {processor.py:163} INFO - Started process (PID=721) to work on /home/airflow/.local/lib/python3.7/site-packages/airflow/example_dags/example_xcomargs.py
[2022-04-25 12:47:15,358] {processor.py:642} INFO - Processing file /home/airflow/.local/lib/python3.7/site-packages/airflow/example_dags/example_xcomargs.py for tasks to queue
[2022-04-25 12:47:15,361] {logging_mixin.py:109} INFO - [2022-04-25 12:47:15,361] {dagbag.py:500} INFO - Filling up the DagBag from /home/airflow/.local/lib/python3.7/site-packages/airflow/example_dags/example_xcomargs.py
[2022-04-25 12:47:15,454] {processor.py:652} INFO - DAG(s) dict_keys(['example_xcom_args', 'example_xcom_args_with_operators']) retrieved from /home/airflow/.local/lib/python3.7/site-packages/airflow/example_dags/example_xcomargs.py
[2022-04-25 12:47:15,939] {logging_mixin.py:109} INFO - [2022-04-25 12:47:15,938] {dag.py:2398} INFO - Sync 2 DAGs
[2022-04-25 12:47:15,962] {logging_mixin.py:109} INFO - [2022-04-25 12:47:15,961] {dag.py:2937} INFO - Setting next_dagrun for example_xcom_args to None
[2022-04-25 12:47:15,963] {logging_mixin.py:109} INFO - [2022-04-25 12:47:15,963] {dag.py:2937} INFO - Setting next_dagrun for example_xcom_args_with_operators to None
[2022-04-25 12:47:15,980] {processor.py:171} INFO - Processing /home/airflow/.local/lib/python3.7/site-packages/airflow/example_dags/example_xcomargs.py took 0.630 seconds
[2022-04-25 12:47:46,289] {processor.py:163} INFO - Started process (PID=770) to work on /home/airflow/.local/lib/python3.7/site-packages/airflow/example_dags/example_xcomargs.py
[2022-04-25 12:47:46,292] {processor.py:642} INFO - Processing file /home/airflow/.local/lib/python3.7/site-packages/airflow/example_dags/example_xcomargs.py for tasks to queue
[2022-04-25 12:47:46,296] {logging_mixin.py:109} INFO - [2022-04-25 12:47:46,296] {dagbag.py:500} INFO - Filling up the DagBag from /home/airflow/.local/lib/python3.7/site-packages/airflow/example_dags/example_xcomargs.py
[2022-04-25 12:47:46,378] {processor.py:652} INFO - DAG(s) dict_keys(['example_xcom_args', 'example_xcom_args_with_operators']) retrieved from /home/airflow/.local/lib/python3.7/site-packages/airflow/example_dags/example_xcomargs.py
[2022-04-25 12:47:46,822] {logging_mixin.py:109} INFO - [2022-04-25 12:47:46,821] {dag.py:2398} INFO - Sync 2 DAGs
[2022-04-25 12:47:46,855] {logging_mixin.py:109} INFO - [2022-04-25 12:47:46,854] {dag.py:2937} INFO - Setting next_dagrun for example_xcom_args to None
[2022-04-25 12:47:46,856] {logging_mixin.py:109} INFO - [2022-04-25 12:47:46,856] {dag.py:2937} INFO - Setting next_dagrun for example_xcom_args_with_operators to None
[2022-04-25 12:47:46,883] {processor.py:171} INFO - Processing /home/airflow/.local/lib/python3.7/site-packages/airflow/example_dags/example_xcomargs.py took 0.602 seconds
[2022-04-25 12:48:17,893] {processor.py:163} INFO - Started process (PID=823) to work on /home/airflow/.local/lib/python3.7/site-packages/airflow/example_dags/example_xcomargs.py
[2022-04-25 12:48:17,898] {processor.py:642} INFO - Processing file /home/airflow/.local/lib/python3.7/site-packages/airflow/example_dags/example_xcomargs.py for tasks to queue
[2022-04-25 12:48:17,902] {logging_mixin.py:109} INFO - [2022-04-25 12:48:17,902] {dagbag.py:500} INFO - Filling up the DagBag from /home/airflow/.local/lib/python3.7/site-packages/airflow/example_dags/example_xcomargs.py
[2022-04-25 12:48:17,948] {processor.py:652} INFO - DAG(s) dict_keys(['example_xcom_args', 'example_xcom_args_with_operators']) retrieved from /home/airflow/.local/lib/python3.7/site-packages/airflow/example_dags/example_xcomargs.py
[2022-04-25 12:48:18,294] {logging_mixin.py:109} INFO - [2022-04-25 12:48:18,294] {dag.py:2398} INFO - Sync 2 DAGs
[2022-04-25 12:48:18,314] {logging_mixin.py:109} INFO - [2022-04-25 12:48:18,314] {dag.py:2937} INFO - Setting next_dagrun for example_xcom_args to None
[2022-04-25 12:48:18,315] {logging_mixin.py:109} INFO - [2022-04-25 12:48:18,315] {dag.py:2937} INFO - Setting next_dagrun for example_xcom_args_with_operators to None
[2022-04-25 12:48:18,332] {processor.py:171} INFO - Processing /home/airflow/.local/lib/python3.7/site-packages/airflow/example_dags/example_xcomargs.py took 0.450 seconds
[2022-04-25 12:48:53,000] {processor.py:163} INFO - Started process (PID=885) to work on /home/airflow/.local/lib/python3.7/site-packages/airflow/example_dags/example_xcomargs.py
[2022-04-25 12:48:53,017] {processor.py:642} INFO - Processing file /home/airflow/.local/lib/python3.7/site-packages/airflow/example_dags/example_xcomargs.py for tasks to queue
[2022-04-25 12:48:53,031] {logging_mixin.py:109} INFO - [2022-04-25 12:48:53,031] {dagbag.py:500} INFO - Filling up the DagBag from /home/airflow/.local/lib/python3.7/site-packages/airflow/example_dags/example_xcomargs.py
[2022-04-25 12:48:53,308] {processor.py:652} INFO - DAG(s) dict_keys(['example_xcom_args', 'example_xcom_args_with_operators']) retrieved from /home/airflow/.local/lib/python3.7/site-packages/airflow/example_dags/example_xcomargs.py
[2022-04-25 12:48:54,336] {logging_mixin.py:109} INFO - [2022-04-25 12:48:54,335] {dag.py:2398} INFO - Sync 2 DAGs
[2022-04-25 12:48:54,413] {logging_mixin.py:109} INFO - [2022-04-25 12:48:54,413] {dag.py:2937} INFO - Setting next_dagrun for example_xcom_args to None
[2022-04-25 12:48:54,418] {logging_mixin.py:109} INFO - [2022-04-25 12:48:54,418] {dag.py:2937} INFO - Setting next_dagrun for example_xcom_args_with_operators to None
[2022-04-25 12:48:54,469] {processor.py:171} INFO - Processing /home/airflow/.local/lib/python3.7/site-packages/airflow/example_dags/example_xcomargs.py took 1.502 seconds
[2022-04-25 12:52:46,964] {processor.py:163} INFO - Started process (PID=955) to work on /home/airflow/.local/lib/python3.7/site-packages/airflow/example_dags/example_xcomargs.py
[2022-04-25 12:52:46,970] {processor.py:642} INFO - Processing file /home/airflow/.local/lib/python3.7/site-packages/airflow/example_dags/example_xcomargs.py for tasks to queue
[2022-04-25 12:52:46,979] {logging_mixin.py:109} INFO - [2022-04-25 12:52:46,979] {dagbag.py:500} INFO - Filling up the DagBag from /home/airflow/.local/lib/python3.7/site-packages/airflow/example_dags/example_xcomargs.py
[2022-04-25 12:52:47,073] {processor.py:652} INFO - DAG(s) dict_keys(['example_xcom_args', 'example_xcom_args_with_operators']) retrieved from /home/airflow/.local/lib/python3.7/site-packages/airflow/example_dags/example_xcomargs.py
[2022-04-25 12:52:47,868] {logging_mixin.py:109} INFO - [2022-04-25 12:52:47,868] {dag.py:2398} INFO - Sync 2 DAGs
[2022-04-25 12:52:47,902] {logging_mixin.py:109} INFO - [2022-04-25 12:52:47,902] {dag.py:2937} INFO - Setting next_dagrun for example_xcom_args to None
[2022-04-25 12:52:47,905] {logging_mixin.py:109} INFO - [2022-04-25 12:52:47,905] {dag.py:2937} INFO - Setting next_dagrun for example_xcom_args_with_operators to None
[2022-04-25 12:52:47,925] {processor.py:171} INFO - Processing /home/airflow/.local/lib/python3.7/site-packages/airflow/example_dags/example_xcomargs.py took 0.967 seconds
[2022-04-25 12:53:18,490] {processor.py:163} INFO - Started process (PID=1006) to work on /home/airflow/.local/lib/python3.7/site-packages/airflow/example_dags/example_xcomargs.py
[2022-04-25 12:53:18,499] {processor.py:642} INFO - Processing file /home/airflow/.local/lib/python3.7/site-packages/airflow/example_dags/example_xcomargs.py for tasks to queue
[2022-04-25 12:53:18,501] {logging_mixin.py:109} INFO - [2022-04-25 12:53:18,500] {dagbag.py:500} INFO - Filling up the DagBag from /home/airflow/.local/lib/python3.7/site-packages/airflow/example_dags/example_xcomargs.py
[2022-04-25 12:53:18,554] {processor.py:652} INFO - DAG(s) dict_keys(['example_xcom_args', 'example_xcom_args_with_operators']) retrieved from /home/airflow/.local/lib/python3.7/site-packages/airflow/example_dags/example_xcomargs.py
[2022-04-25 12:53:19,235] {logging_mixin.py:109} INFO - [2022-04-25 12:53:19,235] {dag.py:2398} INFO - Sync 2 DAGs
[2022-04-25 12:53:19,256] {logging_mixin.py:109} INFO - [2022-04-25 12:53:19,256] {dag.py:2937} INFO - Setting next_dagrun for example_xcom_args to None
[2022-04-25 12:53:19,258] {logging_mixin.py:109} INFO - [2022-04-25 12:53:19,258] {dag.py:2937} INFO - Setting next_dagrun for example_xcom_args_with_operators to None
[2022-04-25 12:53:19,280] {processor.py:171} INFO - Processing /home/airflow/.local/lib/python3.7/site-packages/airflow/example_dags/example_xcomargs.py took 0.795 seconds
[2022-04-25 12:53:50,095] {processor.py:163} INFO - Started process (PID=1060) to work on /home/airflow/.local/lib/python3.7/site-packages/airflow/example_dags/example_xcomargs.py
[2022-04-25 12:53:50,107] {processor.py:642} INFO - Processing file /home/airflow/.local/lib/python3.7/site-packages/airflow/example_dags/example_xcomargs.py for tasks to queue
[2022-04-25 12:53:50,115] {logging_mixin.py:109} INFO - [2022-04-25 12:53:50,114] {dagbag.py:500} INFO - Filling up the DagBag from /home/airflow/.local/lib/python3.7/site-packages/airflow/example_dags/example_xcomargs.py
[2022-04-25 12:53:50,257] {processor.py:652} INFO - DAG(s) dict_keys(['example_xcom_args', 'example_xcom_args_with_operators']) retrieved from /home/airflow/.local/lib/python3.7/site-packages/airflow/example_dags/example_xcomargs.py
[2022-04-25 12:53:51,109] {logging_mixin.py:109} INFO - [2022-04-25 12:53:51,108] {dag.py:2398} INFO - Sync 2 DAGs
[2022-04-25 12:53:51,148] {logging_mixin.py:109} INFO - [2022-04-25 12:53:51,148] {dag.py:2937} INFO - Setting next_dagrun for example_xcom_args to None
[2022-04-25 12:53:51,151] {logging_mixin.py:109} INFO - [2022-04-25 12:53:51,150] {dag.py:2937} INFO - Setting next_dagrun for example_xcom_args_with_operators to None
[2022-04-25 12:53:51,181] {processor.py:171} INFO - Processing /home/airflow/.local/lib/python3.7/site-packages/airflow/example_dags/example_xcomargs.py took 1.119 seconds
[2022-04-25 12:54:21,605] {processor.py:163} INFO - Started process (PID=1115) to work on /home/airflow/.local/lib/python3.7/site-packages/airflow/example_dags/example_xcomargs.py
[2022-04-25 12:54:21,608] {processor.py:642} INFO - Processing file /home/airflow/.local/lib/python3.7/site-packages/airflow/example_dags/example_xcomargs.py for tasks to queue
[2022-04-25 12:54:21,618] {logging_mixin.py:109} INFO - [2022-04-25 12:54:21,618] {dagbag.py:500} INFO - Filling up the DagBag from /home/airflow/.local/lib/python3.7/site-packages/airflow/example_dags/example_xcomargs.py
[2022-04-25 12:54:21,764] {processor.py:652} INFO - DAG(s) dict_keys(['example_xcom_args', 'example_xcom_args_with_operators']) retrieved from /home/airflow/.local/lib/python3.7/site-packages/airflow/example_dags/example_xcomargs.py
[2022-04-25 12:54:23,550] {logging_mixin.py:109} INFO - [2022-04-25 12:54:23,550] {dag.py:2398} INFO - Sync 2 DAGs
[2022-04-25 12:54:23,649] {logging_mixin.py:109} INFO - [2022-04-25 12:54:23,649] {dag.py:2937} INFO - Setting next_dagrun for example_xcom_args to None
[2022-04-25 12:54:23,670] {logging_mixin.py:109} INFO - [2022-04-25 12:54:23,670] {dag.py:2937} INFO - Setting next_dagrun for example_xcom_args_with_operators to None
[2022-04-25 12:54:23,792] {processor.py:171} INFO - Processing /home/airflow/.local/lib/python3.7/site-packages/airflow/example_dags/example_xcomargs.py took 2.202 seconds
[2022-04-25 12:54:54,162] {processor.py:163} INFO - Started process (PID=1172) to work on /home/airflow/.local/lib/python3.7/site-packages/airflow/example_dags/example_xcomargs.py
[2022-04-25 12:54:54,192] {processor.py:642} INFO - Processing file /home/airflow/.local/lib/python3.7/site-packages/airflow/example_dags/example_xcomargs.py for tasks to queue
[2022-04-25 12:54:54,210] {logging_mixin.py:109} INFO - [2022-04-25 12:54:54,210] {dagbag.py:500} INFO - Filling up the DagBag from /home/airflow/.local/lib/python3.7/site-packages/airflow/example_dags/example_xcomargs.py
[2022-04-25 12:54:54,319] {processor.py:652} INFO - DAG(s) dict_keys(['example_xcom_args', 'example_xcom_args_with_operators']) retrieved from /home/airflow/.local/lib/python3.7/site-packages/airflow/example_dags/example_xcomargs.py
[2022-04-25 12:54:55,262] {logging_mixin.py:109} INFO - [2022-04-25 12:54:55,262] {dag.py:2398} INFO - Sync 2 DAGs
[2022-04-25 12:54:55,282] {logging_mixin.py:109} INFO - [2022-04-25 12:54:55,282] {dag.py:2937} INFO - Setting next_dagrun for example_xcom_args to None
[2022-04-25 12:54:55,284] {logging_mixin.py:109} INFO - [2022-04-25 12:54:55,284] {dag.py:2937} INFO - Setting next_dagrun for example_xcom_args_with_operators to None
[2022-04-25 12:54:55,302] {processor.py:171} INFO - Processing /home/airflow/.local/lib/python3.7/site-packages/airflow/example_dags/example_xcomargs.py took 1.156 seconds
[2022-04-25 12:55:25,851] {processor.py:163} INFO - Started process (PID=1225) to work on /home/airflow/.local/lib/python3.7/site-packages/airflow/example_dags/example_xcomargs.py
[2022-04-25 12:55:25,855] {processor.py:642} INFO - Processing file /home/airflow/.local/lib/python3.7/site-packages/airflow/example_dags/example_xcomargs.py for tasks to queue
[2022-04-25 12:55:25,857] {logging_mixin.py:109} INFO - [2022-04-25 12:55:25,857] {dagbag.py:500} INFO - Filling up the DagBag from /home/airflow/.local/lib/python3.7/site-packages/airflow/example_dags/example_xcomargs.py
[2022-04-25 12:55:25,890] {processor.py:652} INFO - DAG(s) dict_keys(['example_xcom_args', 'example_xcom_args_with_operators']) retrieved from /home/airflow/.local/lib/python3.7/site-packages/airflow/example_dags/example_xcomargs.py
[2022-04-25 12:55:26,273] {logging_mixin.py:109} INFO - [2022-04-25 12:55:26,273] {dag.py:2398} INFO - Sync 2 DAGs
[2022-04-25 12:55:26,298] {logging_mixin.py:109} INFO - [2022-04-25 12:55:26,298] {dag.py:2937} INFO - Setting next_dagrun for example_xcom_args to None
[2022-04-25 12:55:26,300] {logging_mixin.py:109} INFO - [2022-04-25 12:55:26,300] {dag.py:2937} INFO - Setting next_dagrun for example_xcom_args_with_operators to None
[2022-04-25 12:55:26,321] {processor.py:171} INFO - Processing /home/airflow/.local/lib/python3.7/site-packages/airflow/example_dags/example_xcomargs.py took 0.475 seconds
[2022-04-25 12:55:56,441] {processor.py:163} INFO - Started process (PID=1276) to work on /home/airflow/.local/lib/python3.7/site-packages/airflow/example_dags/example_xcomargs.py
[2022-04-25 12:55:56,447] {processor.py:642} INFO - Processing file /home/airflow/.local/lib/python3.7/site-packages/airflow/example_dags/example_xcomargs.py for tasks to queue
[2022-04-25 12:55:56,453] {logging_mixin.py:109} INFO - [2022-04-25 12:55:56,453] {dagbag.py:500} INFO - Filling up the DagBag from /home/airflow/.local/lib/python3.7/site-packages/airflow/example_dags/example_xcomargs.py
[2022-04-25 12:55:56,505] {processor.py:652} INFO - DAG(s) dict_keys(['example_xcom_args', 'example_xcom_args_with_operators']) retrieved from /home/airflow/.local/lib/python3.7/site-packages/airflow/example_dags/example_xcomargs.py
[2022-04-25 12:55:57,001] {logging_mixin.py:109} INFO - [2022-04-25 12:55:57,001] {dag.py:2398} INFO - Sync 2 DAGs
[2022-04-25 12:55:57,023] {logging_mixin.py:109} INFO - [2022-04-25 12:55:57,023] {dag.py:2937} INFO - Setting next_dagrun for example_xcom_args to None
[2022-04-25 12:55:57,025] {logging_mixin.py:109} INFO - [2022-04-25 12:55:57,025] {dag.py:2937} INFO - Setting next_dagrun for example_xcom_args_with_operators to None
[2022-04-25 12:55:57,046] {processor.py:171} INFO - Processing /home/airflow/.local/lib/python3.7/site-packages/airflow/example_dags/example_xcomargs.py took 0.614 seconds
[2022-04-25 12:56:27,520] {processor.py:163} INFO - Started process (PID=1329) to work on /home/airflow/.local/lib/python3.7/site-packages/airflow/example_dags/example_xcomargs.py
[2022-04-25 12:56:27,524] {processor.py:642} INFO - Processing file /home/airflow/.local/lib/python3.7/site-packages/airflow/example_dags/example_xcomargs.py for tasks to queue
[2022-04-25 12:56:27,527] {logging_mixin.py:109} INFO - [2022-04-25 12:56:27,526] {dagbag.py:500} INFO - Filling up the DagBag from /home/airflow/.local/lib/python3.7/site-packages/airflow/example_dags/example_xcomargs.py
[2022-04-25 12:56:27,571] {processor.py:652} INFO - DAG(s) dict_keys(['example_xcom_args', 'example_xcom_args_with_operators']) retrieved from /home/airflow/.local/lib/python3.7/site-packages/airflow/example_dags/example_xcomargs.py
[2022-04-25 12:56:27,610] {logging_mixin.py:109} INFO - [2022-04-25 12:56:27,610] {dag.py:2398} INFO - Sync 2 DAGs
[2022-04-25 12:56:27,636] {logging_mixin.py:109} INFO - [2022-04-25 12:56:27,636] {dag.py:2937} INFO - Setting next_dagrun for example_xcom_args to None
[2022-04-25 12:56:27,639] {logging_mixin.py:109} INFO - [2022-04-25 12:56:27,638] {dag.py:2937} INFO - Setting next_dagrun for example_xcom_args_with_operators to None
[2022-04-25 12:56:27,657] {processor.py:171} INFO - Processing /home/airflow/.local/lib/python3.7/site-packages/airflow/example_dags/example_xcomargs.py took 0.143 seconds
[2022-04-25 12:56:58,438] {processor.py:163} INFO - Started process (PID=1381) to work on /home/airflow/.local/lib/python3.7/site-packages/airflow/example_dags/example_xcomargs.py
[2022-04-25 12:56:58,444] {processor.py:642} INFO - Processing file /home/airflow/.local/lib/python3.7/site-packages/airflow/example_dags/example_xcomargs.py for tasks to queue
[2022-04-25 12:56:58,448] {logging_mixin.py:109} INFO - [2022-04-25 12:56:58,448] {dagbag.py:500} INFO - Filling up the DagBag from /home/airflow/.local/lib/python3.7/site-packages/airflow/example_dags/example_xcomargs.py
[2022-04-25 12:56:58,510] {processor.py:652} INFO - DAG(s) dict_keys(['example_xcom_args', 'example_xcom_args_with_operators']) retrieved from /home/airflow/.local/lib/python3.7/site-packages/airflow/example_dags/example_xcomargs.py
[2022-04-25 12:56:58,970] {logging_mixin.py:109} INFO - [2022-04-25 12:56:58,969] {dag.py:2398} INFO - Sync 2 DAGs
[2022-04-25 12:56:59,006] {logging_mixin.py:109} INFO - [2022-04-25 12:56:59,006] {dag.py:2937} INFO - Setting next_dagrun for example_xcom_args to None
[2022-04-25 12:56:59,009] {logging_mixin.py:109} INFO - [2022-04-25 12:56:59,008] {dag.py:2937} INFO - Setting next_dagrun for example_xcom_args_with_operators to None
[2022-04-25 12:56:59,036] {processor.py:171} INFO - Processing /home/airflow/.local/lib/python3.7/site-packages/airflow/example_dags/example_xcomargs.py took 0.607 seconds
[2022-04-25 12:57:29,131] {processor.py:163} INFO - Started process (PID=1444) to work on /home/airflow/.local/lib/python3.7/site-packages/airflow/example_dags/example_xcomargs.py
[2022-04-25 12:57:29,135] {processor.py:642} INFO - Processing file /home/airflow/.local/lib/python3.7/site-packages/airflow/example_dags/example_xcomargs.py for tasks to queue
[2022-04-25 12:57:29,137] {logging_mixin.py:109} INFO - [2022-04-25 12:57:29,137] {dagbag.py:500} INFO - Filling up the DagBag from /home/airflow/.local/lib/python3.7/site-packages/airflow/example_dags/example_xcomargs.py
[2022-04-25 12:57:29,171] {processor.py:652} INFO - DAG(s) dict_keys(['example_xcom_args', 'example_xcom_args_with_operators']) retrieved from /home/airflow/.local/lib/python3.7/site-packages/airflow/example_dags/example_xcomargs.py
[2022-04-25 12:57:29,204] {logging_mixin.py:109} INFO - [2022-04-25 12:57:29,204] {dag.py:2398} INFO - Sync 2 DAGs
[2022-04-25 12:57:29,228] {logging_mixin.py:109} INFO - [2022-04-25 12:57:29,228] {dag.py:2937} INFO - Setting next_dagrun for example_xcom_args to None
[2022-04-25 12:57:29,230] {logging_mixin.py:109} INFO - [2022-04-25 12:57:29,230] {dag.py:2937} INFO - Setting next_dagrun for example_xcom_args_with_operators to None
[2022-04-25 12:57:29,244] {processor.py:171} INFO - Processing /home/airflow/.local/lib/python3.7/site-packages/airflow/example_dags/example_xcomargs.py took 0.118 seconds
[2022-04-25 12:57:59,615] {processor.py:163} INFO - Started process (PID=1495) to work on /home/airflow/.local/lib/python3.7/site-packages/airflow/example_dags/example_xcomargs.py
[2022-04-25 12:57:59,619] {processor.py:642} INFO - Processing file /home/airflow/.local/lib/python3.7/site-packages/airflow/example_dags/example_xcomargs.py for tasks to queue
[2022-04-25 12:57:59,621] {logging_mixin.py:109} INFO - [2022-04-25 12:57:59,621] {dagbag.py:500} INFO - Filling up the DagBag from /home/airflow/.local/lib/python3.7/site-packages/airflow/example_dags/example_xcomargs.py
[2022-04-25 12:57:59,654] {processor.py:652} INFO - DAG(s) dict_keys(['example_xcom_args', 'example_xcom_args_with_operators']) retrieved from /home/airflow/.local/lib/python3.7/site-packages/airflow/example_dags/example_xcomargs.py
[2022-04-25 12:58:00,115] {logging_mixin.py:109} INFO - [2022-04-25 12:58:00,114] {dag.py:2398} INFO - Sync 2 DAGs
[2022-04-25 12:58:00,134] {logging_mixin.py:109} INFO - [2022-04-25 12:58:00,134] {dag.py:2937} INFO - Setting next_dagrun for example_xcom_args to None
[2022-04-25 12:58:00,136] {logging_mixin.py:109} INFO - [2022-04-25 12:58:00,136] {dag.py:2937} INFO - Setting next_dagrun for example_xcom_args_with_operators to None
[2022-04-25 12:58:00,161] {processor.py:171} INFO - Processing /home/airflow/.local/lib/python3.7/site-packages/airflow/example_dags/example_xcomargs.py took 0.553 seconds
[2022-04-25 12:58:31,004] {processor.py:163} INFO - Started process (PID=1544) to work on /home/airflow/.local/lib/python3.7/site-packages/airflow/example_dags/example_xcomargs.py
[2022-04-25 12:58:31,008] {processor.py:642} INFO - Processing file /home/airflow/.local/lib/python3.7/site-packages/airflow/example_dags/example_xcomargs.py for tasks to queue
[2022-04-25 12:58:31,009] {logging_mixin.py:109} INFO - [2022-04-25 12:58:31,009] {dagbag.py:500} INFO - Filling up the DagBag from /home/airflow/.local/lib/python3.7/site-packages/airflow/example_dags/example_xcomargs.py
[2022-04-25 12:58:31,042] {processor.py:652} INFO - DAG(s) dict_keys(['example_xcom_args', 'example_xcom_args_with_operators']) retrieved from /home/airflow/.local/lib/python3.7/site-packages/airflow/example_dags/example_xcomargs.py
[2022-04-25 12:58:31,448] {logging_mixin.py:109} INFO - [2022-04-25 12:58:31,448] {dag.py:2398} INFO - Sync 2 DAGs
[2022-04-25 12:58:31,466] {logging_mixin.py:109} INFO - [2022-04-25 12:58:31,466] {dag.py:2937} INFO - Setting next_dagrun for example_xcom_args to None
[2022-04-25 12:58:31,468] {logging_mixin.py:109} INFO - [2022-04-25 12:58:31,468] {dag.py:2937} INFO - Setting next_dagrun for example_xcom_args_with_operators to None
[2022-04-25 12:58:31,488] {processor.py:171} INFO - Processing /home/airflow/.local/lib/python3.7/site-packages/airflow/example_dags/example_xcomargs.py took 0.490 seconds
[2022-04-25 12:59:02,038] {processor.py:163} INFO - Started process (PID=1594) to work on /home/airflow/.local/lib/python3.7/site-packages/airflow/example_dags/example_xcomargs.py
[2022-04-25 12:59:02,042] {processor.py:642} INFO - Processing file /home/airflow/.local/lib/python3.7/site-packages/airflow/example_dags/example_xcomargs.py for tasks to queue
[2022-04-25 12:59:02,045] {logging_mixin.py:109} INFO - [2022-04-25 12:59:02,044] {dagbag.py:500} INFO - Filling up the DagBag from /home/airflow/.local/lib/python3.7/site-packages/airflow/example_dags/example_xcomargs.py
[2022-04-25 12:59:02,084] {processor.py:652} INFO - DAG(s) dict_keys(['example_xcom_args', 'example_xcom_args_with_operators']) retrieved from /home/airflow/.local/lib/python3.7/site-packages/airflow/example_dags/example_xcomargs.py
[2022-04-25 12:59:02,640] {logging_mixin.py:109} INFO - [2022-04-25 12:59:02,640] {dag.py:2398} INFO - Sync 2 DAGs
[2022-04-25 12:59:02,660] {logging_mixin.py:109} INFO - [2022-04-25 12:59:02,660] {dag.py:2937} INFO - Setting next_dagrun for example_xcom_args to None
[2022-04-25 12:59:02,661] {logging_mixin.py:109} INFO - [2022-04-25 12:59:02,661] {dag.py:2937} INFO - Setting next_dagrun for example_xcom_args_with_operators to None
[2022-04-25 12:59:02,677] {processor.py:171} INFO - Processing /home/airflow/.local/lib/python3.7/site-packages/airflow/example_dags/example_xcomargs.py took 0.648 seconds
[2022-04-25 12:59:32,816] {processor.py:163} INFO - Started process (PID=1648) to work on /home/airflow/.local/lib/python3.7/site-packages/airflow/example_dags/example_xcomargs.py
[2022-04-25 12:59:32,820] {processor.py:642} INFO - Processing file /home/airflow/.local/lib/python3.7/site-packages/airflow/example_dags/example_xcomargs.py for tasks to queue
[2022-04-25 12:59:32,823] {logging_mixin.py:109} INFO - [2022-04-25 12:59:32,823] {dagbag.py:500} INFO - Filling up the DagBag from /home/airflow/.local/lib/python3.7/site-packages/airflow/example_dags/example_xcomargs.py
[2022-04-25 12:59:32,862] {processor.py:652} INFO - DAG(s) dict_keys(['example_xcom_args', 'example_xcom_args_with_operators']) retrieved from /home/airflow/.local/lib/python3.7/site-packages/airflow/example_dags/example_xcomargs.py
[2022-04-25 12:59:33,480] {logging_mixin.py:109} INFO - [2022-04-25 12:59:33,480] {dag.py:2398} INFO - Sync 2 DAGs
[2022-04-25 12:59:33,503] {logging_mixin.py:109} INFO - [2022-04-25 12:59:33,503] {dag.py:2937} INFO - Setting next_dagrun for example_xcom_args to None
[2022-04-25 12:59:33,505] {logging_mixin.py:109} INFO - [2022-04-25 12:59:33,505] {dag.py:2937} INFO - Setting next_dagrun for example_xcom_args_with_operators to None
[2022-04-25 12:59:33,525] {processor.py:171} INFO - Processing /home/airflow/.local/lib/python3.7/site-packages/airflow/example_dags/example_xcomargs.py took 0.718 seconds
[2022-04-25 13:00:03,654] {processor.py:163} INFO - Started process (PID=1711) to work on /home/airflow/.local/lib/python3.7/site-packages/airflow/example_dags/example_xcomargs.py
[2022-04-25 13:00:03,657] {processor.py:642} INFO - Processing file /home/airflow/.local/lib/python3.7/site-packages/airflow/example_dags/example_xcomargs.py for tasks to queue
[2022-04-25 13:00:03,659] {logging_mixin.py:109} INFO - [2022-04-25 13:00:03,659] {dagbag.py:500} INFO - Filling up the DagBag from /home/airflow/.local/lib/python3.7/site-packages/airflow/example_dags/example_xcomargs.py
[2022-04-25 13:00:03,703] {processor.py:652} INFO - DAG(s) dict_keys(['example_xcom_args', 'example_xcom_args_with_operators']) retrieved from /home/airflow/.local/lib/python3.7/site-packages/airflow/example_dags/example_xcomargs.py
[2022-04-25 13:00:04,284] {logging_mixin.py:109} INFO - [2022-04-25 13:00:04,284] {dag.py:2398} INFO - Sync 2 DAGs
[2022-04-25 13:00:04,308] {logging_mixin.py:109} INFO - [2022-04-25 13:00:04,308] {dag.py:2937} INFO - Setting next_dagrun for example_xcom_args to None
[2022-04-25 13:00:04,310] {logging_mixin.py:109} INFO - [2022-04-25 13:00:04,310] {dag.py:2937} INFO - Setting next_dagrun for example_xcom_args_with_operators to None
[2022-04-25 13:00:04,329] {processor.py:171} INFO - Processing /home/airflow/.local/lib/python3.7/site-packages/airflow/example_dags/example_xcomargs.py took 0.685 seconds
[2022-04-25 13:00:35,034] {processor.py:163} INFO - Started process (PID=1762) to work on /home/airflow/.local/lib/python3.7/site-packages/airflow/example_dags/example_xcomargs.py
[2022-04-25 13:00:35,040] {processor.py:642} INFO - Processing file /home/airflow/.local/lib/python3.7/site-packages/airflow/example_dags/example_xcomargs.py for tasks to queue
[2022-04-25 13:00:35,044] {logging_mixin.py:109} INFO - [2022-04-25 13:00:35,043] {dagbag.py:500} INFO - Filling up the DagBag from /home/airflow/.local/lib/python3.7/site-packages/airflow/example_dags/example_xcomargs.py
[2022-04-25 13:00:35,096] {processor.py:652} INFO - DAG(s) dict_keys(['example_xcom_args', 'example_xcom_args_with_operators']) retrieved from /home/airflow/.local/lib/python3.7/site-packages/airflow/example_dags/example_xcomargs.py
[2022-04-25 13:00:35,533] {logging_mixin.py:109} INFO - [2022-04-25 13:00:35,532] {dag.py:2398} INFO - Sync 2 DAGs
[2022-04-25 13:00:35,552] {logging_mixin.py:109} INFO - [2022-04-25 13:00:35,552] {dag.py:2937} INFO - Setting next_dagrun for example_xcom_args to None
[2022-04-25 13:00:35,553] {logging_mixin.py:109} INFO - [2022-04-25 13:00:35,553] {dag.py:2937} INFO - Setting next_dagrun for example_xcom_args_with_operators to None
[2022-04-25 13:00:35,568] {processor.py:171} INFO - Processing /home/airflow/.local/lib/python3.7/site-packages/airflow/example_dags/example_xcomargs.py took 0.544 seconds
[2022-04-25 13:01:06,307] {processor.py:163} INFO - Started process (PID=1811) to work on /home/airflow/.local/lib/python3.7/site-packages/airflow/example_dags/example_xcomargs.py
[2022-04-25 13:01:06,311] {processor.py:642} INFO - Processing file /home/airflow/.local/lib/python3.7/site-packages/airflow/example_dags/example_xcomargs.py for tasks to queue
[2022-04-25 13:01:06,313] {logging_mixin.py:109} INFO - [2022-04-25 13:01:06,313] {dagbag.py:500} INFO - Filling up the DagBag from /home/airflow/.local/lib/python3.7/site-packages/airflow/example_dags/example_xcomargs.py
[2022-04-25 13:01:06,350] {processor.py:652} INFO - DAG(s) dict_keys(['example_xcom_args', 'example_xcom_args_with_operators']) retrieved from /home/airflow/.local/lib/python3.7/site-packages/airflow/example_dags/example_xcomargs.py
[2022-04-25 13:01:06,387] {logging_mixin.py:109} INFO - [2022-04-25 13:01:06,387] {dag.py:2398} INFO - Sync 2 DAGs
[2022-04-25 13:01:06,409] {logging_mixin.py:109} INFO - [2022-04-25 13:01:06,408] {dag.py:2937} INFO - Setting next_dagrun for example_xcom_args to None
[2022-04-25 13:01:06,410] {logging_mixin.py:109} INFO - [2022-04-25 13:01:06,410] {dag.py:2937} INFO - Setting next_dagrun for example_xcom_args_with_operators to None
[2022-04-25 13:01:06,430] {processor.py:171} INFO - Processing /home/airflow/.local/lib/python3.7/site-packages/airflow/example_dags/example_xcomargs.py took 0.129 seconds
[2022-04-25 13:01:37,222] {processor.py:163} INFO - Started process (PID=1864) to work on /home/airflow/.local/lib/python3.7/site-packages/airflow/example_dags/example_xcomargs.py
[2022-04-25 13:01:37,226] {processor.py:642} INFO - Processing file /home/airflow/.local/lib/python3.7/site-packages/airflow/example_dags/example_xcomargs.py for tasks to queue
[2022-04-25 13:01:37,228] {logging_mixin.py:109} INFO - [2022-04-25 13:01:37,228] {dagbag.py:500} INFO - Filling up the DagBag from /home/airflow/.local/lib/python3.7/site-packages/airflow/example_dags/example_xcomargs.py
[2022-04-25 13:01:37,262] {processor.py:652} INFO - DAG(s) dict_keys(['example_xcom_args', 'example_xcom_args_with_operators']) retrieved from /home/airflow/.local/lib/python3.7/site-packages/airflow/example_dags/example_xcomargs.py
[2022-04-25 13:01:37,527] {logging_mixin.py:109} INFO - [2022-04-25 13:01:37,526] {dag.py:2398} INFO - Sync 2 DAGs
[2022-04-25 13:01:37,546] {logging_mixin.py:109} INFO - [2022-04-25 13:01:37,546] {dag.py:2937} INFO - Setting next_dagrun for example_xcom_args to None
[2022-04-25 13:01:37,547] {logging_mixin.py:109} INFO - [2022-04-25 13:01:37,547] {dag.py:2937} INFO - Setting next_dagrun for example_xcom_args_with_operators to None
[2022-04-25 13:01:37,570] {processor.py:171} INFO - Processing /home/airflow/.local/lib/python3.7/site-packages/airflow/example_dags/example_xcomargs.py took 0.357 seconds
[2022-04-25 13:02:08,051] {processor.py:163} INFO - Started process (PID=1916) to work on /home/airflow/.local/lib/python3.7/site-packages/airflow/example_dags/example_xcomargs.py
[2022-04-25 13:02:08,057] {processor.py:642} INFO - Processing file /home/airflow/.local/lib/python3.7/site-packages/airflow/example_dags/example_xcomargs.py for tasks to queue
[2022-04-25 13:02:08,060] {logging_mixin.py:109} INFO - [2022-04-25 13:02:08,059] {dagbag.py:500} INFO - Filling up the DagBag from /home/airflow/.local/lib/python3.7/site-packages/airflow/example_dags/example_xcomargs.py
[2022-04-25 13:02:08,092] {processor.py:652} INFO - DAG(s) dict_keys(['example_xcom_args', 'example_xcom_args_with_operators']) retrieved from /home/airflow/.local/lib/python3.7/site-packages/airflow/example_dags/example_xcomargs.py
[2022-04-25 13:02:08,358] {logging_mixin.py:109} INFO - [2022-04-25 13:02:08,357] {dag.py:2398} INFO - Sync 2 DAGs
[2022-04-25 13:02:08,380] {logging_mixin.py:109} INFO - [2022-04-25 13:02:08,380] {dag.py:2937} INFO - Setting next_dagrun for example_xcom_args to None
[2022-04-25 13:02:08,382] {logging_mixin.py:109} INFO - [2022-04-25 13:02:08,381] {dag.py:2937} INFO - Setting next_dagrun for example_xcom_args_with_operators to None
[2022-04-25 13:02:08,403] {processor.py:171} INFO - Processing /home/airflow/.local/lib/python3.7/site-packages/airflow/example_dags/example_xcomargs.py took 0.361 seconds
[2022-04-25 13:02:38,644] {processor.py:163} INFO - Started process (PID=1967) to work on /home/airflow/.local/lib/python3.7/site-packages/airflow/example_dags/example_xcomargs.py
[2022-04-25 13:02:38,648] {processor.py:642} INFO - Processing file /home/airflow/.local/lib/python3.7/site-packages/airflow/example_dags/example_xcomargs.py for tasks to queue
[2022-04-25 13:02:38,650] {logging_mixin.py:109} INFO - [2022-04-25 13:02:38,650] {dagbag.py:500} INFO - Filling up the DagBag from /home/airflow/.local/lib/python3.7/site-packages/airflow/example_dags/example_xcomargs.py
[2022-04-25 13:02:38,683] {processor.py:652} INFO - DAG(s) dict_keys(['example_xcom_args', 'example_xcom_args_with_operators']) retrieved from /home/airflow/.local/lib/python3.7/site-packages/airflow/example_dags/example_xcomargs.py
[2022-04-25 13:02:38,958] {logging_mixin.py:109} INFO - [2022-04-25 13:02:38,958] {dag.py:2398} INFO - Sync 2 DAGs
[2022-04-25 13:02:39,002] {logging_mixin.py:109} INFO - [2022-04-25 13:02:39,001] {dag.py:2937} INFO - Setting next_dagrun for example_xcom_args to None
[2022-04-25 13:02:39,004] {logging_mixin.py:109} INFO - [2022-04-25 13:02:39,004] {dag.py:2937} INFO - Setting next_dagrun for example_xcom_args_with_operators to None
[2022-04-25 13:02:39,173] {processor.py:171} INFO - Processing /home/airflow/.local/lib/python3.7/site-packages/airflow/example_dags/example_xcomargs.py took 0.538 seconds
[2022-04-25 13:12:00,046] {processor.py:163} INFO - Started process (PID=2039) to work on /home/airflow/.local/lib/python3.7/site-packages/airflow/example_dags/example_xcomargs.py
[2022-04-25 13:12:00,052] {processor.py:642} INFO - Processing file /home/airflow/.local/lib/python3.7/site-packages/airflow/example_dags/example_xcomargs.py for tasks to queue
[2022-04-25 13:12:00,062] {logging_mixin.py:109} INFO - [2022-04-25 13:12:00,062] {dagbag.py:500} INFO - Filling up the DagBag from /home/airflow/.local/lib/python3.7/site-packages/airflow/example_dags/example_xcomargs.py
[2022-04-25 13:12:00,432] {processor.py:652} INFO - DAG(s) dict_keys(['example_xcom_args', 'example_xcom_args_with_operators']) retrieved from /home/airflow/.local/lib/python3.7/site-packages/airflow/example_dags/example_xcomargs.py
[2022-04-25 13:12:02,353] {logging_mixin.py:109} INFO - [2022-04-25 13:12:02,353] {dag.py:2398} INFO - Sync 2 DAGs
[2022-04-25 13:12:02,412] {logging_mixin.py:109} INFO - [2022-04-25 13:12:02,412] {dag.py:2937} INFO - Setting next_dagrun for example_xcom_args to None
[2022-04-25 13:12:02,415] {logging_mixin.py:109} INFO - [2022-04-25 13:12:02,415] {dag.py:2937} INFO - Setting next_dagrun for example_xcom_args_with_operators to None
[2022-04-25 13:12:02,466] {processor.py:171} INFO - Processing /home/airflow/.local/lib/python3.7/site-packages/airflow/example_dags/example_xcomargs.py took 2.486 seconds
