[2022-04-25 12:42:07,430] {processor.py:163} INFO - Started process (PID=194) to work on /home/airflow/.local/lib/python3.7/site-packages/airflow/example_dags/example_dag_decorator.py
[2022-04-25 12:42:07,435] {processor.py:642} INFO - Processing file /home/airflow/.local/lib/python3.7/site-packages/airflow/example_dags/example_dag_decorator.py for tasks to queue
[2022-04-25 12:42:07,441] {logging_mixin.py:109} INFO - [2022-04-25 12:42:07,440] {dagbag.py:500} INFO - Filling up the DagBag from /home/airflow/.local/lib/python3.7/site-packages/airflow/example_dags/example_dag_decorator.py
[2022-04-25 12:42:07,504] {processor.py:652} INFO - DAG(s) dict_keys(['example_dag_decorator']) retrieved from /home/airflow/.local/lib/python3.7/site-packages/airflow/example_dags/example_dag_decorator.py
[2022-04-25 12:42:14,064] {logging_mixin.py:109} INFO - [2022-04-25 12:42:14,064] {manager.py:496} INFO - Created Permission View: can read on DAG:example_dag_decorator
[2022-04-25 12:42:14,090] {logging_mixin.py:109} INFO - [2022-04-25 12:42:14,090] {manager.py:496} INFO - Created Permission View: can edit on DAG:example_dag_decorator
[2022-04-25 12:42:14,092] {logging_mixin.py:109} INFO - [2022-04-25 12:42:14,091] {dag.py:2398} INFO - Sync 1 DAGs
[2022-04-25 12:42:14,115] {logging_mixin.py:109} INFO - [2022-04-25 12:42:14,115] {dag.py:2417} INFO - Creating ORM DAG for example_dag_decorator
[2022-04-25 12:42:14,130] {logging_mixin.py:109} INFO - [2022-04-25 12:42:14,130] {dag.py:2937} INFO - Setting next_dagrun for example_dag_decorator to None
[2022-04-25 12:42:14,160] {processor.py:171} INFO - Processing /home/airflow/.local/lib/python3.7/site-packages/airflow/example_dags/example_dag_decorator.py took 6.743 seconds
[2022-04-25 12:42:44,424] {processor.py:163} INFO - Started process (PID=264) to work on /home/airflow/.local/lib/python3.7/site-packages/airflow/example_dags/example_dag_decorator.py
[2022-04-25 12:42:44,429] {processor.py:642} INFO - Processing file /home/airflow/.local/lib/python3.7/site-packages/airflow/example_dags/example_dag_decorator.py for tasks to queue
[2022-04-25 12:42:44,432] {logging_mixin.py:109} INFO - [2022-04-25 12:42:44,431] {dagbag.py:500} INFO - Filling up the DagBag from /home/airflow/.local/lib/python3.7/site-packages/airflow/example_dags/example_dag_decorator.py
[2022-04-25 12:42:44,516] {processor.py:652} INFO - DAG(s) dict_keys(['example_dag_decorator']) retrieved from /home/airflow/.local/lib/python3.7/site-packages/airflow/example_dags/example_dag_decorator.py
[2022-04-25 12:42:44,899] {logging_mixin.py:109} INFO - [2022-04-25 12:42:44,899] {dag.py:2398} INFO - Sync 1 DAGs
[2022-04-25 12:42:44,927] {logging_mixin.py:109} INFO - [2022-04-25 12:42:44,926] {dag.py:2937} INFO - Setting next_dagrun for example_dag_decorator to None
[2022-04-25 12:42:44,950] {processor.py:171} INFO - Processing /home/airflow/.local/lib/python3.7/site-packages/airflow/example_dags/example_dag_decorator.py took 0.552 seconds
[2022-04-25 12:43:15,536] {processor.py:163} INFO - Started process (PID=327) to work on /home/airflow/.local/lib/python3.7/site-packages/airflow/example_dags/example_dag_decorator.py
[2022-04-25 12:43:15,541] {processor.py:642} INFO - Processing file /home/airflow/.local/lib/python3.7/site-packages/airflow/example_dags/example_dag_decorator.py for tasks to queue
[2022-04-25 12:43:15,544] {logging_mixin.py:109} INFO - [2022-04-25 12:43:15,544] {dagbag.py:500} INFO - Filling up the DagBag from /home/airflow/.local/lib/python3.7/site-packages/airflow/example_dags/example_dag_decorator.py
[2022-04-25 12:43:15,587] {processor.py:652} INFO - DAG(s) dict_keys(['example_dag_decorator']) retrieved from /home/airflow/.local/lib/python3.7/site-packages/airflow/example_dags/example_dag_decorator.py
[2022-04-25 12:43:15,901] {logging_mixin.py:109} INFO - [2022-04-25 12:43:15,901] {dag.py:2398} INFO - Sync 1 DAGs
[2022-04-25 12:43:15,930] {logging_mixin.py:109} INFO - [2022-04-25 12:43:15,930] {dag.py:2937} INFO - Setting next_dagrun for example_dag_decorator to None
[2022-04-25 12:43:15,950] {processor.py:171} INFO - Processing /home/airflow/.local/lib/python3.7/site-packages/airflow/example_dags/example_dag_decorator.py took 0.423 seconds
[2022-04-25 12:43:46,040] {processor.py:163} INFO - Started process (PID=377) to work on /home/airflow/.local/lib/python3.7/site-packages/airflow/example_dags/example_dag_decorator.py
[2022-04-25 12:43:46,046] {processor.py:642} INFO - Processing file /home/airflow/.local/lib/python3.7/site-packages/airflow/example_dags/example_dag_decorator.py for tasks to queue
[2022-04-25 12:43:46,049] {logging_mixin.py:109} INFO - [2022-04-25 12:43:46,049] {dagbag.py:500} INFO - Filling up the DagBag from /home/airflow/.local/lib/python3.7/site-packages/airflow/example_dags/example_dag_decorator.py
[2022-04-25 12:43:46,091] {processor.py:652} INFO - DAG(s) dict_keys(['example_dag_decorator']) retrieved from /home/airflow/.local/lib/python3.7/site-packages/airflow/example_dags/example_dag_decorator.py
[2022-04-25 12:43:46,422] {logging_mixin.py:109} INFO - [2022-04-25 12:43:46,422] {dag.py:2398} INFO - Sync 1 DAGs
[2022-04-25 12:43:46,446] {logging_mixin.py:109} INFO - [2022-04-25 12:43:46,446] {dag.py:2937} INFO - Setting next_dagrun for example_dag_decorator to None
[2022-04-25 12:43:46,464] {processor.py:171} INFO - Processing /home/airflow/.local/lib/python3.7/site-packages/airflow/example_dags/example_dag_decorator.py took 0.433 seconds
[2022-04-25 12:44:16,963] {processor.py:163} INFO - Started process (PID=431) to work on /home/airflow/.local/lib/python3.7/site-packages/airflow/example_dags/example_dag_decorator.py
[2022-04-25 12:44:16,967] {processor.py:642} INFO - Processing file /home/airflow/.local/lib/python3.7/site-packages/airflow/example_dags/example_dag_decorator.py for tasks to queue
[2022-04-25 12:44:16,969] {logging_mixin.py:109} INFO - [2022-04-25 12:44:16,969] {dagbag.py:500} INFO - Filling up the DagBag from /home/airflow/.local/lib/python3.7/site-packages/airflow/example_dags/example_dag_decorator.py
[2022-04-25 12:44:17,008] {processor.py:652} INFO - DAG(s) dict_keys(['example_dag_decorator']) retrieved from /home/airflow/.local/lib/python3.7/site-packages/airflow/example_dags/example_dag_decorator.py
[2022-04-25 12:44:17,252] {logging_mixin.py:109} INFO - [2022-04-25 12:44:17,252] {dag.py:2398} INFO - Sync 1 DAGs
[2022-04-25 12:44:17,273] {logging_mixin.py:109} INFO - [2022-04-25 12:44:17,273] {dag.py:2937} INFO - Setting next_dagrun for example_dag_decorator to None
[2022-04-25 12:44:17,289] {processor.py:171} INFO - Processing /home/airflow/.local/lib/python3.7/site-packages/airflow/example_dags/example_dag_decorator.py took 0.335 seconds
[2022-04-25 12:44:47,930] {processor.py:163} INFO - Started process (PID=483) to work on /home/airflow/.local/lib/python3.7/site-packages/airflow/example_dags/example_dag_decorator.py
[2022-04-25 12:44:47,933] {processor.py:642} INFO - Processing file /home/airflow/.local/lib/python3.7/site-packages/airflow/example_dags/example_dag_decorator.py for tasks to queue
[2022-04-25 12:44:47,935] {logging_mixin.py:109} INFO - [2022-04-25 12:44:47,935] {dagbag.py:500} INFO - Filling up the DagBag from /home/airflow/.local/lib/python3.7/site-packages/airflow/example_dags/example_dag_decorator.py
[2022-04-25 12:44:47,972] {processor.py:652} INFO - DAG(s) dict_keys(['example_dag_decorator']) retrieved from /home/airflow/.local/lib/python3.7/site-packages/airflow/example_dags/example_dag_decorator.py
[2022-04-25 12:44:48,287] {logging_mixin.py:109} INFO - [2022-04-25 12:44:48,287] {dag.py:2398} INFO - Sync 1 DAGs
[2022-04-25 12:44:48,330] {logging_mixin.py:109} INFO - [2022-04-25 12:44:48,330] {dag.py:2937} INFO - Setting next_dagrun for example_dag_decorator to None
[2022-04-25 12:44:48,369] {processor.py:171} INFO - Processing /home/airflow/.local/lib/python3.7/site-packages/airflow/example_dags/example_dag_decorator.py took 0.444 seconds
[2022-04-25 12:45:18,891] {processor.py:163} INFO - Started process (PID=534) to work on /home/airflow/.local/lib/python3.7/site-packages/airflow/example_dags/example_dag_decorator.py
[2022-04-25 12:45:18,898] {processor.py:642} INFO - Processing file /home/airflow/.local/lib/python3.7/site-packages/airflow/example_dags/example_dag_decorator.py for tasks to queue
[2022-04-25 12:45:18,904] {logging_mixin.py:109} INFO - [2022-04-25 12:45:18,904] {dagbag.py:500} INFO - Filling up the DagBag from /home/airflow/.local/lib/python3.7/site-packages/airflow/example_dags/example_dag_decorator.py
[2022-04-25 12:45:18,966] {processor.py:652} INFO - DAG(s) dict_keys(['example_dag_decorator']) retrieved from /home/airflow/.local/lib/python3.7/site-packages/airflow/example_dags/example_dag_decorator.py
[2022-04-25 12:45:19,266] {logging_mixin.py:109} INFO - [2022-04-25 12:45:19,266] {dag.py:2398} INFO - Sync 1 DAGs
[2022-04-25 12:45:19,282] {logging_mixin.py:109} INFO - [2022-04-25 12:45:19,282] {dag.py:2937} INFO - Setting next_dagrun for example_dag_decorator to None
[2022-04-25 12:45:19,296] {processor.py:171} INFO - Processing /home/airflow/.local/lib/python3.7/site-packages/airflow/example_dags/example_dag_decorator.py took 0.424 seconds
[2022-04-25 12:45:49,816] {processor.py:163} INFO - Started process (PID=587) to work on /home/airflow/.local/lib/python3.7/site-packages/airflow/example_dags/example_dag_decorator.py
[2022-04-25 12:45:49,820] {processor.py:642} INFO - Processing file /home/airflow/.local/lib/python3.7/site-packages/airflow/example_dags/example_dag_decorator.py for tasks to queue
[2022-04-25 12:45:49,822] {logging_mixin.py:109} INFO - [2022-04-25 12:45:49,821] {dagbag.py:500} INFO - Filling up the DagBag from /home/airflow/.local/lib/python3.7/site-packages/airflow/example_dags/example_dag_decorator.py
[2022-04-25 12:45:49,917] {processor.py:652} INFO - DAG(s) dict_keys(['example_dag_decorator']) retrieved from /home/airflow/.local/lib/python3.7/site-packages/airflow/example_dags/example_dag_decorator.py
[2022-04-25 12:45:50,632] {logging_mixin.py:109} INFO - [2022-04-25 12:45:50,632] {dag.py:2398} INFO - Sync 1 DAGs
[2022-04-25 12:45:50,657] {logging_mixin.py:109} INFO - [2022-04-25 12:45:50,657] {dag.py:2937} INFO - Setting next_dagrun for example_dag_decorator to None
[2022-04-25 12:45:50,675] {processor.py:171} INFO - Processing /home/airflow/.local/lib/python3.7/site-packages/airflow/example_dags/example_dag_decorator.py took 0.865 seconds
[2022-04-25 12:46:20,834] {processor.py:163} INFO - Started process (PID=637) to work on /home/airflow/.local/lib/python3.7/site-packages/airflow/example_dags/example_dag_decorator.py
[2022-04-25 12:46:20,859] {processor.py:642} INFO - Processing file /home/airflow/.local/lib/python3.7/site-packages/airflow/example_dags/example_dag_decorator.py for tasks to queue
[2022-04-25 12:46:20,871] {logging_mixin.py:109} INFO - [2022-04-25 12:46:20,871] {dagbag.py:500} INFO - Filling up the DagBag from /home/airflow/.local/lib/python3.7/site-packages/airflow/example_dags/example_dag_decorator.py
[2022-04-25 12:46:20,986] {processor.py:652} INFO - DAG(s) dict_keys(['example_dag_decorator']) retrieved from /home/airflow/.local/lib/python3.7/site-packages/airflow/example_dags/example_dag_decorator.py
[2022-04-25 12:46:22,096] {logging_mixin.py:109} INFO - [2022-04-25 12:46:22,096] {dag.py:2398} INFO - Sync 1 DAGs
[2022-04-25 12:46:22,150] {logging_mixin.py:109} INFO - [2022-04-25 12:46:22,150] {dag.py:2937} INFO - Setting next_dagrun for example_dag_decorator to None
[2022-04-25 12:46:22,199] {processor.py:171} INFO - Processing /home/airflow/.local/lib/python3.7/site-packages/airflow/example_dags/example_dag_decorator.py took 1.392 seconds
[2022-04-25 12:46:52,381] {processor.py:163} INFO - Started process (PID=695) to work on /home/airflow/.local/lib/python3.7/site-packages/airflow/example_dags/example_dag_decorator.py
[2022-04-25 12:46:52,394] {processor.py:642} INFO - Processing file /home/airflow/.local/lib/python3.7/site-packages/airflow/example_dags/example_dag_decorator.py for tasks to queue
[2022-04-25 12:46:52,402] {logging_mixin.py:109} INFO - [2022-04-25 12:46:52,401] {dagbag.py:500} INFO - Filling up the DagBag from /home/airflow/.local/lib/python3.7/site-packages/airflow/example_dags/example_dag_decorator.py
[2022-04-25 12:46:52,549] {processor.py:652} INFO - DAG(s) dict_keys(['example_dag_decorator']) retrieved from /home/airflow/.local/lib/python3.7/site-packages/airflow/example_dags/example_dag_decorator.py
[2022-04-25 12:46:53,596] {logging_mixin.py:109} INFO - [2022-04-25 12:46:53,596] {dag.py:2398} INFO - Sync 1 DAGs
[2022-04-25 12:46:53,641] {logging_mixin.py:109} INFO - [2022-04-25 12:46:53,640] {dag.py:2937} INFO - Setting next_dagrun for example_dag_decorator to None
[2022-04-25 12:46:53,667] {processor.py:171} INFO - Processing /home/airflow/.local/lib/python3.7/site-packages/airflow/example_dags/example_dag_decorator.py took 1.309 seconds
[2022-04-25 12:47:24,261] {processor.py:163} INFO - Started process (PID=747) to work on /home/airflow/.local/lib/python3.7/site-packages/airflow/example_dags/example_dag_decorator.py
[2022-04-25 12:47:24,274] {processor.py:642} INFO - Processing file /home/airflow/.local/lib/python3.7/site-packages/airflow/example_dags/example_dag_decorator.py for tasks to queue
[2022-04-25 12:47:24,288] {logging_mixin.py:109} INFO - [2022-04-25 12:47:24,286] {dagbag.py:500} INFO - Filling up the DagBag from /home/airflow/.local/lib/python3.7/site-packages/airflow/example_dags/example_dag_decorator.py
[2022-04-25 12:47:24,471] {processor.py:652} INFO - DAG(s) dict_keys(['example_dag_decorator']) retrieved from /home/airflow/.local/lib/python3.7/site-packages/airflow/example_dags/example_dag_decorator.py
[2022-04-25 12:47:25,345] {logging_mixin.py:109} INFO - [2022-04-25 12:47:25,345] {dag.py:2398} INFO - Sync 1 DAGs
[2022-04-25 12:47:25,365] {logging_mixin.py:109} INFO - [2022-04-25 12:47:25,365] {dag.py:2937} INFO - Setting next_dagrun for example_dag_decorator to None
[2022-04-25 12:47:25,386] {processor.py:171} INFO - Processing /home/airflow/.local/lib/python3.7/site-packages/airflow/example_dags/example_dag_decorator.py took 1.154 seconds
[2022-04-25 12:47:55,756] {processor.py:163} INFO - Started process (PID=796) to work on /home/airflow/.local/lib/python3.7/site-packages/airflow/example_dags/example_dag_decorator.py
[2022-04-25 12:47:55,770] {processor.py:642} INFO - Processing file /home/airflow/.local/lib/python3.7/site-packages/airflow/example_dags/example_dag_decorator.py for tasks to queue
[2022-04-25 12:47:55,772] {logging_mixin.py:109} INFO - [2022-04-25 12:47:55,772] {dagbag.py:500} INFO - Filling up the DagBag from /home/airflow/.local/lib/python3.7/site-packages/airflow/example_dags/example_dag_decorator.py
[2022-04-25 12:47:55,973] {processor.py:652} INFO - DAG(s) dict_keys(['example_dag_decorator']) retrieved from /home/airflow/.local/lib/python3.7/site-packages/airflow/example_dags/example_dag_decorator.py
[2022-04-25 12:47:56,924] {logging_mixin.py:109} INFO - [2022-04-25 12:47:56,924] {dag.py:2398} INFO - Sync 1 DAGs
[2022-04-25 12:47:56,945] {logging_mixin.py:109} INFO - [2022-04-25 12:47:56,945] {dag.py:2937} INFO - Setting next_dagrun for example_dag_decorator to None
[2022-04-25 12:47:56,965] {processor.py:171} INFO - Processing /home/airflow/.local/lib/python3.7/site-packages/airflow/example_dags/example_dag_decorator.py took 1.222 seconds
[2022-04-25 12:48:27,154] {processor.py:163} INFO - Started process (PID=848) to work on /home/airflow/.local/lib/python3.7/site-packages/airflow/example_dags/example_dag_decorator.py
[2022-04-25 12:48:27,160] {processor.py:642} INFO - Processing file /home/airflow/.local/lib/python3.7/site-packages/airflow/example_dags/example_dag_decorator.py for tasks to queue
[2022-04-25 12:48:27,165] {logging_mixin.py:109} INFO - [2022-04-25 12:48:27,164] {dagbag.py:500} INFO - Filling up the DagBag from /home/airflow/.local/lib/python3.7/site-packages/airflow/example_dags/example_dag_decorator.py
[2022-04-25 12:48:27,233] {processor.py:652} INFO - DAG(s) dict_keys(['example_dag_decorator']) retrieved from /home/airflow/.local/lib/python3.7/site-packages/airflow/example_dags/example_dag_decorator.py
[2022-04-25 12:48:27,817] {logging_mixin.py:109} INFO - [2022-04-25 12:48:27,817] {dag.py:2398} INFO - Sync 1 DAGs
[2022-04-25 12:48:27,835] {logging_mixin.py:109} INFO - [2022-04-25 12:48:27,835] {dag.py:2937} INFO - Setting next_dagrun for example_dag_decorator to None
[2022-04-25 12:48:27,854] {processor.py:171} INFO - Processing /home/airflow/.local/lib/python3.7/site-packages/airflow/example_dags/example_dag_decorator.py took 0.711 seconds
[2022-04-25 12:48:58,511] {processor.py:163} INFO - Started process (PID=899) to work on /home/airflow/.local/lib/python3.7/site-packages/airflow/example_dags/example_dag_decorator.py
[2022-04-25 12:48:58,521] {processor.py:642} INFO - Processing file /home/airflow/.local/lib/python3.7/site-packages/airflow/example_dags/example_dag_decorator.py for tasks to queue
[2022-04-25 12:48:58,523] {logging_mixin.py:109} INFO - [2022-04-25 12:48:58,523] {dagbag.py:500} INFO - Filling up the DagBag from /home/airflow/.local/lib/python3.7/site-packages/airflow/example_dags/example_dag_decorator.py
[2022-04-25 12:48:58,657] {processor.py:652} INFO - DAG(s) dict_keys(['example_dag_decorator']) retrieved from /home/airflow/.local/lib/python3.7/site-packages/airflow/example_dags/example_dag_decorator.py
[2022-04-25 12:48:59,372] {logging_mixin.py:109} INFO - [2022-04-25 12:48:59,372] {dag.py:2398} INFO - Sync 1 DAGs
[2022-04-25 12:48:59,442] {logging_mixin.py:109} INFO - [2022-04-25 12:48:59,441] {dag.py:2937} INFO - Setting next_dagrun for example_dag_decorator to None
[2022-04-25 12:48:59,477] {processor.py:171} INFO - Processing /home/airflow/.local/lib/python3.7/site-packages/airflow/example_dags/example_dag_decorator.py took 0.996 seconds
[2022-04-25 12:52:45,070] {processor.py:163} INFO - Started process (PID=948) to work on /home/airflow/.local/lib/python3.7/site-packages/airflow/example_dags/example_dag_decorator.py
[2022-04-25 12:52:45,078] {processor.py:642} INFO - Processing file /home/airflow/.local/lib/python3.7/site-packages/airflow/example_dags/example_dag_decorator.py for tasks to queue
[2022-04-25 12:52:45,081] {logging_mixin.py:109} INFO - [2022-04-25 12:52:45,080] {dagbag.py:500} INFO - Filling up the DagBag from /home/airflow/.local/lib/python3.7/site-packages/airflow/example_dags/example_dag_decorator.py
[2022-04-25 12:52:45,174] {processor.py:652} INFO - DAG(s) dict_keys(['example_dag_decorator']) retrieved from /home/airflow/.local/lib/python3.7/site-packages/airflow/example_dags/example_dag_decorator.py
[2022-04-25 12:52:46,549] {logging_mixin.py:109} INFO - [2022-04-25 12:52:46,549] {dag.py:2398} INFO - Sync 1 DAGs
[2022-04-25 12:52:46,583] {logging_mixin.py:109} INFO - [2022-04-25 12:52:46,582] {dag.py:2937} INFO - Setting next_dagrun for example_dag_decorator to None
[2022-04-25 12:52:46,607] {processor.py:171} INFO - Processing /home/airflow/.local/lib/python3.7/site-packages/airflow/example_dags/example_dag_decorator.py took 1.562 seconds
[2022-04-25 12:53:17,077] {processor.py:163} INFO - Started process (PID=1001) to work on /home/airflow/.local/lib/python3.7/site-packages/airflow/example_dags/example_dag_decorator.py
[2022-04-25 12:53:17,085] {processor.py:642} INFO - Processing file /home/airflow/.local/lib/python3.7/site-packages/airflow/example_dags/example_dag_decorator.py for tasks to queue
[2022-04-25 12:53:17,092] {logging_mixin.py:109} INFO - [2022-04-25 12:53:17,091] {dagbag.py:500} INFO - Filling up the DagBag from /home/airflow/.local/lib/python3.7/site-packages/airflow/example_dags/example_dag_decorator.py
[2022-04-25 12:53:17,200] {processor.py:652} INFO - DAG(s) dict_keys(['example_dag_decorator']) retrieved from /home/airflow/.local/lib/python3.7/site-packages/airflow/example_dags/example_dag_decorator.py
[2022-04-25 12:53:18,421] {logging_mixin.py:109} INFO - [2022-04-25 12:53:18,421] {dag.py:2398} INFO - Sync 1 DAGs
[2022-04-25 12:53:18,443] {logging_mixin.py:109} INFO - [2022-04-25 12:53:18,442] {dag.py:2937} INFO - Setting next_dagrun for example_dag_decorator to None
[2022-04-25 12:53:18,462] {processor.py:171} INFO - Processing /home/airflow/.local/lib/python3.7/site-packages/airflow/example_dags/example_dag_decorator.py took 1.408 seconds
[2022-04-25 12:53:48,737] {processor.py:163} INFO - Started process (PID=1057) to work on /home/airflow/.local/lib/python3.7/site-packages/airflow/example_dags/example_dag_decorator.py
[2022-04-25 12:53:48,744] {processor.py:642} INFO - Processing file /home/airflow/.local/lib/python3.7/site-packages/airflow/example_dags/example_dag_decorator.py for tasks to queue
[2022-04-25 12:53:48,749] {logging_mixin.py:109} INFO - [2022-04-25 12:53:48,749] {dagbag.py:500} INFO - Filling up the DagBag from /home/airflow/.local/lib/python3.7/site-packages/airflow/example_dags/example_dag_decorator.py
[2022-04-25 12:53:48,926] {processor.py:652} INFO - DAG(s) dict_keys(['example_dag_decorator']) retrieved from /home/airflow/.local/lib/python3.7/site-packages/airflow/example_dags/example_dag_decorator.py
[2022-04-25 12:53:49,890] {logging_mixin.py:109} INFO - [2022-04-25 12:53:49,890] {dag.py:2398} INFO - Sync 1 DAGs
[2022-04-25 12:53:49,909] {logging_mixin.py:109} INFO - [2022-04-25 12:53:49,909] {dag.py:2937} INFO - Setting next_dagrun for example_dag_decorator to None
[2022-04-25 12:53:49,976] {processor.py:171} INFO - Processing /home/airflow/.local/lib/python3.7/site-packages/airflow/example_dags/example_dag_decorator.py took 1.263 seconds
[2022-04-25 12:54:20,454] {processor.py:163} INFO - Started process (PID=1109) to work on /home/airflow/.local/lib/python3.7/site-packages/airflow/example_dags/example_dag_decorator.py
[2022-04-25 12:54:20,462] {processor.py:642} INFO - Processing file /home/airflow/.local/lib/python3.7/site-packages/airflow/example_dags/example_dag_decorator.py for tasks to queue
[2022-04-25 12:54:20,466] {logging_mixin.py:109} INFO - [2022-04-25 12:54:20,466] {dagbag.py:500} INFO - Filling up the DagBag from /home/airflow/.local/lib/python3.7/site-packages/airflow/example_dags/example_dag_decorator.py
[2022-04-25 12:54:20,535] {processor.py:652} INFO - DAG(s) dict_keys(['example_dag_decorator']) retrieved from /home/airflow/.local/lib/python3.7/site-packages/airflow/example_dags/example_dag_decorator.py
[2022-04-25 12:54:21,339] {logging_mixin.py:109} INFO - [2022-04-25 12:54:21,338] {dag.py:2398} INFO - Sync 1 DAGs
[2022-04-25 12:54:21,371] {logging_mixin.py:109} INFO - [2022-04-25 12:54:21,371] {dag.py:2937} INFO - Setting next_dagrun for example_dag_decorator to None
[2022-04-25 12:54:21,416] {processor.py:171} INFO - Processing /home/airflow/.local/lib/python3.7/site-packages/airflow/example_dags/example_dag_decorator.py took 0.975 seconds
[2022-04-25 12:54:52,104] {processor.py:163} INFO - Started process (PID=1169) to work on /home/airflow/.local/lib/python3.7/site-packages/airflow/example_dags/example_dag_decorator.py
[2022-04-25 12:54:52,117] {processor.py:642} INFO - Processing file /home/airflow/.local/lib/python3.7/site-packages/airflow/example_dags/example_dag_decorator.py for tasks to queue
[2022-04-25 12:54:52,126] {logging_mixin.py:109} INFO - [2022-04-25 12:54:52,124] {dagbag.py:500} INFO - Filling up the DagBag from /home/airflow/.local/lib/python3.7/site-packages/airflow/example_dags/example_dag_decorator.py
[2022-04-25 12:54:52,227] {processor.py:652} INFO - DAG(s) dict_keys(['example_dag_decorator']) retrieved from /home/airflow/.local/lib/python3.7/site-packages/airflow/example_dags/example_dag_decorator.py
[2022-04-25 12:54:53,134] {logging_mixin.py:109} INFO - [2022-04-25 12:54:53,134] {dag.py:2398} INFO - Sync 1 DAGs
[2022-04-25 12:54:53,164] {logging_mixin.py:109} INFO - [2022-04-25 12:54:53,164] {dag.py:2937} INFO - Setting next_dagrun for example_dag_decorator to None
[2022-04-25 12:54:53,190] {processor.py:171} INFO - Processing /home/airflow/.local/lib/python3.7/site-packages/airflow/example_dags/example_dag_decorator.py took 1.107 seconds
[2022-04-25 12:55:23,829] {processor.py:163} INFO - Started process (PID=1224) to work on /home/airflow/.local/lib/python3.7/site-packages/airflow/example_dags/example_dag_decorator.py
[2022-04-25 12:55:23,835] {processor.py:642} INFO - Processing file /home/airflow/.local/lib/python3.7/site-packages/airflow/example_dags/example_dag_decorator.py for tasks to queue
[2022-04-25 12:55:23,844] {logging_mixin.py:109} INFO - [2022-04-25 12:55:23,843] {dagbag.py:500} INFO - Filling up the DagBag from /home/airflow/.local/lib/python3.7/site-packages/airflow/example_dags/example_dag_decorator.py
[2022-04-25 12:55:23,972] {processor.py:652} INFO - DAG(s) dict_keys(['example_dag_decorator']) retrieved from /home/airflow/.local/lib/python3.7/site-packages/airflow/example_dags/example_dag_decorator.py
[2022-04-25 12:55:24,702] {logging_mixin.py:109} INFO - [2022-04-25 12:55:24,702] {dag.py:2398} INFO - Sync 1 DAGs
[2022-04-25 12:55:24,723] {logging_mixin.py:109} INFO - [2022-04-25 12:55:24,723] {dag.py:2937} INFO - Setting next_dagrun for example_dag_decorator to None
[2022-04-25 12:55:24,763] {processor.py:171} INFO - Processing /home/airflow/.local/lib/python3.7/site-packages/airflow/example_dags/example_dag_decorator.py took 0.958 seconds
[2022-04-25 12:55:55,398] {processor.py:163} INFO - Started process (PID=1275) to work on /home/airflow/.local/lib/python3.7/site-packages/airflow/example_dags/example_dag_decorator.py
[2022-04-25 12:55:55,413] {processor.py:642} INFO - Processing file /home/airflow/.local/lib/python3.7/site-packages/airflow/example_dags/example_dag_decorator.py for tasks to queue
[2022-04-25 12:55:55,420] {logging_mixin.py:109} INFO - [2022-04-25 12:55:55,420] {dagbag.py:500} INFO - Filling up the DagBag from /home/airflow/.local/lib/python3.7/site-packages/airflow/example_dags/example_dag_decorator.py
[2022-04-25 12:55:55,489] {processor.py:652} INFO - DAG(s) dict_keys(['example_dag_decorator']) retrieved from /home/airflow/.local/lib/python3.7/site-packages/airflow/example_dags/example_dag_decorator.py
[2022-04-25 12:55:56,187] {logging_mixin.py:109} INFO - [2022-04-25 12:55:56,187] {dag.py:2398} INFO - Sync 1 DAGs
[2022-04-25 12:55:56,207] {logging_mixin.py:109} INFO - [2022-04-25 12:55:56,207] {dag.py:2937} INFO - Setting next_dagrun for example_dag_decorator to None
[2022-04-25 12:55:56,224] {processor.py:171} INFO - Processing /home/airflow/.local/lib/python3.7/site-packages/airflow/example_dags/example_dag_decorator.py took 0.833 seconds
[2022-04-25 12:56:26,414] {processor.py:163} INFO - Started process (PID=1328) to work on /home/airflow/.local/lib/python3.7/site-packages/airflow/example_dags/example_dag_decorator.py
[2022-04-25 12:56:26,419] {processor.py:642} INFO - Processing file /home/airflow/.local/lib/python3.7/site-packages/airflow/example_dags/example_dag_decorator.py for tasks to queue
[2022-04-25 12:56:26,422] {logging_mixin.py:109} INFO - [2022-04-25 12:56:26,422] {dagbag.py:500} INFO - Filling up the DagBag from /home/airflow/.local/lib/python3.7/site-packages/airflow/example_dags/example_dag_decorator.py
[2022-04-25 12:56:26,460] {processor.py:652} INFO - DAG(s) dict_keys(['example_dag_decorator']) retrieved from /home/airflow/.local/lib/python3.7/site-packages/airflow/example_dags/example_dag_decorator.py
[2022-04-25 12:56:26,852] {logging_mixin.py:109} INFO - [2022-04-25 12:56:26,852] {dag.py:2398} INFO - Sync 1 DAGs
[2022-04-25 12:56:26,873] {logging_mixin.py:109} INFO - [2022-04-25 12:56:26,873] {dag.py:2937} INFO - Setting next_dagrun for example_dag_decorator to None
[2022-04-25 12:56:26,893] {processor.py:171} INFO - Processing /home/airflow/.local/lib/python3.7/site-packages/airflow/example_dags/example_dag_decorator.py took 0.488 seconds
[2022-04-25 12:56:56,956] {processor.py:163} INFO - Started process (PID=1380) to work on /home/airflow/.local/lib/python3.7/site-packages/airflow/example_dags/example_dag_decorator.py
[2022-04-25 12:56:56,966] {processor.py:642} INFO - Processing file /home/airflow/.local/lib/python3.7/site-packages/airflow/example_dags/example_dag_decorator.py for tasks to queue
[2022-04-25 12:56:56,974] {logging_mixin.py:109} INFO - [2022-04-25 12:56:56,973] {dagbag.py:500} INFO - Filling up the DagBag from /home/airflow/.local/lib/python3.7/site-packages/airflow/example_dags/example_dag_decorator.py
[2022-04-25 12:56:57,016] {processor.py:652} INFO - DAG(s) dict_keys(['example_dag_decorator']) retrieved from /home/airflow/.local/lib/python3.7/site-packages/airflow/example_dags/example_dag_decorator.py
[2022-04-25 12:56:57,418] {logging_mixin.py:109} INFO - [2022-04-25 12:56:57,418] {dag.py:2398} INFO - Sync 1 DAGs
[2022-04-25 12:56:57,440] {logging_mixin.py:109} INFO - [2022-04-25 12:56:57,440] {dag.py:2937} INFO - Setting next_dagrun for example_dag_decorator to None
[2022-04-25 12:56:57,457] {processor.py:171} INFO - Processing /home/airflow/.local/lib/python3.7/site-packages/airflow/example_dags/example_dag_decorator.py took 0.510 seconds
[2022-04-25 12:57:27,756] {processor.py:163} INFO - Started process (PID=1443) to work on /home/airflow/.local/lib/python3.7/site-packages/airflow/example_dags/example_dag_decorator.py
[2022-04-25 12:57:27,761] {processor.py:642} INFO - Processing file /home/airflow/.local/lib/python3.7/site-packages/airflow/example_dags/example_dag_decorator.py for tasks to queue
[2022-04-25 12:57:27,764] {logging_mixin.py:109} INFO - [2022-04-25 12:57:27,763] {dagbag.py:500} INFO - Filling up the DagBag from /home/airflow/.local/lib/python3.7/site-packages/airflow/example_dags/example_dag_decorator.py
[2022-04-25 12:57:27,805] {processor.py:652} INFO - DAG(s) dict_keys(['example_dag_decorator']) retrieved from /home/airflow/.local/lib/python3.7/site-packages/airflow/example_dags/example_dag_decorator.py
[2022-04-25 12:57:28,323] {logging_mixin.py:109} INFO - [2022-04-25 12:57:28,322] {dag.py:2398} INFO - Sync 1 DAGs
[2022-04-25 12:57:28,342] {logging_mixin.py:109} INFO - [2022-04-25 12:57:28,341] {dag.py:2937} INFO - Setting next_dagrun for example_dag_decorator to None
[2022-04-25 12:57:28,358] {processor.py:171} INFO - Processing /home/airflow/.local/lib/python3.7/site-packages/airflow/example_dags/example_dag_decorator.py took 0.611 seconds
[2022-04-25 12:57:58,614] {processor.py:163} INFO - Started process (PID=1494) to work on /home/airflow/.local/lib/python3.7/site-packages/airflow/example_dags/example_dag_decorator.py
[2022-04-25 12:57:58,619] {processor.py:642} INFO - Processing file /home/airflow/.local/lib/python3.7/site-packages/airflow/example_dags/example_dag_decorator.py for tasks to queue
[2022-04-25 12:57:58,622] {logging_mixin.py:109} INFO - [2022-04-25 12:57:58,622] {dagbag.py:500} INFO - Filling up the DagBag from /home/airflow/.local/lib/python3.7/site-packages/airflow/example_dags/example_dag_decorator.py
[2022-04-25 12:57:58,662] {processor.py:652} INFO - DAG(s) dict_keys(['example_dag_decorator']) retrieved from /home/airflow/.local/lib/python3.7/site-packages/airflow/example_dags/example_dag_decorator.py
[2022-04-25 12:57:59,135] {logging_mixin.py:109} INFO - [2022-04-25 12:57:59,135] {dag.py:2398} INFO - Sync 1 DAGs
[2022-04-25 12:57:59,158] {logging_mixin.py:109} INFO - [2022-04-25 12:57:59,158] {dag.py:2937} INFO - Setting next_dagrun for example_dag_decorator to None
[2022-04-25 12:57:59,176] {processor.py:171} INFO - Processing /home/airflow/.local/lib/python3.7/site-packages/airflow/example_dags/example_dag_decorator.py took 0.572 seconds
[2022-04-25 12:58:29,501] {processor.py:163} INFO - Started process (PID=1543) to work on /home/airflow/.local/lib/python3.7/site-packages/airflow/example_dags/example_dag_decorator.py
[2022-04-25 12:58:29,505] {processor.py:642} INFO - Processing file /home/airflow/.local/lib/python3.7/site-packages/airflow/example_dags/example_dag_decorator.py for tasks to queue
[2022-04-25 12:58:29,508] {logging_mixin.py:109} INFO - [2022-04-25 12:58:29,508] {dagbag.py:500} INFO - Filling up the DagBag from /home/airflow/.local/lib/python3.7/site-packages/airflow/example_dags/example_dag_decorator.py
[2022-04-25 12:58:29,551] {processor.py:652} INFO - DAG(s) dict_keys(['example_dag_decorator']) retrieved from /home/airflow/.local/lib/python3.7/site-packages/airflow/example_dags/example_dag_decorator.py
[2022-04-25 12:58:29,941] {logging_mixin.py:109} INFO - [2022-04-25 12:58:29,941] {dag.py:2398} INFO - Sync 1 DAGs
[2022-04-25 12:58:29,963] {logging_mixin.py:109} INFO - [2022-04-25 12:58:29,962] {dag.py:2937} INFO - Setting next_dagrun for example_dag_decorator to None
[2022-04-25 12:58:29,979] {processor.py:171} INFO - Processing /home/airflow/.local/lib/python3.7/site-packages/airflow/example_dags/example_dag_decorator.py took 0.488 seconds
[2022-04-25 12:59:00,657] {processor.py:163} INFO - Started process (PID=1593) to work on /home/airflow/.local/lib/python3.7/site-packages/airflow/example_dags/example_dag_decorator.py
[2022-04-25 12:59:00,661] {processor.py:642} INFO - Processing file /home/airflow/.local/lib/python3.7/site-packages/airflow/example_dags/example_dag_decorator.py for tasks to queue
[2022-04-25 12:59:00,663] {logging_mixin.py:109} INFO - [2022-04-25 12:59:00,663] {dagbag.py:500} INFO - Filling up the DagBag from /home/airflow/.local/lib/python3.7/site-packages/airflow/example_dags/example_dag_decorator.py
[2022-04-25 12:59:00,704] {processor.py:652} INFO - DAG(s) dict_keys(['example_dag_decorator']) retrieved from /home/airflow/.local/lib/python3.7/site-packages/airflow/example_dags/example_dag_decorator.py
[2022-04-25 12:59:01,154] {logging_mixin.py:109} INFO - [2022-04-25 12:59:01,154] {dag.py:2398} INFO - Sync 1 DAGs
[2022-04-25 12:59:01,176] {logging_mixin.py:109} INFO - [2022-04-25 12:59:01,176] {dag.py:2937} INFO - Setting next_dagrun for example_dag_decorator to None
[2022-04-25 12:59:01,196] {processor.py:171} INFO - Processing /home/airflow/.local/lib/python3.7/site-packages/airflow/example_dags/example_dag_decorator.py took 0.545 seconds
[2022-04-25 12:59:31,429] {processor.py:163} INFO - Started process (PID=1647) to work on /home/airflow/.local/lib/python3.7/site-packages/airflow/example_dags/example_dag_decorator.py
[2022-04-25 12:59:31,433] {processor.py:642} INFO - Processing file /home/airflow/.local/lib/python3.7/site-packages/airflow/example_dags/example_dag_decorator.py for tasks to queue
[2022-04-25 12:59:31,436] {logging_mixin.py:109} INFO - [2022-04-25 12:59:31,436] {dagbag.py:500} INFO - Filling up the DagBag from /home/airflow/.local/lib/python3.7/site-packages/airflow/example_dags/example_dag_decorator.py
[2022-04-25 12:59:31,476] {processor.py:652} INFO - DAG(s) dict_keys(['example_dag_decorator']) retrieved from /home/airflow/.local/lib/python3.7/site-packages/airflow/example_dags/example_dag_decorator.py
[2022-04-25 12:59:32,158] {logging_mixin.py:109} INFO - [2022-04-25 12:59:32,158] {dag.py:2398} INFO - Sync 1 DAGs
[2022-04-25 12:59:32,183] {logging_mixin.py:109} INFO - [2022-04-25 12:59:32,183] {dag.py:2937} INFO - Setting next_dagrun for example_dag_decorator to None
[2022-04-25 12:59:32,205] {processor.py:171} INFO - Processing /home/airflow/.local/lib/python3.7/site-packages/airflow/example_dags/example_dag_decorator.py took 0.785 seconds
[2022-04-25 13:00:03,023] {processor.py:163} INFO - Started process (PID=1710) to work on /home/airflow/.local/lib/python3.7/site-packages/airflow/example_dags/example_dag_decorator.py
[2022-04-25 13:00:03,034] {processor.py:642} INFO - Processing file /home/airflow/.local/lib/python3.7/site-packages/airflow/example_dags/example_dag_decorator.py for tasks to queue
[2022-04-25 13:00:03,036] {logging_mixin.py:109} INFO - [2022-04-25 13:00:03,036] {dagbag.py:500} INFO - Filling up the DagBag from /home/airflow/.local/lib/python3.7/site-packages/airflow/example_dags/example_dag_decorator.py
[2022-04-25 13:00:03,076] {processor.py:652} INFO - DAG(s) dict_keys(['example_dag_decorator']) retrieved from /home/airflow/.local/lib/python3.7/site-packages/airflow/example_dags/example_dag_decorator.py
[2022-04-25 13:00:03,548] {logging_mixin.py:109} INFO - [2022-04-25 13:00:03,548] {dag.py:2398} INFO - Sync 1 DAGs
[2022-04-25 13:00:03,566] {logging_mixin.py:109} INFO - [2022-04-25 13:00:03,566] {dag.py:2937} INFO - Setting next_dagrun for example_dag_decorator to None
[2022-04-25 13:00:03,582] {processor.py:171} INFO - Processing /home/airflow/.local/lib/python3.7/site-packages/airflow/example_dags/example_dag_decorator.py took 0.572 seconds
[2022-04-25 13:00:33,688] {processor.py:163} INFO - Started process (PID=1761) to work on /home/airflow/.local/lib/python3.7/site-packages/airflow/example_dags/example_dag_decorator.py
[2022-04-25 13:00:33,694] {processor.py:642} INFO - Processing file /home/airflow/.local/lib/python3.7/site-packages/airflow/example_dags/example_dag_decorator.py for tasks to queue
[2022-04-25 13:00:33,698] {logging_mixin.py:109} INFO - [2022-04-25 13:00:33,697] {dagbag.py:500} INFO - Filling up the DagBag from /home/airflow/.local/lib/python3.7/site-packages/airflow/example_dags/example_dag_decorator.py
[2022-04-25 13:00:33,744] {processor.py:652} INFO - DAG(s) dict_keys(['example_dag_decorator']) retrieved from /home/airflow/.local/lib/python3.7/site-packages/airflow/example_dags/example_dag_decorator.py
[2022-04-25 13:00:34,210] {logging_mixin.py:109} INFO - [2022-04-25 13:00:34,210] {dag.py:2398} INFO - Sync 1 DAGs
[2022-04-25 13:00:34,239] {logging_mixin.py:109} INFO - [2022-04-25 13:00:34,239] {dag.py:2937} INFO - Setting next_dagrun for example_dag_decorator to None
[2022-04-25 13:00:34,263] {processor.py:171} INFO - Processing /home/airflow/.local/lib/python3.7/site-packages/airflow/example_dags/example_dag_decorator.py took 0.595 seconds
[2022-04-25 13:01:04,736] {processor.py:163} INFO - Started process (PID=1810) to work on /home/airflow/.local/lib/python3.7/site-packages/airflow/example_dags/example_dag_decorator.py
[2022-04-25 13:01:04,741] {processor.py:642} INFO - Processing file /home/airflow/.local/lib/python3.7/site-packages/airflow/example_dags/example_dag_decorator.py for tasks to queue
[2022-04-25 13:01:04,744] {logging_mixin.py:109} INFO - [2022-04-25 13:01:04,743] {dagbag.py:500} INFO - Filling up the DagBag from /home/airflow/.local/lib/python3.7/site-packages/airflow/example_dags/example_dag_decorator.py
[2022-04-25 13:01:04,784] {processor.py:652} INFO - DAG(s) dict_keys(['example_dag_decorator']) retrieved from /home/airflow/.local/lib/python3.7/site-packages/airflow/example_dags/example_dag_decorator.py
[2022-04-25 13:01:05,330] {logging_mixin.py:109} INFO - [2022-04-25 13:01:05,329] {dag.py:2398} INFO - Sync 1 DAGs
[2022-04-25 13:01:05,352] {logging_mixin.py:109} INFO - [2022-04-25 13:01:05,351] {dag.py:2937} INFO - Setting next_dagrun for example_dag_decorator to None
[2022-04-25 13:01:05,371] {processor.py:171} INFO - Processing /home/airflow/.local/lib/python3.7/site-packages/airflow/example_dags/example_dag_decorator.py took 0.644 seconds
[2022-04-25 13:01:35,680] {processor.py:163} INFO - Started process (PID=1863) to work on /home/airflow/.local/lib/python3.7/site-packages/airflow/example_dags/example_dag_decorator.py
[2022-04-25 13:01:35,684] {processor.py:642} INFO - Processing file /home/airflow/.local/lib/python3.7/site-packages/airflow/example_dags/example_dag_decorator.py for tasks to queue
[2022-04-25 13:01:35,686] {logging_mixin.py:109} INFO - [2022-04-25 13:01:35,686] {dagbag.py:500} INFO - Filling up the DagBag from /home/airflow/.local/lib/python3.7/site-packages/airflow/example_dags/example_dag_decorator.py
[2022-04-25 13:01:35,732] {processor.py:652} INFO - DAG(s) dict_keys(['example_dag_decorator']) retrieved from /home/airflow/.local/lib/python3.7/site-packages/airflow/example_dags/example_dag_decorator.py
[2022-04-25 13:01:36,124] {logging_mixin.py:109} INFO - [2022-04-25 13:01:36,124] {dag.py:2398} INFO - Sync 1 DAGs
[2022-04-25 13:01:36,141] {logging_mixin.py:109} INFO - [2022-04-25 13:01:36,141] {dag.py:2937} INFO - Setting next_dagrun for example_dag_decorator to None
[2022-04-25 13:01:36,163] {processor.py:171} INFO - Processing /home/airflow/.local/lib/python3.7/site-packages/airflow/example_dags/example_dag_decorator.py took 0.492 seconds
[2022-04-25 13:02:06,508] {processor.py:163} INFO - Started process (PID=1915) to work on /home/airflow/.local/lib/python3.7/site-packages/airflow/example_dags/example_dag_decorator.py
[2022-04-25 13:02:06,513] {processor.py:642} INFO - Processing file /home/airflow/.local/lib/python3.7/site-packages/airflow/example_dags/example_dag_decorator.py for tasks to queue
[2022-04-25 13:02:06,515] {logging_mixin.py:109} INFO - [2022-04-25 13:02:06,515] {dagbag.py:500} INFO - Filling up the DagBag from /home/airflow/.local/lib/python3.7/site-packages/airflow/example_dags/example_dag_decorator.py
[2022-04-25 13:02:06,554] {processor.py:652} INFO - DAG(s) dict_keys(['example_dag_decorator']) retrieved from /home/airflow/.local/lib/python3.7/site-packages/airflow/example_dags/example_dag_decorator.py
[2022-04-25 13:02:06,935] {logging_mixin.py:109} INFO - [2022-04-25 13:02:06,935] {dag.py:2398} INFO - Sync 1 DAGs
[2022-04-25 13:02:06,954] {logging_mixin.py:109} INFO - [2022-04-25 13:02:06,953] {dag.py:2937} INFO - Setting next_dagrun for example_dag_decorator to None
[2022-04-25 13:02:06,972] {processor.py:171} INFO - Processing /home/airflow/.local/lib/python3.7/site-packages/airflow/example_dags/example_dag_decorator.py took 0.472 seconds
[2022-04-25 13:02:37,104] {processor.py:163} INFO - Started process (PID=1966) to work on /home/airflow/.local/lib/python3.7/site-packages/airflow/example_dags/example_dag_decorator.py
[2022-04-25 13:02:37,121] {processor.py:642} INFO - Processing file /home/airflow/.local/lib/python3.7/site-packages/airflow/example_dags/example_dag_decorator.py for tasks to queue
[2022-04-25 13:02:37,130] {logging_mixin.py:109} INFO - [2022-04-25 13:02:37,129] {dagbag.py:500} INFO - Filling up the DagBag from /home/airflow/.local/lib/python3.7/site-packages/airflow/example_dags/example_dag_decorator.py
[2022-04-25 13:02:37,197] {processor.py:652} INFO - DAG(s) dict_keys(['example_dag_decorator']) retrieved from /home/airflow/.local/lib/python3.7/site-packages/airflow/example_dags/example_dag_decorator.py
[2022-04-25 13:02:37,734] {logging_mixin.py:109} INFO - [2022-04-25 13:02:37,734] {dag.py:2398} INFO - Sync 1 DAGs
[2022-04-25 13:02:37,901] {logging_mixin.py:109} INFO - [2022-04-25 13:02:37,901] {dag.py:2937} INFO - Setting next_dagrun for example_dag_decorator to None
[2022-04-25 13:02:37,931] {processor.py:171} INFO - Processing /home/airflow/.local/lib/python3.7/site-packages/airflow/example_dags/example_dag_decorator.py took 0.841 seconds
[2022-04-25 13:11:57,735] {processor.py:163} INFO - Started process (PID=2020) to work on /home/airflow/.local/lib/python3.7/site-packages/airflow/example_dags/example_dag_decorator.py
[2022-04-25 13:11:57,752] {processor.py:642} INFO - Processing file /home/airflow/.local/lib/python3.7/site-packages/airflow/example_dags/example_dag_decorator.py for tasks to queue
[2022-04-25 13:11:57,755] {logging_mixin.py:109} INFO - [2022-04-25 13:11:57,755] {dagbag.py:500} INFO - Filling up the DagBag from /home/airflow/.local/lib/python3.7/site-packages/airflow/example_dags/example_dag_decorator.py
[2022-04-25 13:11:57,886] {processor.py:652} INFO - DAG(s) dict_keys(['example_dag_decorator']) retrieved from /home/airflow/.local/lib/python3.7/site-packages/airflow/example_dags/example_dag_decorator.py
[2022-04-25 13:11:59,015] {logging_mixin.py:109} INFO - [2022-04-25 13:11:59,014] {dag.py:2398} INFO - Sync 1 DAGs
[2022-04-25 13:11:59,056] {logging_mixin.py:109} INFO - [2022-04-25 13:11:59,056] {dag.py:2937} INFO - Setting next_dagrun for example_dag_decorator to None
[2022-04-25 13:11:59,086] {processor.py:171} INFO - Processing /home/airflow/.local/lib/python3.7/site-packages/airflow/example_dags/example_dag_decorator.py took 1.367 seconds
