[2022-04-25 12:41:56,039] {processor.py:163} INFO - Started process (PID=182) to work on /home/airflow/.local/lib/python3.7/site-packages/airflow/example_dags/example_kubernetes_executor.py
[2022-04-25 12:41:56,065] {processor.py:642} INFO - Processing file /home/airflow/.local/lib/python3.7/site-packages/airflow/example_dags/example_kubernetes_executor.py for tasks to queue
[2022-04-25 12:41:56,069] {logging_mixin.py:109} INFO - [2022-04-25 12:41:56,068] {dagbag.py:500} INFO - Filling up the DagBag from /home/airflow/.local/lib/python3.7/site-packages/airflow/example_dags/example_kubernetes_executor.py
[2022-04-25 12:41:56,162] {processor.py:652} INFO - DAG(s) dict_keys(['example_kubernetes_executor']) retrieved from /home/airflow/.local/lib/python3.7/site-packages/airflow/example_dags/example_kubernetes_executor.py
[2022-04-25 12:42:01,147] {logging_mixin.py:109} INFO - [2022-04-25 12:42:01,147] {manager.py:496} INFO - Created Permission View: can read on DAG:example_kubernetes_executor
[2022-04-25 12:42:01,189] {logging_mixin.py:109} INFO - [2022-04-25 12:42:01,189] {manager.py:496} INFO - Created Permission View: can edit on DAG:example_kubernetes_executor
[2022-04-25 12:42:01,195] {logging_mixin.py:109} INFO - [2022-04-25 12:42:01,194] {dag.py:2398} INFO - Sync 1 DAGs
[2022-04-25 12:42:01,230] {logging_mixin.py:109} INFO - [2022-04-25 12:42:01,224] {dag.py:2417} INFO - Creating ORM DAG for example_kubernetes_executor
[2022-04-25 12:42:01,284] {logging_mixin.py:109} INFO - [2022-04-25 12:42:01,283] {dag.py:2937} INFO - Setting next_dagrun for example_kubernetes_executor to None
[2022-04-25 12:42:01,333] {processor.py:171} INFO - Processing /home/airflow/.local/lib/python3.7/site-packages/airflow/example_dags/example_kubernetes_executor.py took 5.330 seconds
[2022-04-25 12:42:37,976] {processor.py:163} INFO - Started process (PID=258) to work on /home/airflow/.local/lib/python3.7/site-packages/airflow/example_dags/example_kubernetes_executor.py
[2022-04-25 12:42:37,980] {processor.py:642} INFO - Processing file /home/airflow/.local/lib/python3.7/site-packages/airflow/example_dags/example_kubernetes_executor.py for tasks to queue
[2022-04-25 12:42:37,983] {logging_mixin.py:109} INFO - [2022-04-25 12:42:37,983] {dagbag.py:500} INFO - Filling up the DagBag from /home/airflow/.local/lib/python3.7/site-packages/airflow/example_dags/example_kubernetes_executor.py
[2022-04-25 12:42:38,044] {processor.py:652} INFO - DAG(s) dict_keys(['example_kubernetes_executor']) retrieved from /home/airflow/.local/lib/python3.7/site-packages/airflow/example_dags/example_kubernetes_executor.py
[2022-04-25 12:42:38,131] {logging_mixin.py:109} INFO - [2022-04-25 12:42:38,131] {dag.py:2398} INFO - Sync 1 DAGs
[2022-04-25 12:42:38,222] {logging_mixin.py:109} INFO - [2022-04-25 12:42:38,222] {dag.py:2937} INFO - Setting next_dagrun for example_kubernetes_executor to None
[2022-04-25 12:42:38,278] {processor.py:171} INFO - Processing /home/airflow/.local/lib/python3.7/site-packages/airflow/example_dags/example_kubernetes_executor.py took 0.323 seconds
[2022-04-25 12:43:11,665] {processor.py:163} INFO - Started process (PID=321) to work on /home/airflow/.local/lib/python3.7/site-packages/airflow/example_dags/example_kubernetes_executor.py
[2022-04-25 12:43:11,677] {processor.py:642} INFO - Processing file /home/airflow/.local/lib/python3.7/site-packages/airflow/example_dags/example_kubernetes_executor.py for tasks to queue
[2022-04-25 12:43:11,686] {logging_mixin.py:109} INFO - [2022-04-25 12:43:11,686] {dagbag.py:500} INFO - Filling up the DagBag from /home/airflow/.local/lib/python3.7/site-packages/airflow/example_dags/example_kubernetes_executor.py
[2022-04-25 12:43:11,778] {processor.py:652} INFO - DAG(s) dict_keys(['example_kubernetes_executor']) retrieved from /home/airflow/.local/lib/python3.7/site-packages/airflow/example_dags/example_kubernetes_executor.py
[2022-04-25 12:43:11,858] {logging_mixin.py:109} INFO - [2022-04-25 12:43:11,857] {dag.py:2398} INFO - Sync 1 DAGs
[2022-04-25 12:43:11,952] {logging_mixin.py:109} INFO - [2022-04-25 12:43:11,952] {dag.py:2937} INFO - Setting next_dagrun for example_kubernetes_executor to None
[2022-04-25 12:43:12,005] {processor.py:171} INFO - Processing /home/airflow/.local/lib/python3.7/site-packages/airflow/example_dags/example_kubernetes_executor.py took 0.354 seconds
[2022-04-25 12:43:44,273] {processor.py:163} INFO - Started process (PID=373) to work on /home/airflow/.local/lib/python3.7/site-packages/airflow/example_dags/example_kubernetes_executor.py
[2022-04-25 12:43:44,276] {processor.py:642} INFO - Processing file /home/airflow/.local/lib/python3.7/site-packages/airflow/example_dags/example_kubernetes_executor.py for tasks to queue
[2022-04-25 12:43:44,279] {logging_mixin.py:109} INFO - [2022-04-25 12:43:44,278] {dagbag.py:500} INFO - Filling up the DagBag from /home/airflow/.local/lib/python3.7/site-packages/airflow/example_dags/example_kubernetes_executor.py
[2022-04-25 12:43:44,379] {processor.py:652} INFO - DAG(s) dict_keys(['example_kubernetes_executor']) retrieved from /home/airflow/.local/lib/python3.7/site-packages/airflow/example_dags/example_kubernetes_executor.py
[2022-04-25 12:43:44,501] {logging_mixin.py:109} INFO - [2022-04-25 12:43:44,501] {dag.py:2398} INFO - Sync 1 DAGs
[2022-04-25 12:43:44,540] {logging_mixin.py:109} INFO - [2022-04-25 12:43:44,540] {dag.py:2937} INFO - Setting next_dagrun for example_kubernetes_executor to None
[2022-04-25 12:43:44,575] {processor.py:171} INFO - Processing /home/airflow/.local/lib/python3.7/site-packages/airflow/example_dags/example_kubernetes_executor.py took 0.312 seconds
[2022-04-25 12:44:15,100] {processor.py:163} INFO - Started process (PID=427) to work on /home/airflow/.local/lib/python3.7/site-packages/airflow/example_dags/example_kubernetes_executor.py
[2022-04-25 12:44:15,108] {processor.py:642} INFO - Processing file /home/airflow/.local/lib/python3.7/site-packages/airflow/example_dags/example_kubernetes_executor.py for tasks to queue
[2022-04-25 12:44:15,112] {logging_mixin.py:109} INFO - [2022-04-25 12:44:15,112] {dagbag.py:500} INFO - Filling up the DagBag from /home/airflow/.local/lib/python3.7/site-packages/airflow/example_dags/example_kubernetes_executor.py
[2022-04-25 12:44:15,170] {processor.py:652} INFO - DAG(s) dict_keys(['example_kubernetes_executor']) retrieved from /home/airflow/.local/lib/python3.7/site-packages/airflow/example_dags/example_kubernetes_executor.py
[2022-04-25 12:44:15,247] {logging_mixin.py:109} INFO - [2022-04-25 12:44:15,247] {dag.py:2398} INFO - Sync 1 DAGs
[2022-04-25 12:44:15,295] {logging_mixin.py:109} INFO - [2022-04-25 12:44:15,295] {dag.py:2937} INFO - Setting next_dagrun for example_kubernetes_executor to None
[2022-04-25 12:44:15,347] {processor.py:171} INFO - Processing /home/airflow/.local/lib/python3.7/site-packages/airflow/example_dags/example_kubernetes_executor.py took 0.271 seconds
[2022-04-25 12:44:46,009] {processor.py:163} INFO - Started process (PID=479) to work on /home/airflow/.local/lib/python3.7/site-packages/airflow/example_dags/example_kubernetes_executor.py
[2022-04-25 12:44:46,015] {processor.py:642} INFO - Processing file /home/airflow/.local/lib/python3.7/site-packages/airflow/example_dags/example_kubernetes_executor.py for tasks to queue
[2022-04-25 12:44:46,020] {logging_mixin.py:109} INFO - [2022-04-25 12:44:46,020] {dagbag.py:500} INFO - Filling up the DagBag from /home/airflow/.local/lib/python3.7/site-packages/airflow/example_dags/example_kubernetes_executor.py
[2022-04-25 12:44:46,218] {processor.py:652} INFO - DAG(s) dict_keys(['example_kubernetes_executor']) retrieved from /home/airflow/.local/lib/python3.7/site-packages/airflow/example_dags/example_kubernetes_executor.py
[2022-04-25 12:44:46,364] {logging_mixin.py:109} INFO - [2022-04-25 12:44:46,363] {dag.py:2398} INFO - Sync 1 DAGs
[2022-04-25 12:44:46,442] {logging_mixin.py:109} INFO - [2022-04-25 12:44:46,442] {dag.py:2937} INFO - Setting next_dagrun for example_kubernetes_executor to None
[2022-04-25 12:44:46,513] {processor.py:171} INFO - Processing /home/airflow/.local/lib/python3.7/site-packages/airflow/example_dags/example_kubernetes_executor.py took 0.534 seconds
[2022-04-25 12:45:17,410] {processor.py:163} INFO - Started process (PID=530) to work on /home/airflow/.local/lib/python3.7/site-packages/airflow/example_dags/example_kubernetes_executor.py
[2022-04-25 12:45:17,415] {processor.py:642} INFO - Processing file /home/airflow/.local/lib/python3.7/site-packages/airflow/example_dags/example_kubernetes_executor.py for tasks to queue
[2022-04-25 12:45:17,419] {logging_mixin.py:109} INFO - [2022-04-25 12:45:17,419] {dagbag.py:500} INFO - Filling up the DagBag from /home/airflow/.local/lib/python3.7/site-packages/airflow/example_dags/example_kubernetes_executor.py
[2022-04-25 12:45:17,489] {processor.py:652} INFO - DAG(s) dict_keys(['example_kubernetes_executor']) retrieved from /home/airflow/.local/lib/python3.7/site-packages/airflow/example_dags/example_kubernetes_executor.py
[2022-04-25 12:45:17,534] {logging_mixin.py:109} INFO - [2022-04-25 12:45:17,533] {dag.py:2398} INFO - Sync 1 DAGs
[2022-04-25 12:45:17,579] {logging_mixin.py:109} INFO - [2022-04-25 12:45:17,578] {dag.py:2937} INFO - Setting next_dagrun for example_kubernetes_executor to None
[2022-04-25 12:45:17,604] {processor.py:171} INFO - Processing /home/airflow/.local/lib/python3.7/site-packages/airflow/example_dags/example_kubernetes_executor.py took 0.204 seconds
[2022-04-25 12:45:48,318] {processor.py:163} INFO - Started process (PID=583) to work on /home/airflow/.local/lib/python3.7/site-packages/airflow/example_dags/example_kubernetes_executor.py
[2022-04-25 12:45:48,333] {processor.py:642} INFO - Processing file /home/airflow/.local/lib/python3.7/site-packages/airflow/example_dags/example_kubernetes_executor.py for tasks to queue
[2022-04-25 12:45:48,336] {logging_mixin.py:109} INFO - [2022-04-25 12:45:48,335] {dagbag.py:500} INFO - Filling up the DagBag from /home/airflow/.local/lib/python3.7/site-packages/airflow/example_dags/example_kubernetes_executor.py
[2022-04-25 12:45:48,383] {processor.py:652} INFO - DAG(s) dict_keys(['example_kubernetes_executor']) retrieved from /home/airflow/.local/lib/python3.7/site-packages/airflow/example_dags/example_kubernetes_executor.py
[2022-04-25 12:45:48,439] {logging_mixin.py:109} INFO - [2022-04-25 12:45:48,439] {dag.py:2398} INFO - Sync 1 DAGs
[2022-04-25 12:45:48,475] {logging_mixin.py:109} INFO - [2022-04-25 12:45:48,475] {dag.py:2937} INFO - Setting next_dagrun for example_kubernetes_executor to None
[2022-04-25 12:45:48,508] {processor.py:171} INFO - Processing /home/airflow/.local/lib/python3.7/site-packages/airflow/example_dags/example_kubernetes_executor.py took 0.208 seconds
[2022-04-25 12:46:18,895] {processor.py:163} INFO - Started process (PID=633) to work on /home/airflow/.local/lib/python3.7/site-packages/airflow/example_dags/example_kubernetes_executor.py
[2022-04-25 12:46:18,902] {processor.py:642} INFO - Processing file /home/airflow/.local/lib/python3.7/site-packages/airflow/example_dags/example_kubernetes_executor.py for tasks to queue
[2022-04-25 12:46:18,911] {logging_mixin.py:109} INFO - [2022-04-25 12:46:18,911] {dagbag.py:500} INFO - Filling up the DagBag from /home/airflow/.local/lib/python3.7/site-packages/airflow/example_dags/example_kubernetes_executor.py
[2022-04-25 12:46:19,058] {processor.py:652} INFO - DAG(s) dict_keys(['example_kubernetes_executor']) retrieved from /home/airflow/.local/lib/python3.7/site-packages/airflow/example_dags/example_kubernetes_executor.py
[2022-04-25 12:46:19,122] {logging_mixin.py:109} INFO - [2022-04-25 12:46:19,122] {dag.py:2398} INFO - Sync 1 DAGs
[2022-04-25 12:46:19,203] {logging_mixin.py:109} INFO - [2022-04-25 12:46:19,201] {dag.py:2937} INFO - Setting next_dagrun for example_kubernetes_executor to None
[2022-04-25 12:46:19,259] {processor.py:171} INFO - Processing /home/airflow/.local/lib/python3.7/site-packages/airflow/example_dags/example_kubernetes_executor.py took 0.380 seconds
[2022-04-25 12:46:49,630] {processor.py:163} INFO - Started process (PID=682) to work on /home/airflow/.local/lib/python3.7/site-packages/airflow/example_dags/example_kubernetes_executor.py
[2022-04-25 12:46:49,642] {processor.py:642} INFO - Processing file /home/airflow/.local/lib/python3.7/site-packages/airflow/example_dags/example_kubernetes_executor.py for tasks to queue
[2022-04-25 12:46:49,651] {logging_mixin.py:109} INFO - [2022-04-25 12:46:49,650] {dagbag.py:500} INFO - Filling up the DagBag from /home/airflow/.local/lib/python3.7/site-packages/airflow/example_dags/example_kubernetes_executor.py
[2022-04-25 12:46:49,794] {processor.py:652} INFO - DAG(s) dict_keys(['example_kubernetes_executor']) retrieved from /home/airflow/.local/lib/python3.7/site-packages/airflow/example_dags/example_kubernetes_executor.py
[2022-04-25 12:46:49,869] {logging_mixin.py:109} INFO - [2022-04-25 12:46:49,869] {dag.py:2398} INFO - Sync 1 DAGs
[2022-04-25 12:46:49,926] {logging_mixin.py:109} INFO - [2022-04-25 12:46:49,926] {dag.py:2937} INFO - Setting next_dagrun for example_kubernetes_executor to None
[2022-04-25 12:46:49,958] {processor.py:171} INFO - Processing /home/airflow/.local/lib/python3.7/site-packages/airflow/example_dags/example_kubernetes_executor.py took 0.357 seconds
[2022-04-25 12:47:20,766] {processor.py:163} INFO - Started process (PID=732) to work on /home/airflow/.local/lib/python3.7/site-packages/airflow/example_dags/example_kubernetes_executor.py
[2022-04-25 12:47:20,785] {processor.py:642} INFO - Processing file /home/airflow/.local/lib/python3.7/site-packages/airflow/example_dags/example_kubernetes_executor.py for tasks to queue
[2022-04-25 12:47:20,800] {logging_mixin.py:109} INFO - [2022-04-25 12:47:20,800] {dagbag.py:500} INFO - Filling up the DagBag from /home/airflow/.local/lib/python3.7/site-packages/airflow/example_dags/example_kubernetes_executor.py
[2022-04-25 12:47:20,995] {processor.py:652} INFO - DAG(s) dict_keys(['example_kubernetes_executor']) retrieved from /home/airflow/.local/lib/python3.7/site-packages/airflow/example_dags/example_kubernetes_executor.py
[2022-04-25 12:47:21,101] {logging_mixin.py:109} INFO - [2022-04-25 12:47:21,101] {dag.py:2398} INFO - Sync 1 DAGs
[2022-04-25 12:47:21,215] {logging_mixin.py:109} INFO - [2022-04-25 12:47:21,211] {dag.py:2937} INFO - Setting next_dagrun for example_kubernetes_executor to None
[2022-04-25 12:47:21,415] {processor.py:171} INFO - Processing /home/airflow/.local/lib/python3.7/site-packages/airflow/example_dags/example_kubernetes_executor.py took 0.705 seconds
[2022-04-25 12:47:52,377] {processor.py:163} INFO - Started process (PID=781) to work on /home/airflow/.local/lib/python3.7/site-packages/airflow/example_dags/example_kubernetes_executor.py
[2022-04-25 12:47:52,394] {processor.py:642} INFO - Processing file /home/airflow/.local/lib/python3.7/site-packages/airflow/example_dags/example_kubernetes_executor.py for tasks to queue
[2022-04-25 12:47:52,415] {logging_mixin.py:109} INFO - [2022-04-25 12:47:52,413] {dagbag.py:500} INFO - Filling up the DagBag from /home/airflow/.local/lib/python3.7/site-packages/airflow/example_dags/example_kubernetes_executor.py
[2022-04-25 12:47:52,820] {processor.py:652} INFO - DAG(s) dict_keys(['example_kubernetes_executor']) retrieved from /home/airflow/.local/lib/python3.7/site-packages/airflow/example_dags/example_kubernetes_executor.py
[2022-04-25 12:47:53,002] {logging_mixin.py:109} INFO - [2022-04-25 12:47:53,001] {dag.py:2398} INFO - Sync 1 DAGs
[2022-04-25 12:47:53,108] {logging_mixin.py:109} INFO - [2022-04-25 12:47:53,108] {dag.py:2937} INFO - Setting next_dagrun for example_kubernetes_executor to None
[2022-04-25 12:47:53,162] {processor.py:171} INFO - Processing /home/airflow/.local/lib/python3.7/site-packages/airflow/example_dags/example_kubernetes_executor.py took 0.815 seconds
[2022-04-25 12:48:24,044] {processor.py:163} INFO - Started process (PID=842) to work on /home/airflow/.local/lib/python3.7/site-packages/airflow/example_dags/example_kubernetes_executor.py
[2022-04-25 12:48:24,050] {processor.py:642} INFO - Processing file /home/airflow/.local/lib/python3.7/site-packages/airflow/example_dags/example_kubernetes_executor.py for tasks to queue
[2022-04-25 12:48:24,055] {logging_mixin.py:109} INFO - [2022-04-25 12:48:24,055] {dagbag.py:500} INFO - Filling up the DagBag from /home/airflow/.local/lib/python3.7/site-packages/airflow/example_dags/example_kubernetes_executor.py
[2022-04-25 12:48:24,204] {processor.py:652} INFO - DAG(s) dict_keys(['example_kubernetes_executor']) retrieved from /home/airflow/.local/lib/python3.7/site-packages/airflow/example_dags/example_kubernetes_executor.py
[2022-04-25 12:48:24,340] {logging_mixin.py:109} INFO - [2022-04-25 12:48:24,340] {dag.py:2398} INFO - Sync 1 DAGs
[2022-04-25 12:48:24,401] {logging_mixin.py:109} INFO - [2022-04-25 12:48:24,401] {dag.py:2937} INFO - Setting next_dagrun for example_kubernetes_executor to None
[2022-04-25 12:48:24,442] {processor.py:171} INFO - Processing /home/airflow/.local/lib/python3.7/site-packages/airflow/example_dags/example_kubernetes_executor.py took 0.408 seconds
[2022-04-25 12:48:55,752] {processor.py:163} INFO - Started process (PID=892) to work on /home/airflow/.local/lib/python3.7/site-packages/airflow/example_dags/example_kubernetes_executor.py
[2022-04-25 12:48:55,767] {processor.py:642} INFO - Processing file /home/airflow/.local/lib/python3.7/site-packages/airflow/example_dags/example_kubernetes_executor.py for tasks to queue
[2022-04-25 12:48:55,780] {logging_mixin.py:109} INFO - [2022-04-25 12:48:55,780] {dagbag.py:500} INFO - Filling up the DagBag from /home/airflow/.local/lib/python3.7/site-packages/airflow/example_dags/example_kubernetes_executor.py
[2022-04-25 12:48:55,898] {processor.py:652} INFO - DAG(s) dict_keys(['example_kubernetes_executor']) retrieved from /home/airflow/.local/lib/python3.7/site-packages/airflow/example_dags/example_kubernetes_executor.py
[2022-04-25 12:48:55,935] {logging_mixin.py:109} INFO - [2022-04-25 12:48:55,935] {dag.py:2398} INFO - Sync 1 DAGs
[2022-04-25 12:48:55,971] {logging_mixin.py:109} INFO - [2022-04-25 12:48:55,971] {dag.py:2937} INFO - Setting next_dagrun for example_kubernetes_executor to None
[2022-04-25 12:48:55,998] {processor.py:171} INFO - Processing /home/airflow/.local/lib/python3.7/site-packages/airflow/example_dags/example_kubernetes_executor.py took 0.273 seconds
[2022-04-25 12:52:43,464] {processor.py:163} INFO - Started process (PID=944) to work on /home/airflow/.local/lib/python3.7/site-packages/airflow/example_dags/example_kubernetes_executor.py
[2022-04-25 12:52:43,483] {processor.py:642} INFO - Processing file /home/airflow/.local/lib/python3.7/site-packages/airflow/example_dags/example_kubernetes_executor.py for tasks to queue
[2022-04-25 12:52:43,491] {logging_mixin.py:109} INFO - [2022-04-25 12:52:43,491] {dagbag.py:500} INFO - Filling up the DagBag from /home/airflow/.local/lib/python3.7/site-packages/airflow/example_dags/example_kubernetes_executor.py
[2022-04-25 12:52:43,672] {processor.py:652} INFO - DAG(s) dict_keys(['example_kubernetes_executor']) retrieved from /home/airflow/.local/lib/python3.7/site-packages/airflow/example_dags/example_kubernetes_executor.py
[2022-04-25 12:52:43,871] {logging_mixin.py:109} INFO - [2022-04-25 12:52:43,871] {dag.py:2398} INFO - Sync 1 DAGs
[2022-04-25 12:52:44,006] {logging_mixin.py:109} INFO - [2022-04-25 12:52:44,006] {dag.py:2937} INFO - Setting next_dagrun for example_kubernetes_executor to None
[2022-04-25 12:52:44,076] {processor.py:171} INFO - Processing /home/airflow/.local/lib/python3.7/site-packages/airflow/example_dags/example_kubernetes_executor.py took 0.645 seconds
[2022-04-25 12:53:14,364] {processor.py:163} INFO - Started process (PID=995) to work on /home/airflow/.local/lib/python3.7/site-packages/airflow/example_dags/example_kubernetes_executor.py
[2022-04-25 12:53:14,368] {processor.py:642} INFO - Processing file /home/airflow/.local/lib/python3.7/site-packages/airflow/example_dags/example_kubernetes_executor.py for tasks to queue
[2022-04-25 12:53:14,374] {logging_mixin.py:109} INFO - [2022-04-25 12:53:14,374] {dagbag.py:500} INFO - Filling up the DagBag from /home/airflow/.local/lib/python3.7/site-packages/airflow/example_dags/example_kubernetes_executor.py
[2022-04-25 12:53:14,446] {processor.py:652} INFO - DAG(s) dict_keys(['example_kubernetes_executor']) retrieved from /home/airflow/.local/lib/python3.7/site-packages/airflow/example_dags/example_kubernetes_executor.py
[2022-04-25 12:53:14,485] {logging_mixin.py:109} INFO - [2022-04-25 12:53:14,485] {dag.py:2398} INFO - Sync 1 DAGs
[2022-04-25 12:53:14,545] {logging_mixin.py:109} INFO - [2022-04-25 12:53:14,545] {dag.py:2937} INFO - Setting next_dagrun for example_kubernetes_executor to None
[2022-04-25 12:53:14,560] {processor.py:171} INFO - Processing /home/airflow/.local/lib/python3.7/site-packages/airflow/example_dags/example_kubernetes_executor.py took 0.210 seconds
[2022-04-25 12:53:45,204] {processor.py:163} INFO - Started process (PID=1047) to work on /home/airflow/.local/lib/python3.7/site-packages/airflow/example_dags/example_kubernetes_executor.py
[2022-04-25 12:53:45,207] {processor.py:642} INFO - Processing file /home/airflow/.local/lib/python3.7/site-packages/airflow/example_dags/example_kubernetes_executor.py for tasks to queue
[2022-04-25 12:53:45,210] {logging_mixin.py:109} INFO - [2022-04-25 12:53:45,209] {dagbag.py:500} INFO - Filling up the DagBag from /home/airflow/.local/lib/python3.7/site-packages/airflow/example_dags/example_kubernetes_executor.py
[2022-04-25 12:53:45,244] {processor.py:652} INFO - DAG(s) dict_keys(['example_kubernetes_executor']) retrieved from /home/airflow/.local/lib/python3.7/site-packages/airflow/example_dags/example_kubernetes_executor.py
[2022-04-25 12:53:45,278] {logging_mixin.py:109} INFO - [2022-04-25 12:53:45,278] {dag.py:2398} INFO - Sync 1 DAGs
[2022-04-25 12:53:45,309] {logging_mixin.py:109} INFO - [2022-04-25 12:53:45,308] {dag.py:2937} INFO - Setting next_dagrun for example_kubernetes_executor to None
[2022-04-25 12:53:45,331] {processor.py:171} INFO - Processing /home/airflow/.local/lib/python3.7/site-packages/airflow/example_dags/example_kubernetes_executor.py took 0.135 seconds
[2022-04-25 12:54:15,556] {processor.py:163} INFO - Started process (PID=1096) to work on /home/airflow/.local/lib/python3.7/site-packages/airflow/example_dags/example_kubernetes_executor.py
[2022-04-25 12:54:15,561] {processor.py:642} INFO - Processing file /home/airflow/.local/lib/python3.7/site-packages/airflow/example_dags/example_kubernetes_executor.py for tasks to queue
[2022-04-25 12:54:15,566] {logging_mixin.py:109} INFO - [2022-04-25 12:54:15,565] {dagbag.py:500} INFO - Filling up the DagBag from /home/airflow/.local/lib/python3.7/site-packages/airflow/example_dags/example_kubernetes_executor.py
[2022-04-25 12:54:15,614] {processor.py:652} INFO - DAG(s) dict_keys(['example_kubernetes_executor']) retrieved from /home/airflow/.local/lib/python3.7/site-packages/airflow/example_dags/example_kubernetes_executor.py
[2022-04-25 12:54:15,667] {logging_mixin.py:109} INFO - [2022-04-25 12:54:15,667] {dag.py:2398} INFO - Sync 1 DAGs
[2022-04-25 12:54:15,698] {logging_mixin.py:109} INFO - [2022-04-25 12:54:15,698] {dag.py:2937} INFO - Setting next_dagrun for example_kubernetes_executor to None
[2022-04-25 12:54:15,730] {processor.py:171} INFO - Processing /home/airflow/.local/lib/python3.7/site-packages/airflow/example_dags/example_kubernetes_executor.py took 0.183 seconds
[2022-04-25 12:54:45,884] {processor.py:163} INFO - Started process (PID=1146) to work on /home/airflow/.local/lib/python3.7/site-packages/airflow/example_dags/example_kubernetes_executor.py
[2022-04-25 12:54:45,889] {processor.py:642} INFO - Processing file /home/airflow/.local/lib/python3.7/site-packages/airflow/example_dags/example_kubernetes_executor.py for tasks to queue
[2022-04-25 12:54:45,892] {logging_mixin.py:109} INFO - [2022-04-25 12:54:45,891] {dagbag.py:500} INFO - Filling up the DagBag from /home/airflow/.local/lib/python3.7/site-packages/airflow/example_dags/example_kubernetes_executor.py
[2022-04-25 12:54:45,928] {processor.py:652} INFO - DAG(s) dict_keys(['example_kubernetes_executor']) retrieved from /home/airflow/.local/lib/python3.7/site-packages/airflow/example_dags/example_kubernetes_executor.py
[2022-04-25 12:54:45,966] {logging_mixin.py:109} INFO - [2022-04-25 12:54:45,966] {dag.py:2398} INFO - Sync 1 DAGs
[2022-04-25 12:54:45,995] {logging_mixin.py:109} INFO - [2022-04-25 12:54:45,995] {dag.py:2937} INFO - Setting next_dagrun for example_kubernetes_executor to None
[2022-04-25 12:54:46,011] {processor.py:171} INFO - Processing /home/airflow/.local/lib/python3.7/site-packages/airflow/example_dags/example_kubernetes_executor.py took 0.135 seconds
[2022-04-25 12:55:16,800] {processor.py:163} INFO - Started process (PID=1200) to work on /home/airflow/.local/lib/python3.7/site-packages/airflow/example_dags/example_kubernetes_executor.py
[2022-04-25 12:55:16,804] {processor.py:642} INFO - Processing file /home/airflow/.local/lib/python3.7/site-packages/airflow/example_dags/example_kubernetes_executor.py for tasks to queue
[2022-04-25 12:55:16,807] {logging_mixin.py:109} INFO - [2022-04-25 12:55:16,806] {dagbag.py:500} INFO - Filling up the DagBag from /home/airflow/.local/lib/python3.7/site-packages/airflow/example_dags/example_kubernetes_executor.py
[2022-04-25 12:55:16,851] {processor.py:652} INFO - DAG(s) dict_keys(['example_kubernetes_executor']) retrieved from /home/airflow/.local/lib/python3.7/site-packages/airflow/example_dags/example_kubernetes_executor.py
[2022-04-25 12:55:16,886] {logging_mixin.py:109} INFO - [2022-04-25 12:55:16,886] {dag.py:2398} INFO - Sync 1 DAGs
[2022-04-25 12:55:16,916] {logging_mixin.py:109} INFO - [2022-04-25 12:55:16,916] {dag.py:2937} INFO - Setting next_dagrun for example_kubernetes_executor to None
[2022-04-25 12:55:16,935] {processor.py:171} INFO - Processing /home/airflow/.local/lib/python3.7/site-packages/airflow/example_dags/example_kubernetes_executor.py took 0.142 seconds
[2022-04-25 12:55:47,060] {processor.py:163} INFO - Started process (PID=1253) to work on /home/airflow/.local/lib/python3.7/site-packages/airflow/example_dags/example_kubernetes_executor.py
[2022-04-25 12:55:47,066] {processor.py:642} INFO - Processing file /home/airflow/.local/lib/python3.7/site-packages/airflow/example_dags/example_kubernetes_executor.py for tasks to queue
[2022-04-25 12:55:47,069] {logging_mixin.py:109} INFO - [2022-04-25 12:55:47,069] {dagbag.py:500} INFO - Filling up the DagBag from /home/airflow/.local/lib/python3.7/site-packages/airflow/example_dags/example_kubernetes_executor.py
[2022-04-25 12:55:47,142] {processor.py:652} INFO - DAG(s) dict_keys(['example_kubernetes_executor']) retrieved from /home/airflow/.local/lib/python3.7/site-packages/airflow/example_dags/example_kubernetes_executor.py
[2022-04-25 12:55:47,181] {logging_mixin.py:109} INFO - [2022-04-25 12:55:47,180] {dag.py:2398} INFO - Sync 1 DAGs
[2022-04-25 12:55:47,206] {logging_mixin.py:109} INFO - [2022-04-25 12:55:47,206] {dag.py:2937} INFO - Setting next_dagrun for example_kubernetes_executor to None
[2022-04-25 12:55:47,224] {processor.py:171} INFO - Processing /home/airflow/.local/lib/python3.7/site-packages/airflow/example_dags/example_kubernetes_executor.py took 0.178 seconds
[2022-04-25 12:56:17,314] {processor.py:163} INFO - Started process (PID=1304) to work on /home/airflow/.local/lib/python3.7/site-packages/airflow/example_dags/example_kubernetes_executor.py
[2022-04-25 12:56:17,318] {processor.py:642} INFO - Processing file /home/airflow/.local/lib/python3.7/site-packages/airflow/example_dags/example_kubernetes_executor.py for tasks to queue
[2022-04-25 12:56:17,321] {logging_mixin.py:109} INFO - [2022-04-25 12:56:17,320] {dagbag.py:500} INFO - Filling up the DagBag from /home/airflow/.local/lib/python3.7/site-packages/airflow/example_dags/example_kubernetes_executor.py
[2022-04-25 12:56:17,356] {processor.py:652} INFO - DAG(s) dict_keys(['example_kubernetes_executor']) retrieved from /home/airflow/.local/lib/python3.7/site-packages/airflow/example_dags/example_kubernetes_executor.py
[2022-04-25 12:56:17,393] {logging_mixin.py:109} INFO - [2022-04-25 12:56:17,393] {dag.py:2398} INFO - Sync 1 DAGs
[2022-04-25 12:56:17,419] {logging_mixin.py:109} INFO - [2022-04-25 12:56:17,419] {dag.py:2937} INFO - Setting next_dagrun for example_kubernetes_executor to None
[2022-04-25 12:56:17,440] {processor.py:171} INFO - Processing /home/airflow/.local/lib/python3.7/site-packages/airflow/example_dags/example_kubernetes_executor.py took 0.131 seconds
[2022-04-25 12:56:47,992] {processor.py:163} INFO - Started process (PID=1367) to work on /home/airflow/.local/lib/python3.7/site-packages/airflow/example_dags/example_kubernetes_executor.py
[2022-04-25 12:56:47,999] {processor.py:642} INFO - Processing file /home/airflow/.local/lib/python3.7/site-packages/airflow/example_dags/example_kubernetes_executor.py for tasks to queue
[2022-04-25 12:56:48,003] {logging_mixin.py:109} INFO - [2022-04-25 12:56:48,002] {dagbag.py:500} INFO - Filling up the DagBag from /home/airflow/.local/lib/python3.7/site-packages/airflow/example_dags/example_kubernetes_executor.py
[2022-04-25 12:56:48,128] {processor.py:652} INFO - DAG(s) dict_keys(['example_kubernetes_executor']) retrieved from /home/airflow/.local/lib/python3.7/site-packages/airflow/example_dags/example_kubernetes_executor.py
[2022-04-25 12:56:48,179] {logging_mixin.py:109} INFO - [2022-04-25 12:56:48,179] {dag.py:2398} INFO - Sync 1 DAGs
[2022-04-25 12:56:48,206] {logging_mixin.py:109} INFO - [2022-04-25 12:56:48,206] {dag.py:2937} INFO - Setting next_dagrun for example_kubernetes_executor to None
[2022-04-25 12:56:48,243] {processor.py:171} INFO - Processing /home/airflow/.local/lib/python3.7/site-packages/airflow/example_dags/example_kubernetes_executor.py took 0.259 seconds
[2022-04-25 12:57:18,545] {processor.py:163} INFO - Started process (PID=1420) to work on /home/airflow/.local/lib/python3.7/site-packages/airflow/example_dags/example_kubernetes_executor.py
[2022-04-25 12:57:18,550] {processor.py:642} INFO - Processing file /home/airflow/.local/lib/python3.7/site-packages/airflow/example_dags/example_kubernetes_executor.py for tasks to queue
[2022-04-25 12:57:18,553] {logging_mixin.py:109} INFO - [2022-04-25 12:57:18,553] {dagbag.py:500} INFO - Filling up the DagBag from /home/airflow/.local/lib/python3.7/site-packages/airflow/example_dags/example_kubernetes_executor.py
[2022-04-25 12:57:18,592] {processor.py:652} INFO - DAG(s) dict_keys(['example_kubernetes_executor']) retrieved from /home/airflow/.local/lib/python3.7/site-packages/airflow/example_dags/example_kubernetes_executor.py
[2022-04-25 12:57:18,627] {logging_mixin.py:109} INFO - [2022-04-25 12:57:18,627] {dag.py:2398} INFO - Sync 1 DAGs
[2022-04-25 12:57:18,653] {logging_mixin.py:109} INFO - [2022-04-25 12:57:18,653] {dag.py:2937} INFO - Setting next_dagrun for example_kubernetes_executor to None
[2022-04-25 12:57:18,669] {processor.py:171} INFO - Processing /home/airflow/.local/lib/python3.7/site-packages/airflow/example_dags/example_kubernetes_executor.py took 0.134 seconds
[2022-04-25 12:57:49,624] {processor.py:163} INFO - Started process (PID=1473) to work on /home/airflow/.local/lib/python3.7/site-packages/airflow/example_dags/example_kubernetes_executor.py
[2022-04-25 12:57:49,636] {processor.py:642} INFO - Processing file /home/airflow/.local/lib/python3.7/site-packages/airflow/example_dags/example_kubernetes_executor.py for tasks to queue
[2022-04-25 12:57:49,638] {logging_mixin.py:109} INFO - [2022-04-25 12:57:49,638] {dagbag.py:500} INFO - Filling up the DagBag from /home/airflow/.local/lib/python3.7/site-packages/airflow/example_dags/example_kubernetes_executor.py
[2022-04-25 12:57:49,718] {processor.py:652} INFO - DAG(s) dict_keys(['example_kubernetes_executor']) retrieved from /home/airflow/.local/lib/python3.7/site-packages/airflow/example_dags/example_kubernetes_executor.py
[2022-04-25 12:57:49,833] {logging_mixin.py:109} INFO - [2022-04-25 12:57:49,833] {dag.py:2398} INFO - Sync 1 DAGs
[2022-04-25 12:57:49,891] {logging_mixin.py:109} INFO - [2022-04-25 12:57:49,891] {dag.py:2937} INFO - Setting next_dagrun for example_kubernetes_executor to None
[2022-04-25 12:57:49,916] {processor.py:171} INFO - Processing /home/airflow/.local/lib/python3.7/site-packages/airflow/example_dags/example_kubernetes_executor.py took 0.314 seconds
[2022-04-25 12:58:22,497] {processor.py:163} INFO - Started process (PID=1530) to work on /home/airflow/.local/lib/python3.7/site-packages/airflow/example_dags/example_kubernetes_executor.py
[2022-04-25 12:58:22,522] {processor.py:642} INFO - Processing file /home/airflow/.local/lib/python3.7/site-packages/airflow/example_dags/example_kubernetes_executor.py for tasks to queue
[2022-04-25 12:58:22,541] {logging_mixin.py:109} INFO - [2022-04-25 12:58:22,539] {dagbag.py:500} INFO - Filling up the DagBag from /home/airflow/.local/lib/python3.7/site-packages/airflow/example_dags/example_kubernetes_executor.py
[2022-04-25 12:58:22,636] {processor.py:652} INFO - DAG(s) dict_keys(['example_kubernetes_executor']) retrieved from /home/airflow/.local/lib/python3.7/site-packages/airflow/example_dags/example_kubernetes_executor.py
[2022-04-25 12:58:22,688] {logging_mixin.py:109} INFO - [2022-04-25 12:58:22,688] {dag.py:2398} INFO - Sync 1 DAGs
[2022-04-25 12:58:22,715] {logging_mixin.py:109} INFO - [2022-04-25 12:58:22,714] {dag.py:2937} INFO - Setting next_dagrun for example_kubernetes_executor to None
[2022-04-25 12:58:22,735] {processor.py:171} INFO - Processing /home/airflow/.local/lib/python3.7/site-packages/airflow/example_dags/example_kubernetes_executor.py took 0.244 seconds
[2022-04-25 12:58:53,393] {processor.py:163} INFO - Started process (PID=1580) to work on /home/airflow/.local/lib/python3.7/site-packages/airflow/example_dags/example_kubernetes_executor.py
[2022-04-25 12:58:53,408] {processor.py:642} INFO - Processing file /home/airflow/.local/lib/python3.7/site-packages/airflow/example_dags/example_kubernetes_executor.py for tasks to queue
[2022-04-25 12:58:53,413] {logging_mixin.py:109} INFO - [2022-04-25 12:58:53,413] {dagbag.py:500} INFO - Filling up the DagBag from /home/airflow/.local/lib/python3.7/site-packages/airflow/example_dags/example_kubernetes_executor.py
[2022-04-25 12:58:53,540] {processor.py:652} INFO - DAG(s) dict_keys(['example_kubernetes_executor']) retrieved from /home/airflow/.local/lib/python3.7/site-packages/airflow/example_dags/example_kubernetes_executor.py
[2022-04-25 12:58:53,624] {logging_mixin.py:109} INFO - [2022-04-25 12:58:53,624] {dag.py:2398} INFO - Sync 1 DAGs
[2022-04-25 12:58:53,686] {logging_mixin.py:109} INFO - [2022-04-25 12:58:53,686] {dag.py:2937} INFO - Setting next_dagrun for example_kubernetes_executor to None
[2022-04-25 12:58:53,723] {processor.py:171} INFO - Processing /home/airflow/.local/lib/python3.7/site-packages/airflow/example_dags/example_kubernetes_executor.py took 0.343 seconds
[2022-04-25 12:59:23,945] {processor.py:163} INFO - Started process (PID=1633) to work on /home/airflow/.local/lib/python3.7/site-packages/airflow/example_dags/example_kubernetes_executor.py
[2022-04-25 12:59:23,950] {processor.py:642} INFO - Processing file /home/airflow/.local/lib/python3.7/site-packages/airflow/example_dags/example_kubernetes_executor.py for tasks to queue
[2022-04-25 12:59:23,953] {logging_mixin.py:109} INFO - [2022-04-25 12:59:23,952] {dagbag.py:500} INFO - Filling up the DagBag from /home/airflow/.local/lib/python3.7/site-packages/airflow/example_dags/example_kubernetes_executor.py
[2022-04-25 12:59:24,084] {processor.py:652} INFO - DAG(s) dict_keys(['example_kubernetes_executor']) retrieved from /home/airflow/.local/lib/python3.7/site-packages/airflow/example_dags/example_kubernetes_executor.py
[2022-04-25 12:59:24,189] {logging_mixin.py:109} INFO - [2022-04-25 12:59:24,188] {dag.py:2398} INFO - Sync 1 DAGs
[2022-04-25 12:59:24,240] {logging_mixin.py:109} INFO - [2022-04-25 12:59:24,240] {dag.py:2937} INFO - Setting next_dagrun for example_kubernetes_executor to None
[2022-04-25 12:59:24,261] {processor.py:171} INFO - Processing /home/airflow/.local/lib/python3.7/site-packages/airflow/example_dags/example_kubernetes_executor.py took 0.339 seconds
[2022-04-25 12:59:54,413] {processor.py:163} INFO - Started process (PID=1685) to work on /home/airflow/.local/lib/python3.7/site-packages/airflow/example_dags/example_kubernetes_executor.py
[2022-04-25 12:59:54,418] {processor.py:642} INFO - Processing file /home/airflow/.local/lib/python3.7/site-packages/airflow/example_dags/example_kubernetes_executor.py for tasks to queue
[2022-04-25 12:59:54,423] {logging_mixin.py:109} INFO - [2022-04-25 12:59:54,422] {dagbag.py:500} INFO - Filling up the DagBag from /home/airflow/.local/lib/python3.7/site-packages/airflow/example_dags/example_kubernetes_executor.py
[2022-04-25 12:59:54,463] {processor.py:652} INFO - DAG(s) dict_keys(['example_kubernetes_executor']) retrieved from /home/airflow/.local/lib/python3.7/site-packages/airflow/example_dags/example_kubernetes_executor.py
[2022-04-25 12:59:54,501] {logging_mixin.py:109} INFO - [2022-04-25 12:59:54,501] {dag.py:2398} INFO - Sync 1 DAGs
[2022-04-25 12:59:54,526] {logging_mixin.py:109} INFO - [2022-04-25 12:59:54,525] {dag.py:2937} INFO - Setting next_dagrun for example_kubernetes_executor to None
[2022-04-25 12:59:54,544] {processor.py:171} INFO - Processing /home/airflow/.local/lib/python3.7/site-packages/airflow/example_dags/example_kubernetes_executor.py took 0.140 seconds
[2022-04-25 13:00:24,779] {processor.py:163} INFO - Started process (PID=1737) to work on /home/airflow/.local/lib/python3.7/site-packages/airflow/example_dags/example_kubernetes_executor.py
[2022-04-25 13:00:24,799] {processor.py:642} INFO - Processing file /home/airflow/.local/lib/python3.7/site-packages/airflow/example_dags/example_kubernetes_executor.py for tasks to queue
[2022-04-25 13:00:24,820] {logging_mixin.py:109} INFO - [2022-04-25 13:00:24,818] {dagbag.py:500} INFO - Filling up the DagBag from /home/airflow/.local/lib/python3.7/site-packages/airflow/example_dags/example_kubernetes_executor.py
[2022-04-25 13:00:24,899] {processor.py:652} INFO - DAG(s) dict_keys(['example_kubernetes_executor']) retrieved from /home/airflow/.local/lib/python3.7/site-packages/airflow/example_dags/example_kubernetes_executor.py
[2022-04-25 13:00:24,938] {logging_mixin.py:109} INFO - [2022-04-25 13:00:24,937] {dag.py:2398} INFO - Sync 1 DAGs
[2022-04-25 13:00:24,977] {logging_mixin.py:109} INFO - [2022-04-25 13:00:24,977] {dag.py:2937} INFO - Setting next_dagrun for example_kubernetes_executor to None
[2022-04-25 13:00:25,000] {processor.py:171} INFO - Processing /home/airflow/.local/lib/python3.7/site-packages/airflow/example_dags/example_kubernetes_executor.py took 0.230 seconds
[2022-04-25 13:00:55,413] {processor.py:163} INFO - Started process (PID=1786) to work on /home/airflow/.local/lib/python3.7/site-packages/airflow/example_dags/example_kubernetes_executor.py
[2022-04-25 13:00:55,417] {processor.py:642} INFO - Processing file /home/airflow/.local/lib/python3.7/site-packages/airflow/example_dags/example_kubernetes_executor.py for tasks to queue
[2022-04-25 13:00:55,420] {logging_mixin.py:109} INFO - [2022-04-25 13:00:55,420] {dagbag.py:500} INFO - Filling up the DagBag from /home/airflow/.local/lib/python3.7/site-packages/airflow/example_dags/example_kubernetes_executor.py
[2022-04-25 13:00:55,456] {processor.py:652} INFO - DAG(s) dict_keys(['example_kubernetes_executor']) retrieved from /home/airflow/.local/lib/python3.7/site-packages/airflow/example_dags/example_kubernetes_executor.py
[2022-04-25 13:00:55,497] {logging_mixin.py:109} INFO - [2022-04-25 13:00:55,497] {dag.py:2398} INFO - Sync 1 DAGs
[2022-04-25 13:00:55,527] {logging_mixin.py:109} INFO - [2022-04-25 13:00:55,527] {dag.py:2937} INFO - Setting next_dagrun for example_kubernetes_executor to None
[2022-04-25 13:00:55,557] {processor.py:171} INFO - Processing /home/airflow/.local/lib/python3.7/site-packages/airflow/example_dags/example_kubernetes_executor.py took 0.154 seconds
[2022-04-25 13:01:26,241] {processor.py:163} INFO - Started process (PID=1837) to work on /home/airflow/.local/lib/python3.7/site-packages/airflow/example_dags/example_kubernetes_executor.py
[2022-04-25 13:01:26,246] {processor.py:642} INFO - Processing file /home/airflow/.local/lib/python3.7/site-packages/airflow/example_dags/example_kubernetes_executor.py for tasks to queue
[2022-04-25 13:01:26,249] {logging_mixin.py:109} INFO - [2022-04-25 13:01:26,249] {dagbag.py:500} INFO - Filling up the DagBag from /home/airflow/.local/lib/python3.7/site-packages/airflow/example_dags/example_kubernetes_executor.py
[2022-04-25 13:01:26,287] {processor.py:652} INFO - DAG(s) dict_keys(['example_kubernetes_executor']) retrieved from /home/airflow/.local/lib/python3.7/site-packages/airflow/example_dags/example_kubernetes_executor.py
[2022-04-25 13:01:26,342] {logging_mixin.py:109} INFO - [2022-04-25 13:01:26,342] {dag.py:2398} INFO - Sync 1 DAGs
[2022-04-25 13:01:26,383] {logging_mixin.py:109} INFO - [2022-04-25 13:01:26,383] {dag.py:2937} INFO - Setting next_dagrun for example_kubernetes_executor to None
[2022-04-25 13:01:26,406] {processor.py:171} INFO - Processing /home/airflow/.local/lib/python3.7/site-packages/airflow/example_dags/example_kubernetes_executor.py took 0.175 seconds
[2022-04-25 13:01:57,335] {processor.py:163} INFO - Started process (PID=1889) to work on /home/airflow/.local/lib/python3.7/site-packages/airflow/example_dags/example_kubernetes_executor.py
[2022-04-25 13:01:57,360] {processor.py:642} INFO - Processing file /home/airflow/.local/lib/python3.7/site-packages/airflow/example_dags/example_kubernetes_executor.py for tasks to queue
[2022-04-25 13:01:57,371] {logging_mixin.py:109} INFO - [2022-04-25 13:01:57,369] {dagbag.py:500} INFO - Filling up the DagBag from /home/airflow/.local/lib/python3.7/site-packages/airflow/example_dags/example_kubernetes_executor.py
[2022-04-25 13:01:57,470] {processor.py:652} INFO - DAG(s) dict_keys(['example_kubernetes_executor']) retrieved from /home/airflow/.local/lib/python3.7/site-packages/airflow/example_dags/example_kubernetes_executor.py
[2022-04-25 13:01:57,558] {logging_mixin.py:109} INFO - [2022-04-25 13:01:57,558] {dag.py:2398} INFO - Sync 1 DAGs
[2022-04-25 13:01:57,585] {logging_mixin.py:109} INFO - [2022-04-25 13:01:57,585] {dag.py:2937} INFO - Setting next_dagrun for example_kubernetes_executor to None
[2022-04-25 13:01:57,602] {processor.py:171} INFO - Processing /home/airflow/.local/lib/python3.7/site-packages/airflow/example_dags/example_kubernetes_executor.py took 0.279 seconds
[2022-04-25 13:02:28,276] {processor.py:163} INFO - Started process (PID=1951) to work on /home/airflow/.local/lib/python3.7/site-packages/airflow/example_dags/example_kubernetes_executor.py
[2022-04-25 13:02:28,284] {processor.py:642} INFO - Processing file /home/airflow/.local/lib/python3.7/site-packages/airflow/example_dags/example_kubernetes_executor.py for tasks to queue
[2022-04-25 13:02:28,287] {logging_mixin.py:109} INFO - [2022-04-25 13:02:28,287] {dagbag.py:500} INFO - Filling up the DagBag from /home/airflow/.local/lib/python3.7/site-packages/airflow/example_dags/example_kubernetes_executor.py
[2022-04-25 13:02:28,368] {processor.py:652} INFO - DAG(s) dict_keys(['example_kubernetes_executor']) retrieved from /home/airflow/.local/lib/python3.7/site-packages/airflow/example_dags/example_kubernetes_executor.py
[2022-04-25 13:02:28,438] {logging_mixin.py:109} INFO - [2022-04-25 13:02:28,438] {dag.py:2398} INFO - Sync 1 DAGs
[2022-04-25 13:02:28,488] {logging_mixin.py:109} INFO - [2022-04-25 13:02:28,488] {dag.py:2937} INFO - Setting next_dagrun for example_kubernetes_executor to None
[2022-04-25 13:02:28,516] {processor.py:171} INFO - Processing /home/airflow/.local/lib/python3.7/site-packages/airflow/example_dags/example_kubernetes_executor.py took 0.256 seconds
[2022-04-25 13:11:57,000] {processor.py:163} INFO - Started process (PID=2016) to work on /home/airflow/.local/lib/python3.7/site-packages/airflow/example_dags/example_kubernetes_executor.py
[2022-04-25 13:11:57,006] {processor.py:642} INFO - Processing file /home/airflow/.local/lib/python3.7/site-packages/airflow/example_dags/example_kubernetes_executor.py for tasks to queue
[2022-04-25 13:11:57,011] {logging_mixin.py:109} INFO - [2022-04-25 13:11:57,011] {dagbag.py:500} INFO - Filling up the DagBag from /home/airflow/.local/lib/python3.7/site-packages/airflow/example_dags/example_kubernetes_executor.py
[2022-04-25 13:11:57,096] {processor.py:652} INFO - DAG(s) dict_keys(['example_kubernetes_executor']) retrieved from /home/airflow/.local/lib/python3.7/site-packages/airflow/example_dags/example_kubernetes_executor.py
[2022-04-25 13:11:57,195] {logging_mixin.py:109} INFO - [2022-04-25 13:11:57,195] {dag.py:2398} INFO - Sync 1 DAGs
[2022-04-25 13:11:57,258] {logging_mixin.py:109} INFO - [2022-04-25 13:11:57,258] {dag.py:2937} INFO - Setting next_dagrun for example_kubernetes_executor to None
[2022-04-25 13:11:57,295] {processor.py:171} INFO - Processing /home/airflow/.local/lib/python3.7/site-packages/airflow/example_dags/example_kubernetes_executor.py took 0.314 seconds
