[2022-04-25 12:42:08,829] {processor.py:163} INFO - Started process (PID=205) to work on /home/airflow/.local/lib/python3.7/site-packages/airflow/example_dags/example_branch_operator.py
[2022-04-25 12:42:08,839] {processor.py:642} INFO - Processing file /home/airflow/.local/lib/python3.7/site-packages/airflow/example_dags/example_branch_operator.py for tasks to queue
[2022-04-25 12:42:08,845] {logging_mixin.py:109} INFO - [2022-04-25 12:42:08,844] {dagbag.py:500} INFO - Filling up the DagBag from /home/airflow/.local/lib/python3.7/site-packages/airflow/example_dags/example_branch_operator.py
[2022-04-25 12:42:08,908] {processor.py:652} INFO - DAG(s) dict_keys(['example_branch_operator']) retrieved from /home/airflow/.local/lib/python3.7/site-packages/airflow/example_dags/example_branch_operator.py
[2022-04-25 12:42:15,948] {logging_mixin.py:109} INFO - [2022-04-25 12:42:15,947] {manager.py:496} INFO - Created Permission View: can read on DAG:example_branch_operator
[2022-04-25 12:42:15,960] {logging_mixin.py:109} INFO - [2022-04-25 12:42:15,960] {manager.py:496} INFO - Created Permission View: can edit on DAG:example_branch_operator
[2022-04-25 12:42:15,964] {logging_mixin.py:109} INFO - [2022-04-25 12:42:15,964] {dag.py:2398} INFO - Sync 1 DAGs
[2022-04-25 12:42:15,979] {logging_mixin.py:109} INFO - [2022-04-25 12:42:15,978] {dag.py:2417} INFO - Creating ORM DAG for example_branch_operator
[2022-04-25 12:42:15,996] {logging_mixin.py:109} INFO - [2022-04-25 12:42:15,996] {dag.py:2937} INFO - Setting next_dagrun for example_branch_operator to 2022-04-24 00:00:00+00:00
[2022-04-25 12:42:16,014] {processor.py:171} INFO - Processing /home/airflow/.local/lib/python3.7/site-packages/airflow/example_dags/example_branch_operator.py took 7.199 seconds
[2022-04-25 12:42:46,639] {processor.py:163} INFO - Started process (PID=274) to work on /home/airflow/.local/lib/python3.7/site-packages/airflow/example_dags/example_branch_operator.py
[2022-04-25 12:42:46,645] {processor.py:642} INFO - Processing file /home/airflow/.local/lib/python3.7/site-packages/airflow/example_dags/example_branch_operator.py for tasks to queue
[2022-04-25 12:42:46,648] {logging_mixin.py:109} INFO - [2022-04-25 12:42:46,647] {dagbag.py:500} INFO - Filling up the DagBag from /home/airflow/.local/lib/python3.7/site-packages/airflow/example_dags/example_branch_operator.py
[2022-04-25 12:42:46,683] {processor.py:652} INFO - DAG(s) dict_keys(['example_branch_operator']) retrieved from /home/airflow/.local/lib/python3.7/site-packages/airflow/example_dags/example_branch_operator.py
[2022-04-25 12:42:46,724] {logging_mixin.py:109} INFO - [2022-04-25 12:42:46,724] {dag.py:2398} INFO - Sync 1 DAGs
[2022-04-25 12:42:46,752] {logging_mixin.py:109} INFO - [2022-04-25 12:42:46,752] {dag.py:2937} INFO - Setting next_dagrun for example_branch_operator to 2022-04-24 00:00:00+00:00
[2022-04-25 12:42:46,774] {processor.py:171} INFO - Processing /home/airflow/.local/lib/python3.7/site-packages/airflow/example_dags/example_branch_operator.py took 0.143 seconds
[2022-04-25 12:43:16,999] {processor.py:163} INFO - Started process (PID=328) to work on /home/airflow/.local/lib/python3.7/site-packages/airflow/example_dags/example_branch_operator.py
[2022-04-25 12:43:17,004] {processor.py:642} INFO - Processing file /home/airflow/.local/lib/python3.7/site-packages/airflow/example_dags/example_branch_operator.py for tasks to queue
[2022-04-25 12:43:17,007] {logging_mixin.py:109} INFO - [2022-04-25 12:43:17,007] {dagbag.py:500} INFO - Filling up the DagBag from /home/airflow/.local/lib/python3.7/site-packages/airflow/example_dags/example_branch_operator.py
[2022-04-25 12:43:17,039] {processor.py:652} INFO - DAG(s) dict_keys(['example_branch_operator']) retrieved from /home/airflow/.local/lib/python3.7/site-packages/airflow/example_dags/example_branch_operator.py
[2022-04-25 12:43:17,077] {logging_mixin.py:109} INFO - [2022-04-25 12:43:17,077] {dag.py:2398} INFO - Sync 1 DAGs
[2022-04-25 12:43:17,106] {logging_mixin.py:109} INFO - [2022-04-25 12:43:17,105] {dag.py:2937} INFO - Setting next_dagrun for example_branch_operator to 2022-04-24 00:00:00+00:00
[2022-04-25 12:43:17,120] {processor.py:171} INFO - Processing /home/airflow/.local/lib/python3.7/site-packages/airflow/example_dags/example_branch_operator.py took 0.127 seconds
[2022-04-25 12:43:47,538] {processor.py:163} INFO - Started process (PID=378) to work on /home/airflow/.local/lib/python3.7/site-packages/airflow/example_dags/example_branch_operator.py
[2022-04-25 12:43:47,542] {processor.py:642} INFO - Processing file /home/airflow/.local/lib/python3.7/site-packages/airflow/example_dags/example_branch_operator.py for tasks to queue
[2022-04-25 12:43:47,545] {logging_mixin.py:109} INFO - [2022-04-25 12:43:47,544] {dagbag.py:500} INFO - Filling up the DagBag from /home/airflow/.local/lib/python3.7/site-packages/airflow/example_dags/example_branch_operator.py
[2022-04-25 12:43:47,573] {processor.py:652} INFO - DAG(s) dict_keys(['example_branch_operator']) retrieved from /home/airflow/.local/lib/python3.7/site-packages/airflow/example_dags/example_branch_operator.py
[2022-04-25 12:43:47,605] {logging_mixin.py:109} INFO - [2022-04-25 12:43:47,605] {dag.py:2398} INFO - Sync 1 DAGs
[2022-04-25 12:43:47,630] {logging_mixin.py:109} INFO - [2022-04-25 12:43:47,630] {dag.py:2937} INFO - Setting next_dagrun for example_branch_operator to 2022-04-24 00:00:00+00:00
[2022-04-25 12:43:47,644] {processor.py:171} INFO - Processing /home/airflow/.local/lib/python3.7/site-packages/airflow/example_dags/example_branch_operator.py took 0.111 seconds
[2022-04-25 12:44:17,962] {processor.py:163} INFO - Started process (PID=432) to work on /home/airflow/.local/lib/python3.7/site-packages/airflow/example_dags/example_branch_operator.py
[2022-04-25 12:44:17,967] {processor.py:642} INFO - Processing file /home/airflow/.local/lib/python3.7/site-packages/airflow/example_dags/example_branch_operator.py for tasks to queue
[2022-04-25 12:44:17,969] {logging_mixin.py:109} INFO - [2022-04-25 12:44:17,969] {dagbag.py:500} INFO - Filling up the DagBag from /home/airflow/.local/lib/python3.7/site-packages/airflow/example_dags/example_branch_operator.py
[2022-04-25 12:44:18,001] {processor.py:652} INFO - DAG(s) dict_keys(['example_branch_operator']) retrieved from /home/airflow/.local/lib/python3.7/site-packages/airflow/example_dags/example_branch_operator.py
[2022-04-25 12:44:18,037] {logging_mixin.py:109} INFO - [2022-04-25 12:44:18,037] {dag.py:2398} INFO - Sync 1 DAGs
[2022-04-25 12:44:18,066] {logging_mixin.py:109} INFO - [2022-04-25 12:44:18,066] {dag.py:2937} INFO - Setting next_dagrun for example_branch_operator to 2022-04-24 00:00:00+00:00
[2022-04-25 12:44:18,085] {processor.py:171} INFO - Processing /home/airflow/.local/lib/python3.7/site-packages/airflow/example_dags/example_branch_operator.py took 0.132 seconds
[2022-04-25 12:44:48,438] {processor.py:163} INFO - Started process (PID=484) to work on /home/airflow/.local/lib/python3.7/site-packages/airflow/example_dags/example_branch_operator.py
[2022-04-25 12:44:48,442] {processor.py:642} INFO - Processing file /home/airflow/.local/lib/python3.7/site-packages/airflow/example_dags/example_branch_operator.py for tasks to queue
[2022-04-25 12:44:48,444] {logging_mixin.py:109} INFO - [2022-04-25 12:44:48,443] {dagbag.py:500} INFO - Filling up the DagBag from /home/airflow/.local/lib/python3.7/site-packages/airflow/example_dags/example_branch_operator.py
[2022-04-25 12:44:48,472] {processor.py:652} INFO - DAG(s) dict_keys(['example_branch_operator']) retrieved from /home/airflow/.local/lib/python3.7/site-packages/airflow/example_dags/example_branch_operator.py
[2022-04-25 12:44:48,522] {logging_mixin.py:109} INFO - [2022-04-25 12:44:48,522] {dag.py:2398} INFO - Sync 1 DAGs
[2022-04-25 12:44:48,564] {logging_mixin.py:109} INFO - [2022-04-25 12:44:48,563] {dag.py:2937} INFO - Setting next_dagrun for example_branch_operator to 2022-04-24 00:00:00+00:00
[2022-04-25 12:44:48,584] {processor.py:171} INFO - Processing /home/airflow/.local/lib/python3.7/site-packages/airflow/example_dags/example_branch_operator.py took 0.153 seconds
[2022-04-25 12:45:18,892] {processor.py:163} INFO - Started process (PID=535) to work on /home/airflow/.local/lib/python3.7/site-packages/airflow/example_dags/example_branch_operator.py
[2022-04-25 12:45:18,898] {processor.py:642} INFO - Processing file /home/airflow/.local/lib/python3.7/site-packages/airflow/example_dags/example_branch_operator.py for tasks to queue
[2022-04-25 12:45:18,901] {logging_mixin.py:109} INFO - [2022-04-25 12:45:18,901] {dagbag.py:500} INFO - Filling up the DagBag from /home/airflow/.local/lib/python3.7/site-packages/airflow/example_dags/example_branch_operator.py
[2022-04-25 12:45:18,952] {processor.py:652} INFO - DAG(s) dict_keys(['example_branch_operator']) retrieved from /home/airflow/.local/lib/python3.7/site-packages/airflow/example_dags/example_branch_operator.py
[2022-04-25 12:45:19,016] {logging_mixin.py:109} INFO - [2022-04-25 12:45:19,016] {dag.py:2398} INFO - Sync 1 DAGs
[2022-04-25 12:45:19,053] {logging_mixin.py:109} INFO - [2022-04-25 12:45:19,053] {dag.py:2937} INFO - Setting next_dagrun for example_branch_operator to 2022-04-24 00:00:00+00:00
[2022-04-25 12:45:19,067] {processor.py:171} INFO - Processing /home/airflow/.local/lib/python3.7/site-packages/airflow/example_dags/example_branch_operator.py took 0.183 seconds
[2022-04-25 12:45:49,846] {processor.py:163} INFO - Started process (PID=588) to work on /home/airflow/.local/lib/python3.7/site-packages/airflow/example_dags/example_branch_operator.py
[2022-04-25 12:45:49,850] {processor.py:642} INFO - Processing file /home/airflow/.local/lib/python3.7/site-packages/airflow/example_dags/example_branch_operator.py for tasks to queue
[2022-04-25 12:45:49,859] {logging_mixin.py:109} INFO - [2022-04-25 12:45:49,859] {dagbag.py:500} INFO - Filling up the DagBag from /home/airflow/.local/lib/python3.7/site-packages/airflow/example_dags/example_branch_operator.py
[2022-04-25 12:45:49,928] {processor.py:652} INFO - DAG(s) dict_keys(['example_branch_operator']) retrieved from /home/airflow/.local/lib/python3.7/site-packages/airflow/example_dags/example_branch_operator.py
[2022-04-25 12:45:49,985] {logging_mixin.py:109} INFO - [2022-04-25 12:45:49,985] {dag.py:2398} INFO - Sync 1 DAGs
[2022-04-25 12:45:50,219] {logging_mixin.py:109} INFO - [2022-04-25 12:45:50,219] {dag.py:2937} INFO - Setting next_dagrun for example_branch_operator to 2022-04-24 00:00:00+00:00
[2022-04-25 12:45:50,292] {processor.py:171} INFO - Processing /home/airflow/.local/lib/python3.7/site-packages/airflow/example_dags/example_branch_operator.py took 0.451 seconds
[2022-04-25 12:46:20,896] {processor.py:163} INFO - Started process (PID=638) to work on /home/airflow/.local/lib/python3.7/site-packages/airflow/example_dags/example_branch_operator.py
[2022-04-25 12:46:20,914] {processor.py:642} INFO - Processing file /home/airflow/.local/lib/python3.7/site-packages/airflow/example_dags/example_branch_operator.py for tasks to queue
[2022-04-25 12:46:20,924] {logging_mixin.py:109} INFO - [2022-04-25 12:46:20,923] {dagbag.py:500} INFO - Filling up the DagBag from /home/airflow/.local/lib/python3.7/site-packages/airflow/example_dags/example_branch_operator.py
[2022-04-25 12:46:21,012] {processor.py:652} INFO - DAG(s) dict_keys(['example_branch_operator']) retrieved from /home/airflow/.local/lib/python3.7/site-packages/airflow/example_dags/example_branch_operator.py
[2022-04-25 12:46:21,127] {logging_mixin.py:109} INFO - [2022-04-25 12:46:21,127] {dag.py:2398} INFO - Sync 1 DAGs
[2022-04-25 12:46:21,258] {logging_mixin.py:109} INFO - [2022-04-25 12:46:21,258] {dag.py:2937} INFO - Setting next_dagrun for example_branch_operator to 2022-04-24 00:00:00+00:00
[2022-04-25 12:46:21,314] {processor.py:171} INFO - Processing /home/airflow/.local/lib/python3.7/site-packages/airflow/example_dags/example_branch_operator.py took 0.441 seconds
[2022-04-25 12:46:51,932] {processor.py:163} INFO - Started process (PID=694) to work on /home/airflow/.local/lib/python3.7/site-packages/airflow/example_dags/example_branch_operator.py
[2022-04-25 12:46:51,941] {processor.py:642} INFO - Processing file /home/airflow/.local/lib/python3.7/site-packages/airflow/example_dags/example_branch_operator.py for tasks to queue
[2022-04-25 12:46:51,951] {logging_mixin.py:109} INFO - [2022-04-25 12:46:51,951] {dagbag.py:500} INFO - Filling up the DagBag from /home/airflow/.local/lib/python3.7/site-packages/airflow/example_dags/example_branch_operator.py
[2022-04-25 12:46:52,061] {processor.py:652} INFO - DAG(s) dict_keys(['example_branch_operator']) retrieved from /home/airflow/.local/lib/python3.7/site-packages/airflow/example_dags/example_branch_operator.py
[2022-04-25 12:46:52,167] {logging_mixin.py:109} INFO - [2022-04-25 12:46:52,167] {dag.py:2398} INFO - Sync 1 DAGs
[2022-04-25 12:46:52,232] {logging_mixin.py:109} INFO - [2022-04-25 12:46:52,232] {dag.py:2937} INFO - Setting next_dagrun for example_branch_operator to 2022-04-24 00:00:00+00:00
[2022-04-25 12:46:52,280] {processor.py:171} INFO - Processing /home/airflow/.local/lib/python3.7/site-packages/airflow/example_dags/example_branch_operator.py took 0.360 seconds
[2022-04-25 12:47:22,877] {processor.py:163} INFO - Started process (PID=744) to work on /home/airflow/.local/lib/python3.7/site-packages/airflow/example_dags/example_branch_operator.py
[2022-04-25 12:47:22,889] {processor.py:642} INFO - Processing file /home/airflow/.local/lib/python3.7/site-packages/airflow/example_dags/example_branch_operator.py for tasks to queue
[2022-04-25 12:47:22,892] {logging_mixin.py:109} INFO - [2022-04-25 12:47:22,892] {dagbag.py:500} INFO - Filling up the DagBag from /home/airflow/.local/lib/python3.7/site-packages/airflow/example_dags/example_branch_operator.py
[2022-04-25 12:47:23,061] {processor.py:652} INFO - DAG(s) dict_keys(['example_branch_operator']) retrieved from /home/airflow/.local/lib/python3.7/site-packages/airflow/example_dags/example_branch_operator.py
[2022-04-25 12:47:23,187] {logging_mixin.py:109} INFO - [2022-04-25 12:47:23,187] {dag.py:2398} INFO - Sync 1 DAGs
[2022-04-25 12:47:23,324] {logging_mixin.py:109} INFO - [2022-04-25 12:47:23,324] {dag.py:2937} INFO - Setting next_dagrun for example_branch_operator to 2022-04-24 00:00:00+00:00
[2022-04-25 12:47:23,384] {processor.py:171} INFO - Processing /home/airflow/.local/lib/python3.7/site-packages/airflow/example_dags/example_branch_operator.py took 0.537 seconds
[2022-04-25 12:47:54,051] {processor.py:163} INFO - Started process (PID=792) to work on /home/airflow/.local/lib/python3.7/site-packages/airflow/example_dags/example_branch_operator.py
[2022-04-25 12:47:54,064] {processor.py:642} INFO - Processing file /home/airflow/.local/lib/python3.7/site-packages/airflow/example_dags/example_branch_operator.py for tasks to queue
[2022-04-25 12:47:54,073] {logging_mixin.py:109} INFO - [2022-04-25 12:47:54,072] {dagbag.py:500} INFO - Filling up the DagBag from /home/airflow/.local/lib/python3.7/site-packages/airflow/example_dags/example_branch_operator.py
[2022-04-25 12:47:54,215] {processor.py:652} INFO - DAG(s) dict_keys(['example_branch_operator']) retrieved from /home/airflow/.local/lib/python3.7/site-packages/airflow/example_dags/example_branch_operator.py
[2022-04-25 12:47:54,384] {logging_mixin.py:109} INFO - [2022-04-25 12:47:54,384] {dag.py:2398} INFO - Sync 1 DAGs
[2022-04-25 12:47:54,547] {logging_mixin.py:109} INFO - [2022-04-25 12:47:54,535] {dag.py:2937} INFO - Setting next_dagrun for example_branch_operator to 2022-04-24 00:00:00+00:00
[2022-04-25 12:47:54,607] {processor.py:171} INFO - Processing /home/airflow/.local/lib/python3.7/site-packages/airflow/example_dags/example_branch_operator.py took 0.600 seconds
[2022-04-25 12:48:24,963] {processor.py:163} INFO - Started process (PID=846) to work on /home/airflow/.local/lib/python3.7/site-packages/airflow/example_dags/example_branch_operator.py
[2022-04-25 12:48:24,989] {processor.py:642} INFO - Processing file /home/airflow/.local/lib/python3.7/site-packages/airflow/example_dags/example_branch_operator.py for tasks to queue
[2022-04-25 12:48:25,003] {logging_mixin.py:109} INFO - [2022-04-25 12:48:25,001] {dagbag.py:500} INFO - Filling up the DagBag from /home/airflow/.local/lib/python3.7/site-packages/airflow/example_dags/example_branch_operator.py
[2022-04-25 12:48:25,081] {processor.py:652} INFO - DAG(s) dict_keys(['example_branch_operator']) retrieved from /home/airflow/.local/lib/python3.7/site-packages/airflow/example_dags/example_branch_operator.py
[2022-04-25 12:48:25,178] {logging_mixin.py:109} INFO - [2022-04-25 12:48:25,177] {dag.py:2398} INFO - Sync 1 DAGs
[2022-04-25 12:48:25,216] {logging_mixin.py:109} INFO - [2022-04-25 12:48:25,216] {dag.py:2937} INFO - Setting next_dagrun for example_branch_operator to 2022-04-24 00:00:00+00:00
[2022-04-25 12:48:25,270] {processor.py:171} INFO - Processing /home/airflow/.local/lib/python3.7/site-packages/airflow/example_dags/example_branch_operator.py took 0.361 seconds
[2022-04-25 12:48:56,428] {processor.py:163} INFO - Started process (PID=896) to work on /home/airflow/.local/lib/python3.7/site-packages/airflow/example_dags/example_branch_operator.py
[2022-04-25 12:48:56,441] {processor.py:642} INFO - Processing file /home/airflow/.local/lib/python3.7/site-packages/airflow/example_dags/example_branch_operator.py for tasks to queue
[2022-04-25 12:48:56,447] {logging_mixin.py:109} INFO - [2022-04-25 12:48:56,446] {dagbag.py:500} INFO - Filling up the DagBag from /home/airflow/.local/lib/python3.7/site-packages/airflow/example_dags/example_branch_operator.py
[2022-04-25 12:48:56,549] {processor.py:652} INFO - DAG(s) dict_keys(['example_branch_operator']) retrieved from /home/airflow/.local/lib/python3.7/site-packages/airflow/example_dags/example_branch_operator.py
[2022-04-25 12:48:56,626] {logging_mixin.py:109} INFO - [2022-04-25 12:48:56,626] {dag.py:2398} INFO - Sync 1 DAGs
[2022-04-25 12:48:56,690] {logging_mixin.py:109} INFO - [2022-04-25 12:48:56,689] {dag.py:2937} INFO - Setting next_dagrun for example_branch_operator to 2022-04-24 00:00:00+00:00
[2022-04-25 12:48:56,739] {processor.py:171} INFO - Processing /home/airflow/.local/lib/python3.7/site-packages/airflow/example_dags/example_branch_operator.py took 0.325 seconds
[2022-04-25 12:52:45,159] {processor.py:163} INFO - Started process (PID=949) to work on /home/airflow/.local/lib/python3.7/site-packages/airflow/example_dags/example_branch_operator.py
[2022-04-25 12:52:45,169] {processor.py:642} INFO - Processing file /home/airflow/.local/lib/python3.7/site-packages/airflow/example_dags/example_branch_operator.py for tasks to queue
[2022-04-25 12:52:45,174] {logging_mixin.py:109} INFO - [2022-04-25 12:52:45,173] {dagbag.py:500} INFO - Filling up the DagBag from /home/airflow/.local/lib/python3.7/site-packages/airflow/example_dags/example_branch_operator.py
[2022-04-25 12:52:45,274] {processor.py:652} INFO - DAG(s) dict_keys(['example_branch_operator']) retrieved from /home/airflow/.local/lib/python3.7/site-packages/airflow/example_dags/example_branch_operator.py
[2022-04-25 12:52:45,357] {logging_mixin.py:109} INFO - [2022-04-25 12:52:45,357] {dag.py:2398} INFO - Sync 1 DAGs
[2022-04-25 12:52:45,390] {logging_mixin.py:109} INFO - [2022-04-25 12:52:45,390] {dag.py:2937} INFO - Setting next_dagrun for example_branch_operator to 2022-04-24 00:00:00+00:00
[2022-04-25 12:52:45,408] {processor.py:171} INFO - Processing /home/airflow/.local/lib/python3.7/site-packages/airflow/example_dags/example_branch_operator.py took 0.263 seconds
[2022-04-25 12:53:15,871] {processor.py:163} INFO - Started process (PID=999) to work on /home/airflow/.local/lib/python3.7/site-packages/airflow/example_dags/example_branch_operator.py
[2022-04-25 12:53:15,876] {processor.py:642} INFO - Processing file /home/airflow/.local/lib/python3.7/site-packages/airflow/example_dags/example_branch_operator.py for tasks to queue
[2022-04-25 12:53:15,879] {logging_mixin.py:109} INFO - [2022-04-25 12:53:15,879] {dagbag.py:500} INFO - Filling up the DagBag from /home/airflow/.local/lib/python3.7/site-packages/airflow/example_dags/example_branch_operator.py
[2022-04-25 12:53:15,922] {processor.py:652} INFO - DAG(s) dict_keys(['example_branch_operator']) retrieved from /home/airflow/.local/lib/python3.7/site-packages/airflow/example_dags/example_branch_operator.py
[2022-04-25 12:53:15,979] {logging_mixin.py:109} INFO - [2022-04-25 12:53:15,978] {dag.py:2398} INFO - Sync 1 DAGs
[2022-04-25 12:53:16,017] {logging_mixin.py:109} INFO - [2022-04-25 12:53:16,016] {dag.py:2937} INFO - Setting next_dagrun for example_branch_operator to 2022-04-24 00:00:00+00:00
[2022-04-25 12:53:16,031] {processor.py:171} INFO - Processing /home/airflow/.local/lib/python3.7/site-packages/airflow/example_dags/example_branch_operator.py took 0.171 seconds
[2022-04-25 12:53:46,652] {processor.py:163} INFO - Started process (PID=1051) to work on /home/airflow/.local/lib/python3.7/site-packages/airflow/example_dags/example_branch_operator.py
[2022-04-25 12:53:46,659] {processor.py:642} INFO - Processing file /home/airflow/.local/lib/python3.7/site-packages/airflow/example_dags/example_branch_operator.py for tasks to queue
[2022-04-25 12:53:46,664] {logging_mixin.py:109} INFO - [2022-04-25 12:53:46,663] {dagbag.py:500} INFO - Filling up the DagBag from /home/airflow/.local/lib/python3.7/site-packages/airflow/example_dags/example_branch_operator.py
[2022-04-25 12:53:46,703] {processor.py:652} INFO - DAG(s) dict_keys(['example_branch_operator']) retrieved from /home/airflow/.local/lib/python3.7/site-packages/airflow/example_dags/example_branch_operator.py
[2022-04-25 12:53:46,798] {logging_mixin.py:109} INFO - [2022-04-25 12:53:46,798] {dag.py:2398} INFO - Sync 1 DAGs
[2022-04-25 12:53:46,871] {logging_mixin.py:109} INFO - [2022-04-25 12:53:46,871] {dag.py:2937} INFO - Setting next_dagrun for example_branch_operator to 2022-04-24 00:00:00+00:00
[2022-04-25 12:53:46,900] {processor.py:171} INFO - Processing /home/airflow/.local/lib/python3.7/site-packages/airflow/example_dags/example_branch_operator.py took 0.254 seconds
[2022-04-25 12:54:17,109] {processor.py:163} INFO - Started process (PID=1101) to work on /home/airflow/.local/lib/python3.7/site-packages/airflow/example_dags/example_branch_operator.py
[2022-04-25 12:54:17,113] {processor.py:642} INFO - Processing file /home/airflow/.local/lib/python3.7/site-packages/airflow/example_dags/example_branch_operator.py for tasks to queue
[2022-04-25 12:54:17,115] {logging_mixin.py:109} INFO - [2022-04-25 12:54:17,114] {dagbag.py:500} INFO - Filling up the DagBag from /home/airflow/.local/lib/python3.7/site-packages/airflow/example_dags/example_branch_operator.py
[2022-04-25 12:54:17,154] {processor.py:652} INFO - DAG(s) dict_keys(['example_branch_operator']) retrieved from /home/airflow/.local/lib/python3.7/site-packages/airflow/example_dags/example_branch_operator.py
[2022-04-25 12:54:17,230] {logging_mixin.py:109} INFO - [2022-04-25 12:54:17,219] {dag.py:2398} INFO - Sync 1 DAGs
[2022-04-25 12:54:17,268] {logging_mixin.py:109} INFO - [2022-04-25 12:54:17,268] {dag.py:2937} INFO - Setting next_dagrun for example_branch_operator to 2022-04-24 00:00:00+00:00
[2022-04-25 12:54:17,282] {processor.py:171} INFO - Processing /home/airflow/.local/lib/python3.7/site-packages/airflow/example_dags/example_branch_operator.py took 0.179 seconds
[2022-04-25 12:54:47,725] {processor.py:163} INFO - Started process (PID=1151) to work on /home/airflow/.local/lib/python3.7/site-packages/airflow/example_dags/example_branch_operator.py
[2022-04-25 12:54:47,731] {processor.py:642} INFO - Processing file /home/airflow/.local/lib/python3.7/site-packages/airflow/example_dags/example_branch_operator.py for tasks to queue
[2022-04-25 12:54:47,733] {logging_mixin.py:109} INFO - [2022-04-25 12:54:47,733] {dagbag.py:500} INFO - Filling up the DagBag from /home/airflow/.local/lib/python3.7/site-packages/airflow/example_dags/example_branch_operator.py
[2022-04-25 12:54:47,856] {processor.py:652} INFO - DAG(s) dict_keys(['example_branch_operator']) retrieved from /home/airflow/.local/lib/python3.7/site-packages/airflow/example_dags/example_branch_operator.py
[2022-04-25 12:54:47,975] {logging_mixin.py:109} INFO - [2022-04-25 12:54:47,974] {dag.py:2398} INFO - Sync 1 DAGs
[2022-04-25 12:54:48,032] {logging_mixin.py:109} INFO - [2022-04-25 12:54:48,032] {dag.py:2937} INFO - Setting next_dagrun for example_branch_operator to 2022-04-24 00:00:00+00:00
[2022-04-25 12:54:48,064] {processor.py:171} INFO - Processing /home/airflow/.local/lib/python3.7/site-packages/airflow/example_dags/example_branch_operator.py took 0.370 seconds
[2022-04-25 12:55:18,363] {processor.py:163} INFO - Started process (PID=1205) to work on /home/airflow/.local/lib/python3.7/site-packages/airflow/example_dags/example_branch_operator.py
[2022-04-25 12:55:18,366] {processor.py:642} INFO - Processing file /home/airflow/.local/lib/python3.7/site-packages/airflow/example_dags/example_branch_operator.py for tasks to queue
[2022-04-25 12:55:18,369] {logging_mixin.py:109} INFO - [2022-04-25 12:55:18,368] {dagbag.py:500} INFO - Filling up the DagBag from /home/airflow/.local/lib/python3.7/site-packages/airflow/example_dags/example_branch_operator.py
[2022-04-25 12:55:18,401] {processor.py:652} INFO - DAG(s) dict_keys(['example_branch_operator']) retrieved from /home/airflow/.local/lib/python3.7/site-packages/airflow/example_dags/example_branch_operator.py
[2022-04-25 12:55:18,445] {logging_mixin.py:109} INFO - [2022-04-25 12:55:18,445] {dag.py:2398} INFO - Sync 1 DAGs
[2022-04-25 12:55:18,477] {logging_mixin.py:109} INFO - [2022-04-25 12:55:18,477] {dag.py:2937} INFO - Setting next_dagrun for example_branch_operator to 2022-04-24 00:00:00+00:00
[2022-04-25 12:55:18,500] {processor.py:171} INFO - Processing /home/airflow/.local/lib/python3.7/site-packages/airflow/example_dags/example_branch_operator.py took 0.142 seconds
[2022-04-25 12:55:48,652] {processor.py:163} INFO - Started process (PID=1264) to work on /home/airflow/.local/lib/python3.7/site-packages/airflow/example_dags/example_branch_operator.py
[2022-04-25 12:55:48,662] {processor.py:642} INFO - Processing file /home/airflow/.local/lib/python3.7/site-packages/airflow/example_dags/example_branch_operator.py for tasks to queue
[2022-04-25 12:55:48,667] {logging_mixin.py:109} INFO - [2022-04-25 12:55:48,667] {dagbag.py:500} INFO - Filling up the DagBag from /home/airflow/.local/lib/python3.7/site-packages/airflow/example_dags/example_branch_operator.py
[2022-04-25 12:55:48,730] {processor.py:652} INFO - DAG(s) dict_keys(['example_branch_operator']) retrieved from /home/airflow/.local/lib/python3.7/site-packages/airflow/example_dags/example_branch_operator.py
[2022-04-25 12:55:48,762] {logging_mixin.py:109} INFO - [2022-04-25 12:55:48,762] {dag.py:2398} INFO - Sync 1 DAGs
[2022-04-25 12:55:48,794] {logging_mixin.py:109} INFO - [2022-04-25 12:55:48,794] {dag.py:2937} INFO - Setting next_dagrun for example_branch_operator to 2022-04-24 00:00:00+00:00
[2022-04-25 12:55:48,809] {processor.py:171} INFO - Processing /home/airflow/.local/lib/python3.7/site-packages/airflow/example_dags/example_branch_operator.py took 0.162 seconds
[2022-04-25 12:56:18,944] {processor.py:163} INFO - Started process (PID=1319) to work on /home/airflow/.local/lib/python3.7/site-packages/airflow/example_dags/example_branch_operator.py
[2022-04-25 12:56:18,949] {processor.py:642} INFO - Processing file /home/airflow/.local/lib/python3.7/site-packages/airflow/example_dags/example_branch_operator.py for tasks to queue
[2022-04-25 12:56:18,953] {logging_mixin.py:109} INFO - [2022-04-25 12:56:18,952] {dagbag.py:500} INFO - Filling up the DagBag from /home/airflow/.local/lib/python3.7/site-packages/airflow/example_dags/example_branch_operator.py
[2022-04-25 12:56:18,998] {processor.py:652} INFO - DAG(s) dict_keys(['example_branch_operator']) retrieved from /home/airflow/.local/lib/python3.7/site-packages/airflow/example_dags/example_branch_operator.py
[2022-04-25 12:56:19,047] {logging_mixin.py:109} INFO - [2022-04-25 12:56:19,047] {dag.py:2398} INFO - Sync 1 DAGs
[2022-04-25 12:56:19,078] {logging_mixin.py:109} INFO - [2022-04-25 12:56:19,077] {dag.py:2937} INFO - Setting next_dagrun for example_branch_operator to 2022-04-24 00:00:00+00:00
[2022-04-25 12:56:19,097] {processor.py:171} INFO - Processing /home/airflow/.local/lib/python3.7/site-packages/airflow/example_dags/example_branch_operator.py took 0.170 seconds
[2022-04-25 12:56:49,455] {processor.py:163} INFO - Started process (PID=1371) to work on /home/airflow/.local/lib/python3.7/site-packages/airflow/example_dags/example_branch_operator.py
[2022-04-25 12:56:49,464] {processor.py:642} INFO - Processing file /home/airflow/.local/lib/python3.7/site-packages/airflow/example_dags/example_branch_operator.py for tasks to queue
[2022-04-25 12:56:49,468] {logging_mixin.py:109} INFO - [2022-04-25 12:56:49,466] {dagbag.py:500} INFO - Filling up the DagBag from /home/airflow/.local/lib/python3.7/site-packages/airflow/example_dags/example_branch_operator.py
[2022-04-25 12:56:49,538] {processor.py:652} INFO - DAG(s) dict_keys(['example_branch_operator']) retrieved from /home/airflow/.local/lib/python3.7/site-packages/airflow/example_dags/example_branch_operator.py
[2022-04-25 12:56:49,619] {logging_mixin.py:109} INFO - [2022-04-25 12:56:49,619] {dag.py:2398} INFO - Sync 1 DAGs
[2022-04-25 12:56:49,651] {logging_mixin.py:109} INFO - [2022-04-25 12:56:49,651] {dag.py:2937} INFO - Setting next_dagrun for example_branch_operator to 2022-04-24 00:00:00+00:00
[2022-04-25 12:56:49,686] {processor.py:171} INFO - Processing /home/airflow/.local/lib/python3.7/site-packages/airflow/example_dags/example_branch_operator.py took 0.245 seconds
[2022-04-25 12:57:20,134] {processor.py:163} INFO - Started process (PID=1424) to work on /home/airflow/.local/lib/python3.7/site-packages/airflow/example_dags/example_branch_operator.py
[2022-04-25 12:57:20,138] {processor.py:642} INFO - Processing file /home/airflow/.local/lib/python3.7/site-packages/airflow/example_dags/example_branch_operator.py for tasks to queue
[2022-04-25 12:57:20,149] {logging_mixin.py:109} INFO - [2022-04-25 12:57:20,149] {dagbag.py:500} INFO - Filling up the DagBag from /home/airflow/.local/lib/python3.7/site-packages/airflow/example_dags/example_branch_operator.py
[2022-04-25 12:57:20,258] {processor.py:652} INFO - DAG(s) dict_keys(['example_branch_operator']) retrieved from /home/airflow/.local/lib/python3.7/site-packages/airflow/example_dags/example_branch_operator.py
[2022-04-25 12:57:20,370] {logging_mixin.py:109} INFO - [2022-04-25 12:57:20,370] {dag.py:2398} INFO - Sync 1 DAGs
[2022-04-25 12:57:20,440] {logging_mixin.py:109} INFO - [2022-04-25 12:57:20,440] {dag.py:2937} INFO - Setting next_dagrun for example_branch_operator to 2022-04-24 00:00:00+00:00
[2022-04-25 12:57:20,489] {processor.py:171} INFO - Processing /home/airflow/.local/lib/python3.7/site-packages/airflow/example_dags/example_branch_operator.py took 0.374 seconds
[2022-04-25 12:57:50,682] {processor.py:163} INFO - Started process (PID=1477) to work on /home/airflow/.local/lib/python3.7/site-packages/airflow/example_dags/example_branch_operator.py
[2022-04-25 12:57:50,688] {processor.py:642} INFO - Processing file /home/airflow/.local/lib/python3.7/site-packages/airflow/example_dags/example_branch_operator.py for tasks to queue
[2022-04-25 12:57:50,691] {logging_mixin.py:109} INFO - [2022-04-25 12:57:50,690] {dagbag.py:500} INFO - Filling up the DagBag from /home/airflow/.local/lib/python3.7/site-packages/airflow/example_dags/example_branch_operator.py
[2022-04-25 12:57:50,729] {processor.py:652} INFO - DAG(s) dict_keys(['example_branch_operator']) retrieved from /home/airflow/.local/lib/python3.7/site-packages/airflow/example_dags/example_branch_operator.py
[2022-04-25 12:57:50,771] {logging_mixin.py:109} INFO - [2022-04-25 12:57:50,771] {dag.py:2398} INFO - Sync 1 DAGs
[2022-04-25 12:57:50,816] {logging_mixin.py:109} INFO - [2022-04-25 12:57:50,816] {dag.py:2937} INFO - Setting next_dagrun for example_branch_operator to 2022-04-24 00:00:00+00:00
[2022-04-25 12:57:50,865] {processor.py:171} INFO - Processing /home/airflow/.local/lib/python3.7/site-packages/airflow/example_dags/example_branch_operator.py took 0.192 seconds
[2022-04-25 12:58:23,208] {processor.py:163} INFO - Started process (PID=1534) to work on /home/airflow/.local/lib/python3.7/site-packages/airflow/example_dags/example_branch_operator.py
[2022-04-25 12:58:23,215] {processor.py:642} INFO - Processing file /home/airflow/.local/lib/python3.7/site-packages/airflow/example_dags/example_branch_operator.py for tasks to queue
[2022-04-25 12:58:23,221] {logging_mixin.py:109} INFO - [2022-04-25 12:58:23,221] {dagbag.py:500} INFO - Filling up the DagBag from /home/airflow/.local/lib/python3.7/site-packages/airflow/example_dags/example_branch_operator.py
[2022-04-25 12:58:23,287] {processor.py:652} INFO - DAG(s) dict_keys(['example_branch_operator']) retrieved from /home/airflow/.local/lib/python3.7/site-packages/airflow/example_dags/example_branch_operator.py
[2022-04-25 12:58:23,331] {logging_mixin.py:109} INFO - [2022-04-25 12:58:23,331] {dag.py:2398} INFO - Sync 1 DAGs
[2022-04-25 12:58:23,359] {logging_mixin.py:109} INFO - [2022-04-25 12:58:23,359] {dag.py:2937} INFO - Setting next_dagrun for example_branch_operator to 2022-04-24 00:00:00+00:00
[2022-04-25 12:58:23,391] {processor.py:171} INFO - Processing /home/airflow/.local/lib/python3.7/site-packages/airflow/example_dags/example_branch_operator.py took 0.188 seconds
[2022-04-25 12:58:55,198] {processor.py:163} INFO - Started process (PID=1584) to work on /home/airflow/.local/lib/python3.7/site-packages/airflow/example_dags/example_branch_operator.py
[2022-04-25 12:58:55,202] {processor.py:642} INFO - Processing file /home/airflow/.local/lib/python3.7/site-packages/airflow/example_dags/example_branch_operator.py for tasks to queue
[2022-04-25 12:58:55,222] {logging_mixin.py:109} INFO - [2022-04-25 12:58:55,222] {dagbag.py:500} INFO - Filling up the DagBag from /home/airflow/.local/lib/python3.7/site-packages/airflow/example_dags/example_branch_operator.py
[2022-04-25 12:58:55,348] {processor.py:652} INFO - DAG(s) dict_keys(['example_branch_operator']) retrieved from /home/airflow/.local/lib/python3.7/site-packages/airflow/example_dags/example_branch_operator.py
[2022-04-25 12:58:55,419] {logging_mixin.py:109} INFO - [2022-04-25 12:58:55,419] {dag.py:2398} INFO - Sync 1 DAGs
[2022-04-25 12:58:55,465] {logging_mixin.py:109} INFO - [2022-04-25 12:58:55,465] {dag.py:2937} INFO - Setting next_dagrun for example_branch_operator to 2022-04-24 00:00:00+00:00
[2022-04-25 12:58:55,496] {processor.py:171} INFO - Processing /home/airflow/.local/lib/python3.7/site-packages/airflow/example_dags/example_branch_operator.py took 0.328 seconds
[2022-04-25 12:59:25,848] {processor.py:163} INFO - Started process (PID=1638) to work on /home/airflow/.local/lib/python3.7/site-packages/airflow/example_dags/example_branch_operator.py
[2022-04-25 12:59:25,851] {processor.py:642} INFO - Processing file /home/airflow/.local/lib/python3.7/site-packages/airflow/example_dags/example_branch_operator.py for tasks to queue
[2022-04-25 12:59:25,854] {logging_mixin.py:109} INFO - [2022-04-25 12:59:25,854] {dagbag.py:500} INFO - Filling up the DagBag from /home/airflow/.local/lib/python3.7/site-packages/airflow/example_dags/example_branch_operator.py
[2022-04-25 12:59:25,891] {processor.py:652} INFO - DAG(s) dict_keys(['example_branch_operator']) retrieved from /home/airflow/.local/lib/python3.7/site-packages/airflow/example_dags/example_branch_operator.py
[2022-04-25 12:59:25,925] {logging_mixin.py:109} INFO - [2022-04-25 12:59:25,925] {dag.py:2398} INFO - Sync 1 DAGs
[2022-04-25 12:59:25,963] {logging_mixin.py:109} INFO - [2022-04-25 12:59:25,963] {dag.py:2937} INFO - Setting next_dagrun for example_branch_operator to 2022-04-24 00:00:00+00:00
[2022-04-25 12:59:25,982] {processor.py:171} INFO - Processing /home/airflow/.local/lib/python3.7/site-packages/airflow/example_dags/example_branch_operator.py took 0.146 seconds
[2022-04-25 12:59:56,097] {processor.py:163} INFO - Started process (PID=1690) to work on /home/airflow/.local/lib/python3.7/site-packages/airflow/example_dags/example_branch_operator.py
[2022-04-25 12:59:56,100] {processor.py:642} INFO - Processing file /home/airflow/.local/lib/python3.7/site-packages/airflow/example_dags/example_branch_operator.py for tasks to queue
[2022-04-25 12:59:56,103] {logging_mixin.py:109} INFO - [2022-04-25 12:59:56,103] {dagbag.py:500} INFO - Filling up the DagBag from /home/airflow/.local/lib/python3.7/site-packages/airflow/example_dags/example_branch_operator.py
[2022-04-25 12:59:56,143] {processor.py:652} INFO - DAG(s) dict_keys(['example_branch_operator']) retrieved from /home/airflow/.local/lib/python3.7/site-packages/airflow/example_dags/example_branch_operator.py
[2022-04-25 12:59:56,194] {logging_mixin.py:109} INFO - [2022-04-25 12:59:56,194] {dag.py:2398} INFO - Sync 1 DAGs
[2022-04-25 12:59:56,230] {logging_mixin.py:109} INFO - [2022-04-25 12:59:56,229] {dag.py:2937} INFO - Setting next_dagrun for example_branch_operator to 2022-04-24 00:00:00+00:00
[2022-04-25 12:59:56,244] {processor.py:171} INFO - Processing /home/airflow/.local/lib/python3.7/site-packages/airflow/example_dags/example_branch_operator.py took 0.155 seconds
[2022-04-25 13:00:26,796] {processor.py:163} INFO - Started process (PID=1742) to work on /home/airflow/.local/lib/python3.7/site-packages/airflow/example_dags/example_branch_operator.py
[2022-04-25 13:00:26,815] {processor.py:642} INFO - Processing file /home/airflow/.local/lib/python3.7/site-packages/airflow/example_dags/example_branch_operator.py for tasks to queue
[2022-04-25 13:00:26,820] {logging_mixin.py:109} INFO - [2022-04-25 13:00:26,819] {dagbag.py:500} INFO - Filling up the DagBag from /home/airflow/.local/lib/python3.7/site-packages/airflow/example_dags/example_branch_operator.py
[2022-04-25 13:00:26,885] {processor.py:652} INFO - DAG(s) dict_keys(['example_branch_operator']) retrieved from /home/airflow/.local/lib/python3.7/site-packages/airflow/example_dags/example_branch_operator.py
[2022-04-25 13:00:26,979] {logging_mixin.py:109} INFO - [2022-04-25 13:00:26,979] {dag.py:2398} INFO - Sync 1 DAGs
[2022-04-25 13:00:27,050] {logging_mixin.py:109} INFO - [2022-04-25 13:00:27,050] {dag.py:2937} INFO - Setting next_dagrun for example_branch_operator to 2022-04-24 00:00:00+00:00
[2022-04-25 13:00:27,097] {processor.py:171} INFO - Processing /home/airflow/.local/lib/python3.7/site-packages/airflow/example_dags/example_branch_operator.py took 0.336 seconds
[2022-04-25 13:00:57,831] {processor.py:163} INFO - Started process (PID=1790) to work on /home/airflow/.local/lib/python3.7/site-packages/airflow/example_dags/example_branch_operator.py
[2022-04-25 13:00:57,836] {processor.py:642} INFO - Processing file /home/airflow/.local/lib/python3.7/site-packages/airflow/example_dags/example_branch_operator.py for tasks to queue
[2022-04-25 13:00:57,838] {logging_mixin.py:109} INFO - [2022-04-25 13:00:57,838] {dagbag.py:500} INFO - Filling up the DagBag from /home/airflow/.local/lib/python3.7/site-packages/airflow/example_dags/example_branch_operator.py
[2022-04-25 13:00:57,912] {processor.py:652} INFO - DAG(s) dict_keys(['example_branch_operator']) retrieved from /home/airflow/.local/lib/python3.7/site-packages/airflow/example_dags/example_branch_operator.py
[2022-04-25 13:00:58,020] {logging_mixin.py:109} INFO - [2022-04-25 13:00:58,020] {dag.py:2398} INFO - Sync 1 DAGs
[2022-04-25 13:00:58,169] {logging_mixin.py:109} INFO - [2022-04-25 13:00:58,169] {dag.py:2937} INFO - Setting next_dagrun for example_branch_operator to 2022-04-24 00:00:00+00:00
[2022-04-25 13:00:58,208] {processor.py:171} INFO - Processing /home/airflow/.local/lib/python3.7/site-packages/airflow/example_dags/example_branch_operator.py took 0.397 seconds
[2022-04-25 13:01:28,816] {processor.py:163} INFO - Started process (PID=1847) to work on /home/airflow/.local/lib/python3.7/site-packages/airflow/example_dags/example_branch_operator.py
[2022-04-25 13:01:28,826] {processor.py:642} INFO - Processing file /home/airflow/.local/lib/python3.7/site-packages/airflow/example_dags/example_branch_operator.py for tasks to queue
[2022-04-25 13:01:28,828] {logging_mixin.py:109} INFO - [2022-04-25 13:01:28,828] {dagbag.py:500} INFO - Filling up the DagBag from /home/airflow/.local/lib/python3.7/site-packages/airflow/example_dags/example_branch_operator.py
[2022-04-25 13:01:28,955] {processor.py:652} INFO - DAG(s) dict_keys(['example_branch_operator']) retrieved from /home/airflow/.local/lib/python3.7/site-packages/airflow/example_dags/example_branch_operator.py
[2022-04-25 13:01:29,028] {logging_mixin.py:109} INFO - [2022-04-25 13:01:29,028] {dag.py:2398} INFO - Sync 1 DAGs
[2022-04-25 13:01:29,107] {logging_mixin.py:109} INFO - [2022-04-25 13:01:29,107] {dag.py:2937} INFO - Setting next_dagrun for example_branch_operator to 2022-04-24 00:00:00+00:00
[2022-04-25 13:01:29,166] {processor.py:171} INFO - Processing /home/airflow/.local/lib/python3.7/site-packages/airflow/example_dags/example_branch_operator.py took 0.367 seconds
[2022-04-25 13:01:59,363] {processor.py:163} INFO - Started process (PID=1904) to work on /home/airflow/.local/lib/python3.7/site-packages/airflow/example_dags/example_branch_operator.py
[2022-04-25 13:01:59,373] {processor.py:642} INFO - Processing file /home/airflow/.local/lib/python3.7/site-packages/airflow/example_dags/example_branch_operator.py for tasks to queue
[2022-04-25 13:01:59,380] {logging_mixin.py:109} INFO - [2022-04-25 13:01:59,378] {dagbag.py:500} INFO - Filling up the DagBag from /home/airflow/.local/lib/python3.7/site-packages/airflow/example_dags/example_branch_operator.py
[2022-04-25 13:01:59,475] {processor.py:652} INFO - DAG(s) dict_keys(['example_branch_operator']) retrieved from /home/airflow/.local/lib/python3.7/site-packages/airflow/example_dags/example_branch_operator.py
[2022-04-25 13:01:59,564] {logging_mixin.py:109} INFO - [2022-04-25 13:01:59,564] {dag.py:2398} INFO - Sync 1 DAGs
[2022-04-25 13:01:59,621] {logging_mixin.py:109} INFO - [2022-04-25 13:01:59,621] {dag.py:2937} INFO - Setting next_dagrun for example_branch_operator to 2022-04-24 00:00:00+00:00
[2022-04-25 13:01:59,662] {processor.py:171} INFO - Processing /home/airflow/.local/lib/python3.7/site-packages/airflow/example_dags/example_branch_operator.py took 0.321 seconds
[2022-04-25 13:02:30,324] {processor.py:163} INFO - Started process (PID=1955) to work on /home/airflow/.local/lib/python3.7/site-packages/airflow/example_dags/example_branch_operator.py
[2022-04-25 13:02:30,338] {processor.py:642} INFO - Processing file /home/airflow/.local/lib/python3.7/site-packages/airflow/example_dags/example_branch_operator.py for tasks to queue
[2022-04-25 13:02:30,350] {logging_mixin.py:109} INFO - [2022-04-25 13:02:30,350] {dagbag.py:500} INFO - Filling up the DagBag from /home/airflow/.local/lib/python3.7/site-packages/airflow/example_dags/example_branch_operator.py
[2022-04-25 13:02:30,579] {processor.py:652} INFO - DAG(s) dict_keys(['example_branch_operator']) retrieved from /home/airflow/.local/lib/python3.7/site-packages/airflow/example_dags/example_branch_operator.py
[2022-04-25 13:02:30,678] {logging_mixin.py:109} INFO - [2022-04-25 13:02:30,678] {dag.py:2398} INFO - Sync 1 DAGs
[2022-04-25 13:02:30,812] {logging_mixin.py:109} INFO - [2022-04-25 13:02:30,812] {dag.py:2937} INFO - Setting next_dagrun for example_branch_operator to 2022-04-24 00:00:00+00:00
[2022-04-25 13:02:30,881] {processor.py:171} INFO - Processing /home/airflow/.local/lib/python3.7/site-packages/airflow/example_dags/example_branch_operator.py took 0.572 seconds
[2022-04-25 13:11:57,918] {processor.py:163} INFO - Started process (PID=2021) to work on /home/airflow/.local/lib/python3.7/site-packages/airflow/example_dags/example_branch_operator.py
[2022-04-25 13:11:57,931] {processor.py:642} INFO - Processing file /home/airflow/.local/lib/python3.7/site-packages/airflow/example_dags/example_branch_operator.py for tasks to queue
[2022-04-25 13:11:57,939] {logging_mixin.py:109} INFO - [2022-04-25 13:11:57,937] {dagbag.py:500} INFO - Filling up the DagBag from /home/airflow/.local/lib/python3.7/site-packages/airflow/example_dags/example_branch_operator.py
[2022-04-25 13:11:58,107] {processor.py:652} INFO - DAG(s) dict_keys(['example_branch_operator']) retrieved from /home/airflow/.local/lib/python3.7/site-packages/airflow/example_dags/example_branch_operator.py
[2022-04-25 13:11:58,230] {logging_mixin.py:109} INFO - [2022-04-25 13:11:58,229] {dag.py:2398} INFO - Sync 1 DAGs
[2022-04-25 13:11:58,346] {logging_mixin.py:109} INFO - [2022-04-25 13:11:58,346] {dag.py:2937} INFO - Setting next_dagrun for example_branch_operator to 2022-04-24 00:00:00+00:00
[2022-04-25 13:11:58,392] {processor.py:171} INFO - Processing /home/airflow/.local/lib/python3.7/site-packages/airflow/example_dags/example_branch_operator.py took 0.492 seconds
