[2022-04-25 12:39:51,206] {processor.py:163} INFO - Started process (PID=57) to work on /home/airflow/.local/lib/python3.7/site-packages/airflow/example_dags/example_subdag_operator.py
[2022-04-25 12:39:51,224] {processor.py:642} INFO - Processing file /home/airflow/.local/lib/python3.7/site-packages/airflow/example_dags/example_subdag_operator.py for tasks to queue
[2022-04-25 12:39:51,239] {logging_mixin.py:109} INFO - [2022-04-25 12:39:51,234] {dagbag.py:500} INFO - Filling up the DagBag from /home/airflow/.local/lib/python3.7/site-packages/airflow/example_dags/example_subdag_operator.py
[2022-04-25 12:39:51,849] {processor.py:652} INFO - DAG(s) dict_keys(['example_subdag_operator.section-1', 'example_subdag_operator.section-2', 'example_subdag_operator']) retrieved from /home/airflow/.local/lib/python3.7/site-packages/airflow/example_dags/example_subdag_operator.py
[2022-04-25 12:40:44,953] {processor.py:163} INFO - Started process (PID=91) to work on /home/airflow/.local/lib/python3.7/site-packages/airflow/example_dags/example_subdag_operator.py
[2022-04-25 12:40:44,973] {processor.py:642} INFO - Processing file /home/airflow/.local/lib/python3.7/site-packages/airflow/example_dags/example_subdag_operator.py for tasks to queue
[2022-04-25 12:40:44,983] {logging_mixin.py:109} INFO - [2022-04-25 12:40:44,983] {dagbag.py:500} INFO - Filling up the DagBag from /home/airflow/.local/lib/python3.7/site-packages/airflow/example_dags/example_subdag_operator.py
[2022-04-25 12:40:45,525] {processor.py:652} INFO - DAG(s) dict_keys(['example_subdag_operator.section-1', 'example_subdag_operator.section-2', 'example_subdag_operator']) retrieved from /home/airflow/.local/lib/python3.7/site-packages/airflow/example_dags/example_subdag_operator.py
[2022-04-25 12:41:05,489] {logging_mixin.py:109} INFO - [2022-04-25 12:41:05,489] {manager.py:496} INFO - Created Permission View: can read on DAG:example_subdag_operator
[2022-04-25 12:41:05,511] {logging_mixin.py:109} INFO - [2022-04-25 12:41:05,511] {manager.py:496} INFO - Created Permission View: can edit on DAG:example_subdag_operator
[2022-04-25 12:41:05,513] {logging_mixin.py:109} INFO - [2022-04-25 12:41:05,513] {dag.py:2398} INFO - Sync 3 DAGs
[2022-04-25 12:41:05,539] {logging_mixin.py:109} INFO - [2022-04-25 12:41:05,539] {dag.py:2417} INFO - Creating ORM DAG for example_subdag_operator
[2022-04-25 12:41:05,543] {logging_mixin.py:109} INFO - [2022-04-25 12:41:05,543] {dag.py:2417} INFO - Creating ORM DAG for example_subdag_operator.section-2
[2022-04-25 12:41:05,553] {logging_mixin.py:109} INFO - [2022-04-25 12:41:05,552] {dag.py:2417} INFO - Creating ORM DAG for example_subdag_operator.section-1
[2022-04-25 12:41:05,578] {logging_mixin.py:109} INFO - [2022-04-25 12:41:05,578] {dag.py:2937} INFO - Setting next_dagrun for example_subdag_operator to 2022-04-23T00:00:00+00:00
[2022-04-25 12:41:05,580] {logging_mixin.py:109} INFO - [2022-04-25 12:41:05,579] {dag.py:2937} INFO - Setting next_dagrun for example_subdag_operator.section-1 to None
[2022-04-25 12:41:05,581] {logging_mixin.py:109} INFO - [2022-04-25 12:41:05,581] {dag.py:2937} INFO - Setting next_dagrun for example_subdag_operator.section-2 to None
[2022-04-25 12:41:05,607] {logging_mixin.py:109} INFO - [2022-04-25 12:41:05,607] {dag.py:2398} INFO - Sync 2 DAGs
[2022-04-25 12:41:05,639] {logging_mixin.py:109} INFO - [2022-04-25 12:41:05,638] {dag.py:2937} INFO - Setting next_dagrun for example_subdag_operator.section-1 to None
[2022-04-25 12:41:05,641] {logging_mixin.py:109} INFO - [2022-04-25 12:41:05,640] {dag.py:2937} INFO - Setting next_dagrun for example_subdag_operator.section-2 to None
[2022-04-25 12:41:05,658] {processor.py:171} INFO - Processing /home/airflow/.local/lib/python3.7/site-packages/airflow/example_dags/example_subdag_operator.py took 20.829 seconds
[2022-04-25 12:42:31,639] {processor.py:163} INFO - Started process (PID=241) to work on /home/airflow/.local/lib/python3.7/site-packages/airflow/example_dags/example_subdag_operator.py
[2022-04-25 12:42:31,644] {processor.py:642} INFO - Processing file /home/airflow/.local/lib/python3.7/site-packages/airflow/example_dags/example_subdag_operator.py for tasks to queue
[2022-04-25 12:42:31,647] {logging_mixin.py:109} INFO - [2022-04-25 12:42:31,647] {dagbag.py:500} INFO - Filling up the DagBag from /home/airflow/.local/lib/python3.7/site-packages/airflow/example_dags/example_subdag_operator.py
[2022-04-25 12:42:31,769] {processor.py:652} INFO - DAG(s) dict_keys(['example_subdag_operator.section-1', 'example_subdag_operator.section-2', 'example_subdag_operator']) retrieved from /home/airflow/.local/lib/python3.7/site-packages/airflow/example_dags/example_subdag_operator.py
[2022-04-25 12:42:31,814] {logging_mixin.py:109} INFO - [2022-04-25 12:42:31,814] {dag.py:2398} INFO - Sync 3 DAGs
[2022-04-25 12:42:31,863] {logging_mixin.py:109} INFO - [2022-04-25 12:42:31,863] {dag.py:2937} INFO - Setting next_dagrun for example_subdag_operator to 2022-04-23T00:00:00+00:00
[2022-04-25 12:42:31,866] {logging_mixin.py:109} INFO - [2022-04-25 12:42:31,865] {dag.py:2937} INFO - Setting next_dagrun for example_subdag_operator.section-1 to None
[2022-04-25 12:42:31,868] {logging_mixin.py:109} INFO - [2022-04-25 12:42:31,867] {dag.py:2937} INFO - Setting next_dagrun for example_subdag_operator.section-2 to None
[2022-04-25 12:42:31,892] {logging_mixin.py:109} INFO - [2022-04-25 12:42:31,892] {dag.py:2398} INFO - Sync 2 DAGs
[2022-04-25 12:42:31,924] {logging_mixin.py:109} INFO - [2022-04-25 12:42:31,924] {dag.py:2937} INFO - Setting next_dagrun for example_subdag_operator.section-1 to None
[2022-04-25 12:42:31,927] {logging_mixin.py:109} INFO - [2022-04-25 12:42:31,927] {dag.py:2937} INFO - Setting next_dagrun for example_subdag_operator.section-2 to None
[2022-04-25 12:42:31,954] {processor.py:171} INFO - Processing /home/airflow/.local/lib/python3.7/site-packages/airflow/example_dags/example_subdag_operator.py took 0.337 seconds
[2022-04-25 12:43:02,545] {processor.py:163} INFO - Started process (PID=294) to work on /home/airflow/.local/lib/python3.7/site-packages/airflow/example_dags/example_subdag_operator.py
[2022-04-25 12:43:02,551] {processor.py:642} INFO - Processing file /home/airflow/.local/lib/python3.7/site-packages/airflow/example_dags/example_subdag_operator.py for tasks to queue
[2022-04-25 12:43:02,554] {logging_mixin.py:109} INFO - [2022-04-25 12:43:02,554] {dagbag.py:500} INFO - Filling up the DagBag from /home/airflow/.local/lib/python3.7/site-packages/airflow/example_dags/example_subdag_operator.py
[2022-04-25 12:43:02,619] {processor.py:652} INFO - DAG(s) dict_keys(['example_subdag_operator.section-1', 'example_subdag_operator.section-2', 'example_subdag_operator']) retrieved from /home/airflow/.local/lib/python3.7/site-packages/airflow/example_dags/example_subdag_operator.py
[2022-04-25 12:43:02,649] {logging_mixin.py:109} INFO - [2022-04-25 12:43:02,648] {dag.py:2398} INFO - Sync 3 DAGs
[2022-04-25 12:43:02,693] {logging_mixin.py:109} INFO - [2022-04-25 12:43:02,693] {dag.py:2937} INFO - Setting next_dagrun for example_subdag_operator to 2022-04-23T00:00:00+00:00
[2022-04-25 12:43:02,696] {logging_mixin.py:109} INFO - [2022-04-25 12:43:02,696] {dag.py:2937} INFO - Setting next_dagrun for example_subdag_operator.section-1 to None
[2022-04-25 12:43:02,698] {logging_mixin.py:109} INFO - [2022-04-25 12:43:02,698] {dag.py:2937} INFO - Setting next_dagrun for example_subdag_operator.section-2 to None
[2022-04-25 12:43:02,720] {logging_mixin.py:109} INFO - [2022-04-25 12:43:02,719] {dag.py:2398} INFO - Sync 2 DAGs
[2022-04-25 12:43:02,749] {logging_mixin.py:109} INFO - [2022-04-25 12:43:02,748] {dag.py:2937} INFO - Setting next_dagrun for example_subdag_operator.section-1 to None
[2022-04-25 12:43:02,751] {logging_mixin.py:109} INFO - [2022-04-25 12:43:02,751] {dag.py:2937} INFO - Setting next_dagrun for example_subdag_operator.section-2 to None
[2022-04-25 12:43:02,778] {processor.py:171} INFO - Processing /home/airflow/.local/lib/python3.7/site-packages/airflow/example_dags/example_subdag_operator.py took 0.247 seconds
[2022-04-25 12:43:32,934] {processor.py:163} INFO - Started process (PID=346) to work on /home/airflow/.local/lib/python3.7/site-packages/airflow/example_dags/example_subdag_operator.py
[2022-04-25 12:43:32,938] {processor.py:642} INFO - Processing file /home/airflow/.local/lib/python3.7/site-packages/airflow/example_dags/example_subdag_operator.py for tasks to queue
[2022-04-25 12:43:32,940] {logging_mixin.py:109} INFO - [2022-04-25 12:43:32,940] {dagbag.py:500} INFO - Filling up the DagBag from /home/airflow/.local/lib/python3.7/site-packages/airflow/example_dags/example_subdag_operator.py
[2022-04-25 12:43:33,005] {processor.py:652} INFO - DAG(s) dict_keys(['example_subdag_operator.section-1', 'example_subdag_operator.section-2', 'example_subdag_operator']) retrieved from /home/airflow/.local/lib/python3.7/site-packages/airflow/example_dags/example_subdag_operator.py
[2022-04-25 12:43:33,027] {logging_mixin.py:109} INFO - [2022-04-25 12:43:33,027] {dag.py:2398} INFO - Sync 3 DAGs
[2022-04-25 12:43:33,059] {logging_mixin.py:109} INFO - [2022-04-25 12:43:33,058] {dag.py:2937} INFO - Setting next_dagrun for example_subdag_operator to 2022-04-23T00:00:00+00:00
[2022-04-25 12:43:33,061] {logging_mixin.py:109} INFO - [2022-04-25 12:43:33,060] {dag.py:2937} INFO - Setting next_dagrun for example_subdag_operator.section-1 to None
[2022-04-25 12:43:33,062] {logging_mixin.py:109} INFO - [2022-04-25 12:43:33,062] {dag.py:2937} INFO - Setting next_dagrun for example_subdag_operator.section-2 to None
[2022-04-25 12:43:33,072] {logging_mixin.py:109} INFO - [2022-04-25 12:43:33,072] {dag.py:2398} INFO - Sync 2 DAGs
[2022-04-25 12:43:33,091] {logging_mixin.py:109} INFO - [2022-04-25 12:43:33,090] {dag.py:2937} INFO - Setting next_dagrun for example_subdag_operator.section-1 to None
[2022-04-25 12:43:33,093] {logging_mixin.py:109} INFO - [2022-04-25 12:43:33,093] {dag.py:2937} INFO - Setting next_dagrun for example_subdag_operator.section-2 to None
[2022-04-25 12:43:33,115] {processor.py:171} INFO - Processing /home/airflow/.local/lib/python3.7/site-packages/airflow/example_dags/example_subdag_operator.py took 0.187 seconds
[2022-04-25 12:44:03,267] {processor.py:163} INFO - Started process (PID=398) to work on /home/airflow/.local/lib/python3.7/site-packages/airflow/example_dags/example_subdag_operator.py
[2022-04-25 12:44:03,270] {processor.py:642} INFO - Processing file /home/airflow/.local/lib/python3.7/site-packages/airflow/example_dags/example_subdag_operator.py for tasks to queue
[2022-04-25 12:44:03,272] {logging_mixin.py:109} INFO - [2022-04-25 12:44:03,272] {dagbag.py:500} INFO - Filling up the DagBag from /home/airflow/.local/lib/python3.7/site-packages/airflow/example_dags/example_subdag_operator.py
[2022-04-25 12:44:03,363] {processor.py:652} INFO - DAG(s) dict_keys(['example_subdag_operator.section-1', 'example_subdag_operator.section-2', 'example_subdag_operator']) retrieved from /home/airflow/.local/lib/python3.7/site-packages/airflow/example_dags/example_subdag_operator.py
[2022-04-25 12:44:03,389] {logging_mixin.py:109} INFO - [2022-04-25 12:44:03,389] {dag.py:2398} INFO - Sync 3 DAGs
[2022-04-25 12:44:03,418] {logging_mixin.py:109} INFO - [2022-04-25 12:44:03,418] {dag.py:2937} INFO - Setting next_dagrun for example_subdag_operator to 2022-04-23T00:00:00+00:00
[2022-04-25 12:44:03,421] {logging_mixin.py:109} INFO - [2022-04-25 12:44:03,420] {dag.py:2937} INFO - Setting next_dagrun for example_subdag_operator.section-1 to None
[2022-04-25 12:44:03,423] {logging_mixin.py:109} INFO - [2022-04-25 12:44:03,422] {dag.py:2937} INFO - Setting next_dagrun for example_subdag_operator.section-2 to None
[2022-04-25 12:44:03,450] {logging_mixin.py:109} INFO - [2022-04-25 12:44:03,450] {dag.py:2398} INFO - Sync 2 DAGs
[2022-04-25 12:44:03,475] {logging_mixin.py:109} INFO - [2022-04-25 12:44:03,475] {dag.py:2937} INFO - Setting next_dagrun for example_subdag_operator.section-1 to None
[2022-04-25 12:44:03,478] {logging_mixin.py:109} INFO - [2022-04-25 12:44:03,477] {dag.py:2937} INFO - Setting next_dagrun for example_subdag_operator.section-2 to None
[2022-04-25 12:44:03,501] {processor.py:171} INFO - Processing /home/airflow/.local/lib/python3.7/site-packages/airflow/example_dags/example_subdag_operator.py took 0.240 seconds
[2022-04-25 12:44:33,674] {processor.py:163} INFO - Started process (PID=450) to work on /home/airflow/.local/lib/python3.7/site-packages/airflow/example_dags/example_subdag_operator.py
[2022-04-25 12:44:33,679] {processor.py:642} INFO - Processing file /home/airflow/.local/lib/python3.7/site-packages/airflow/example_dags/example_subdag_operator.py for tasks to queue
[2022-04-25 12:44:33,682] {logging_mixin.py:109} INFO - [2022-04-25 12:44:33,682] {dagbag.py:500} INFO - Filling up the DagBag from /home/airflow/.local/lib/python3.7/site-packages/airflow/example_dags/example_subdag_operator.py
[2022-04-25 12:44:33,807] {processor.py:652} INFO - DAG(s) dict_keys(['example_subdag_operator.section-1', 'example_subdag_operator.section-2', 'example_subdag_operator']) retrieved from /home/airflow/.local/lib/python3.7/site-packages/airflow/example_dags/example_subdag_operator.py
[2022-04-25 12:44:33,855] {logging_mixin.py:109} INFO - [2022-04-25 12:44:33,854] {dag.py:2398} INFO - Sync 3 DAGs
[2022-04-25 12:44:33,939] {logging_mixin.py:109} INFO - [2022-04-25 12:44:33,938] {dag.py:2937} INFO - Setting next_dagrun for example_subdag_operator to 2022-04-23T00:00:00+00:00
[2022-04-25 12:44:33,943] {logging_mixin.py:109} INFO - [2022-04-25 12:44:33,942] {dag.py:2937} INFO - Setting next_dagrun for example_subdag_operator.section-1 to None
[2022-04-25 12:44:33,944] {logging_mixin.py:109} INFO - [2022-04-25 12:44:33,944] {dag.py:2937} INFO - Setting next_dagrun for example_subdag_operator.section-2 to None
[2022-04-25 12:44:33,958] {logging_mixin.py:109} INFO - [2022-04-25 12:44:33,958] {dag.py:2398} INFO - Sync 2 DAGs
[2022-04-25 12:44:33,975] {logging_mixin.py:109} INFO - [2022-04-25 12:44:33,975] {dag.py:2937} INFO - Setting next_dagrun for example_subdag_operator.section-1 to None
[2022-04-25 12:44:33,977] {logging_mixin.py:109} INFO - [2022-04-25 12:44:33,977] {dag.py:2937} INFO - Setting next_dagrun for example_subdag_operator.section-2 to None
[2022-04-25 12:44:34,002] {processor.py:171} INFO - Processing /home/airflow/.local/lib/python3.7/site-packages/airflow/example_dags/example_subdag_operator.py took 0.343 seconds
[2022-04-25 12:45:04,291] {processor.py:163} INFO - Started process (PID=501) to work on /home/airflow/.local/lib/python3.7/site-packages/airflow/example_dags/example_subdag_operator.py
[2022-04-25 12:45:04,295] {processor.py:642} INFO - Processing file /home/airflow/.local/lib/python3.7/site-packages/airflow/example_dags/example_subdag_operator.py for tasks to queue
[2022-04-25 12:45:04,298] {logging_mixin.py:109} INFO - [2022-04-25 12:45:04,298] {dagbag.py:500} INFO - Filling up the DagBag from /home/airflow/.local/lib/python3.7/site-packages/airflow/example_dags/example_subdag_operator.py
[2022-04-25 12:45:04,374] {processor.py:652} INFO - DAG(s) dict_keys(['example_subdag_operator.section-1', 'example_subdag_operator.section-2', 'example_subdag_operator']) retrieved from /home/airflow/.local/lib/python3.7/site-packages/airflow/example_dags/example_subdag_operator.py
[2022-04-25 12:45:04,405] {logging_mixin.py:109} INFO - [2022-04-25 12:45:04,404] {dag.py:2398} INFO - Sync 3 DAGs
[2022-04-25 12:45:04,454] {logging_mixin.py:109} INFO - [2022-04-25 12:45:04,454] {dag.py:2937} INFO - Setting next_dagrun for example_subdag_operator to 2022-04-23T00:00:00+00:00
[2022-04-25 12:45:04,457] {logging_mixin.py:109} INFO - [2022-04-25 12:45:04,457] {dag.py:2937} INFO - Setting next_dagrun for example_subdag_operator.section-1 to None
[2022-04-25 12:45:04,459] {logging_mixin.py:109} INFO - [2022-04-25 12:45:04,459] {dag.py:2937} INFO - Setting next_dagrun for example_subdag_operator.section-2 to None
[2022-04-25 12:45:04,487] {logging_mixin.py:109} INFO - [2022-04-25 12:45:04,486] {dag.py:2398} INFO - Sync 2 DAGs
[2022-04-25 12:45:04,504] {logging_mixin.py:109} INFO - [2022-04-25 12:45:04,504] {dag.py:2937} INFO - Setting next_dagrun for example_subdag_operator.section-1 to None
[2022-04-25 12:45:04,506] {logging_mixin.py:109} INFO - [2022-04-25 12:45:04,506] {dag.py:2937} INFO - Setting next_dagrun for example_subdag_operator.section-2 to None
[2022-04-25 12:45:04,518] {processor.py:171} INFO - Processing /home/airflow/.local/lib/python3.7/site-packages/airflow/example_dags/example_subdag_operator.py took 0.236 seconds
[2022-04-25 12:45:34,792] {processor.py:163} INFO - Started process (PID=554) to work on /home/airflow/.local/lib/python3.7/site-packages/airflow/example_dags/example_subdag_operator.py
[2022-04-25 12:45:34,795] {processor.py:642} INFO - Processing file /home/airflow/.local/lib/python3.7/site-packages/airflow/example_dags/example_subdag_operator.py for tasks to queue
[2022-04-25 12:45:34,797] {logging_mixin.py:109} INFO - [2022-04-25 12:45:34,797] {dagbag.py:500} INFO - Filling up the DagBag from /home/airflow/.local/lib/python3.7/site-packages/airflow/example_dags/example_subdag_operator.py
[2022-04-25 12:45:34,862] {processor.py:652} INFO - DAG(s) dict_keys(['example_subdag_operator.section-1', 'example_subdag_operator.section-2', 'example_subdag_operator']) retrieved from /home/airflow/.local/lib/python3.7/site-packages/airflow/example_dags/example_subdag_operator.py
[2022-04-25 12:45:34,891] {logging_mixin.py:109} INFO - [2022-04-25 12:45:34,891] {dag.py:2398} INFO - Sync 3 DAGs
[2022-04-25 12:45:34,958] {logging_mixin.py:109} INFO - [2022-04-25 12:45:34,957] {dag.py:2937} INFO - Setting next_dagrun for example_subdag_operator to 2022-04-23T00:00:00+00:00
[2022-04-25 12:45:34,960] {logging_mixin.py:109} INFO - [2022-04-25 12:45:34,960] {dag.py:2937} INFO - Setting next_dagrun for example_subdag_operator.section-1 to None
[2022-04-25 12:45:34,963] {logging_mixin.py:109} INFO - [2022-04-25 12:45:34,963] {dag.py:2937} INFO - Setting next_dagrun for example_subdag_operator.section-2 to None
[2022-04-25 12:45:34,979] {logging_mixin.py:109} INFO - [2022-04-25 12:45:34,979] {dag.py:2398} INFO - Sync 2 DAGs
[2022-04-25 12:45:35,007] {logging_mixin.py:109} INFO - [2022-04-25 12:45:35,007] {dag.py:2937} INFO - Setting next_dagrun for example_subdag_operator.section-1 to None
[2022-04-25 12:45:35,009] {logging_mixin.py:109} INFO - [2022-04-25 12:45:35,009] {dag.py:2937} INFO - Setting next_dagrun for example_subdag_operator.section-2 to None
[2022-04-25 12:45:35,021] {processor.py:171} INFO - Processing /home/airflow/.local/lib/python3.7/site-packages/airflow/example_dags/example_subdag_operator.py took 0.236 seconds
[2022-04-25 12:46:05,554] {processor.py:163} INFO - Started process (PID=607) to work on /home/airflow/.local/lib/python3.7/site-packages/airflow/example_dags/example_subdag_operator.py
[2022-04-25 12:46:05,561] {processor.py:642} INFO - Processing file /home/airflow/.local/lib/python3.7/site-packages/airflow/example_dags/example_subdag_operator.py for tasks to queue
[2022-04-25 12:46:05,563] {logging_mixin.py:109} INFO - [2022-04-25 12:46:05,563] {dagbag.py:500} INFO - Filling up the DagBag from /home/airflow/.local/lib/python3.7/site-packages/airflow/example_dags/example_subdag_operator.py
[2022-04-25 12:46:05,652] {processor.py:652} INFO - DAG(s) dict_keys(['example_subdag_operator.section-1', 'example_subdag_operator.section-2', 'example_subdag_operator']) retrieved from /home/airflow/.local/lib/python3.7/site-packages/airflow/example_dags/example_subdag_operator.py
[2022-04-25 12:46:05,694] {logging_mixin.py:109} INFO - [2022-04-25 12:46:05,694] {dag.py:2398} INFO - Sync 3 DAGs
[2022-04-25 12:46:05,737] {logging_mixin.py:109} INFO - [2022-04-25 12:46:05,737] {dag.py:2937} INFO - Setting next_dagrun for example_subdag_operator to 2022-04-23T00:00:00+00:00
[2022-04-25 12:46:05,739] {logging_mixin.py:109} INFO - [2022-04-25 12:46:05,739] {dag.py:2937} INFO - Setting next_dagrun for example_subdag_operator.section-1 to None
[2022-04-25 12:46:05,741] {logging_mixin.py:109} INFO - [2022-04-25 12:46:05,741] {dag.py:2937} INFO - Setting next_dagrun for example_subdag_operator.section-2 to None
[2022-04-25 12:46:05,752] {logging_mixin.py:109} INFO - [2022-04-25 12:46:05,752] {dag.py:2398} INFO - Sync 2 DAGs
[2022-04-25 12:46:05,781] {logging_mixin.py:109} INFO - [2022-04-25 12:46:05,781] {dag.py:2937} INFO - Setting next_dagrun for example_subdag_operator.section-1 to None
[2022-04-25 12:46:05,791] {logging_mixin.py:109} INFO - [2022-04-25 12:46:05,790] {dag.py:2937} INFO - Setting next_dagrun for example_subdag_operator.section-2 to None
[2022-04-25 12:46:05,805] {processor.py:171} INFO - Processing /home/airflow/.local/lib/python3.7/site-packages/airflow/example_dags/example_subdag_operator.py took 0.256 seconds
[2022-04-25 12:46:35,992] {processor.py:163} INFO - Started process (PID=656) to work on /home/airflow/.local/lib/python3.7/site-packages/airflow/example_dags/example_subdag_operator.py
[2022-04-25 12:46:36,000] {processor.py:642} INFO - Processing file /home/airflow/.local/lib/python3.7/site-packages/airflow/example_dags/example_subdag_operator.py for tasks to queue
[2022-04-25 12:46:36,005] {logging_mixin.py:109} INFO - [2022-04-25 12:46:36,004] {dagbag.py:500} INFO - Filling up the DagBag from /home/airflow/.local/lib/python3.7/site-packages/airflow/example_dags/example_subdag_operator.py
[2022-04-25 12:46:36,142] {processor.py:652} INFO - DAG(s) dict_keys(['example_subdag_operator.section-1', 'example_subdag_operator.section-2', 'example_subdag_operator']) retrieved from /home/airflow/.local/lib/python3.7/site-packages/airflow/example_dags/example_subdag_operator.py
[2022-04-25 12:46:36,209] {logging_mixin.py:109} INFO - [2022-04-25 12:46:36,209] {dag.py:2398} INFO - Sync 3 DAGs
[2022-04-25 12:46:36,293] {logging_mixin.py:109} INFO - [2022-04-25 12:46:36,292] {dag.py:2937} INFO - Setting next_dagrun for example_subdag_operator to 2022-04-23T00:00:00+00:00
[2022-04-25 12:46:36,297] {logging_mixin.py:109} INFO - [2022-04-25 12:46:36,297] {dag.py:2937} INFO - Setting next_dagrun for example_subdag_operator.section-1 to None
[2022-04-25 12:46:36,301] {logging_mixin.py:109} INFO - [2022-04-25 12:46:36,301] {dag.py:2937} INFO - Setting next_dagrun for example_subdag_operator.section-2 to None
[2022-04-25 12:46:36,371] {logging_mixin.py:109} INFO - [2022-04-25 12:46:36,369] {dag.py:2398} INFO - Sync 2 DAGs
[2022-04-25 12:46:36,469] {logging_mixin.py:109} INFO - [2022-04-25 12:46:36,468] {dag.py:2937} INFO - Setting next_dagrun for example_subdag_operator.section-1 to None
[2022-04-25 12:46:36,476] {logging_mixin.py:109} INFO - [2022-04-25 12:46:36,474] {dag.py:2937} INFO - Setting next_dagrun for example_subdag_operator.section-2 to None
[2022-04-25 12:46:36,550] {processor.py:171} INFO - Processing /home/airflow/.local/lib/python3.7/site-packages/airflow/example_dags/example_subdag_operator.py took 0.569 seconds
[2022-04-25 12:47:06,736] {processor.py:163} INFO - Started process (PID=713) to work on /home/airflow/.local/lib/python3.7/site-packages/airflow/example_dags/example_subdag_operator.py
[2022-04-25 12:47:06,759] {processor.py:642} INFO - Processing file /home/airflow/.local/lib/python3.7/site-packages/airflow/example_dags/example_subdag_operator.py for tasks to queue
[2022-04-25 12:47:06,780] {logging_mixin.py:109} INFO - [2022-04-25 12:47:06,780] {dagbag.py:500} INFO - Filling up the DagBag from /home/airflow/.local/lib/python3.7/site-packages/airflow/example_dags/example_subdag_operator.py
[2022-04-25 12:47:06,996] {processor.py:652} INFO - DAG(s) dict_keys(['example_subdag_operator.section-1', 'example_subdag_operator.section-2', 'example_subdag_operator']) retrieved from /home/airflow/.local/lib/python3.7/site-packages/airflow/example_dags/example_subdag_operator.py
[2022-04-25 12:47:07,100] {logging_mixin.py:109} INFO - [2022-04-25 12:47:07,100] {dag.py:2398} INFO - Sync 3 DAGs
[2022-04-25 12:47:07,205] {logging_mixin.py:109} INFO - [2022-04-25 12:47:07,205] {dag.py:2937} INFO - Setting next_dagrun for example_subdag_operator to 2022-04-23T00:00:00+00:00
[2022-04-25 12:47:07,207] {logging_mixin.py:109} INFO - [2022-04-25 12:47:07,207] {dag.py:2937} INFO - Setting next_dagrun for example_subdag_operator.section-1 to None
[2022-04-25 12:47:07,209] {logging_mixin.py:109} INFO - [2022-04-25 12:47:07,209] {dag.py:2937} INFO - Setting next_dagrun for example_subdag_operator.section-2 to None
[2022-04-25 12:47:07,235] {logging_mixin.py:109} INFO - [2022-04-25 12:47:07,235] {dag.py:2398} INFO - Sync 2 DAGs
[2022-04-25 12:47:07,281] {logging_mixin.py:109} INFO - [2022-04-25 12:47:07,281] {dag.py:2937} INFO - Setting next_dagrun for example_subdag_operator.section-1 to None
[2022-04-25 12:47:07,283] {logging_mixin.py:109} INFO - [2022-04-25 12:47:07,283] {dag.py:2937} INFO - Setting next_dagrun for example_subdag_operator.section-2 to None
[2022-04-25 12:47:07,361] {processor.py:171} INFO - Processing /home/airflow/.local/lib/python3.7/site-packages/airflow/example_dags/example_subdag_operator.py took 0.643 seconds
[2022-04-25 12:47:37,511] {processor.py:163} INFO - Started process (PID=756) to work on /home/airflow/.local/lib/python3.7/site-packages/airflow/example_dags/example_subdag_operator.py
[2022-04-25 12:47:37,520] {processor.py:642} INFO - Processing file /home/airflow/.local/lib/python3.7/site-packages/airflow/example_dags/example_subdag_operator.py for tasks to queue
[2022-04-25 12:47:37,528] {logging_mixin.py:109} INFO - [2022-04-25 12:47:37,528] {dagbag.py:500} INFO - Filling up the DagBag from /home/airflow/.local/lib/python3.7/site-packages/airflow/example_dags/example_subdag_operator.py
[2022-04-25 12:47:37,744] {processor.py:652} INFO - DAG(s) dict_keys(['example_subdag_operator.section-1', 'example_subdag_operator.section-2', 'example_subdag_operator']) retrieved from /home/airflow/.local/lib/python3.7/site-packages/airflow/example_dags/example_subdag_operator.py
[2022-04-25 12:47:37,812] {logging_mixin.py:109} INFO - [2022-04-25 12:47:37,812] {dag.py:2398} INFO - Sync 3 DAGs
[2022-04-25 12:47:37,866] {logging_mixin.py:109} INFO - [2022-04-25 12:47:37,866] {dag.py:2937} INFO - Setting next_dagrun for example_subdag_operator to 2022-04-23T00:00:00+00:00
[2022-04-25 12:47:37,868] {logging_mixin.py:109} INFO - [2022-04-25 12:47:37,868] {dag.py:2937} INFO - Setting next_dagrun for example_subdag_operator.section-1 to None
[2022-04-25 12:47:37,869] {logging_mixin.py:109} INFO - [2022-04-25 12:47:37,869] {dag.py:2937} INFO - Setting next_dagrun for example_subdag_operator.section-2 to None
[2022-04-25 12:47:37,896] {logging_mixin.py:109} INFO - [2022-04-25 12:47:37,896] {dag.py:2398} INFO - Sync 2 DAGs
[2022-04-25 12:47:37,951] {logging_mixin.py:109} INFO - [2022-04-25 12:47:37,951] {dag.py:2937} INFO - Setting next_dagrun for example_subdag_operator.section-1 to None
[2022-04-25 12:47:37,955] {logging_mixin.py:109} INFO - [2022-04-25 12:47:37,954] {dag.py:2937} INFO - Setting next_dagrun for example_subdag_operator.section-2 to None
[2022-04-25 12:47:38,045] {processor.py:171} INFO - Processing /home/airflow/.local/lib/python3.7/site-packages/airflow/example_dags/example_subdag_operator.py took 0.558 seconds
[2022-04-25 12:48:08,538] {processor.py:163} INFO - Started process (PID=805) to work on /home/airflow/.local/lib/python3.7/site-packages/airflow/example_dags/example_subdag_operator.py
[2022-04-25 12:48:08,542] {processor.py:642} INFO - Processing file /home/airflow/.local/lib/python3.7/site-packages/airflow/example_dags/example_subdag_operator.py for tasks to queue
[2022-04-25 12:48:08,545] {logging_mixin.py:109} INFO - [2022-04-25 12:48:08,544] {dagbag.py:500} INFO - Filling up the DagBag from /home/airflow/.local/lib/python3.7/site-packages/airflow/example_dags/example_subdag_operator.py
[2022-04-25 12:48:08,629] {processor.py:652} INFO - DAG(s) dict_keys(['example_subdag_operator.section-1', 'example_subdag_operator.section-2', 'example_subdag_operator']) retrieved from /home/airflow/.local/lib/python3.7/site-packages/airflow/example_dags/example_subdag_operator.py
[2022-04-25 12:48:08,648] {logging_mixin.py:109} INFO - [2022-04-25 12:48:08,648] {dag.py:2398} INFO - Sync 3 DAGs
[2022-04-25 12:48:08,669] {logging_mixin.py:109} INFO - [2022-04-25 12:48:08,669] {dag.py:2937} INFO - Setting next_dagrun for example_subdag_operator to 2022-04-23T00:00:00+00:00
[2022-04-25 12:48:08,671] {logging_mixin.py:109} INFO - [2022-04-25 12:48:08,671] {dag.py:2937} INFO - Setting next_dagrun for example_subdag_operator.section-1 to None
[2022-04-25 12:48:08,677] {logging_mixin.py:109} INFO - [2022-04-25 12:48:08,677] {dag.py:2937} INFO - Setting next_dagrun for example_subdag_operator.section-2 to None
[2022-04-25 12:48:08,689] {logging_mixin.py:109} INFO - [2022-04-25 12:48:08,689] {dag.py:2398} INFO - Sync 2 DAGs
[2022-04-25 12:48:08,721] {logging_mixin.py:109} INFO - [2022-04-25 12:48:08,721] {dag.py:2937} INFO - Setting next_dagrun for example_subdag_operator.section-1 to None
[2022-04-25 12:48:08,723] {logging_mixin.py:109} INFO - [2022-04-25 12:48:08,723] {dag.py:2937} INFO - Setting next_dagrun for example_subdag_operator.section-2 to None
[2022-04-25 12:48:08,738] {processor.py:171} INFO - Processing /home/airflow/.local/lib/python3.7/site-packages/airflow/example_dags/example_subdag_operator.py took 0.207 seconds
[2022-04-25 12:48:39,275] {processor.py:163} INFO - Started process (PID=866) to work on /home/airflow/.local/lib/python3.7/site-packages/airflow/example_dags/example_subdag_operator.py
[2022-04-25 12:48:39,281] {processor.py:642} INFO - Processing file /home/airflow/.local/lib/python3.7/site-packages/airflow/example_dags/example_subdag_operator.py for tasks to queue
[2022-04-25 12:48:39,284] {logging_mixin.py:109} INFO - [2022-04-25 12:48:39,284] {dagbag.py:500} INFO - Filling up the DagBag from /home/airflow/.local/lib/python3.7/site-packages/airflow/example_dags/example_subdag_operator.py
[2022-04-25 12:48:39,468] {processor.py:652} INFO - DAG(s) dict_keys(['example_subdag_operator.section-1', 'example_subdag_operator.section-2', 'example_subdag_operator']) retrieved from /home/airflow/.local/lib/python3.7/site-packages/airflow/example_dags/example_subdag_operator.py
[2022-04-25 12:48:39,553] {logging_mixin.py:109} INFO - [2022-04-25 12:48:39,553] {dag.py:2398} INFO - Sync 3 DAGs
[2022-04-25 12:48:39,670] {logging_mixin.py:109} INFO - [2022-04-25 12:48:39,669] {dag.py:2937} INFO - Setting next_dagrun for example_subdag_operator to 2022-04-23T00:00:00+00:00
[2022-04-25 12:48:39,674] {logging_mixin.py:109} INFO - [2022-04-25 12:48:39,674] {dag.py:2937} INFO - Setting next_dagrun for example_subdag_operator.section-1 to None
[2022-04-25 12:48:39,677] {logging_mixin.py:109} INFO - [2022-04-25 12:48:39,677] {dag.py:2937} INFO - Setting next_dagrun for example_subdag_operator.section-2 to None
[2022-04-25 12:48:39,705] {logging_mixin.py:109} INFO - [2022-04-25 12:48:39,705] {dag.py:2398} INFO - Sync 2 DAGs
[2022-04-25 12:48:39,730] {logging_mixin.py:109} INFO - [2022-04-25 12:48:39,730] {dag.py:2937} INFO - Setting next_dagrun for example_subdag_operator.section-1 to None
[2022-04-25 12:48:39,732] {logging_mixin.py:109} INFO - [2022-04-25 12:48:39,732] {dag.py:2937} INFO - Setting next_dagrun for example_subdag_operator.section-2 to None
[2022-04-25 12:48:39,757] {processor.py:171} INFO - Processing /home/airflow/.local/lib/python3.7/site-packages/airflow/example_dags/example_subdag_operator.py took 0.503 seconds
[2022-04-25 12:52:28,030] {processor.py:163} INFO - Started process (PID=917) to work on /home/airflow/.local/lib/python3.7/site-packages/airflow/example_dags/example_subdag_operator.py
[2022-04-25 12:52:28,054] {processor.py:642} INFO - Processing file /home/airflow/.local/lib/python3.7/site-packages/airflow/example_dags/example_subdag_operator.py for tasks to queue
[2022-04-25 12:52:28,061] {logging_mixin.py:109} INFO - [2022-04-25 12:52:28,060] {dagbag.py:500} INFO - Filling up the DagBag from /home/airflow/.local/lib/python3.7/site-packages/airflow/example_dags/example_subdag_operator.py
[2022-04-25 12:52:28,821] {processor.py:652} INFO - DAG(s) dict_keys(['example_subdag_operator.section-1', 'example_subdag_operator.section-2', 'example_subdag_operator']) retrieved from /home/airflow/.local/lib/python3.7/site-packages/airflow/example_dags/example_subdag_operator.py
[2022-04-25 12:52:28,971] {logging_mixin.py:109} INFO - [2022-04-25 12:52:28,971] {dag.py:2398} INFO - Sync 3 DAGs
[2022-04-25 12:52:29,124] {logging_mixin.py:109} INFO - [2022-04-25 12:52:29,124] {dag.py:2937} INFO - Setting next_dagrun for example_subdag_operator to 2022-04-23T00:00:00+00:00
[2022-04-25 12:52:29,128] {logging_mixin.py:109} INFO - [2022-04-25 12:52:29,128] {dag.py:2937} INFO - Setting next_dagrun for example_subdag_operator.section-1 to None
[2022-04-25 12:52:29,132] {logging_mixin.py:109} INFO - [2022-04-25 12:52:29,132] {dag.py:2937} INFO - Setting next_dagrun for example_subdag_operator.section-2 to None
[2022-04-25 12:52:29,210] {logging_mixin.py:109} INFO - [2022-04-25 12:52:29,210] {dag.py:2398} INFO - Sync 2 DAGs
[2022-04-25 12:52:29,289] {logging_mixin.py:109} INFO - [2022-04-25 12:52:29,289] {dag.py:2937} INFO - Setting next_dagrun for example_subdag_operator.section-1 to None
[2022-04-25 12:52:29,297] {logging_mixin.py:109} INFO - [2022-04-25 12:52:29,297] {dag.py:2937} INFO - Setting next_dagrun for example_subdag_operator.section-2 to None
[2022-04-25 12:52:29,352] {processor.py:171} INFO - Processing /home/airflow/.local/lib/python3.7/site-packages/airflow/example_dags/example_subdag_operator.py took 1.370 seconds
[2022-04-25 12:52:59,525] {processor.py:163} INFO - Started process (PID=969) to work on /home/airflow/.local/lib/python3.7/site-packages/airflow/example_dags/example_subdag_operator.py
[2022-04-25 12:52:59,530] {processor.py:642} INFO - Processing file /home/airflow/.local/lib/python3.7/site-packages/airflow/example_dags/example_subdag_operator.py for tasks to queue
[2022-04-25 12:52:59,533] {logging_mixin.py:109} INFO - [2022-04-25 12:52:59,533] {dagbag.py:500} INFO - Filling up the DagBag from /home/airflow/.local/lib/python3.7/site-packages/airflow/example_dags/example_subdag_operator.py
[2022-04-25 12:52:59,597] {processor.py:652} INFO - DAG(s) dict_keys(['example_subdag_operator.section-1', 'example_subdag_operator.section-2', 'example_subdag_operator']) retrieved from /home/airflow/.local/lib/python3.7/site-packages/airflow/example_dags/example_subdag_operator.py
[2022-04-25 12:52:59,619] {logging_mixin.py:109} INFO - [2022-04-25 12:52:59,619] {dag.py:2398} INFO - Sync 3 DAGs
[2022-04-25 12:52:59,644] {logging_mixin.py:109} INFO - [2022-04-25 12:52:59,644] {dag.py:2937} INFO - Setting next_dagrun for example_subdag_operator to 2022-04-23T00:00:00+00:00
[2022-04-25 12:52:59,646] {logging_mixin.py:109} INFO - [2022-04-25 12:52:59,645] {dag.py:2937} INFO - Setting next_dagrun for example_subdag_operator.section-1 to None
[2022-04-25 12:52:59,647] {logging_mixin.py:109} INFO - [2022-04-25 12:52:59,647] {dag.py:2937} INFO - Setting next_dagrun for example_subdag_operator.section-2 to None
[2022-04-25 12:52:59,656] {logging_mixin.py:109} INFO - [2022-04-25 12:52:59,656] {dag.py:2398} INFO - Sync 2 DAGs
[2022-04-25 12:52:59,669] {logging_mixin.py:109} INFO - [2022-04-25 12:52:59,669] {dag.py:2937} INFO - Setting next_dagrun for example_subdag_operator.section-1 to None
[2022-04-25 12:52:59,670] {logging_mixin.py:109} INFO - [2022-04-25 12:52:59,670] {dag.py:2937} INFO - Setting next_dagrun for example_subdag_operator.section-2 to None
[2022-04-25 12:52:59,682] {processor.py:171} INFO - Processing /home/airflow/.local/lib/python3.7/site-packages/airflow/example_dags/example_subdag_operator.py took 0.166 seconds
[2022-04-25 12:53:29,935] {processor.py:163} INFO - Started process (PID=1019) to work on /home/airflow/.local/lib/python3.7/site-packages/airflow/example_dags/example_subdag_operator.py
[2022-04-25 12:53:29,940] {processor.py:642} INFO - Processing file /home/airflow/.local/lib/python3.7/site-packages/airflow/example_dags/example_subdag_operator.py for tasks to queue
[2022-04-25 12:53:29,942] {logging_mixin.py:109} INFO - [2022-04-25 12:53:29,942] {dagbag.py:500} INFO - Filling up the DagBag from /home/airflow/.local/lib/python3.7/site-packages/airflow/example_dags/example_subdag_operator.py
[2022-04-25 12:53:30,057] {processor.py:652} INFO - DAG(s) dict_keys(['example_subdag_operator.section-1', 'example_subdag_operator.section-2', 'example_subdag_operator']) retrieved from /home/airflow/.local/lib/python3.7/site-packages/airflow/example_dags/example_subdag_operator.py
[2022-04-25 12:53:30,085] {logging_mixin.py:109} INFO - [2022-04-25 12:53:30,085] {dag.py:2398} INFO - Sync 3 DAGs
[2022-04-25 12:53:30,120] {logging_mixin.py:109} INFO - [2022-04-25 12:53:30,120] {dag.py:2937} INFO - Setting next_dagrun for example_subdag_operator to 2022-04-23T00:00:00+00:00
[2022-04-25 12:53:30,122] {logging_mixin.py:109} INFO - [2022-04-25 12:53:30,121] {dag.py:2937} INFO - Setting next_dagrun for example_subdag_operator.section-1 to None
[2022-04-25 12:53:30,124] {logging_mixin.py:109} INFO - [2022-04-25 12:53:30,124] {dag.py:2937} INFO - Setting next_dagrun for example_subdag_operator.section-2 to None
[2022-04-25 12:53:30,138] {logging_mixin.py:109} INFO - [2022-04-25 12:53:30,138] {dag.py:2398} INFO - Sync 2 DAGs
[2022-04-25 12:53:30,153] {logging_mixin.py:109} INFO - [2022-04-25 12:53:30,152] {dag.py:2937} INFO - Setting next_dagrun for example_subdag_operator.section-1 to None
[2022-04-25 12:53:30,156] {logging_mixin.py:109} INFO - [2022-04-25 12:53:30,156] {dag.py:2937} INFO - Setting next_dagrun for example_subdag_operator.section-2 to None
[2022-04-25 12:53:30,168] {processor.py:171} INFO - Processing /home/airflow/.local/lib/python3.7/site-packages/airflow/example_dags/example_subdag_operator.py took 0.267 seconds
[2022-04-25 12:54:00,255] {processor.py:163} INFO - Started process (PID=1071) to work on /home/airflow/.local/lib/python3.7/site-packages/airflow/example_dags/example_subdag_operator.py
[2022-04-25 12:54:00,262] {processor.py:642} INFO - Processing file /home/airflow/.local/lib/python3.7/site-packages/airflow/example_dags/example_subdag_operator.py for tasks to queue
[2022-04-25 12:54:00,265] {logging_mixin.py:109} INFO - [2022-04-25 12:54:00,265] {dagbag.py:500} INFO - Filling up the DagBag from /home/airflow/.local/lib/python3.7/site-packages/airflow/example_dags/example_subdag_operator.py
[2022-04-25 12:54:00,415] {processor.py:652} INFO - DAG(s) dict_keys(['example_subdag_operator.section-1', 'example_subdag_operator.section-2', 'example_subdag_operator']) retrieved from /home/airflow/.local/lib/python3.7/site-packages/airflow/example_dags/example_subdag_operator.py
[2022-04-25 12:54:00,439] {logging_mixin.py:109} INFO - [2022-04-25 12:54:00,439] {dag.py:2398} INFO - Sync 3 DAGs
[2022-04-25 12:54:00,462] {logging_mixin.py:109} INFO - [2022-04-25 12:54:00,462] {dag.py:2937} INFO - Setting next_dagrun for example_subdag_operator to 2022-04-23T00:00:00+00:00
[2022-04-25 12:54:00,464] {logging_mixin.py:109} INFO - [2022-04-25 12:54:00,463] {dag.py:2937} INFO - Setting next_dagrun for example_subdag_operator.section-1 to None
[2022-04-25 12:54:00,465] {logging_mixin.py:109} INFO - [2022-04-25 12:54:00,465] {dag.py:2937} INFO - Setting next_dagrun for example_subdag_operator.section-2 to None
[2022-04-25 12:54:00,476] {logging_mixin.py:109} INFO - [2022-04-25 12:54:00,476] {dag.py:2398} INFO - Sync 2 DAGs
[2022-04-25 12:54:00,492] {logging_mixin.py:109} INFO - [2022-04-25 12:54:00,492] {dag.py:2937} INFO - Setting next_dagrun for example_subdag_operator.section-1 to None
[2022-04-25 12:54:00,496] {logging_mixin.py:109} INFO - [2022-04-25 12:54:00,496] {dag.py:2937} INFO - Setting next_dagrun for example_subdag_operator.section-2 to None
[2022-04-25 12:54:00,513] {processor.py:171} INFO - Processing /home/airflow/.local/lib/python3.7/site-packages/airflow/example_dags/example_subdag_operator.py took 0.269 seconds
[2022-04-25 12:54:30,723] {processor.py:163} INFO - Started process (PID=1120) to work on /home/airflow/.local/lib/python3.7/site-packages/airflow/example_dags/example_subdag_operator.py
[2022-04-25 12:54:30,726] {processor.py:642} INFO - Processing file /home/airflow/.local/lib/python3.7/site-packages/airflow/example_dags/example_subdag_operator.py for tasks to queue
[2022-04-25 12:54:30,728] {logging_mixin.py:109} INFO - [2022-04-25 12:54:30,728] {dagbag.py:500} INFO - Filling up the DagBag from /home/airflow/.local/lib/python3.7/site-packages/airflow/example_dags/example_subdag_operator.py
[2022-04-25 12:54:30,802] {processor.py:652} INFO - DAG(s) dict_keys(['example_subdag_operator.section-1', 'example_subdag_operator.section-2', 'example_subdag_operator']) retrieved from /home/airflow/.local/lib/python3.7/site-packages/airflow/example_dags/example_subdag_operator.py
[2022-04-25 12:54:30,839] {logging_mixin.py:109} INFO - [2022-04-25 12:54:30,839] {dag.py:2398} INFO - Sync 3 DAGs
[2022-04-25 12:54:30,866] {logging_mixin.py:109} INFO - [2022-04-25 12:54:30,865] {dag.py:2937} INFO - Setting next_dagrun for example_subdag_operator to 2022-04-23T00:00:00+00:00
[2022-04-25 12:54:30,868] {logging_mixin.py:109} INFO - [2022-04-25 12:54:30,867] {dag.py:2937} INFO - Setting next_dagrun for example_subdag_operator.section-1 to None
[2022-04-25 12:54:30,869] {logging_mixin.py:109} INFO - [2022-04-25 12:54:30,869] {dag.py:2937} INFO - Setting next_dagrun for example_subdag_operator.section-2 to None
[2022-04-25 12:54:30,880] {logging_mixin.py:109} INFO - [2022-04-25 12:54:30,880] {dag.py:2398} INFO - Sync 2 DAGs
[2022-04-25 12:54:30,897] {logging_mixin.py:109} INFO - [2022-04-25 12:54:30,897] {dag.py:2937} INFO - Setting next_dagrun for example_subdag_operator.section-1 to None
[2022-04-25 12:54:30,899] {logging_mixin.py:109} INFO - [2022-04-25 12:54:30,898] {dag.py:2937} INFO - Setting next_dagrun for example_subdag_operator.section-2 to None
[2022-04-25 12:54:30,910] {processor.py:171} INFO - Processing /home/airflow/.local/lib/python3.7/site-packages/airflow/example_dags/example_subdag_operator.py took 0.194 seconds
[2022-04-25 12:55:01,343] {processor.py:163} INFO - Started process (PID=1174) to work on /home/airflow/.local/lib/python3.7/site-packages/airflow/example_dags/example_subdag_operator.py
[2022-04-25 12:55:01,346] {processor.py:642} INFO - Processing file /home/airflow/.local/lib/python3.7/site-packages/airflow/example_dags/example_subdag_operator.py for tasks to queue
[2022-04-25 12:55:01,348] {logging_mixin.py:109} INFO - [2022-04-25 12:55:01,348] {dagbag.py:500} INFO - Filling up the DagBag from /home/airflow/.local/lib/python3.7/site-packages/airflow/example_dags/example_subdag_operator.py
[2022-04-25 12:55:01,409] {processor.py:652} INFO - DAG(s) dict_keys(['example_subdag_operator.section-1', 'example_subdag_operator.section-2', 'example_subdag_operator']) retrieved from /home/airflow/.local/lib/python3.7/site-packages/airflow/example_dags/example_subdag_operator.py
[2022-04-25 12:55:01,432] {logging_mixin.py:109} INFO - [2022-04-25 12:55:01,431] {dag.py:2398} INFO - Sync 3 DAGs
[2022-04-25 12:55:01,471] {logging_mixin.py:109} INFO - [2022-04-25 12:55:01,471] {dag.py:2937} INFO - Setting next_dagrun for example_subdag_operator to 2022-04-23T00:00:00+00:00
[2022-04-25 12:55:01,472] {logging_mixin.py:109} INFO - [2022-04-25 12:55:01,472] {dag.py:2937} INFO - Setting next_dagrun for example_subdag_operator.section-1 to None
[2022-04-25 12:55:01,474] {logging_mixin.py:109} INFO - [2022-04-25 12:55:01,474] {dag.py:2937} INFO - Setting next_dagrun for example_subdag_operator.section-2 to None
[2022-04-25 12:55:01,489] {logging_mixin.py:109} INFO - [2022-04-25 12:55:01,489] {dag.py:2398} INFO - Sync 2 DAGs
[2022-04-25 12:55:01,518] {logging_mixin.py:109} INFO - [2022-04-25 12:55:01,518] {dag.py:2937} INFO - Setting next_dagrun for example_subdag_operator.section-1 to None
[2022-04-25 12:55:01,520] {logging_mixin.py:109} INFO - [2022-04-25 12:55:01,520] {dag.py:2937} INFO - Setting next_dagrun for example_subdag_operator.section-2 to None
[2022-04-25 12:55:01,538] {processor.py:171} INFO - Processing /home/airflow/.local/lib/python3.7/site-packages/airflow/example_dags/example_subdag_operator.py took 0.202 seconds
[2022-04-25 12:55:31,964] {processor.py:163} INFO - Started process (PID=1227) to work on /home/airflow/.local/lib/python3.7/site-packages/airflow/example_dags/example_subdag_operator.py
[2022-04-25 12:55:31,970] {processor.py:642} INFO - Processing file /home/airflow/.local/lib/python3.7/site-packages/airflow/example_dags/example_subdag_operator.py for tasks to queue
[2022-04-25 12:55:31,973] {logging_mixin.py:109} INFO - [2022-04-25 12:55:31,972] {dagbag.py:500} INFO - Filling up the DagBag from /home/airflow/.local/lib/python3.7/site-packages/airflow/example_dags/example_subdag_operator.py
[2022-04-25 12:55:32,067] {processor.py:652} INFO - DAG(s) dict_keys(['example_subdag_operator.section-1', 'example_subdag_operator.section-2', 'example_subdag_operator']) retrieved from /home/airflow/.local/lib/python3.7/site-packages/airflow/example_dags/example_subdag_operator.py
[2022-04-25 12:55:32,101] {logging_mixin.py:109} INFO - [2022-04-25 12:55:32,100] {dag.py:2398} INFO - Sync 3 DAGs
[2022-04-25 12:55:32,139] {logging_mixin.py:109} INFO - [2022-04-25 12:55:32,138] {dag.py:2937} INFO - Setting next_dagrun for example_subdag_operator to 2022-04-23T00:00:00+00:00
[2022-04-25 12:55:32,141] {logging_mixin.py:109} INFO - [2022-04-25 12:55:32,141] {dag.py:2937} INFO - Setting next_dagrun for example_subdag_operator.section-1 to None
[2022-04-25 12:55:32,144] {logging_mixin.py:109} INFO - [2022-04-25 12:55:32,144] {dag.py:2937} INFO - Setting next_dagrun for example_subdag_operator.section-2 to None
[2022-04-25 12:55:32,158] {logging_mixin.py:109} INFO - [2022-04-25 12:55:32,158] {dag.py:2398} INFO - Sync 2 DAGs
[2022-04-25 12:55:32,180] {logging_mixin.py:109} INFO - [2022-04-25 12:55:32,180] {dag.py:2937} INFO - Setting next_dagrun for example_subdag_operator.section-1 to None
[2022-04-25 12:55:32,183] {logging_mixin.py:109} INFO - [2022-04-25 12:55:32,182] {dag.py:2937} INFO - Setting next_dagrun for example_subdag_operator.section-2 to None
[2022-04-25 12:55:32,195] {processor.py:171} INFO - Processing /home/airflow/.local/lib/python3.7/site-packages/airflow/example_dags/example_subdag_operator.py took 0.243 seconds
[2022-04-25 12:56:02,512] {processor.py:163} INFO - Started process (PID=1278) to work on /home/airflow/.local/lib/python3.7/site-packages/airflow/example_dags/example_subdag_operator.py
[2022-04-25 12:56:02,516] {processor.py:642} INFO - Processing file /home/airflow/.local/lib/python3.7/site-packages/airflow/example_dags/example_subdag_operator.py for tasks to queue
[2022-04-25 12:56:02,522] {logging_mixin.py:109} INFO - [2022-04-25 12:56:02,522] {dagbag.py:500} INFO - Filling up the DagBag from /home/airflow/.local/lib/python3.7/site-packages/airflow/example_dags/example_subdag_operator.py
[2022-04-25 12:56:02,606] {processor.py:652} INFO - DAG(s) dict_keys(['example_subdag_operator.section-1', 'example_subdag_operator.section-2', 'example_subdag_operator']) retrieved from /home/airflow/.local/lib/python3.7/site-packages/airflow/example_dags/example_subdag_operator.py
[2022-04-25 12:56:02,630] {logging_mixin.py:109} INFO - [2022-04-25 12:56:02,630] {dag.py:2398} INFO - Sync 3 DAGs
[2022-04-25 12:56:02,665] {logging_mixin.py:109} INFO - [2022-04-25 12:56:02,664] {dag.py:2937} INFO - Setting next_dagrun for example_subdag_operator to 2022-04-23T00:00:00+00:00
[2022-04-25 12:56:02,666] {logging_mixin.py:109} INFO - [2022-04-25 12:56:02,666] {dag.py:2937} INFO - Setting next_dagrun for example_subdag_operator.section-1 to None
[2022-04-25 12:56:02,669] {logging_mixin.py:109} INFO - [2022-04-25 12:56:02,668] {dag.py:2937} INFO - Setting next_dagrun for example_subdag_operator.section-2 to None
[2022-04-25 12:56:02,701] {logging_mixin.py:109} INFO - [2022-04-25 12:56:02,701] {dag.py:2398} INFO - Sync 2 DAGs
[2022-04-25 12:56:02,726] {logging_mixin.py:109} INFO - [2022-04-25 12:56:02,726] {dag.py:2937} INFO - Setting next_dagrun for example_subdag_operator.section-1 to None
[2022-04-25 12:56:02,728] {logging_mixin.py:109} INFO - [2022-04-25 12:56:02,728] {dag.py:2937} INFO - Setting next_dagrun for example_subdag_operator.section-2 to None
[2022-04-25 12:56:02,743] {processor.py:171} INFO - Processing /home/airflow/.local/lib/python3.7/site-packages/airflow/example_dags/example_subdag_operator.py took 0.240 seconds
[2022-04-25 12:56:33,634] {processor.py:163} INFO - Started process (PID=1341) to work on /home/airflow/.local/lib/python3.7/site-packages/airflow/example_dags/example_subdag_operator.py
[2022-04-25 12:56:33,643] {processor.py:642} INFO - Processing file /home/airflow/.local/lib/python3.7/site-packages/airflow/example_dags/example_subdag_operator.py for tasks to queue
[2022-04-25 12:56:33,648] {logging_mixin.py:109} INFO - [2022-04-25 12:56:33,648] {dagbag.py:500} INFO - Filling up the DagBag from /home/airflow/.local/lib/python3.7/site-packages/airflow/example_dags/example_subdag_operator.py
[2022-04-25 12:56:33,766] {processor.py:652} INFO - DAG(s) dict_keys(['example_subdag_operator.section-1', 'example_subdag_operator.section-2', 'example_subdag_operator']) retrieved from /home/airflow/.local/lib/python3.7/site-packages/airflow/example_dags/example_subdag_operator.py
[2022-04-25 12:56:33,818] {logging_mixin.py:109} INFO - [2022-04-25 12:56:33,818] {dag.py:2398} INFO - Sync 3 DAGs
[2022-04-25 12:56:33,856] {logging_mixin.py:109} INFO - [2022-04-25 12:56:33,856] {dag.py:2937} INFO - Setting next_dagrun for example_subdag_operator to 2022-04-23T00:00:00+00:00
[2022-04-25 12:56:33,858] {logging_mixin.py:109} INFO - [2022-04-25 12:56:33,858] {dag.py:2937} INFO - Setting next_dagrun for example_subdag_operator.section-1 to None
[2022-04-25 12:56:33,860] {logging_mixin.py:109} INFO - [2022-04-25 12:56:33,860] {dag.py:2937} INFO - Setting next_dagrun for example_subdag_operator.section-2 to None
[2022-04-25 12:56:33,877] {logging_mixin.py:109} INFO - [2022-04-25 12:56:33,877] {dag.py:2398} INFO - Sync 2 DAGs
[2022-04-25 12:56:33,897] {logging_mixin.py:109} INFO - [2022-04-25 12:56:33,897] {dag.py:2937} INFO - Setting next_dagrun for example_subdag_operator.section-1 to None
[2022-04-25 12:56:33,900] {logging_mixin.py:109} INFO - [2022-04-25 12:56:33,900] {dag.py:2937} INFO - Setting next_dagrun for example_subdag_operator.section-2 to None
[2022-04-25 12:56:33,920] {processor.py:171} INFO - Processing /home/airflow/.local/lib/python3.7/site-packages/airflow/example_dags/example_subdag_operator.py took 0.307 seconds
[2022-04-25 12:57:04,202] {processor.py:163} INFO - Started process (PID=1393) to work on /home/airflow/.local/lib/python3.7/site-packages/airflow/example_dags/example_subdag_operator.py
[2022-04-25 12:57:04,211] {processor.py:642} INFO - Processing file /home/airflow/.local/lib/python3.7/site-packages/airflow/example_dags/example_subdag_operator.py for tasks to queue
[2022-04-25 12:57:04,216] {logging_mixin.py:109} INFO - [2022-04-25 12:57:04,215] {dagbag.py:500} INFO - Filling up the DagBag from /home/airflow/.local/lib/python3.7/site-packages/airflow/example_dags/example_subdag_operator.py
[2022-04-25 12:57:04,357] {processor.py:652} INFO - DAG(s) dict_keys(['example_subdag_operator.section-1', 'example_subdag_operator.section-2', 'example_subdag_operator']) retrieved from /home/airflow/.local/lib/python3.7/site-packages/airflow/example_dags/example_subdag_operator.py
[2022-04-25 12:57:04,407] {logging_mixin.py:109} INFO - [2022-04-25 12:57:04,407] {dag.py:2398} INFO - Sync 3 DAGs
[2022-04-25 12:57:04,454] {logging_mixin.py:109} INFO - [2022-04-25 12:57:04,454] {dag.py:2937} INFO - Setting next_dagrun for example_subdag_operator to 2022-04-23T00:00:00+00:00
[2022-04-25 12:57:04,458] {logging_mixin.py:109} INFO - [2022-04-25 12:57:04,457] {dag.py:2937} INFO - Setting next_dagrun for example_subdag_operator.section-1 to None
[2022-04-25 12:57:04,464] {logging_mixin.py:109} INFO - [2022-04-25 12:57:04,462] {dag.py:2937} INFO - Setting next_dagrun for example_subdag_operator.section-2 to None
[2022-04-25 12:57:04,493] {logging_mixin.py:109} INFO - [2022-04-25 12:57:04,493] {dag.py:2398} INFO - Sync 2 DAGs
[2022-04-25 12:57:04,508] {logging_mixin.py:109} INFO - [2022-04-25 12:57:04,508] {dag.py:2937} INFO - Setting next_dagrun for example_subdag_operator.section-1 to None
[2022-04-25 12:57:04,509] {logging_mixin.py:109} INFO - [2022-04-25 12:57:04,509] {dag.py:2937} INFO - Setting next_dagrun for example_subdag_operator.section-2 to None
[2022-04-25 12:57:04,528] {processor.py:171} INFO - Processing /home/airflow/.local/lib/python3.7/site-packages/airflow/example_dags/example_subdag_operator.py took 0.359 seconds
[2022-04-25 12:57:35,237] {processor.py:163} INFO - Started process (PID=1446) to work on /home/airflow/.local/lib/python3.7/site-packages/airflow/example_dags/example_subdag_operator.py
[2022-04-25 12:57:35,250] {processor.py:642} INFO - Processing file /home/airflow/.local/lib/python3.7/site-packages/airflow/example_dags/example_subdag_operator.py for tasks to queue
[2022-04-25 12:57:35,254] {logging_mixin.py:109} INFO - [2022-04-25 12:57:35,254] {dagbag.py:500} INFO - Filling up the DagBag from /home/airflow/.local/lib/python3.7/site-packages/airflow/example_dags/example_subdag_operator.py
[2022-04-25 12:57:35,373] {processor.py:652} INFO - DAG(s) dict_keys(['example_subdag_operator.section-1', 'example_subdag_operator.section-2', 'example_subdag_operator']) retrieved from /home/airflow/.local/lib/python3.7/site-packages/airflow/example_dags/example_subdag_operator.py
[2022-04-25 12:57:35,418] {logging_mixin.py:109} INFO - [2022-04-25 12:57:35,418] {dag.py:2398} INFO - Sync 3 DAGs
[2022-04-25 12:57:35,447] {logging_mixin.py:109} INFO - [2022-04-25 12:57:35,447] {dag.py:2937} INFO - Setting next_dagrun for example_subdag_operator to 2022-04-23T00:00:00+00:00
[2022-04-25 12:57:35,449] {logging_mixin.py:109} INFO - [2022-04-25 12:57:35,449] {dag.py:2937} INFO - Setting next_dagrun for example_subdag_operator.section-1 to None
[2022-04-25 12:57:35,451] {logging_mixin.py:109} INFO - [2022-04-25 12:57:35,451] {dag.py:2937} INFO - Setting next_dagrun for example_subdag_operator.section-2 to None
[2022-04-25 12:57:35,464] {logging_mixin.py:109} INFO - [2022-04-25 12:57:35,464] {dag.py:2398} INFO - Sync 2 DAGs
[2022-04-25 12:57:35,481] {logging_mixin.py:109} INFO - [2022-04-25 12:57:35,481] {dag.py:2937} INFO - Setting next_dagrun for example_subdag_operator.section-1 to None
[2022-04-25 12:57:35,483] {logging_mixin.py:109} INFO - [2022-04-25 12:57:35,483] {dag.py:2937} INFO - Setting next_dagrun for example_subdag_operator.section-2 to None
[2022-04-25 12:57:35,499] {processor.py:171} INFO - Processing /home/airflow/.local/lib/python3.7/site-packages/airflow/example_dags/example_subdag_operator.py took 0.284 seconds
[2022-04-25 12:58:05,674] {processor.py:163} INFO - Started process (PID=1497) to work on /home/airflow/.local/lib/python3.7/site-packages/airflow/example_dags/example_subdag_operator.py
[2022-04-25 12:58:05,680] {processor.py:642} INFO - Processing file /home/airflow/.local/lib/python3.7/site-packages/airflow/example_dags/example_subdag_operator.py for tasks to queue
[2022-04-25 12:58:05,682] {logging_mixin.py:109} INFO - [2022-04-25 12:58:05,682] {dagbag.py:500} INFO - Filling up the DagBag from /home/airflow/.local/lib/python3.7/site-packages/airflow/example_dags/example_subdag_operator.py
[2022-04-25 12:58:05,802] {processor.py:652} INFO - DAG(s) dict_keys(['example_subdag_operator.section-1', 'example_subdag_operator.section-2', 'example_subdag_operator']) retrieved from /home/airflow/.local/lib/python3.7/site-packages/airflow/example_dags/example_subdag_operator.py
[2022-04-25 12:58:05,841] {logging_mixin.py:109} INFO - [2022-04-25 12:58:05,841] {dag.py:2398} INFO - Sync 3 DAGs
[2022-04-25 12:58:05,911] {logging_mixin.py:109} INFO - [2022-04-25 12:58:05,910] {dag.py:2937} INFO - Setting next_dagrun for example_subdag_operator to 2022-04-23T00:00:00+00:00
[2022-04-25 12:58:05,913] {logging_mixin.py:109} INFO - [2022-04-25 12:58:05,913] {dag.py:2937} INFO - Setting next_dagrun for example_subdag_operator.section-1 to None
[2022-04-25 12:58:05,915] {logging_mixin.py:109} INFO - [2022-04-25 12:58:05,915] {dag.py:2937} INFO - Setting next_dagrun for example_subdag_operator.section-2 to None
[2022-04-25 12:58:05,935] {logging_mixin.py:109} INFO - [2022-04-25 12:58:05,935] {dag.py:2398} INFO - Sync 2 DAGs
[2022-04-25 12:58:05,963] {logging_mixin.py:109} INFO - [2022-04-25 12:58:05,962] {dag.py:2937} INFO - Setting next_dagrun for example_subdag_operator.section-1 to None
[2022-04-25 12:58:05,965] {logging_mixin.py:109} INFO - [2022-04-25 12:58:05,965] {dag.py:2937} INFO - Setting next_dagrun for example_subdag_operator.section-2 to None
[2022-04-25 12:58:05,987] {processor.py:171} INFO - Processing /home/airflow/.local/lib/python3.7/site-packages/airflow/example_dags/example_subdag_operator.py took 0.321 seconds
[2022-04-25 12:58:36,115] {processor.py:163} INFO - Started process (PID=1546) to work on /home/airflow/.local/lib/python3.7/site-packages/airflow/example_dags/example_subdag_operator.py
[2022-04-25 12:58:36,119] {processor.py:642} INFO - Processing file /home/airflow/.local/lib/python3.7/site-packages/airflow/example_dags/example_subdag_operator.py for tasks to queue
[2022-04-25 12:58:36,126] {logging_mixin.py:109} INFO - [2022-04-25 12:58:36,126] {dagbag.py:500} INFO - Filling up the DagBag from /home/airflow/.local/lib/python3.7/site-packages/airflow/example_dags/example_subdag_operator.py
[2022-04-25 12:58:36,237] {processor.py:652} INFO - DAG(s) dict_keys(['example_subdag_operator.section-1', 'example_subdag_operator.section-2', 'example_subdag_operator']) retrieved from /home/airflow/.local/lib/python3.7/site-packages/airflow/example_dags/example_subdag_operator.py
[2022-04-25 12:58:36,279] {logging_mixin.py:109} INFO - [2022-04-25 12:58:36,279] {dag.py:2398} INFO - Sync 3 DAGs
[2022-04-25 12:58:36,329] {logging_mixin.py:109} INFO - [2022-04-25 12:58:36,329] {dag.py:2937} INFO - Setting next_dagrun for example_subdag_operator to 2022-04-23T00:00:00+00:00
[2022-04-25 12:58:36,331] {logging_mixin.py:109} INFO - [2022-04-25 12:58:36,331] {dag.py:2937} INFO - Setting next_dagrun for example_subdag_operator.section-1 to None
[2022-04-25 12:58:36,332] {logging_mixin.py:109} INFO - [2022-04-25 12:58:36,332] {dag.py:2937} INFO - Setting next_dagrun for example_subdag_operator.section-2 to None
[2022-04-25 12:58:36,348] {logging_mixin.py:109} INFO - [2022-04-25 12:58:36,348] {dag.py:2398} INFO - Sync 2 DAGs
[2022-04-25 12:58:36,368] {logging_mixin.py:109} INFO - [2022-04-25 12:58:36,367] {dag.py:2937} INFO - Setting next_dagrun for example_subdag_operator.section-1 to None
[2022-04-25 12:58:36,369] {logging_mixin.py:109} INFO - [2022-04-25 12:58:36,369] {dag.py:2937} INFO - Setting next_dagrun for example_subdag_operator.section-2 to None
[2022-04-25 12:58:36,384] {processor.py:171} INFO - Processing /home/airflow/.local/lib/python3.7/site-packages/airflow/example_dags/example_subdag_operator.py took 0.274 seconds
[2022-04-25 12:59:06,830] {processor.py:163} INFO - Started process (PID=1603) to work on /home/airflow/.local/lib/python3.7/site-packages/airflow/example_dags/example_subdag_operator.py
[2022-04-25 12:59:06,853] {processor.py:642} INFO - Processing file /home/airflow/.local/lib/python3.7/site-packages/airflow/example_dags/example_subdag_operator.py for tasks to queue
[2022-04-25 12:59:06,863] {logging_mixin.py:109} INFO - [2022-04-25 12:59:06,863] {dagbag.py:500} INFO - Filling up the DagBag from /home/airflow/.local/lib/python3.7/site-packages/airflow/example_dags/example_subdag_operator.py
[2022-04-25 12:59:07,008] {processor.py:652} INFO - DAG(s) dict_keys(['example_subdag_operator.section-1', 'example_subdag_operator.section-2', 'example_subdag_operator']) retrieved from /home/airflow/.local/lib/python3.7/site-packages/airflow/example_dags/example_subdag_operator.py
[2022-04-25 12:59:07,065] {logging_mixin.py:109} INFO - [2022-04-25 12:59:07,065] {dag.py:2398} INFO - Sync 3 DAGs
[2022-04-25 12:59:07,137] {logging_mixin.py:109} INFO - [2022-04-25 12:59:07,136] {dag.py:2937} INFO - Setting next_dagrun for example_subdag_operator to 2022-04-23T00:00:00+00:00
[2022-04-25 12:59:07,138] {logging_mixin.py:109} INFO - [2022-04-25 12:59:07,138] {dag.py:2937} INFO - Setting next_dagrun for example_subdag_operator.section-1 to None
[2022-04-25 12:59:07,140] {logging_mixin.py:109} INFO - [2022-04-25 12:59:07,140] {dag.py:2937} INFO - Setting next_dagrun for example_subdag_operator.section-2 to None
[2022-04-25 12:59:07,163] {logging_mixin.py:109} INFO - [2022-04-25 12:59:07,163] {dag.py:2398} INFO - Sync 2 DAGs
[2022-04-25 12:59:07,186] {logging_mixin.py:109} INFO - [2022-04-25 12:59:07,186] {dag.py:2937} INFO - Setting next_dagrun for example_subdag_operator.section-1 to None
[2022-04-25 12:59:07,190] {logging_mixin.py:109} INFO - [2022-04-25 12:59:07,190] {dag.py:2937} INFO - Setting next_dagrun for example_subdag_operator.section-2 to None
[2022-04-25 12:59:07,217] {processor.py:171} INFO - Processing /home/airflow/.local/lib/python3.7/site-packages/airflow/example_dags/example_subdag_operator.py took 0.392 seconds
[2022-04-25 12:59:37,335] {processor.py:163} INFO - Started process (PID=1660) to work on /home/airflow/.local/lib/python3.7/site-packages/airflow/example_dags/example_subdag_operator.py
[2022-04-25 12:59:37,343] {processor.py:642} INFO - Processing file /home/airflow/.local/lib/python3.7/site-packages/airflow/example_dags/example_subdag_operator.py for tasks to queue
[2022-04-25 12:59:37,348] {logging_mixin.py:109} INFO - [2022-04-25 12:59:37,347] {dagbag.py:500} INFO - Filling up the DagBag from /home/airflow/.local/lib/python3.7/site-packages/airflow/example_dags/example_subdag_operator.py
[2022-04-25 12:59:37,496] {processor.py:652} INFO - DAG(s) dict_keys(['example_subdag_operator.section-1', 'example_subdag_operator.section-2', 'example_subdag_operator']) retrieved from /home/airflow/.local/lib/python3.7/site-packages/airflow/example_dags/example_subdag_operator.py
[2022-04-25 12:59:37,574] {logging_mixin.py:109} INFO - [2022-04-25 12:59:37,573] {dag.py:2398} INFO - Sync 3 DAGs
[2022-04-25 12:59:37,618] {logging_mixin.py:109} INFO - [2022-04-25 12:59:37,618] {dag.py:2937} INFO - Setting next_dagrun for example_subdag_operator to 2022-04-23T00:00:00+00:00
[2022-04-25 12:59:37,623] {logging_mixin.py:109} INFO - [2022-04-25 12:59:37,623] {dag.py:2937} INFO - Setting next_dagrun for example_subdag_operator.section-1 to None
[2022-04-25 12:59:37,625] {logging_mixin.py:109} INFO - [2022-04-25 12:59:37,625] {dag.py:2937} INFO - Setting next_dagrun for example_subdag_operator.section-2 to None
[2022-04-25 12:59:37,654] {logging_mixin.py:109} INFO - [2022-04-25 12:59:37,654] {dag.py:2398} INFO - Sync 2 DAGs
[2022-04-25 12:59:37,671] {logging_mixin.py:109} INFO - [2022-04-25 12:59:37,671] {dag.py:2937} INFO - Setting next_dagrun for example_subdag_operator.section-1 to None
[2022-04-25 12:59:37,672] {logging_mixin.py:109} INFO - [2022-04-25 12:59:37,672] {dag.py:2937} INFO - Setting next_dagrun for example_subdag_operator.section-2 to None
[2022-04-25 12:59:37,690] {processor.py:171} INFO - Processing /home/airflow/.local/lib/python3.7/site-packages/airflow/example_dags/example_subdag_operator.py took 0.379 seconds
[2022-04-25 13:00:08,229] {processor.py:163} INFO - Started process (PID=1713) to work on /home/airflow/.local/lib/python3.7/site-packages/airflow/example_dags/example_subdag_operator.py
[2022-04-25 13:00:08,232] {processor.py:642} INFO - Processing file /home/airflow/.local/lib/python3.7/site-packages/airflow/example_dags/example_subdag_operator.py for tasks to queue
[2022-04-25 13:00:08,235] {logging_mixin.py:109} INFO - [2022-04-25 13:00:08,234] {dagbag.py:500} INFO - Filling up the DagBag from /home/airflow/.local/lib/python3.7/site-packages/airflow/example_dags/example_subdag_operator.py
[2022-04-25 13:00:08,286] {processor.py:652} INFO - DAG(s) dict_keys(['example_subdag_operator.section-1', 'example_subdag_operator.section-2', 'example_subdag_operator']) retrieved from /home/airflow/.local/lib/python3.7/site-packages/airflow/example_dags/example_subdag_operator.py
[2022-04-25 13:00:08,305] {logging_mixin.py:109} INFO - [2022-04-25 13:00:08,305] {dag.py:2398} INFO - Sync 3 DAGs
[2022-04-25 13:00:08,331] {logging_mixin.py:109} INFO - [2022-04-25 13:00:08,331] {dag.py:2937} INFO - Setting next_dagrun for example_subdag_operator to 2022-04-23T00:00:00+00:00
[2022-04-25 13:00:08,333] {logging_mixin.py:109} INFO - [2022-04-25 13:00:08,333] {dag.py:2937} INFO - Setting next_dagrun for example_subdag_operator.section-1 to None
[2022-04-25 13:00:08,335] {logging_mixin.py:109} INFO - [2022-04-25 13:00:08,335] {dag.py:2937} INFO - Setting next_dagrun for example_subdag_operator.section-2 to None
[2022-04-25 13:00:08,344] {logging_mixin.py:109} INFO - [2022-04-25 13:00:08,344] {dag.py:2398} INFO - Sync 2 DAGs
[2022-04-25 13:00:08,361] {logging_mixin.py:109} INFO - [2022-04-25 13:00:08,361] {dag.py:2937} INFO - Setting next_dagrun for example_subdag_operator.section-1 to None
[2022-04-25 13:00:08,363] {logging_mixin.py:109} INFO - [2022-04-25 13:00:08,363] {dag.py:2937} INFO - Setting next_dagrun for example_subdag_operator.section-2 to None
[2022-04-25 13:00:08,374] {processor.py:171} INFO - Processing /home/airflow/.local/lib/python3.7/site-packages/airflow/example_dags/example_subdag_operator.py took 0.153 seconds
[2022-04-25 13:00:38,665] {processor.py:163} INFO - Started process (PID=1764) to work on /home/airflow/.local/lib/python3.7/site-packages/airflow/example_dags/example_subdag_operator.py
[2022-04-25 13:00:38,668] {processor.py:642} INFO - Processing file /home/airflow/.local/lib/python3.7/site-packages/airflow/example_dags/example_subdag_operator.py for tasks to queue
[2022-04-25 13:00:38,670] {logging_mixin.py:109} INFO - [2022-04-25 13:00:38,670] {dagbag.py:500} INFO - Filling up the DagBag from /home/airflow/.local/lib/python3.7/site-packages/airflow/example_dags/example_subdag_operator.py
[2022-04-25 13:00:38,729] {processor.py:652} INFO - DAG(s) dict_keys(['example_subdag_operator.section-1', 'example_subdag_operator.section-2', 'example_subdag_operator']) retrieved from /home/airflow/.local/lib/python3.7/site-packages/airflow/example_dags/example_subdag_operator.py
[2022-04-25 13:00:38,749] {logging_mixin.py:109} INFO - [2022-04-25 13:00:38,749] {dag.py:2398} INFO - Sync 3 DAGs
[2022-04-25 13:00:38,781] {logging_mixin.py:109} INFO - [2022-04-25 13:00:38,780] {dag.py:2937} INFO - Setting next_dagrun for example_subdag_operator to 2022-04-23T00:00:00+00:00
[2022-04-25 13:00:38,782] {logging_mixin.py:109} INFO - [2022-04-25 13:00:38,782] {dag.py:2937} INFO - Setting next_dagrun for example_subdag_operator.section-1 to None
[2022-04-25 13:00:38,784] {logging_mixin.py:109} INFO - [2022-04-25 13:00:38,784] {dag.py:2937} INFO - Setting next_dagrun for example_subdag_operator.section-2 to None
[2022-04-25 13:00:38,801] {logging_mixin.py:109} INFO - [2022-04-25 13:00:38,801] {dag.py:2398} INFO - Sync 2 DAGs
[2022-04-25 13:00:38,824] {logging_mixin.py:109} INFO - [2022-04-25 13:00:38,824] {dag.py:2937} INFO - Setting next_dagrun for example_subdag_operator.section-1 to None
[2022-04-25 13:00:38,827] {logging_mixin.py:109} INFO - [2022-04-25 13:00:38,826] {dag.py:2937} INFO - Setting next_dagrun for example_subdag_operator.section-2 to None
[2022-04-25 13:00:38,839] {processor.py:171} INFO - Processing /home/airflow/.local/lib/python3.7/site-packages/airflow/example_dags/example_subdag_operator.py took 0.180 seconds
[2022-04-25 13:01:09,484] {processor.py:163} INFO - Started process (PID=1813) to work on /home/airflow/.local/lib/python3.7/site-packages/airflow/example_dags/example_subdag_operator.py
[2022-04-25 13:01:09,487] {processor.py:642} INFO - Processing file /home/airflow/.local/lib/python3.7/site-packages/airflow/example_dags/example_subdag_operator.py for tasks to queue
[2022-04-25 13:01:09,489] {logging_mixin.py:109} INFO - [2022-04-25 13:01:09,489] {dagbag.py:500} INFO - Filling up the DagBag from /home/airflow/.local/lib/python3.7/site-packages/airflow/example_dags/example_subdag_operator.py
[2022-04-25 13:01:09,551] {processor.py:652} INFO - DAG(s) dict_keys(['example_subdag_operator.section-1', 'example_subdag_operator.section-2', 'example_subdag_operator']) retrieved from /home/airflow/.local/lib/python3.7/site-packages/airflow/example_dags/example_subdag_operator.py
[2022-04-25 13:01:09,581] {logging_mixin.py:109} INFO - [2022-04-25 13:01:09,580] {dag.py:2398} INFO - Sync 3 DAGs
[2022-04-25 13:01:09,628] {logging_mixin.py:109} INFO - [2022-04-25 13:01:09,628] {dag.py:2937} INFO - Setting next_dagrun for example_subdag_operator to 2022-04-23T00:00:00+00:00
[2022-04-25 13:01:09,630] {logging_mixin.py:109} INFO - [2022-04-25 13:01:09,630] {dag.py:2937} INFO - Setting next_dagrun for example_subdag_operator.section-1 to None
[2022-04-25 13:01:09,633] {logging_mixin.py:109} INFO - [2022-04-25 13:01:09,633] {dag.py:2937} INFO - Setting next_dagrun for example_subdag_operator.section-2 to None
[2022-04-25 13:01:09,656] {logging_mixin.py:109} INFO - [2022-04-25 13:01:09,656] {dag.py:2398} INFO - Sync 2 DAGs
[2022-04-25 13:01:09,671] {logging_mixin.py:109} INFO - [2022-04-25 13:01:09,671] {dag.py:2937} INFO - Setting next_dagrun for example_subdag_operator.section-1 to None
[2022-04-25 13:01:09,673] {logging_mixin.py:109} INFO - [2022-04-25 13:01:09,673] {dag.py:2937} INFO - Setting next_dagrun for example_subdag_operator.section-2 to None
[2022-04-25 13:01:09,685] {processor.py:171} INFO - Processing /home/airflow/.local/lib/python3.7/site-packages/airflow/example_dags/example_subdag_operator.py took 0.207 seconds
[2022-04-25 13:01:40,304] {processor.py:163} INFO - Started process (PID=1866) to work on /home/airflow/.local/lib/python3.7/site-packages/airflow/example_dags/example_subdag_operator.py
[2022-04-25 13:01:40,313] {processor.py:642} INFO - Processing file /home/airflow/.local/lib/python3.7/site-packages/airflow/example_dags/example_subdag_operator.py for tasks to queue
[2022-04-25 13:01:40,317] {logging_mixin.py:109} INFO - [2022-04-25 13:01:40,317] {dagbag.py:500} INFO - Filling up the DagBag from /home/airflow/.local/lib/python3.7/site-packages/airflow/example_dags/example_subdag_operator.py
[2022-04-25 13:01:40,420] {processor.py:652} INFO - DAG(s) dict_keys(['example_subdag_operator.section-1', 'example_subdag_operator.section-2', 'example_subdag_operator']) retrieved from /home/airflow/.local/lib/python3.7/site-packages/airflow/example_dags/example_subdag_operator.py
[2022-04-25 13:01:40,465] {logging_mixin.py:109} INFO - [2022-04-25 13:01:40,465] {dag.py:2398} INFO - Sync 3 DAGs
[2022-04-25 13:01:40,502] {logging_mixin.py:109} INFO - [2022-04-25 13:01:40,502] {dag.py:2937} INFO - Setting next_dagrun for example_subdag_operator to 2022-04-23T00:00:00+00:00
[2022-04-25 13:01:40,504] {logging_mixin.py:109} INFO - [2022-04-25 13:01:40,504] {dag.py:2937} INFO - Setting next_dagrun for example_subdag_operator.section-1 to None
[2022-04-25 13:01:40,505] {logging_mixin.py:109} INFO - [2022-04-25 13:01:40,505] {dag.py:2937} INFO - Setting next_dagrun for example_subdag_operator.section-2 to None
[2022-04-25 13:01:40,515] {logging_mixin.py:109} INFO - [2022-04-25 13:01:40,514] {dag.py:2398} INFO - Sync 2 DAGs
[2022-04-25 13:01:40,529] {logging_mixin.py:109} INFO - [2022-04-25 13:01:40,529] {dag.py:2937} INFO - Setting next_dagrun for example_subdag_operator.section-1 to None
[2022-04-25 13:01:40,530] {logging_mixin.py:109} INFO - [2022-04-25 13:01:40,530] {dag.py:2937} INFO - Setting next_dagrun for example_subdag_operator.section-2 to None
[2022-04-25 13:01:40,541] {processor.py:171} INFO - Processing /home/airflow/.local/lib/python3.7/site-packages/airflow/example_dags/example_subdag_operator.py took 0.261 seconds
[2022-04-25 13:02:11,102] {processor.py:163} INFO - Started process (PID=1918) to work on /home/airflow/.local/lib/python3.7/site-packages/airflow/example_dags/example_subdag_operator.py
[2022-04-25 13:02:11,107] {processor.py:642} INFO - Processing file /home/airflow/.local/lib/python3.7/site-packages/airflow/example_dags/example_subdag_operator.py for tasks to queue
[2022-04-25 13:02:11,110] {logging_mixin.py:109} INFO - [2022-04-25 13:02:11,110] {dagbag.py:500} INFO - Filling up the DagBag from /home/airflow/.local/lib/python3.7/site-packages/airflow/example_dags/example_subdag_operator.py
[2022-04-25 13:02:11,184] {processor.py:652} INFO - DAG(s) dict_keys(['example_subdag_operator.section-1', 'example_subdag_operator.section-2', 'example_subdag_operator']) retrieved from /home/airflow/.local/lib/python3.7/site-packages/airflow/example_dags/example_subdag_operator.py
[2022-04-25 13:02:11,221] {logging_mixin.py:109} INFO - [2022-04-25 13:02:11,220] {dag.py:2398} INFO - Sync 3 DAGs
[2022-04-25 13:02:11,295] {logging_mixin.py:109} INFO - [2022-04-25 13:02:11,295] {dag.py:2937} INFO - Setting next_dagrun for example_subdag_operator to 2022-04-23T00:00:00+00:00
[2022-04-25 13:02:11,299] {logging_mixin.py:109} INFO - [2022-04-25 13:02:11,299] {dag.py:2937} INFO - Setting next_dagrun for example_subdag_operator.section-1 to None
[2022-04-25 13:02:11,301] {logging_mixin.py:109} INFO - [2022-04-25 13:02:11,301] {dag.py:2937} INFO - Setting next_dagrun for example_subdag_operator.section-2 to None
[2022-04-25 13:02:11,332] {logging_mixin.py:109} INFO - [2022-04-25 13:02:11,332] {dag.py:2398} INFO - Sync 2 DAGs
[2022-04-25 13:02:11,352] {logging_mixin.py:109} INFO - [2022-04-25 13:02:11,352] {dag.py:2937} INFO - Setting next_dagrun for example_subdag_operator.section-1 to None
[2022-04-25 13:02:11,355] {logging_mixin.py:109} INFO - [2022-04-25 13:02:11,355] {dag.py:2937} INFO - Setting next_dagrun for example_subdag_operator.section-2 to None
[2022-04-25 13:02:11,382] {processor.py:171} INFO - Processing /home/airflow/.local/lib/python3.7/site-packages/airflow/example_dags/example_subdag_operator.py took 0.289 seconds
[2022-04-25 13:02:42,124] {processor.py:163} INFO - Started process (PID=1969) to work on /home/airflow/.local/lib/python3.7/site-packages/airflow/example_dags/example_subdag_operator.py
[2022-04-25 13:02:42,128] {processor.py:642} INFO - Processing file /home/airflow/.local/lib/python3.7/site-packages/airflow/example_dags/example_subdag_operator.py for tasks to queue
[2022-04-25 13:02:42,130] {logging_mixin.py:109} INFO - [2022-04-25 13:02:42,130] {dagbag.py:500} INFO - Filling up the DagBag from /home/airflow/.local/lib/python3.7/site-packages/airflow/example_dags/example_subdag_operator.py
[2022-04-25 13:02:42,193] {processor.py:652} INFO - DAG(s) dict_keys(['example_subdag_operator.section-1', 'example_subdag_operator.section-2', 'example_subdag_operator']) retrieved from /home/airflow/.local/lib/python3.7/site-packages/airflow/example_dags/example_subdag_operator.py
[2022-04-25 13:02:42,227] {logging_mixin.py:109} INFO - [2022-04-25 13:02:42,227] {dag.py:2398} INFO - Sync 3 DAGs
[2022-04-25 13:02:42,265] {logging_mixin.py:109} INFO - [2022-04-25 13:02:42,265] {dag.py:2937} INFO - Setting next_dagrun for example_subdag_operator to 2022-04-23T00:00:00+00:00
[2022-04-25 13:02:42,267] {logging_mixin.py:109} INFO - [2022-04-25 13:02:42,266] {dag.py:2937} INFO - Setting next_dagrun for example_subdag_operator.section-1 to None
[2022-04-25 13:02:42,268] {logging_mixin.py:109} INFO - [2022-04-25 13:02:42,268] {dag.py:2937} INFO - Setting next_dagrun for example_subdag_operator.section-2 to None
[2022-04-25 13:02:42,278] {logging_mixin.py:109} INFO - [2022-04-25 13:02:42,278] {dag.py:2398} INFO - Sync 2 DAGs
[2022-04-25 13:02:42,291] {logging_mixin.py:109} INFO - [2022-04-25 13:02:42,291] {dag.py:2937} INFO - Setting next_dagrun for example_subdag_operator.section-1 to None
[2022-04-25 13:02:42,293] {logging_mixin.py:109} INFO - [2022-04-25 13:02:42,293] {dag.py:2937} INFO - Setting next_dagrun for example_subdag_operator.section-2 to None
[2022-04-25 13:02:42,309] {processor.py:171} INFO - Processing /home/airflow/.local/lib/python3.7/site-packages/airflow/example_dags/example_subdag_operator.py took 0.209 seconds
[2022-04-25 13:11:46,682] {processor.py:163} INFO - Started process (PID=1999) to work on /home/airflow/.local/lib/python3.7/site-packages/airflow/example_dags/example_subdag_operator.py
[2022-04-25 13:11:46,788] {processor.py:642} INFO - Processing file /home/airflow/.local/lib/python3.7/site-packages/airflow/example_dags/example_subdag_operator.py for tasks to queue
[2022-04-25 13:11:47,509] {logging_mixin.py:109} INFO - [2022-04-25 13:11:47,480] {dagbag.py:500} INFO - Filling up the DagBag from /home/airflow/.local/lib/python3.7/site-packages/airflow/example_dags/example_subdag_operator.py
[2022-04-25 13:11:48,376] {processor.py:652} INFO - DAG(s) dict_keys(['example_subdag_operator.section-1', 'example_subdag_operator.section-2', 'example_subdag_operator']) retrieved from /home/airflow/.local/lib/python3.7/site-packages/airflow/example_dags/example_subdag_operator.py
[2022-04-25 13:11:48,504] {logging_mixin.py:109} INFO - [2022-04-25 13:11:48,503] {dag.py:2398} INFO - Sync 3 DAGs
[2022-04-25 13:11:48,643] {logging_mixin.py:109} INFO - [2022-04-25 13:11:48,643] {dag.py:2937} INFO - Setting next_dagrun for example_subdag_operator to 2022-04-23T00:00:00+00:00
[2022-04-25 13:11:48,645] {logging_mixin.py:109} INFO - [2022-04-25 13:11:48,645] {dag.py:2937} INFO - Setting next_dagrun for example_subdag_operator.section-1 to None
[2022-04-25 13:11:48,656] {logging_mixin.py:109} INFO - [2022-04-25 13:11:48,655] {dag.py:2937} INFO - Setting next_dagrun for example_subdag_operator.section-2 to None
[2022-04-25 13:11:48,720] {logging_mixin.py:109} INFO - [2022-04-25 13:11:48,720] {dag.py:2398} INFO - Sync 2 DAGs
[2022-04-25 13:11:48,824] {logging_mixin.py:109} INFO - [2022-04-25 13:11:48,824] {dag.py:2937} INFO - Setting next_dagrun for example_subdag_operator.section-1 to None
[2022-04-25 13:11:48,852] {logging_mixin.py:109} INFO - [2022-04-25 13:11:48,851] {dag.py:2937} INFO - Setting next_dagrun for example_subdag_operator.section-2 to None
[2022-04-25 13:11:48,883] {processor.py:171} INFO - Processing /home/airflow/.local/lib/python3.7/site-packages/airflow/example_dags/example_subdag_operator.py took 2.303 seconds
