[2022-04-25 12:41:48,898] {processor.py:163} INFO - Started process (PID=167) to work on /home/airflow/.local/lib/python3.7/site-packages/airflow/example_dags/example_complex.py
[2022-04-25 12:41:48,912] {processor.py:642} INFO - Processing file /home/airflow/.local/lib/python3.7/site-packages/airflow/example_dags/example_complex.py for tasks to queue
[2022-04-25 12:41:48,925] {logging_mixin.py:109} INFO - [2022-04-25 12:41:48,914] {dagbag.py:500} INFO - Filling up the DagBag from /home/airflow/.local/lib/python3.7/site-packages/airflow/example_dags/example_complex.py
[2022-04-25 12:41:49,242] {processor.py:652} INFO - DAG(s) dict_keys(['example_complex']) retrieved from /home/airflow/.local/lib/python3.7/site-packages/airflow/example_dags/example_complex.py
[2022-04-25 12:41:55,616] {logging_mixin.py:109} INFO - [2022-04-25 12:41:55,616] {manager.py:496} INFO - Created Permission View: can read on DAG:example_complex
[2022-04-25 12:41:55,650] {logging_mixin.py:109} INFO - [2022-04-25 12:41:55,650] {manager.py:496} INFO - Created Permission View: can edit on DAG:example_complex
[2022-04-25 12:41:55,653] {logging_mixin.py:109} INFO - [2022-04-25 12:41:55,652] {dag.py:2398} INFO - Sync 1 DAGs
[2022-04-25 12:41:55,685] {logging_mixin.py:109} INFO - [2022-04-25 12:41:55,685] {dag.py:2417} INFO - Creating ORM DAG for example_complex
[2022-04-25 12:41:55,719] {logging_mixin.py:109} INFO - [2022-04-25 12:41:55,718] {dag.py:2937} INFO - Setting next_dagrun for example_complex to None
[2022-04-25 12:41:55,779] {processor.py:171} INFO - Processing /home/airflow/.local/lib/python3.7/site-packages/airflow/example_dags/example_complex.py took 6.899 seconds
[2022-04-25 12:42:37,471] {processor.py:163} INFO - Started process (PID=256) to work on /home/airflow/.local/lib/python3.7/site-packages/airflow/example_dags/example_complex.py
[2022-04-25 12:42:37,482] {processor.py:642} INFO - Processing file /home/airflow/.local/lib/python3.7/site-packages/airflow/example_dags/example_complex.py for tasks to queue
[2022-04-25 12:42:37,486] {logging_mixin.py:109} INFO - [2022-04-25 12:42:37,486] {dagbag.py:500} INFO - Filling up the DagBag from /home/airflow/.local/lib/python3.7/site-packages/airflow/example_dags/example_complex.py
[2022-04-25 12:42:37,653] {processor.py:652} INFO - DAG(s) dict_keys(['example_complex']) retrieved from /home/airflow/.local/lib/python3.7/site-packages/airflow/example_dags/example_complex.py
[2022-04-25 12:42:37,758] {logging_mixin.py:109} INFO - [2022-04-25 12:42:37,758] {dag.py:2398} INFO - Sync 1 DAGs
[2022-04-25 12:42:37,808] {logging_mixin.py:109} INFO - [2022-04-25 12:42:37,808] {dag.py:2937} INFO - Setting next_dagrun for example_complex to None
[2022-04-25 12:42:37,865] {processor.py:171} INFO - Processing /home/airflow/.local/lib/python3.7/site-packages/airflow/example_dags/example_complex.py took 0.413 seconds
[2022-04-25 12:43:10,902] {processor.py:163} INFO - Started process (PID=318) to work on /home/airflow/.local/lib/python3.7/site-packages/airflow/example_dags/example_complex.py
[2022-04-25 12:43:10,922] {processor.py:642} INFO - Processing file /home/airflow/.local/lib/python3.7/site-packages/airflow/example_dags/example_complex.py for tasks to queue
[2022-04-25 12:43:10,946] {logging_mixin.py:109} INFO - [2022-04-25 12:43:10,933] {dagbag.py:500} INFO - Filling up the DagBag from /home/airflow/.local/lib/python3.7/site-packages/airflow/example_dags/example_complex.py
[2022-04-25 12:43:11,216] {processor.py:652} INFO - DAG(s) dict_keys(['example_complex']) retrieved from /home/airflow/.local/lib/python3.7/site-packages/airflow/example_dags/example_complex.py
[2022-04-25 12:43:11,469] {logging_mixin.py:109} INFO - [2022-04-25 12:43:11,468] {dag.py:2398} INFO - Sync 1 DAGs
[2022-04-25 12:43:11,549] {logging_mixin.py:109} INFO - [2022-04-25 12:43:11,549] {dag.py:2937} INFO - Setting next_dagrun for example_complex to None
[2022-04-25 12:43:11,573] {processor.py:171} INFO - Processing /home/airflow/.local/lib/python3.7/site-packages/airflow/example_dags/example_complex.py took 0.689 seconds
[2022-04-25 12:43:43,605] {processor.py:163} INFO - Started process (PID=371) to work on /home/airflow/.local/lib/python3.7/site-packages/airflow/example_dags/example_complex.py
[2022-04-25 12:43:43,639] {processor.py:642} INFO - Processing file /home/airflow/.local/lib/python3.7/site-packages/airflow/example_dags/example_complex.py for tasks to queue
[2022-04-25 12:43:43,644] {logging_mixin.py:109} INFO - [2022-04-25 12:43:43,644] {dagbag.py:500} INFO - Filling up the DagBag from /home/airflow/.local/lib/python3.7/site-packages/airflow/example_dags/example_complex.py
[2022-04-25 12:43:43,723] {processor.py:652} INFO - DAG(s) dict_keys(['example_complex']) retrieved from /home/airflow/.local/lib/python3.7/site-packages/airflow/example_dags/example_complex.py
[2022-04-25 12:43:43,805] {logging_mixin.py:109} INFO - [2022-04-25 12:43:43,805] {dag.py:2398} INFO - Sync 1 DAGs
[2022-04-25 12:43:43,849] {logging_mixin.py:109} INFO - [2022-04-25 12:43:43,848] {dag.py:2937} INFO - Setting next_dagrun for example_complex to None
[2022-04-25 12:43:43,877] {processor.py:171} INFO - Processing /home/airflow/.local/lib/python3.7/site-packages/airflow/example_dags/example_complex.py took 0.301 seconds
[2022-04-25 12:44:14,099] {processor.py:163} INFO - Started process (PID=424) to work on /home/airflow/.local/lib/python3.7/site-packages/airflow/example_dags/example_complex.py
[2022-04-25 12:44:14,109] {processor.py:642} INFO - Processing file /home/airflow/.local/lib/python3.7/site-packages/airflow/example_dags/example_complex.py for tasks to queue
[2022-04-25 12:44:14,113] {logging_mixin.py:109} INFO - [2022-04-25 12:44:14,112] {dagbag.py:500} INFO - Filling up the DagBag from /home/airflow/.local/lib/python3.7/site-packages/airflow/example_dags/example_complex.py
[2022-04-25 12:44:14,213] {processor.py:652} INFO - DAG(s) dict_keys(['example_complex']) retrieved from /home/airflow/.local/lib/python3.7/site-packages/airflow/example_dags/example_complex.py
[2022-04-25 12:44:14,276] {logging_mixin.py:109} INFO - [2022-04-25 12:44:14,275] {dag.py:2398} INFO - Sync 1 DAGs
[2022-04-25 12:44:14,327] {logging_mixin.py:109} INFO - [2022-04-25 12:44:14,327] {dag.py:2937} INFO - Setting next_dagrun for example_complex to None
[2022-04-25 12:44:14,349] {processor.py:171} INFO - Processing /home/airflow/.local/lib/python3.7/site-packages/airflow/example_dags/example_complex.py took 0.268 seconds
[2022-04-25 12:44:45,465] {processor.py:163} INFO - Started process (PID=477) to work on /home/airflow/.local/lib/python3.7/site-packages/airflow/example_dags/example_complex.py
[2022-04-25 12:44:45,469] {processor.py:642} INFO - Processing file /home/airflow/.local/lib/python3.7/site-packages/airflow/example_dags/example_complex.py for tasks to queue
[2022-04-25 12:44:45,473] {logging_mixin.py:109} INFO - [2022-04-25 12:44:45,473] {dagbag.py:500} INFO - Filling up the DagBag from /home/airflow/.local/lib/python3.7/site-packages/airflow/example_dags/example_complex.py
[2022-04-25 12:44:45,575] {processor.py:652} INFO - DAG(s) dict_keys(['example_complex']) retrieved from /home/airflow/.local/lib/python3.7/site-packages/airflow/example_dags/example_complex.py
[2022-04-25 12:44:45,648] {logging_mixin.py:109} INFO - [2022-04-25 12:44:45,648] {dag.py:2398} INFO - Sync 1 DAGs
[2022-04-25 12:44:45,694] {logging_mixin.py:109} INFO - [2022-04-25 12:44:45,694] {dag.py:2937} INFO - Setting next_dagrun for example_complex to None
[2022-04-25 12:44:45,721] {processor.py:171} INFO - Processing /home/airflow/.local/lib/python3.7/site-packages/airflow/example_dags/example_complex.py took 0.289 seconds
[2022-04-25 12:45:17,188] {processor.py:163} INFO - Started process (PID=528) to work on /home/airflow/.local/lib/python3.7/site-packages/airflow/example_dags/example_complex.py
[2022-04-25 12:45:17,192] {processor.py:642} INFO - Processing file /home/airflow/.local/lib/python3.7/site-packages/airflow/example_dags/example_complex.py for tasks to queue
[2022-04-25 12:45:17,194] {logging_mixin.py:109} INFO - [2022-04-25 12:45:17,194] {dagbag.py:500} INFO - Filling up the DagBag from /home/airflow/.local/lib/python3.7/site-packages/airflow/example_dags/example_complex.py
[2022-04-25 12:45:17,247] {processor.py:652} INFO - DAG(s) dict_keys(['example_complex']) retrieved from /home/airflow/.local/lib/python3.7/site-packages/airflow/example_dags/example_complex.py
[2022-04-25 12:45:17,304] {logging_mixin.py:109} INFO - [2022-04-25 12:45:17,303] {dag.py:2398} INFO - Sync 1 DAGs
[2022-04-25 12:45:17,328] {logging_mixin.py:109} INFO - [2022-04-25 12:45:17,328] {dag.py:2937} INFO - Setting next_dagrun for example_complex to None
[2022-04-25 12:45:17,346] {processor.py:171} INFO - Processing /home/airflow/.local/lib/python3.7/site-packages/airflow/example_dags/example_complex.py took 0.165 seconds
[2022-04-25 12:45:47,913] {processor.py:163} INFO - Started process (PID=581) to work on /home/airflow/.local/lib/python3.7/site-packages/airflow/example_dags/example_complex.py
[2022-04-25 12:45:47,917] {processor.py:642} INFO - Processing file /home/airflow/.local/lib/python3.7/site-packages/airflow/example_dags/example_complex.py for tasks to queue
[2022-04-25 12:45:47,920] {logging_mixin.py:109} INFO - [2022-04-25 12:45:47,920] {dagbag.py:500} INFO - Filling up the DagBag from /home/airflow/.local/lib/python3.7/site-packages/airflow/example_dags/example_complex.py
[2022-04-25 12:45:47,969] {processor.py:652} INFO - DAG(s) dict_keys(['example_complex']) retrieved from /home/airflow/.local/lib/python3.7/site-packages/airflow/example_dags/example_complex.py
[2022-04-25 12:45:48,017] {logging_mixin.py:109} INFO - [2022-04-25 12:45:48,017] {dag.py:2398} INFO - Sync 1 DAGs
[2022-04-25 12:45:48,045] {logging_mixin.py:109} INFO - [2022-04-25 12:45:48,045] {dag.py:2937} INFO - Setting next_dagrun for example_complex to None
[2022-04-25 12:45:48,065] {processor.py:171} INFO - Processing /home/airflow/.local/lib/python3.7/site-packages/airflow/example_dags/example_complex.py took 0.161 seconds
[2022-04-25 12:46:18,459] {processor.py:163} INFO - Started process (PID=630) to work on /home/airflow/.local/lib/python3.7/site-packages/airflow/example_dags/example_complex.py
[2022-04-25 12:46:18,466] {processor.py:642} INFO - Processing file /home/airflow/.local/lib/python3.7/site-packages/airflow/example_dags/example_complex.py for tasks to queue
[2022-04-25 12:46:18,481] {logging_mixin.py:109} INFO - [2022-04-25 12:46:18,480] {dagbag.py:500} INFO - Filling up the DagBag from /home/airflow/.local/lib/python3.7/site-packages/airflow/example_dags/example_complex.py
[2022-04-25 12:46:18,623] {processor.py:652} INFO - DAG(s) dict_keys(['example_complex']) retrieved from /home/airflow/.local/lib/python3.7/site-packages/airflow/example_dags/example_complex.py
[2022-04-25 12:46:18,730] {logging_mixin.py:109} INFO - [2022-04-25 12:46:18,730] {dag.py:2398} INFO - Sync 1 DAGs
[2022-04-25 12:46:18,786] {logging_mixin.py:109} INFO - [2022-04-25 12:46:18,786] {dag.py:2937} INFO - Setting next_dagrun for example_complex to None
[2022-04-25 12:46:18,814] {processor.py:171} INFO - Processing /home/airflow/.local/lib/python3.7/site-packages/airflow/example_dags/example_complex.py took 0.388 seconds
[2022-04-25 12:46:49,094] {processor.py:163} INFO - Started process (PID=680) to work on /home/airflow/.local/lib/python3.7/site-packages/airflow/example_dags/example_complex.py
[2022-04-25 12:46:49,100] {processor.py:642} INFO - Processing file /home/airflow/.local/lib/python3.7/site-packages/airflow/example_dags/example_complex.py for tasks to queue
[2022-04-25 12:46:49,103] {logging_mixin.py:109} INFO - [2022-04-25 12:46:49,103] {dagbag.py:500} INFO - Filling up the DagBag from /home/airflow/.local/lib/python3.7/site-packages/airflow/example_dags/example_complex.py
[2022-04-25 12:46:49,244] {processor.py:652} INFO - DAG(s) dict_keys(['example_complex']) retrieved from /home/airflow/.local/lib/python3.7/site-packages/airflow/example_dags/example_complex.py
[2022-04-25 12:46:49,365] {logging_mixin.py:109} INFO - [2022-04-25 12:46:49,365] {dag.py:2398} INFO - Sync 1 DAGs
[2022-04-25 12:46:49,440] {logging_mixin.py:109} INFO - [2022-04-25 12:46:49,440] {dag.py:2937} INFO - Setting next_dagrun for example_complex to None
[2022-04-25 12:46:49,531] {processor.py:171} INFO - Processing /home/airflow/.local/lib/python3.7/site-packages/airflow/example_dags/example_complex.py took 0.450 seconds
[2022-04-25 12:47:20,177] {processor.py:163} INFO - Started process (PID=730) to work on /home/airflow/.local/lib/python3.7/site-packages/airflow/example_dags/example_complex.py
[2022-04-25 12:47:20,184] {processor.py:642} INFO - Processing file /home/airflow/.local/lib/python3.7/site-packages/airflow/example_dags/example_complex.py for tasks to queue
[2022-04-25 12:47:20,186] {logging_mixin.py:109} INFO - [2022-04-25 12:47:20,186] {dagbag.py:500} INFO - Filling up the DagBag from /home/airflow/.local/lib/python3.7/site-packages/airflow/example_dags/example_complex.py
[2022-04-25 12:47:20,327] {processor.py:652} INFO - DAG(s) dict_keys(['example_complex']) retrieved from /home/airflow/.local/lib/python3.7/site-packages/airflow/example_dags/example_complex.py
[2022-04-25 12:47:20,430] {logging_mixin.py:109} INFO - [2022-04-25 12:47:20,430] {dag.py:2398} INFO - Sync 1 DAGs
[2022-04-25 12:47:20,495] {logging_mixin.py:109} INFO - [2022-04-25 12:47:20,495] {dag.py:2937} INFO - Setting next_dagrun for example_complex to None
[2022-04-25 12:47:20,593] {processor.py:171} INFO - Processing /home/airflow/.local/lib/python3.7/site-packages/airflow/example_dags/example_complex.py took 0.426 seconds
[2022-04-25 12:47:50,887] {processor.py:163} INFO - Started process (PID=779) to work on /home/airflow/.local/lib/python3.7/site-packages/airflow/example_dags/example_complex.py
[2022-04-25 12:47:50,902] {processor.py:642} INFO - Processing file /home/airflow/.local/lib/python3.7/site-packages/airflow/example_dags/example_complex.py for tasks to queue
[2022-04-25 12:47:50,908] {logging_mixin.py:109} INFO - [2022-04-25 12:47:50,907] {dagbag.py:500} INFO - Filling up the DagBag from /home/airflow/.local/lib/python3.7/site-packages/airflow/example_dags/example_complex.py
[2022-04-25 12:47:51,076] {processor.py:652} INFO - DAG(s) dict_keys(['example_complex']) retrieved from /home/airflow/.local/lib/python3.7/site-packages/airflow/example_dags/example_complex.py
[2022-04-25 12:47:51,204] {logging_mixin.py:109} INFO - [2022-04-25 12:47:51,204] {dag.py:2398} INFO - Sync 1 DAGs
[2022-04-25 12:47:51,304] {logging_mixin.py:109} INFO - [2022-04-25 12:47:51,303] {dag.py:2937} INFO - Setting next_dagrun for example_complex to None
[2022-04-25 12:47:51,342] {processor.py:171} INFO - Processing /home/airflow/.local/lib/python3.7/site-packages/airflow/example_dags/example_complex.py took 0.476 seconds
[2022-04-25 12:48:21,672] {processor.py:163} INFO - Started process (PID=830) to work on /home/airflow/.local/lib/python3.7/site-packages/airflow/example_dags/example_complex.py
[2022-04-25 12:48:21,677] {processor.py:642} INFO - Processing file /home/airflow/.local/lib/python3.7/site-packages/airflow/example_dags/example_complex.py for tasks to queue
[2022-04-25 12:48:21,682] {logging_mixin.py:109} INFO - [2022-04-25 12:48:21,681] {dagbag.py:500} INFO - Filling up the DagBag from /home/airflow/.local/lib/python3.7/site-packages/airflow/example_dags/example_complex.py
[2022-04-25 12:48:21,765] {processor.py:652} INFO - DAG(s) dict_keys(['example_complex']) retrieved from /home/airflow/.local/lib/python3.7/site-packages/airflow/example_dags/example_complex.py
[2022-04-25 12:48:21,826] {logging_mixin.py:109} INFO - [2022-04-25 12:48:21,826] {dag.py:2398} INFO - Sync 1 DAGs
[2022-04-25 12:48:21,866] {logging_mixin.py:109} INFO - [2022-04-25 12:48:21,866] {dag.py:2937} INFO - Setting next_dagrun for example_complex to None
[2022-04-25 12:48:21,901] {processor.py:171} INFO - Processing /home/airflow/.local/lib/python3.7/site-packages/airflow/example_dags/example_complex.py took 0.262 seconds
[2022-04-25 12:48:55,002] {processor.py:163} INFO - Started process (PID=890) to work on /home/airflow/.local/lib/python3.7/site-packages/airflow/example_dags/example_complex.py
[2022-04-25 12:48:55,015] {processor.py:642} INFO - Processing file /home/airflow/.local/lib/python3.7/site-packages/airflow/example_dags/example_complex.py for tasks to queue
[2022-04-25 12:48:55,029] {logging_mixin.py:109} INFO - [2022-04-25 12:48:55,028] {dagbag.py:500} INFO - Filling up the DagBag from /home/airflow/.local/lib/python3.7/site-packages/airflow/example_dags/example_complex.py
[2022-04-25 12:48:55,156] {processor.py:652} INFO - DAG(s) dict_keys(['example_complex']) retrieved from /home/airflow/.local/lib/python3.7/site-packages/airflow/example_dags/example_complex.py
[2022-04-25 12:48:55,322] {logging_mixin.py:109} INFO - [2022-04-25 12:48:55,322] {dag.py:2398} INFO - Sync 1 DAGs
[2022-04-25 12:48:55,443] {logging_mixin.py:109} INFO - [2022-04-25 12:48:55,443] {dag.py:2937} INFO - Setting next_dagrun for example_complex to None
[2022-04-25 12:48:55,574] {processor.py:171} INFO - Processing /home/airflow/.local/lib/python3.7/site-packages/airflow/example_dags/example_complex.py took 0.602 seconds
[2022-04-25 12:52:42,558] {processor.py:163} INFO - Started process (PID=942) to work on /home/airflow/.local/lib/python3.7/site-packages/airflow/example_dags/example_complex.py
[2022-04-25 12:52:42,575] {processor.py:642} INFO - Processing file /home/airflow/.local/lib/python3.7/site-packages/airflow/example_dags/example_complex.py for tasks to queue
[2022-04-25 12:52:42,578] {logging_mixin.py:109} INFO - [2022-04-25 12:52:42,577] {dagbag.py:500} INFO - Filling up the DagBag from /home/airflow/.local/lib/python3.7/site-packages/airflow/example_dags/example_complex.py
[2022-04-25 12:52:42,795] {processor.py:652} INFO - DAG(s) dict_keys(['example_complex']) retrieved from /home/airflow/.local/lib/python3.7/site-packages/airflow/example_dags/example_complex.py
[2022-04-25 12:52:43,045] {logging_mixin.py:109} INFO - [2022-04-25 12:52:43,045] {dag.py:2398} INFO - Sync 1 DAGs
[2022-04-25 12:52:43,235] {logging_mixin.py:109} INFO - [2022-04-25 12:52:43,234] {dag.py:2937} INFO - Setting next_dagrun for example_complex to None
[2022-04-25 12:52:43,284] {processor.py:171} INFO - Processing /home/airflow/.local/lib/python3.7/site-packages/airflow/example_dags/example_complex.py took 0.743 seconds
[2022-04-25 12:53:13,558] {processor.py:163} INFO - Started process (PID=993) to work on /home/airflow/.local/lib/python3.7/site-packages/airflow/example_dags/example_complex.py
[2022-04-25 12:53:13,563] {processor.py:642} INFO - Processing file /home/airflow/.local/lib/python3.7/site-packages/airflow/example_dags/example_complex.py for tasks to queue
[2022-04-25 12:53:13,567] {logging_mixin.py:109} INFO - [2022-04-25 12:53:13,567] {dagbag.py:500} INFO - Filling up the DagBag from /home/airflow/.local/lib/python3.7/site-packages/airflow/example_dags/example_complex.py
[2022-04-25 12:53:13,665] {processor.py:652} INFO - DAG(s) dict_keys(['example_complex']) retrieved from /home/airflow/.local/lib/python3.7/site-packages/airflow/example_dags/example_complex.py
[2022-04-25 12:53:13,828] {logging_mixin.py:109} INFO - [2022-04-25 12:53:13,828] {dag.py:2398} INFO - Sync 1 DAGs
[2022-04-25 12:53:13,900] {logging_mixin.py:109} INFO - [2022-04-25 12:53:13,900] {dag.py:2937} INFO - Setting next_dagrun for example_complex to None
[2022-04-25 12:53:13,930] {processor.py:171} INFO - Processing /home/airflow/.local/lib/python3.7/site-packages/airflow/example_dags/example_complex.py took 0.377 seconds
[2022-04-25 12:53:44,776] {processor.py:163} INFO - Started process (PID=1045) to work on /home/airflow/.local/lib/python3.7/site-packages/airflow/example_dags/example_complex.py
[2022-04-25 12:53:44,780] {processor.py:642} INFO - Processing file /home/airflow/.local/lib/python3.7/site-packages/airflow/example_dags/example_complex.py for tasks to queue
[2022-04-25 12:53:44,783] {logging_mixin.py:109} INFO - [2022-04-25 12:53:44,783] {dagbag.py:500} INFO - Filling up the DagBag from /home/airflow/.local/lib/python3.7/site-packages/airflow/example_dags/example_complex.py
[2022-04-25 12:53:44,828] {processor.py:652} INFO - DAG(s) dict_keys(['example_complex']) retrieved from /home/airflow/.local/lib/python3.7/site-packages/airflow/example_dags/example_complex.py
[2022-04-25 12:53:44,933] {logging_mixin.py:109} INFO - [2022-04-25 12:53:44,933] {dag.py:2398} INFO - Sync 1 DAGs
[2022-04-25 12:53:44,971] {logging_mixin.py:109} INFO - [2022-04-25 12:53:44,970] {dag.py:2937} INFO - Setting next_dagrun for example_complex to None
[2022-04-25 12:53:44,988] {processor.py:171} INFO - Processing /home/airflow/.local/lib/python3.7/site-packages/airflow/example_dags/example_complex.py took 0.220 seconds
[2022-04-25 12:54:15,321] {processor.py:163} INFO - Started process (PID=1094) to work on /home/airflow/.local/lib/python3.7/site-packages/airflow/example_dags/example_complex.py
[2022-04-25 12:54:15,326] {processor.py:642} INFO - Processing file /home/airflow/.local/lib/python3.7/site-packages/airflow/example_dags/example_complex.py for tasks to queue
[2022-04-25 12:54:15,330] {logging_mixin.py:109} INFO - [2022-04-25 12:54:15,329] {dagbag.py:500} INFO - Filling up the DagBag from /home/airflow/.local/lib/python3.7/site-packages/airflow/example_dags/example_complex.py
[2022-04-25 12:54:15,373] {processor.py:652} INFO - DAG(s) dict_keys(['example_complex']) retrieved from /home/airflow/.local/lib/python3.7/site-packages/airflow/example_dags/example_complex.py
[2022-04-25 12:54:15,423] {logging_mixin.py:109} INFO - [2022-04-25 12:54:15,423] {dag.py:2398} INFO - Sync 1 DAGs
[2022-04-25 12:54:15,462] {logging_mixin.py:109} INFO - [2022-04-25 12:54:15,462] {dag.py:2937} INFO - Setting next_dagrun for example_complex to None
[2022-04-25 12:54:15,483] {processor.py:171} INFO - Processing /home/airflow/.local/lib/python3.7/site-packages/airflow/example_dags/example_complex.py took 0.168 seconds
[2022-04-25 12:54:45,676] {processor.py:163} INFO - Started process (PID=1144) to work on /home/airflow/.local/lib/python3.7/site-packages/airflow/example_dags/example_complex.py
[2022-04-25 12:54:45,682] {processor.py:642} INFO - Processing file /home/airflow/.local/lib/python3.7/site-packages/airflow/example_dags/example_complex.py for tasks to queue
[2022-04-25 12:54:45,686] {logging_mixin.py:109} INFO - [2022-04-25 12:54:45,685] {dagbag.py:500} INFO - Filling up the DagBag from /home/airflow/.local/lib/python3.7/site-packages/airflow/example_dags/example_complex.py
[2022-04-25 12:54:45,741] {processor.py:652} INFO - DAG(s) dict_keys(['example_complex']) retrieved from /home/airflow/.local/lib/python3.7/site-packages/airflow/example_dags/example_complex.py
[2022-04-25 12:54:45,793] {logging_mixin.py:109} INFO - [2022-04-25 12:54:45,793] {dag.py:2398} INFO - Sync 1 DAGs
[2022-04-25 12:54:45,823] {logging_mixin.py:109} INFO - [2022-04-25 12:54:45,823] {dag.py:2937} INFO - Setting next_dagrun for example_complex to None
[2022-04-25 12:54:45,850] {processor.py:171} INFO - Processing /home/airflow/.local/lib/python3.7/site-packages/airflow/example_dags/example_complex.py took 0.189 seconds
[2022-04-25 12:55:16,416] {processor.py:163} INFO - Started process (PID=1198) to work on /home/airflow/.local/lib/python3.7/site-packages/airflow/example_dags/example_complex.py
[2022-04-25 12:55:16,430] {processor.py:642} INFO - Processing file /home/airflow/.local/lib/python3.7/site-packages/airflow/example_dags/example_complex.py for tasks to queue
[2022-04-25 12:55:16,436] {logging_mixin.py:109} INFO - [2022-04-25 12:55:16,435] {dagbag.py:500} INFO - Filling up the DagBag from /home/airflow/.local/lib/python3.7/site-packages/airflow/example_dags/example_complex.py
[2022-04-25 12:55:16,582] {processor.py:652} INFO - DAG(s) dict_keys(['example_complex']) retrieved from /home/airflow/.local/lib/python3.7/site-packages/airflow/example_dags/example_complex.py
[2022-04-25 12:55:16,682] {logging_mixin.py:109} INFO - [2022-04-25 12:55:16,682] {dag.py:2398} INFO - Sync 1 DAGs
[2022-04-25 12:55:16,735] {logging_mixin.py:109} INFO - [2022-04-25 12:55:16,735] {dag.py:2937} INFO - Setting next_dagrun for example_complex to None
[2022-04-25 12:55:16,755] {processor.py:171} INFO - Processing /home/airflow/.local/lib/python3.7/site-packages/airflow/example_dags/example_complex.py took 0.352 seconds
[2022-04-25 12:55:46,828] {processor.py:163} INFO - Started process (PID=1251) to work on /home/airflow/.local/lib/python3.7/site-packages/airflow/example_dags/example_complex.py
[2022-04-25 12:55:46,832] {processor.py:642} INFO - Processing file /home/airflow/.local/lib/python3.7/site-packages/airflow/example_dags/example_complex.py for tasks to queue
[2022-04-25 12:55:46,835] {logging_mixin.py:109} INFO - [2022-04-25 12:55:46,834] {dagbag.py:500} INFO - Filling up the DagBag from /home/airflow/.local/lib/python3.7/site-packages/airflow/example_dags/example_complex.py
[2022-04-25 12:55:46,876] {processor.py:652} INFO - DAG(s) dict_keys(['example_complex']) retrieved from /home/airflow/.local/lib/python3.7/site-packages/airflow/example_dags/example_complex.py
[2022-04-25 12:55:46,920] {logging_mixin.py:109} INFO - [2022-04-25 12:55:46,920] {dag.py:2398} INFO - Sync 1 DAGs
[2022-04-25 12:55:46,943] {logging_mixin.py:109} INFO - [2022-04-25 12:55:46,943] {dag.py:2937} INFO - Setting next_dagrun for example_complex to None
[2022-04-25 12:55:46,966] {processor.py:171} INFO - Processing /home/airflow/.local/lib/python3.7/site-packages/airflow/example_dags/example_complex.py took 0.144 seconds
[2022-04-25 12:56:17,115] {processor.py:163} INFO - Started process (PID=1302) to work on /home/airflow/.local/lib/python3.7/site-packages/airflow/example_dags/example_complex.py
[2022-04-25 12:56:17,128] {processor.py:642} INFO - Processing file /home/airflow/.local/lib/python3.7/site-packages/airflow/example_dags/example_complex.py for tasks to queue
[2022-04-25 12:56:17,130] {logging_mixin.py:109} INFO - [2022-04-25 12:56:17,130] {dagbag.py:500} INFO - Filling up the DagBag from /home/airflow/.local/lib/python3.7/site-packages/airflow/example_dags/example_complex.py
[2022-04-25 12:56:17,169] {processor.py:652} INFO - DAG(s) dict_keys(['example_complex']) retrieved from /home/airflow/.local/lib/python3.7/site-packages/airflow/example_dags/example_complex.py
[2022-04-25 12:56:17,211] {logging_mixin.py:109} INFO - [2022-04-25 12:56:17,210] {dag.py:2398} INFO - Sync 1 DAGs
[2022-04-25 12:56:17,238] {logging_mixin.py:109} INFO - [2022-04-25 12:56:17,238] {dag.py:2937} INFO - Setting next_dagrun for example_complex to None
[2022-04-25 12:56:17,254] {processor.py:171} INFO - Processing /home/airflow/.local/lib/python3.7/site-packages/airflow/example_dags/example_complex.py took 0.144 seconds
[2022-04-25 12:56:47,708] {processor.py:163} INFO - Started process (PID=1365) to work on /home/airflow/.local/lib/python3.7/site-packages/airflow/example_dags/example_complex.py
[2022-04-25 12:56:47,712] {processor.py:642} INFO - Processing file /home/airflow/.local/lib/python3.7/site-packages/airflow/example_dags/example_complex.py for tasks to queue
[2022-04-25 12:56:47,716] {logging_mixin.py:109} INFO - [2022-04-25 12:56:47,716] {dagbag.py:500} INFO - Filling up the DagBag from /home/airflow/.local/lib/python3.7/site-packages/airflow/example_dags/example_complex.py
[2022-04-25 12:56:47,799] {processor.py:652} INFO - DAG(s) dict_keys(['example_complex']) retrieved from /home/airflow/.local/lib/python3.7/site-packages/airflow/example_dags/example_complex.py
[2022-04-25 12:56:47,903] {logging_mixin.py:109} INFO - [2022-04-25 12:56:47,901] {dag.py:2398} INFO - Sync 1 DAGs
[2022-04-25 12:56:47,970] {logging_mixin.py:109} INFO - [2022-04-25 12:56:47,970] {dag.py:2937} INFO - Setting next_dagrun for example_complex to None
[2022-04-25 12:56:48,017] {processor.py:171} INFO - Processing /home/airflow/.local/lib/python3.7/site-packages/airflow/example_dags/example_complex.py took 0.350 seconds
[2022-04-25 12:57:18,228] {processor.py:163} INFO - Started process (PID=1418) to work on /home/airflow/.local/lib/python3.7/site-packages/airflow/example_dags/example_complex.py
[2022-04-25 12:57:18,238] {processor.py:642} INFO - Processing file /home/airflow/.local/lib/python3.7/site-packages/airflow/example_dags/example_complex.py for tasks to queue
[2022-04-25 12:57:18,241] {logging_mixin.py:109} INFO - [2022-04-25 12:57:18,241] {dagbag.py:500} INFO - Filling up the DagBag from /home/airflow/.local/lib/python3.7/site-packages/airflow/example_dags/example_complex.py
[2022-04-25 12:57:18,336] {processor.py:652} INFO - DAG(s) dict_keys(['example_complex']) retrieved from /home/airflow/.local/lib/python3.7/site-packages/airflow/example_dags/example_complex.py
[2022-04-25 12:57:18,406] {logging_mixin.py:109} INFO - [2022-04-25 12:57:18,406] {dag.py:2398} INFO - Sync 1 DAGs
[2022-04-25 12:57:18,433] {logging_mixin.py:109} INFO - [2022-04-25 12:57:18,432] {dag.py:2937} INFO - Setting next_dagrun for example_complex to None
[2022-04-25 12:57:18,471] {processor.py:171} INFO - Processing /home/airflow/.local/lib/python3.7/site-packages/airflow/example_dags/example_complex.py took 0.254 seconds
[2022-04-25 12:57:49,035] {processor.py:163} INFO - Started process (PID=1471) to work on /home/airflow/.local/lib/python3.7/site-packages/airflow/example_dags/example_complex.py
[2022-04-25 12:57:49,039] {processor.py:642} INFO - Processing file /home/airflow/.local/lib/python3.7/site-packages/airflow/example_dags/example_complex.py for tasks to queue
[2022-04-25 12:57:49,049] {logging_mixin.py:109} INFO - [2022-04-25 12:57:49,048] {dagbag.py:500} INFO - Filling up the DagBag from /home/airflow/.local/lib/python3.7/site-packages/airflow/example_dags/example_complex.py
[2022-04-25 12:57:49,133] {processor.py:652} INFO - DAG(s) dict_keys(['example_complex']) retrieved from /home/airflow/.local/lib/python3.7/site-packages/airflow/example_dags/example_complex.py
[2022-04-25 12:57:49,201] {logging_mixin.py:109} INFO - [2022-04-25 12:57:49,201] {dag.py:2398} INFO - Sync 1 DAGs
[2022-04-25 12:57:49,247] {logging_mixin.py:109} INFO - [2022-04-25 12:57:49,247] {dag.py:2937} INFO - Setting next_dagrun for example_complex to None
[2022-04-25 12:57:49,267] {processor.py:171} INFO - Processing /home/airflow/.local/lib/python3.7/site-packages/airflow/example_dags/example_complex.py took 0.238 seconds
[2022-04-25 12:58:21,248] {processor.py:163} INFO - Started process (PID=1526) to work on /home/airflow/.local/lib/python3.7/site-packages/airflow/example_dags/example_complex.py
[2022-04-25 12:58:21,267] {processor.py:642} INFO - Processing file /home/airflow/.local/lib/python3.7/site-packages/airflow/example_dags/example_complex.py for tasks to queue
[2022-04-25 12:58:21,270] {logging_mixin.py:109} INFO - [2022-04-25 12:58:21,270] {dagbag.py:500} INFO - Filling up the DagBag from /home/airflow/.local/lib/python3.7/site-packages/airflow/example_dags/example_complex.py
[2022-04-25 12:58:21,392] {processor.py:652} INFO - DAG(s) dict_keys(['example_complex']) retrieved from /home/airflow/.local/lib/python3.7/site-packages/airflow/example_dags/example_complex.py
[2022-04-25 12:58:21,610] {logging_mixin.py:109} INFO - [2022-04-25 12:58:21,610] {dag.py:2398} INFO - Sync 1 DAGs
[2022-04-25 12:58:21,784] {logging_mixin.py:109} INFO - [2022-04-25 12:58:21,784] {dag.py:2937} INFO - Setting next_dagrun for example_complex to None
[2022-04-25 12:58:21,869] {processor.py:171} INFO - Processing /home/airflow/.local/lib/python3.7/site-packages/airflow/example_dags/example_complex.py took 0.636 seconds
[2022-04-25 12:58:52,550] {processor.py:163} INFO - Started process (PID=1577) to work on /home/airflow/.local/lib/python3.7/site-packages/airflow/example_dags/example_complex.py
[2022-04-25 12:58:52,562] {processor.py:642} INFO - Processing file /home/airflow/.local/lib/python3.7/site-packages/airflow/example_dags/example_complex.py for tasks to queue
[2022-04-25 12:58:52,569] {logging_mixin.py:109} INFO - [2022-04-25 12:58:52,568] {dagbag.py:500} INFO - Filling up the DagBag from /home/airflow/.local/lib/python3.7/site-packages/airflow/example_dags/example_complex.py
[2022-04-25 12:58:52,747] {processor.py:652} INFO - DAG(s) dict_keys(['example_complex']) retrieved from /home/airflow/.local/lib/python3.7/site-packages/airflow/example_dags/example_complex.py
[2022-04-25 12:58:52,944] {logging_mixin.py:109} INFO - [2022-04-25 12:58:52,944] {dag.py:2398} INFO - Sync 1 DAGs
[2022-04-25 12:58:53,037] {logging_mixin.py:109} INFO - [2022-04-25 12:58:53,036] {dag.py:2937} INFO - Setting next_dagrun for example_complex to None
[2022-04-25 12:58:53,080] {processor.py:171} INFO - Processing /home/airflow/.local/lib/python3.7/site-packages/airflow/example_dags/example_complex.py took 0.547 seconds
[2022-04-25 12:59:23,415] {processor.py:163} INFO - Started process (PID=1631) to work on /home/airflow/.local/lib/python3.7/site-packages/airflow/example_dags/example_complex.py
[2022-04-25 12:59:23,428] {processor.py:642} INFO - Processing file /home/airflow/.local/lib/python3.7/site-packages/airflow/example_dags/example_complex.py for tasks to queue
[2022-04-25 12:59:23,431] {logging_mixin.py:109} INFO - [2022-04-25 12:59:23,431] {dagbag.py:500} INFO - Filling up the DagBag from /home/airflow/.local/lib/python3.7/site-packages/airflow/example_dags/example_complex.py
[2022-04-25 12:59:23,503] {processor.py:652} INFO - DAG(s) dict_keys(['example_complex']) retrieved from /home/airflow/.local/lib/python3.7/site-packages/airflow/example_dags/example_complex.py
[2022-04-25 12:59:23,574] {logging_mixin.py:109} INFO - [2022-04-25 12:59:23,573] {dag.py:2398} INFO - Sync 1 DAGs
[2022-04-25 12:59:23,619] {logging_mixin.py:109} INFO - [2022-04-25 12:59:23,619] {dag.py:2937} INFO - Setting next_dagrun for example_complex to None
[2022-04-25 12:59:23,650] {processor.py:171} INFO - Processing /home/airflow/.local/lib/python3.7/site-packages/airflow/example_dags/example_complex.py took 0.239 seconds
[2022-04-25 12:59:54,216] {processor.py:163} INFO - Started process (PID=1683) to work on /home/airflow/.local/lib/python3.7/site-packages/airflow/example_dags/example_complex.py
[2022-04-25 12:59:54,221] {processor.py:642} INFO - Processing file /home/airflow/.local/lib/python3.7/site-packages/airflow/example_dags/example_complex.py for tasks to queue
[2022-04-25 12:59:54,225] {logging_mixin.py:109} INFO - [2022-04-25 12:59:54,224] {dagbag.py:500} INFO - Filling up the DagBag from /home/airflow/.local/lib/python3.7/site-packages/airflow/example_dags/example_complex.py
[2022-04-25 12:59:54,276] {processor.py:652} INFO - DAG(s) dict_keys(['example_complex']) retrieved from /home/airflow/.local/lib/python3.7/site-packages/airflow/example_dags/example_complex.py
[2022-04-25 12:59:54,337] {logging_mixin.py:109} INFO - [2022-04-25 12:59:54,336] {dag.py:2398} INFO - Sync 1 DAGs
[2022-04-25 12:59:54,364] {logging_mixin.py:109} INFO - [2022-04-25 12:59:54,364] {dag.py:2937} INFO - Setting next_dagrun for example_complex to None
[2022-04-25 12:59:54,394] {processor.py:171} INFO - Processing /home/airflow/.local/lib/python3.7/site-packages/airflow/example_dags/example_complex.py took 0.191 seconds
[2022-04-25 13:00:24,517] {processor.py:163} INFO - Started process (PID=1735) to work on /home/airflow/.local/lib/python3.7/site-packages/airflow/example_dags/example_complex.py
[2022-04-25 13:00:24,521] {processor.py:642} INFO - Processing file /home/airflow/.local/lib/python3.7/site-packages/airflow/example_dags/example_complex.py for tasks to queue
[2022-04-25 13:00:24,525] {logging_mixin.py:109} INFO - [2022-04-25 13:00:24,524] {dagbag.py:500} INFO - Filling up the DagBag from /home/airflow/.local/lib/python3.7/site-packages/airflow/example_dags/example_complex.py
[2022-04-25 13:00:24,579] {processor.py:652} INFO - DAG(s) dict_keys(['example_complex']) retrieved from /home/airflow/.local/lib/python3.7/site-packages/airflow/example_dags/example_complex.py
[2022-04-25 13:00:24,656] {logging_mixin.py:109} INFO - [2022-04-25 13:00:24,656] {dag.py:2398} INFO - Sync 1 DAGs
[2022-04-25 13:00:24,718] {logging_mixin.py:109} INFO - [2022-04-25 13:00:24,718] {dag.py:2937} INFO - Setting next_dagrun for example_complex to None
[2022-04-25 13:00:24,749] {processor.py:171} INFO - Processing /home/airflow/.local/lib/python3.7/site-packages/airflow/example_dags/example_complex.py took 0.237 seconds
[2022-04-25 13:00:55,167] {processor.py:163} INFO - Started process (PID=1784) to work on /home/airflow/.local/lib/python3.7/site-packages/airflow/example_dags/example_complex.py
[2022-04-25 13:00:55,174] {processor.py:642} INFO - Processing file /home/airflow/.local/lib/python3.7/site-packages/airflow/example_dags/example_complex.py for tasks to queue
[2022-04-25 13:00:55,179] {logging_mixin.py:109} INFO - [2022-04-25 13:00:55,179] {dagbag.py:500} INFO - Filling up the DagBag from /home/airflow/.local/lib/python3.7/site-packages/airflow/example_dags/example_complex.py
[2022-04-25 13:00:55,221] {processor.py:652} INFO - DAG(s) dict_keys(['example_complex']) retrieved from /home/airflow/.local/lib/python3.7/site-packages/airflow/example_dags/example_complex.py
[2022-04-25 13:00:55,273] {logging_mixin.py:109} INFO - [2022-04-25 13:00:55,273] {dag.py:2398} INFO - Sync 1 DAGs
[2022-04-25 13:00:55,316] {logging_mixin.py:109} INFO - [2022-04-25 13:00:55,315] {dag.py:2937} INFO - Setting next_dagrun for example_complex to None
[2022-04-25 13:00:55,334] {processor.py:171} INFO - Processing /home/airflow/.local/lib/python3.7/site-packages/airflow/example_dags/example_complex.py took 0.176 seconds
[2022-04-25 13:01:25,943] {processor.py:163} INFO - Started process (PID=1835) to work on /home/airflow/.local/lib/python3.7/site-packages/airflow/example_dags/example_complex.py
[2022-04-25 13:01:25,948] {processor.py:642} INFO - Processing file /home/airflow/.local/lib/python3.7/site-packages/airflow/example_dags/example_complex.py for tasks to queue
[2022-04-25 13:01:25,951] {logging_mixin.py:109} INFO - [2022-04-25 13:01:25,951] {dagbag.py:500} INFO - Filling up the DagBag from /home/airflow/.local/lib/python3.7/site-packages/airflow/example_dags/example_complex.py
[2022-04-25 13:01:26,057] {processor.py:652} INFO - DAG(s) dict_keys(['example_complex']) retrieved from /home/airflow/.local/lib/python3.7/site-packages/airflow/example_dags/example_complex.py
[2022-04-25 13:01:26,126] {logging_mixin.py:109} INFO - [2022-04-25 13:01:26,126] {dag.py:2398} INFO - Sync 1 DAGs
[2022-04-25 13:01:26,161] {logging_mixin.py:109} INFO - [2022-04-25 13:01:26,160] {dag.py:2937} INFO - Setting next_dagrun for example_complex to None
[2022-04-25 13:01:26,178] {processor.py:171} INFO - Processing /home/airflow/.local/lib/python3.7/site-packages/airflow/example_dags/example_complex.py took 0.257 seconds
[2022-04-25 13:01:56,921] {processor.py:163} INFO - Started process (PID=1887) to work on /home/airflow/.local/lib/python3.7/site-packages/airflow/example_dags/example_complex.py
[2022-04-25 13:01:56,926] {processor.py:642} INFO - Processing file /home/airflow/.local/lib/python3.7/site-packages/airflow/example_dags/example_complex.py for tasks to queue
[2022-04-25 13:01:56,929] {logging_mixin.py:109} INFO - [2022-04-25 13:01:56,929] {dagbag.py:500} INFO - Filling up the DagBag from /home/airflow/.local/lib/python3.7/site-packages/airflow/example_dags/example_complex.py
[2022-04-25 13:01:57,019] {processor.py:652} INFO - DAG(s) dict_keys(['example_complex']) retrieved from /home/airflow/.local/lib/python3.7/site-packages/airflow/example_dags/example_complex.py
[2022-04-25 13:01:57,104] {logging_mixin.py:109} INFO - [2022-04-25 13:01:57,104] {dag.py:2398} INFO - Sync 1 DAGs
[2022-04-25 13:01:57,164] {logging_mixin.py:109} INFO - [2022-04-25 13:01:57,164] {dag.py:2937} INFO - Setting next_dagrun for example_complex to None
[2022-04-25 13:01:57,199] {processor.py:171} INFO - Processing /home/airflow/.local/lib/python3.7/site-packages/airflow/example_dags/example_complex.py took 0.289 seconds
[2022-04-25 13:02:27,638] {processor.py:163} INFO - Started process (PID=1949) to work on /home/airflow/.local/lib/python3.7/site-packages/airflow/example_dags/example_complex.py
[2022-04-25 13:02:27,650] {processor.py:642} INFO - Processing file /home/airflow/.local/lib/python3.7/site-packages/airflow/example_dags/example_complex.py for tasks to queue
[2022-04-25 13:02:27,660] {logging_mixin.py:109} INFO - [2022-04-25 13:02:27,658] {dagbag.py:500} INFO - Filling up the DagBag from /home/airflow/.local/lib/python3.7/site-packages/airflow/example_dags/example_complex.py
[2022-04-25 13:02:27,714] {processor.py:652} INFO - DAG(s) dict_keys(['example_complex']) retrieved from /home/airflow/.local/lib/python3.7/site-packages/airflow/example_dags/example_complex.py
[2022-04-25 13:02:27,847] {logging_mixin.py:109} INFO - [2022-04-25 13:02:27,846] {dag.py:2398} INFO - Sync 1 DAGs
[2022-04-25 13:02:27,933] {logging_mixin.py:109} INFO - [2022-04-25 13:02:27,933] {dag.py:2937} INFO - Setting next_dagrun for example_complex to None
[2022-04-25 13:02:27,972] {processor.py:171} INFO - Processing /home/airflow/.local/lib/python3.7/site-packages/airflow/example_dags/example_complex.py took 0.376 seconds
[2022-04-25 13:11:56,532] {processor.py:163} INFO - Started process (PID=2014) to work on /home/airflow/.local/lib/python3.7/site-packages/airflow/example_dags/example_complex.py
[2022-04-25 13:11:56,542] {processor.py:642} INFO - Processing file /home/airflow/.local/lib/python3.7/site-packages/airflow/example_dags/example_complex.py for tasks to queue
[2022-04-25 13:11:56,545] {logging_mixin.py:109} INFO - [2022-04-25 13:11:56,545] {dagbag.py:500} INFO - Filling up the DagBag from /home/airflow/.local/lib/python3.7/site-packages/airflow/example_dags/example_complex.py
[2022-04-25 13:11:56,714] {processor.py:652} INFO - DAG(s) dict_keys(['example_complex']) retrieved from /home/airflow/.local/lib/python3.7/site-packages/airflow/example_dags/example_complex.py
[2022-04-25 13:11:56,835] {logging_mixin.py:109} INFO - [2022-04-25 13:11:56,834] {dag.py:2398} INFO - Sync 1 DAGs
[2022-04-25 13:11:56,896] {logging_mixin.py:109} INFO - [2022-04-25 13:11:56,895] {dag.py:2937} INFO - Setting next_dagrun for example_complex to None
[2022-04-25 13:11:56,916] {processor.py:171} INFO - Processing /home/airflow/.local/lib/python3.7/site-packages/airflow/example_dags/example_complex.py took 0.403 seconds
