[2022-04-25 12:41:32,508] {processor.py:163} INFO - Started process (PID=149) to work on /home/airflow/.local/lib/python3.7/site-packages/airflow/example_dags/example_task_group_decorator.py
[2022-04-25 12:41:32,538] {processor.py:642} INFO - Processing file /home/airflow/.local/lib/python3.7/site-packages/airflow/example_dags/example_task_group_decorator.py for tasks to queue
[2022-04-25 12:41:32,542] {logging_mixin.py:109} INFO - [2022-04-25 12:41:32,541] {dagbag.py:500} INFO - Filling up the DagBag from /home/airflow/.local/lib/python3.7/site-packages/airflow/example_dags/example_task_group_decorator.py
[2022-04-25 12:41:32,729] {processor.py:652} INFO - DAG(s) dict_keys(['example_task_group_decorator']) retrieved from /home/airflow/.local/lib/python3.7/site-packages/airflow/example_dags/example_task_group_decorator.py
[2022-04-25 12:41:38,020] {logging_mixin.py:109} INFO - [2022-04-25 12:41:38,020] {manager.py:496} INFO - Created Permission View: can read on DAG:example_task_group_decorator
[2022-04-25 12:41:38,062] {logging_mixin.py:109} INFO - [2022-04-25 12:41:38,062] {manager.py:496} INFO - Created Permission View: can edit on DAG:example_task_group_decorator
[2022-04-25 12:41:38,067] {logging_mixin.py:109} INFO - [2022-04-25 12:41:38,064] {dag.py:2398} INFO - Sync 1 DAGs
[2022-04-25 12:41:38,128] {logging_mixin.py:109} INFO - [2022-04-25 12:41:38,128] {dag.py:2417} INFO - Creating ORM DAG for example_task_group_decorator
[2022-04-25 12:41:38,160] {logging_mixin.py:109} INFO - [2022-04-25 12:41:38,159] {dag.py:2937} INFO - Setting next_dagrun for example_task_group_decorator to 2022-04-24T12:41:38.159520+00:00
[2022-04-25 12:41:38,186] {processor.py:171} INFO - Processing /home/airflow/.local/lib/python3.7/site-packages/airflow/example_dags/example_task_group_decorator.py took 5.687 seconds
[2022-04-25 12:42:36,142] {processor.py:163} INFO - Started process (PID=251) to work on /home/airflow/.local/lib/python3.7/site-packages/airflow/example_dags/example_task_group_decorator.py
[2022-04-25 12:42:36,147] {processor.py:642} INFO - Processing file /home/airflow/.local/lib/python3.7/site-packages/airflow/example_dags/example_task_group_decorator.py for tasks to queue
[2022-04-25 12:42:36,153] {logging_mixin.py:109} INFO - [2022-04-25 12:42:36,153] {dagbag.py:500} INFO - Filling up the DagBag from /home/airflow/.local/lib/python3.7/site-packages/airflow/example_dags/example_task_group_decorator.py
[2022-04-25 12:42:36,280] {processor.py:652} INFO - DAG(s) dict_keys(['example_task_group_decorator']) retrieved from /home/airflow/.local/lib/python3.7/site-packages/airflow/example_dags/example_task_group_decorator.py
[2022-04-25 12:42:37,237] {logging_mixin.py:109} INFO - [2022-04-25 12:42:37,236] {dag.py:2398} INFO - Sync 1 DAGs
[2022-04-25 12:42:37,301] {logging_mixin.py:109} INFO - [2022-04-25 12:42:37,300] {dag.py:2937} INFO - Setting next_dagrun for example_task_group_decorator to 2022-04-24T12:42:37.297135+00:00
[2022-04-25 12:42:37,356] {processor.py:171} INFO - Processing /home/airflow/.local/lib/python3.7/site-packages/airflow/example_dags/example_task_group_decorator.py took 1.229 seconds
[2022-04-25 12:43:08,598] {processor.py:163} INFO - Started process (PID=305) to work on /home/airflow/.local/lib/python3.7/site-packages/airflow/example_dags/example_task_group_decorator.py
[2022-04-25 12:43:08,602] {processor.py:642} INFO - Processing file /home/airflow/.local/lib/python3.7/site-packages/airflow/example_dags/example_task_group_decorator.py for tasks to queue
[2022-04-25 12:43:08,611] {logging_mixin.py:109} INFO - [2022-04-25 12:43:08,611] {dagbag.py:500} INFO - Filling up the DagBag from /home/airflow/.local/lib/python3.7/site-packages/airflow/example_dags/example_task_group_decorator.py
[2022-04-25 12:43:08,877] {processor.py:652} INFO - DAG(s) dict_keys(['example_task_group_decorator']) retrieved from /home/airflow/.local/lib/python3.7/site-packages/airflow/example_dags/example_task_group_decorator.py
[2022-04-25 12:43:10,201] {logging_mixin.py:109} INFO - [2022-04-25 12:43:10,201] {dag.py:2398} INFO - Sync 1 DAGs
[2022-04-25 12:43:10,382] {logging_mixin.py:109} INFO - [2022-04-25 12:43:10,381] {dag.py:2937} INFO - Setting next_dagrun for example_task_group_decorator to 2022-04-24T12:43:10.379262+00:00
[2022-04-25 12:43:10,553] {processor.py:171} INFO - Processing /home/airflow/.local/lib/python3.7/site-packages/airflow/example_dags/example_task_group_decorator.py took 1.996 seconds
[2022-04-25 12:43:42,437] {processor.py:163} INFO - Started process (PID=369) to work on /home/airflow/.local/lib/python3.7/site-packages/airflow/example_dags/example_task_group_decorator.py
[2022-04-25 12:43:42,443] {processor.py:642} INFO - Processing file /home/airflow/.local/lib/python3.7/site-packages/airflow/example_dags/example_task_group_decorator.py for tasks to queue
[2022-04-25 12:43:42,451] {logging_mixin.py:109} INFO - [2022-04-25 12:43:42,451] {dagbag.py:500} INFO - Filling up the DagBag from /home/airflow/.local/lib/python3.7/site-packages/airflow/example_dags/example_task_group_decorator.py
[2022-04-25 12:43:42,775] {processor.py:652} INFO - DAG(s) dict_keys(['example_task_group_decorator']) retrieved from /home/airflow/.local/lib/python3.7/site-packages/airflow/example_dags/example_task_group_decorator.py
[2022-04-25 12:43:44,010] {logging_mixin.py:109} INFO - [2022-04-25 12:43:44,009] {dag.py:2398} INFO - Sync 1 DAGs
[2022-04-25 12:43:44,080] {logging_mixin.py:109} INFO - [2022-04-25 12:43:44,079] {dag.py:2937} INFO - Setting next_dagrun for example_task_group_decorator to 2022-04-24T12:43:44.078433+00:00
[2022-04-25 12:43:44,162] {processor.py:171} INFO - Processing /home/airflow/.local/lib/python3.7/site-packages/airflow/example_dags/example_task_group_decorator.py took 1.748 seconds
[2022-04-25 12:44:14,436] {processor.py:163} INFO - Started process (PID=425) to work on /home/airflow/.local/lib/python3.7/site-packages/airflow/example_dags/example_task_group_decorator.py
[2022-04-25 12:44:14,441] {processor.py:642} INFO - Processing file /home/airflow/.local/lib/python3.7/site-packages/airflow/example_dags/example_task_group_decorator.py for tasks to queue
[2022-04-25 12:44:14,444] {logging_mixin.py:109} INFO - [2022-04-25 12:44:14,444] {dagbag.py:500} INFO - Filling up the DagBag from /home/airflow/.local/lib/python3.7/site-packages/airflow/example_dags/example_task_group_decorator.py
[2022-04-25 12:44:14,487] {processor.py:652} INFO - DAG(s) dict_keys(['example_task_group_decorator']) retrieved from /home/airflow/.local/lib/python3.7/site-packages/airflow/example_dags/example_task_group_decorator.py
[2022-04-25 12:44:14,947] {logging_mixin.py:109} INFO - [2022-04-25 12:44:14,947] {dag.py:2398} INFO - Sync 1 DAGs
[2022-04-25 12:44:14,970] {logging_mixin.py:109} INFO - [2022-04-25 12:44:14,970] {dag.py:2937} INFO - Setting next_dagrun for example_task_group_decorator to 2022-04-24T12:44:14.970268+00:00
[2022-04-25 12:44:14,989] {processor.py:171} INFO - Processing /home/airflow/.local/lib/python3.7/site-packages/airflow/example_dags/example_task_group_decorator.py took 0.567 seconds
[2022-04-25 12:44:45,120] {processor.py:163} INFO - Started process (PID=475) to work on /home/airflow/.local/lib/python3.7/site-packages/airflow/example_dags/example_task_group_decorator.py
[2022-04-25 12:44:45,125] {processor.py:642} INFO - Processing file /home/airflow/.local/lib/python3.7/site-packages/airflow/example_dags/example_task_group_decorator.py for tasks to queue
[2022-04-25 12:44:45,128] {logging_mixin.py:109} INFO - [2022-04-25 12:44:45,128] {dagbag.py:500} INFO - Filling up the DagBag from /home/airflow/.local/lib/python3.7/site-packages/airflow/example_dags/example_task_group_decorator.py
[2022-04-25 12:44:45,192] {processor.py:652} INFO - DAG(s) dict_keys(['example_task_group_decorator']) retrieved from /home/airflow/.local/lib/python3.7/site-packages/airflow/example_dags/example_task_group_decorator.py
[2022-04-25 12:44:45,814] {logging_mixin.py:109} INFO - [2022-04-25 12:44:45,814] {dag.py:2398} INFO - Sync 1 DAGs
[2022-04-25 12:44:45,840] {logging_mixin.py:109} INFO - [2022-04-25 12:44:45,840] {dag.py:2937} INFO - Setting next_dagrun for example_task_group_decorator to 2022-04-24T12:44:45.839699+00:00
[2022-04-25 12:44:45,865] {processor.py:171} INFO - Processing /home/airflow/.local/lib/python3.7/site-packages/airflow/example_dags/example_task_group_decorator.py took 0.769 seconds
[2022-04-25 12:45:16,545] {processor.py:163} INFO - Started process (PID=527) to work on /home/airflow/.local/lib/python3.7/site-packages/airflow/example_dags/example_task_group_decorator.py
[2022-04-25 12:45:16,551] {processor.py:642} INFO - Processing file /home/airflow/.local/lib/python3.7/site-packages/airflow/example_dags/example_task_group_decorator.py for tasks to queue
[2022-04-25 12:45:16,553] {logging_mixin.py:109} INFO - [2022-04-25 12:45:16,553] {dagbag.py:500} INFO - Filling up the DagBag from /home/airflow/.local/lib/python3.7/site-packages/airflow/example_dags/example_task_group_decorator.py
[2022-04-25 12:45:16,603] {processor.py:652} INFO - DAG(s) dict_keys(['example_task_group_decorator']) retrieved from /home/airflow/.local/lib/python3.7/site-packages/airflow/example_dags/example_task_group_decorator.py
[2022-04-25 12:45:17,172] {logging_mixin.py:109} INFO - [2022-04-25 12:45:17,172] {dag.py:2398} INFO - Sync 1 DAGs
[2022-04-25 12:45:17,210] {logging_mixin.py:109} INFO - [2022-04-25 12:45:17,210] {dag.py:2937} INFO - Setting next_dagrun for example_task_group_decorator to 2022-04-24T12:45:17.210370+00:00
[2022-04-25 12:45:17,232] {processor.py:171} INFO - Processing /home/airflow/.local/lib/python3.7/site-packages/airflow/example_dags/example_task_group_decorator.py took 0.696 seconds
[2022-04-25 12:45:47,895] {processor.py:163} INFO - Started process (PID=580) to work on /home/airflow/.local/lib/python3.7/site-packages/airflow/example_dags/example_task_group_decorator.py
[2022-04-25 12:45:47,901] {processor.py:642} INFO - Processing file /home/airflow/.local/lib/python3.7/site-packages/airflow/example_dags/example_task_group_decorator.py for tasks to queue
[2022-04-25 12:45:47,904] {logging_mixin.py:109} INFO - [2022-04-25 12:45:47,903] {dagbag.py:500} INFO - Filling up the DagBag from /home/airflow/.local/lib/python3.7/site-packages/airflow/example_dags/example_task_group_decorator.py
[2022-04-25 12:45:47,955] {processor.py:652} INFO - DAG(s) dict_keys(['example_task_group_decorator']) retrieved from /home/airflow/.local/lib/python3.7/site-packages/airflow/example_dags/example_task_group_decorator.py
[2022-04-25 12:45:48,389] {logging_mixin.py:109} INFO - [2022-04-25 12:45:48,389] {dag.py:2398} INFO - Sync 1 DAGs
[2022-04-25 12:45:48,427] {logging_mixin.py:109} INFO - [2022-04-25 12:45:48,427] {dag.py:2937} INFO - Setting next_dagrun for example_task_group_decorator to 2022-04-24T12:45:48.426587+00:00
[2022-04-25 12:45:48,455] {processor.py:171} INFO - Processing /home/airflow/.local/lib/python3.7/site-packages/airflow/example_dags/example_task_group_decorator.py took 0.572 seconds
[2022-04-25 12:46:18,801] {processor.py:163} INFO - Started process (PID=632) to work on /home/airflow/.local/lib/python3.7/site-packages/airflow/example_dags/example_task_group_decorator.py
[2022-04-25 12:46:18,809] {processor.py:642} INFO - Processing file /home/airflow/.local/lib/python3.7/site-packages/airflow/example_dags/example_task_group_decorator.py for tasks to queue
[2022-04-25 12:46:18,814] {logging_mixin.py:109} INFO - [2022-04-25 12:46:18,813] {dagbag.py:500} INFO - Filling up the DagBag from /home/airflow/.local/lib/python3.7/site-packages/airflow/example_dags/example_task_group_decorator.py
[2022-04-25 12:46:18,923] {processor.py:652} INFO - DAG(s) dict_keys(['example_task_group_decorator']) retrieved from /home/airflow/.local/lib/python3.7/site-packages/airflow/example_dags/example_task_group_decorator.py
[2022-04-25 12:46:19,669] {logging_mixin.py:109} INFO - [2022-04-25 12:46:19,663] {dag.py:2398} INFO - Sync 1 DAGs
[2022-04-25 12:46:19,698] {logging_mixin.py:109} INFO - [2022-04-25 12:46:19,698] {dag.py:2937} INFO - Setting next_dagrun for example_task_group_decorator to 2022-04-24T12:46:19.697897+00:00
[2022-04-25 12:46:19,744] {processor.py:171} INFO - Processing /home/airflow/.local/lib/python3.7/site-packages/airflow/example_dags/example_task_group_decorator.py took 0.961 seconds
[2022-04-25 12:46:50,051] {processor.py:163} INFO - Started process (PID=684) to work on /home/airflow/.local/lib/python3.7/site-packages/airflow/example_dags/example_task_group_decorator.py
[2022-04-25 12:46:50,058] {processor.py:642} INFO - Processing file /home/airflow/.local/lib/python3.7/site-packages/airflow/example_dags/example_task_group_decorator.py for tasks to queue
[2022-04-25 12:46:50,068] {logging_mixin.py:109} INFO - [2022-04-25 12:46:50,062] {dagbag.py:500} INFO - Filling up the DagBag from /home/airflow/.local/lib/python3.7/site-packages/airflow/example_dags/example_task_group_decorator.py
[2022-04-25 12:46:50,202] {processor.py:652} INFO - DAG(s) dict_keys(['example_task_group_decorator']) retrieved from /home/airflow/.local/lib/python3.7/site-packages/airflow/example_dags/example_task_group_decorator.py
[2022-04-25 12:46:51,642] {logging_mixin.py:109} INFO - [2022-04-25 12:46:51,642] {dag.py:2398} INFO - Sync 1 DAGs
[2022-04-25 12:46:51,688] {logging_mixin.py:109} INFO - [2022-04-25 12:46:51,687] {dag.py:2937} INFO - Setting next_dagrun for example_task_group_decorator to 2022-04-24T12:46:51.687523+00:00
[2022-04-25 12:46:51,778] {processor.py:171} INFO - Processing /home/airflow/.local/lib/python3.7/site-packages/airflow/example_dags/example_task_group_decorator.py took 1.746 seconds
[2022-04-25 12:47:22,340] {processor.py:163} INFO - Started process (PID=743) to work on /home/airflow/.local/lib/python3.7/site-packages/airflow/example_dags/example_task_group_decorator.py
[2022-04-25 12:47:22,352] {processor.py:642} INFO - Processing file /home/airflow/.local/lib/python3.7/site-packages/airflow/example_dags/example_task_group_decorator.py for tasks to queue
[2022-04-25 12:47:22,354] {logging_mixin.py:109} INFO - [2022-04-25 12:47:22,354] {dagbag.py:500} INFO - Filling up the DagBag from /home/airflow/.local/lib/python3.7/site-packages/airflow/example_dags/example_task_group_decorator.py
[2022-04-25 12:47:22,514] {processor.py:652} INFO - DAG(s) dict_keys(['example_task_group_decorator']) retrieved from /home/airflow/.local/lib/python3.7/site-packages/airflow/example_dags/example_task_group_decorator.py
[2022-04-25 12:47:23,929] {logging_mixin.py:109} INFO - [2022-04-25 12:47:23,928] {dag.py:2398} INFO - Sync 1 DAGs
[2022-04-25 12:47:24,056] {logging_mixin.py:109} INFO - [2022-04-25 12:47:24,056] {dag.py:2937} INFO - Setting next_dagrun for example_task_group_decorator to 2022-04-24T12:47:24.055935+00:00
[2022-04-25 12:47:24,134] {processor.py:171} INFO - Processing /home/airflow/.local/lib/python3.7/site-packages/airflow/example_dags/example_task_group_decorator.py took 1.811 seconds
[2022-04-25 12:47:54,757] {processor.py:163} INFO - Started process (PID=793) to work on /home/airflow/.local/lib/python3.7/site-packages/airflow/example_dags/example_task_group_decorator.py
[2022-04-25 12:47:54,768] {processor.py:642} INFO - Processing file /home/airflow/.local/lib/python3.7/site-packages/airflow/example_dags/example_task_group_decorator.py for tasks to queue
[2022-04-25 12:47:54,779] {logging_mixin.py:109} INFO - [2022-04-25 12:47:54,778] {dagbag.py:500} INFO - Filling up the DagBag from /home/airflow/.local/lib/python3.7/site-packages/airflow/example_dags/example_task_group_decorator.py
[2022-04-25 12:47:55,007] {processor.py:652} INFO - DAG(s) dict_keys(['example_task_group_decorator']) retrieved from /home/airflow/.local/lib/python3.7/site-packages/airflow/example_dags/example_task_group_decorator.py
[2022-04-25 12:47:55,820] {logging_mixin.py:109} INFO - [2022-04-25 12:47:55,820] {dag.py:2398} INFO - Sync 1 DAGs
[2022-04-25 12:47:55,887] {logging_mixin.py:109} INFO - [2022-04-25 12:47:55,887] {dag.py:2937} INFO - Setting next_dagrun for example_task_group_decorator to 2022-04-24T12:47:55.886728+00:00
[2022-04-25 12:47:55,952] {processor.py:171} INFO - Processing /home/airflow/.local/lib/python3.7/site-packages/airflow/example_dags/example_task_group_decorator.py took 1.227 seconds
[2022-04-25 12:48:26,214] {processor.py:163} INFO - Started process (PID=847) to work on /home/airflow/.local/lib/python3.7/site-packages/airflow/example_dags/example_task_group_decorator.py
[2022-04-25 12:48:26,218] {processor.py:642} INFO - Processing file /home/airflow/.local/lib/python3.7/site-packages/airflow/example_dags/example_task_group_decorator.py for tasks to queue
[2022-04-25 12:48:26,221] {logging_mixin.py:109} INFO - [2022-04-25 12:48:26,221] {dagbag.py:500} INFO - Filling up the DagBag from /home/airflow/.local/lib/python3.7/site-packages/airflow/example_dags/example_task_group_decorator.py
[2022-04-25 12:48:26,313] {processor.py:652} INFO - DAG(s) dict_keys(['example_task_group_decorator']) retrieved from /home/airflow/.local/lib/python3.7/site-packages/airflow/example_dags/example_task_group_decorator.py
[2022-04-25 12:48:26,992] {logging_mixin.py:109} INFO - [2022-04-25 12:48:26,991] {dag.py:2398} INFO - Sync 1 DAGs
[2022-04-25 12:48:27,032] {logging_mixin.py:109} INFO - [2022-04-25 12:48:27,032] {dag.py:2937} INFO - Setting next_dagrun for example_task_group_decorator to 2022-04-24T12:48:27.031603+00:00
[2022-04-25 12:48:27,064] {processor.py:171} INFO - Processing /home/airflow/.local/lib/python3.7/site-packages/airflow/example_dags/example_task_group_decorator.py took 0.867 seconds
[2022-04-25 12:48:57,846] {processor.py:163} INFO - Started process (PID=897) to work on /home/airflow/.local/lib/python3.7/site-packages/airflow/example_dags/example_task_group_decorator.py
[2022-04-25 12:48:57,865] {processor.py:642} INFO - Processing file /home/airflow/.local/lib/python3.7/site-packages/airflow/example_dags/example_task_group_decorator.py for tasks to queue
[2022-04-25 12:48:57,871] {logging_mixin.py:109} INFO - [2022-04-25 12:48:57,870] {dagbag.py:500} INFO - Filling up the DagBag from /home/airflow/.local/lib/python3.7/site-packages/airflow/example_dags/example_task_group_decorator.py
[2022-04-25 12:48:58,128] {processor.py:652} INFO - DAG(s) dict_keys(['example_task_group_decorator']) retrieved from /home/airflow/.local/lib/python3.7/site-packages/airflow/example_dags/example_task_group_decorator.py
[2022-04-25 12:48:59,089] {logging_mixin.py:109} INFO - [2022-04-25 12:48:59,089] {dag.py:2398} INFO - Sync 1 DAGs
[2022-04-25 12:48:59,113] {logging_mixin.py:109} INFO - [2022-04-25 12:48:59,113] {dag.py:2937} INFO - Setting next_dagrun for example_task_group_decorator to 2022-04-24T12:48:59.113179+00:00
[2022-04-25 12:48:59,144] {processor.py:171} INFO - Processing /home/airflow/.local/lib/python3.7/site-packages/airflow/example_dags/example_task_group_decorator.py took 1.325 seconds
[2022-04-25 12:52:37,447] {processor.py:163} INFO - Started process (PID=927) to work on /home/airflow/.local/lib/python3.7/site-packages/airflow/example_dags/example_task_group_decorator.py
[2022-04-25 12:52:37,491] {processor.py:642} INFO - Processing file /home/airflow/.local/lib/python3.7/site-packages/airflow/example_dags/example_task_group_decorator.py for tasks to queue
[2022-04-25 12:52:37,496] {logging_mixin.py:109} INFO - [2022-04-25 12:52:37,496] {dagbag.py:500} INFO - Filling up the DagBag from /home/airflow/.local/lib/python3.7/site-packages/airflow/example_dags/example_task_group_decorator.py
[2022-04-25 12:52:38,270] {processor.py:652} INFO - DAG(s) dict_keys(['example_task_group_decorator']) retrieved from /home/airflow/.local/lib/python3.7/site-packages/airflow/example_dags/example_task_group_decorator.py
[2022-04-25 12:52:42,854] {logging_mixin.py:109} INFO - [2022-04-25 12:52:42,853] {dag.py:2398} INFO - Sync 1 DAGs
[2022-04-25 12:52:42,998] {logging_mixin.py:109} INFO - [2022-04-25 12:52:42,998] {dag.py:2937} INFO - Setting next_dagrun for example_task_group_decorator to 2022-04-24T12:52:42.997820+00:00
[2022-04-25 12:52:43,087] {processor.py:171} INFO - Processing /home/airflow/.local/lib/python3.7/site-packages/airflow/example_dags/example_task_group_decorator.py took 5.656 seconds
[2022-04-25 12:53:13,279] {processor.py:163} INFO - Started process (PID=991) to work on /home/airflow/.local/lib/python3.7/site-packages/airflow/example_dags/example_task_group_decorator.py
[2022-04-25 12:53:13,294] {processor.py:642} INFO - Processing file /home/airflow/.local/lib/python3.7/site-packages/airflow/example_dags/example_task_group_decorator.py for tasks to queue
[2022-04-25 12:53:13,302] {logging_mixin.py:109} INFO - [2022-04-25 12:53:13,302] {dagbag.py:500} INFO - Filling up the DagBag from /home/airflow/.local/lib/python3.7/site-packages/airflow/example_dags/example_task_group_decorator.py
[2022-04-25 12:53:13,433] {processor.py:652} INFO - DAG(s) dict_keys(['example_task_group_decorator']) retrieved from /home/airflow/.local/lib/python3.7/site-packages/airflow/example_dags/example_task_group_decorator.py
[2022-04-25 12:53:14,545] {logging_mixin.py:109} INFO - [2022-04-25 12:53:14,545] {dag.py:2398} INFO - Sync 1 DAGs
[2022-04-25 12:53:14,570] {logging_mixin.py:109} INFO - [2022-04-25 12:53:14,570] {dag.py:2937} INFO - Setting next_dagrun for example_task_group_decorator to 2022-04-24T12:53:14.569908+00:00
[2022-04-25 12:53:14,597] {processor.py:171} INFO - Processing /home/airflow/.local/lib/python3.7/site-packages/airflow/example_dags/example_task_group_decorator.py took 1.333 seconds
[2022-04-25 12:53:44,770] {processor.py:163} INFO - Started process (PID=1044) to work on /home/airflow/.local/lib/python3.7/site-packages/airflow/example_dags/example_task_group_decorator.py
[2022-04-25 12:53:44,776] {processor.py:642} INFO - Processing file /home/airflow/.local/lib/python3.7/site-packages/airflow/example_dags/example_task_group_decorator.py for tasks to queue
[2022-04-25 12:53:44,781] {logging_mixin.py:109} INFO - [2022-04-25 12:53:44,780] {dagbag.py:500} INFO - Filling up the DagBag from /home/airflow/.local/lib/python3.7/site-packages/airflow/example_dags/example_task_group_decorator.py
[2022-04-25 12:53:44,847] {processor.py:652} INFO - DAG(s) dict_keys(['example_task_group_decorator']) retrieved from /home/airflow/.local/lib/python3.7/site-packages/airflow/example_dags/example_task_group_decorator.py
[2022-04-25 12:53:45,435] {logging_mixin.py:109} INFO - [2022-04-25 12:53:45,435] {dag.py:2398} INFO - Sync 1 DAGs
[2022-04-25 12:53:45,456] {logging_mixin.py:109} INFO - [2022-04-25 12:53:45,456] {dag.py:2937} INFO - Setting next_dagrun for example_task_group_decorator to 2022-04-24T12:53:45.455952+00:00
[2022-04-25 12:53:45,483] {processor.py:171} INFO - Processing /home/airflow/.local/lib/python3.7/site-packages/airflow/example_dags/example_task_group_decorator.py took 0.727 seconds
[2022-04-25 12:54:15,573] {processor.py:163} INFO - Started process (PID=1097) to work on /home/airflow/.local/lib/python3.7/site-packages/airflow/example_dags/example_task_group_decorator.py
[2022-04-25 12:54:15,576] {processor.py:642} INFO - Processing file /home/airflow/.local/lib/python3.7/site-packages/airflow/example_dags/example_task_group_decorator.py for tasks to queue
[2022-04-25 12:54:15,578] {logging_mixin.py:109} INFO - [2022-04-25 12:54:15,578] {dagbag.py:500} INFO - Filling up the DagBag from /home/airflow/.local/lib/python3.7/site-packages/airflow/example_dags/example_task_group_decorator.py
[2022-04-25 12:54:15,630] {processor.py:652} INFO - DAG(s) dict_keys(['example_task_group_decorator']) retrieved from /home/airflow/.local/lib/python3.7/site-packages/airflow/example_dags/example_task_group_decorator.py
[2022-04-25 12:54:16,109] {logging_mixin.py:109} INFO - [2022-04-25 12:54:16,109] {dag.py:2398} INFO - Sync 1 DAGs
[2022-04-25 12:54:16,131] {logging_mixin.py:109} INFO - [2022-04-25 12:54:16,131] {dag.py:2937} INFO - Setting next_dagrun for example_task_group_decorator to 2022-04-24T12:54:16.131363+00:00
[2022-04-25 12:54:16,156] {processor.py:171} INFO - Processing /home/airflow/.local/lib/python3.7/site-packages/airflow/example_dags/example_task_group_decorator.py took 0.590 seconds
[2022-04-25 12:54:46,913] {processor.py:163} INFO - Started process (PID=1147) to work on /home/airflow/.local/lib/python3.7/site-packages/airflow/example_dags/example_task_group_decorator.py
[2022-04-25 12:54:46,916] {processor.py:642} INFO - Processing file /home/airflow/.local/lib/python3.7/site-packages/airflow/example_dags/example_task_group_decorator.py for tasks to queue
[2022-04-25 12:54:46,919] {logging_mixin.py:109} INFO - [2022-04-25 12:54:46,919] {dagbag.py:500} INFO - Filling up the DagBag from /home/airflow/.local/lib/python3.7/site-packages/airflow/example_dags/example_task_group_decorator.py
[2022-04-25 12:54:46,967] {processor.py:652} INFO - DAG(s) dict_keys(['example_task_group_decorator']) retrieved from /home/airflow/.local/lib/python3.7/site-packages/airflow/example_dags/example_task_group_decorator.py
[2022-04-25 12:54:47,745] {logging_mixin.py:109} INFO - [2022-04-25 12:54:47,744] {dag.py:2398} INFO - Sync 1 DAGs
[2022-04-25 12:54:47,773] {logging_mixin.py:109} INFO - [2022-04-25 12:54:47,773] {dag.py:2937} INFO - Setting next_dagrun for example_task_group_decorator to 2022-04-24T12:54:47.773213+00:00
[2022-04-25 12:54:47,822] {processor.py:171} INFO - Processing /home/airflow/.local/lib/python3.7/site-packages/airflow/example_dags/example_task_group_decorator.py took 0.915 seconds
[2022-04-25 12:55:18,361] {processor.py:163} INFO - Started process (PID=1204) to work on /home/airflow/.local/lib/python3.7/site-packages/airflow/example_dags/example_task_group_decorator.py
[2022-04-25 12:55:18,366] {processor.py:642} INFO - Processing file /home/airflow/.local/lib/python3.7/site-packages/airflow/example_dags/example_task_group_decorator.py for tasks to queue
[2022-04-25 12:55:18,370] {logging_mixin.py:109} INFO - [2022-04-25 12:55:18,369] {dagbag.py:500} INFO - Filling up the DagBag from /home/airflow/.local/lib/python3.7/site-packages/airflow/example_dags/example_task_group_decorator.py
[2022-04-25 12:55:18,437] {processor.py:652} INFO - DAG(s) dict_keys(['example_task_group_decorator']) retrieved from /home/airflow/.local/lib/python3.7/site-packages/airflow/example_dags/example_task_group_decorator.py
[2022-04-25 12:55:19,056] {logging_mixin.py:109} INFO - [2022-04-25 12:55:19,056] {dag.py:2398} INFO - Sync 1 DAGs
[2022-04-25 12:55:19,086] {logging_mixin.py:109} INFO - [2022-04-25 12:55:19,085] {dag.py:2937} INFO - Setting next_dagrun for example_task_group_decorator to 2022-04-24T12:55:19.085615+00:00
[2022-04-25 12:55:19,104] {processor.py:171} INFO - Processing /home/airflow/.local/lib/python3.7/site-packages/airflow/example_dags/example_task_group_decorator.py took 0.756 seconds
[2022-04-25 12:55:49,884] {processor.py:163} INFO - Started process (PID=1268) to work on /home/airflow/.local/lib/python3.7/site-packages/airflow/example_dags/example_task_group_decorator.py
[2022-04-25 12:55:49,890] {processor.py:642} INFO - Processing file /home/airflow/.local/lib/python3.7/site-packages/airflow/example_dags/example_task_group_decorator.py for tasks to queue
[2022-04-25 12:55:49,892] {logging_mixin.py:109} INFO - [2022-04-25 12:55:49,892] {dagbag.py:500} INFO - Filling up the DagBag from /home/airflow/.local/lib/python3.7/site-packages/airflow/example_dags/example_task_group_decorator.py
[2022-04-25 12:55:49,974] {processor.py:652} INFO - DAG(s) dict_keys(['example_task_group_decorator']) retrieved from /home/airflow/.local/lib/python3.7/site-packages/airflow/example_dags/example_task_group_decorator.py
[2022-04-25 12:55:51,107] {logging_mixin.py:109} INFO - [2022-04-25 12:55:51,107] {dag.py:2398} INFO - Sync 1 DAGs
[2022-04-25 12:55:51,169] {logging_mixin.py:109} INFO - [2022-04-25 12:55:51,169] {dag.py:2937} INFO - Setting next_dagrun for example_task_group_decorator to 2022-04-24T12:55:51.169050+00:00
[2022-04-25 12:55:51,225] {processor.py:171} INFO - Processing /home/airflow/.local/lib/python3.7/site-packages/airflow/example_dags/example_task_group_decorator.py took 1.353 seconds
[2022-04-25 12:56:21,632] {processor.py:163} INFO - Started process (PID=1321) to work on /home/airflow/.local/lib/python3.7/site-packages/airflow/example_dags/example_task_group_decorator.py
[2022-04-25 12:56:21,654] {processor.py:642} INFO - Processing file /home/airflow/.local/lib/python3.7/site-packages/airflow/example_dags/example_task_group_decorator.py for tasks to queue
[2022-04-25 12:56:21,670] {logging_mixin.py:109} INFO - [2022-04-25 12:56:21,670] {dagbag.py:500} INFO - Filling up the DagBag from /home/airflow/.local/lib/python3.7/site-packages/airflow/example_dags/example_task_group_decorator.py
[2022-04-25 12:56:21,968] {processor.py:652} INFO - DAG(s) dict_keys(['example_task_group_decorator']) retrieved from /home/airflow/.local/lib/python3.7/site-packages/airflow/example_dags/example_task_group_decorator.py
[2022-04-25 12:56:24,248] {logging_mixin.py:109} INFO - [2022-04-25 12:56:24,248] {dag.py:2398} INFO - Sync 1 DAGs
[2022-04-25 12:56:24,320] {logging_mixin.py:109} INFO - [2022-04-25 12:56:24,320] {dag.py:2937} INFO - Setting next_dagrun for example_task_group_decorator to 2022-04-24T12:56:24.320099+00:00
[2022-04-25 12:56:24,390] {processor.py:171} INFO - Processing /home/airflow/.local/lib/python3.7/site-packages/airflow/example_dags/example_task_group_decorator.py took 2.795 seconds
[2022-04-25 12:56:54,656] {processor.py:163} INFO - Started process (PID=1378) to work on /home/airflow/.local/lib/python3.7/site-packages/airflow/example_dags/example_task_group_decorator.py
[2022-04-25 12:56:54,674] {processor.py:642} INFO - Processing file /home/airflow/.local/lib/python3.7/site-packages/airflow/example_dags/example_task_group_decorator.py for tasks to queue
[2022-04-25 12:56:54,679] {logging_mixin.py:109} INFO - [2022-04-25 12:56:54,678] {dagbag.py:500} INFO - Filling up the DagBag from /home/airflow/.local/lib/python3.7/site-packages/airflow/example_dags/example_task_group_decorator.py
[2022-04-25 12:56:54,817] {processor.py:652} INFO - DAG(s) dict_keys(['example_task_group_decorator']) retrieved from /home/airflow/.local/lib/python3.7/site-packages/airflow/example_dags/example_task_group_decorator.py
[2022-04-25 12:56:55,290] {logging_mixin.py:109} INFO - [2022-04-25 12:56:55,290] {dag.py:2398} INFO - Sync 1 DAGs
[2022-04-25 12:56:55,311] {logging_mixin.py:109} INFO - [2022-04-25 12:56:55,311] {dag.py:2937} INFO - Setting next_dagrun for example_task_group_decorator to 2022-04-24T12:56:55.311238+00:00
[2022-04-25 12:56:55,332] {processor.py:171} INFO - Processing /home/airflow/.local/lib/python3.7/site-packages/airflow/example_dags/example_task_group_decorator.py took 0.693 seconds
[2022-04-25 12:57:26,121] {processor.py:163} INFO - Started process (PID=1432) to work on /home/airflow/.local/lib/python3.7/site-packages/airflow/example_dags/example_task_group_decorator.py
[2022-04-25 12:57:26,125] {processor.py:642} INFO - Processing file /home/airflow/.local/lib/python3.7/site-packages/airflow/example_dags/example_task_group_decorator.py for tasks to queue
[2022-04-25 12:57:26,127] {logging_mixin.py:109} INFO - [2022-04-25 12:57:26,127] {dagbag.py:500} INFO - Filling up the DagBag from /home/airflow/.local/lib/python3.7/site-packages/airflow/example_dags/example_task_group_decorator.py
[2022-04-25 12:57:26,166] {processor.py:652} INFO - DAG(s) dict_keys(['example_task_group_decorator']) retrieved from /home/airflow/.local/lib/python3.7/site-packages/airflow/example_dags/example_task_group_decorator.py
[2022-04-25 12:57:26,571] {logging_mixin.py:109} INFO - [2022-04-25 12:57:26,571] {dag.py:2398} INFO - Sync 1 DAGs
[2022-04-25 12:57:26,610] {logging_mixin.py:109} INFO - [2022-04-25 12:57:26,610] {dag.py:2937} INFO - Setting next_dagrun for example_task_group_decorator to 2022-04-24T12:57:26.610182+00:00
[2022-04-25 12:57:26,632] {processor.py:171} INFO - Processing /home/airflow/.local/lib/python3.7/site-packages/airflow/example_dags/example_task_group_decorator.py took 0.517 seconds
[2022-04-25 12:57:57,495] {processor.py:163} INFO - Started process (PID=1493) to work on /home/airflow/.local/lib/python3.7/site-packages/airflow/example_dags/example_task_group_decorator.py
[2022-04-25 12:57:57,505] {processor.py:642} INFO - Processing file /home/airflow/.local/lib/python3.7/site-packages/airflow/example_dags/example_task_group_decorator.py for tasks to queue
[2022-04-25 12:57:57,508] {logging_mixin.py:109} INFO - [2022-04-25 12:57:57,507] {dagbag.py:500} INFO - Filling up the DagBag from /home/airflow/.local/lib/python3.7/site-packages/airflow/example_dags/example_task_group_decorator.py
[2022-04-25 12:57:57,552] {processor.py:652} INFO - DAG(s) dict_keys(['example_task_group_decorator']) retrieved from /home/airflow/.local/lib/python3.7/site-packages/airflow/example_dags/example_task_group_decorator.py
[2022-04-25 12:57:58,191] {logging_mixin.py:109} INFO - [2022-04-25 12:57:58,191] {dag.py:2398} INFO - Sync 1 DAGs
[2022-04-25 12:57:58,214] {logging_mixin.py:109} INFO - [2022-04-25 12:57:58,214] {dag.py:2937} INFO - Setting next_dagrun for example_task_group_decorator to 2022-04-24T12:57:58.213912+00:00
[2022-04-25 12:57:58,235] {processor.py:171} INFO - Processing /home/airflow/.local/lib/python3.7/site-packages/airflow/example_dags/example_task_group_decorator.py took 0.749 seconds
[2022-04-25 12:58:28,427] {processor.py:163} INFO - Started process (PID=1542) to work on /home/airflow/.local/lib/python3.7/site-packages/airflow/example_dags/example_task_group_decorator.py
[2022-04-25 12:58:28,433] {processor.py:642} INFO - Processing file /home/airflow/.local/lib/python3.7/site-packages/airflow/example_dags/example_task_group_decorator.py for tasks to queue
[2022-04-25 12:58:28,436] {logging_mixin.py:109} INFO - [2022-04-25 12:58:28,435] {dagbag.py:500} INFO - Filling up the DagBag from /home/airflow/.local/lib/python3.7/site-packages/airflow/example_dags/example_task_group_decorator.py
[2022-04-25 12:58:28,511] {processor.py:652} INFO - DAG(s) dict_keys(['example_task_group_decorator']) retrieved from /home/airflow/.local/lib/python3.7/site-packages/airflow/example_dags/example_task_group_decorator.py
[2022-04-25 12:58:28,901] {logging_mixin.py:109} INFO - [2022-04-25 12:58:28,901] {dag.py:2398} INFO - Sync 1 DAGs
[2022-04-25 12:58:28,920] {logging_mixin.py:109} INFO - [2022-04-25 12:58:28,920] {dag.py:2937} INFO - Setting next_dagrun for example_task_group_decorator to 2022-04-24T12:58:28.919660+00:00
[2022-04-25 12:58:28,938] {processor.py:171} INFO - Processing /home/airflow/.local/lib/python3.7/site-packages/airflow/example_dags/example_task_group_decorator.py took 0.520 seconds
[2022-04-25 12:58:59,011] {processor.py:163} INFO - Started process (PID=1592) to work on /home/airflow/.local/lib/python3.7/site-packages/airflow/example_dags/example_task_group_decorator.py
[2022-04-25 12:58:59,013] {processor.py:642} INFO - Processing file /home/airflow/.local/lib/python3.7/site-packages/airflow/example_dags/example_task_group_decorator.py for tasks to queue
[2022-04-25 12:58:59,015] {logging_mixin.py:109} INFO - [2022-04-25 12:58:59,015] {dagbag.py:500} INFO - Filling up the DagBag from /home/airflow/.local/lib/python3.7/site-packages/airflow/example_dags/example_task_group_decorator.py
[2022-04-25 12:58:59,081] {processor.py:652} INFO - DAG(s) dict_keys(['example_task_group_decorator']) retrieved from /home/airflow/.local/lib/python3.7/site-packages/airflow/example_dags/example_task_group_decorator.py
[2022-04-25 12:58:59,571] {logging_mixin.py:109} INFO - [2022-04-25 12:58:59,571] {dag.py:2398} INFO - Sync 1 DAGs
[2022-04-25 12:58:59,589] {logging_mixin.py:109} INFO - [2022-04-25 12:58:59,589] {dag.py:2937} INFO - Setting next_dagrun for example_task_group_decorator to 2022-04-24T12:58:59.589460+00:00
[2022-04-25 12:58:59,605] {processor.py:171} INFO - Processing /home/airflow/.local/lib/python3.7/site-packages/airflow/example_dags/example_task_group_decorator.py took 0.599 seconds
[2022-04-25 12:59:29,792] {processor.py:163} INFO - Started process (PID=1646) to work on /home/airflow/.local/lib/python3.7/site-packages/airflow/example_dags/example_task_group_decorator.py
[2022-04-25 12:59:29,796] {processor.py:642} INFO - Processing file /home/airflow/.local/lib/python3.7/site-packages/airflow/example_dags/example_task_group_decorator.py for tasks to queue
[2022-04-25 12:59:29,799] {logging_mixin.py:109} INFO - [2022-04-25 12:59:29,799] {dagbag.py:500} INFO - Filling up the DagBag from /home/airflow/.local/lib/python3.7/site-packages/airflow/example_dags/example_task_group_decorator.py
[2022-04-25 12:59:29,849] {processor.py:652} INFO - DAG(s) dict_keys(['example_task_group_decorator']) retrieved from /home/airflow/.local/lib/python3.7/site-packages/airflow/example_dags/example_task_group_decorator.py
[2022-04-25 12:59:30,314] {logging_mixin.py:109} INFO - [2022-04-25 12:59:30,314] {dag.py:2398} INFO - Sync 1 DAGs
[2022-04-25 12:59:30,341] {logging_mixin.py:109} INFO - [2022-04-25 12:59:30,341] {dag.py:2937} INFO - Setting next_dagrun for example_task_group_decorator to 2022-04-24T12:59:30.341114+00:00
[2022-04-25 12:59:30,362] {processor.py:171} INFO - Processing /home/airflow/.local/lib/python3.7/site-packages/airflow/example_dags/example_task_group_decorator.py took 0.578 seconds
[2022-04-25 13:00:00,997] {processor.py:163} INFO - Started process (PID=1699) to work on /home/airflow/.local/lib/python3.7/site-packages/airflow/example_dags/example_task_group_decorator.py
[2022-04-25 13:00:01,001] {processor.py:642} INFO - Processing file /home/airflow/.local/lib/python3.7/site-packages/airflow/example_dags/example_task_group_decorator.py for tasks to queue
[2022-04-25 13:00:01,011] {logging_mixin.py:109} INFO - [2022-04-25 13:00:01,011] {dagbag.py:500} INFO - Filling up the DagBag from /home/airflow/.local/lib/python3.7/site-packages/airflow/example_dags/example_task_group_decorator.py
[2022-04-25 13:00:01,102] {processor.py:652} INFO - DAG(s) dict_keys(['example_task_group_decorator']) retrieved from /home/airflow/.local/lib/python3.7/site-packages/airflow/example_dags/example_task_group_decorator.py
[2022-04-25 13:00:02,023] {logging_mixin.py:109} INFO - [2022-04-25 13:00:02,023] {dag.py:2398} INFO - Sync 1 DAGs
[2022-04-25 13:00:02,057] {logging_mixin.py:109} INFO - [2022-04-25 13:00:02,057] {dag.py:2937} INFO - Setting next_dagrun for example_task_group_decorator to 2022-04-24T13:00:02.057232+00:00
[2022-04-25 13:00:02,085] {processor.py:171} INFO - Processing /home/airflow/.local/lib/python3.7/site-packages/airflow/example_dags/example_task_group_decorator.py took 1.099 seconds
[2022-04-25 13:00:32,247] {processor.py:163} INFO - Started process (PID=1760) to work on /home/airflow/.local/lib/python3.7/site-packages/airflow/example_dags/example_task_group_decorator.py
[2022-04-25 13:00:32,260] {processor.py:642} INFO - Processing file /home/airflow/.local/lib/python3.7/site-packages/airflow/example_dags/example_task_group_decorator.py for tasks to queue
[2022-04-25 13:00:32,271] {logging_mixin.py:109} INFO - [2022-04-25 13:00:32,270] {dagbag.py:500} INFO - Filling up the DagBag from /home/airflow/.local/lib/python3.7/site-packages/airflow/example_dags/example_task_group_decorator.py
[2022-04-25 13:00:32,373] {processor.py:652} INFO - DAG(s) dict_keys(['example_task_group_decorator']) retrieved from /home/airflow/.local/lib/python3.7/site-packages/airflow/example_dags/example_task_group_decorator.py
[2022-04-25 13:00:32,899] {logging_mixin.py:109} INFO - [2022-04-25 13:00:32,899] {dag.py:2398} INFO - Sync 1 DAGs
[2022-04-25 13:00:32,917] {logging_mixin.py:109} INFO - [2022-04-25 13:00:32,917] {dag.py:2937} INFO - Setting next_dagrun for example_task_group_decorator to 2022-04-24T13:00:32.916912+00:00
[2022-04-25 13:00:32,937] {processor.py:171} INFO - Processing /home/airflow/.local/lib/python3.7/site-packages/airflow/example_dags/example_task_group_decorator.py took 0.704 seconds
[2022-04-25 13:01:03,672] {processor.py:163} INFO - Started process (PID=1809) to work on /home/airflow/.local/lib/python3.7/site-packages/airflow/example_dags/example_task_group_decorator.py
[2022-04-25 13:01:03,676] {processor.py:642} INFO - Processing file /home/airflow/.local/lib/python3.7/site-packages/airflow/example_dags/example_task_group_decorator.py for tasks to queue
[2022-04-25 13:01:03,678] {logging_mixin.py:109} INFO - [2022-04-25 13:01:03,678] {dagbag.py:500} INFO - Filling up the DagBag from /home/airflow/.local/lib/python3.7/site-packages/airflow/example_dags/example_task_group_decorator.py
[2022-04-25 13:01:03,753] {processor.py:652} INFO - DAG(s) dict_keys(['example_task_group_decorator']) retrieved from /home/airflow/.local/lib/python3.7/site-packages/airflow/example_dags/example_task_group_decorator.py
[2022-04-25 13:01:04,201] {logging_mixin.py:109} INFO - [2022-04-25 13:01:04,201] {dag.py:2398} INFO - Sync 1 DAGs
[2022-04-25 13:01:04,220] {logging_mixin.py:109} INFO - [2022-04-25 13:01:04,220] {dag.py:2937} INFO - Setting next_dagrun for example_task_group_decorator to 2022-04-24T13:01:04.220053+00:00
[2022-04-25 13:01:04,239] {processor.py:171} INFO - Processing /home/airflow/.local/lib/python3.7/site-packages/airflow/example_dags/example_task_group_decorator.py took 0.575 seconds
[2022-04-25 13:01:34,656] {processor.py:163} INFO - Started process (PID=1862) to work on /home/airflow/.local/lib/python3.7/site-packages/airflow/example_dags/example_task_group_decorator.py
[2022-04-25 13:01:34,659] {processor.py:642} INFO - Processing file /home/airflow/.local/lib/python3.7/site-packages/airflow/example_dags/example_task_group_decorator.py for tasks to queue
[2022-04-25 13:01:34,661] {logging_mixin.py:109} INFO - [2022-04-25 13:01:34,661] {dagbag.py:500} INFO - Filling up the DagBag from /home/airflow/.local/lib/python3.7/site-packages/airflow/example_dags/example_task_group_decorator.py
[2022-04-25 13:01:34,697] {processor.py:652} INFO - DAG(s) dict_keys(['example_task_group_decorator']) retrieved from /home/airflow/.local/lib/python3.7/site-packages/airflow/example_dags/example_task_group_decorator.py
[2022-04-25 13:01:35,082] {logging_mixin.py:109} INFO - [2022-04-25 13:01:35,082] {dag.py:2398} INFO - Sync 1 DAGs
[2022-04-25 13:01:35,110] {logging_mixin.py:109} INFO - [2022-04-25 13:01:35,109] {dag.py:2937} INFO - Setting next_dagrun for example_task_group_decorator to 2022-04-24T13:01:35.109530+00:00
[2022-04-25 13:01:35,129] {processor.py:171} INFO - Processing /home/airflow/.local/lib/python3.7/site-packages/airflow/example_dags/example_task_group_decorator.py took 0.477 seconds
[2022-04-25 13:02:05,640] {processor.py:163} INFO - Started process (PID=1914) to work on /home/airflow/.local/lib/python3.7/site-packages/airflow/example_dags/example_task_group_decorator.py
[2022-04-25 13:02:05,645] {processor.py:642} INFO - Processing file /home/airflow/.local/lib/python3.7/site-packages/airflow/example_dags/example_task_group_decorator.py for tasks to queue
[2022-04-25 13:02:05,649] {logging_mixin.py:109} INFO - [2022-04-25 13:02:05,649] {dagbag.py:500} INFO - Filling up the DagBag from /home/airflow/.local/lib/python3.7/site-packages/airflow/example_dags/example_task_group_decorator.py
[2022-04-25 13:02:05,704] {processor.py:652} INFO - DAG(s) dict_keys(['example_task_group_decorator']) retrieved from /home/airflow/.local/lib/python3.7/site-packages/airflow/example_dags/example_task_group_decorator.py
[2022-04-25 13:02:06,385] {logging_mixin.py:109} INFO - [2022-04-25 13:02:06,384] {dag.py:2398} INFO - Sync 1 DAGs
[2022-04-25 13:02:06,413] {logging_mixin.py:109} INFO - [2022-04-25 13:02:06,413] {dag.py:2937} INFO - Setting next_dagrun for example_task_group_decorator to 2022-04-24T13:02:06.412967+00:00
[2022-04-25 13:02:06,453] {processor.py:171} INFO - Processing /home/airflow/.local/lib/python3.7/site-packages/airflow/example_dags/example_task_group_decorator.py took 0.821 seconds
[2022-04-25 13:02:36,787] {processor.py:163} INFO - Started process (PID=1965) to work on /home/airflow/.local/lib/python3.7/site-packages/airflow/example_dags/example_task_group_decorator.py
[2022-04-25 13:02:36,791] {processor.py:642} INFO - Processing file /home/airflow/.local/lib/python3.7/site-packages/airflow/example_dags/example_task_group_decorator.py for tasks to queue
[2022-04-25 13:02:36,794] {logging_mixin.py:109} INFO - [2022-04-25 13:02:36,794] {dagbag.py:500} INFO - Filling up the DagBag from /home/airflow/.local/lib/python3.7/site-packages/airflow/example_dags/example_task_group_decorator.py
[2022-04-25 13:02:36,839] {processor.py:652} INFO - DAG(s) dict_keys(['example_task_group_decorator']) retrieved from /home/airflow/.local/lib/python3.7/site-packages/airflow/example_dags/example_task_group_decorator.py
[2022-04-25 13:02:37,290] {logging_mixin.py:109} INFO - [2022-04-25 13:02:37,290] {dag.py:2398} INFO - Sync 1 DAGs
[2022-04-25 13:02:37,442] {logging_mixin.py:109} INFO - [2022-04-25 13:02:37,442] {dag.py:2937} INFO - Setting next_dagrun for example_task_group_decorator to 2022-04-24T13:02:37.442401+00:00
[2022-04-25 13:02:37,524] {processor.py:171} INFO - Processing /home/airflow/.local/lib/python3.7/site-packages/airflow/example_dags/example_task_group_decorator.py took 0.746 seconds
[2022-04-25 13:11:55,081] {processor.py:163} INFO - Started process (PID=2009) to work on /home/airflow/.local/lib/python3.7/site-packages/airflow/example_dags/example_task_group_decorator.py
[2022-04-25 13:11:55,091] {processor.py:642} INFO - Processing file /home/airflow/.local/lib/python3.7/site-packages/airflow/example_dags/example_task_group_decorator.py for tasks to queue
[2022-04-25 13:11:55,099] {logging_mixin.py:109} INFO - [2022-04-25 13:11:55,098] {dagbag.py:500} INFO - Filling up the DagBag from /home/airflow/.local/lib/python3.7/site-packages/airflow/example_dags/example_task_group_decorator.py
[2022-04-25 13:11:55,299] {processor.py:652} INFO - DAG(s) dict_keys(['example_task_group_decorator']) retrieved from /home/airflow/.local/lib/python3.7/site-packages/airflow/example_dags/example_task_group_decorator.py
[2022-04-25 13:11:56,233] {logging_mixin.py:109} INFO - [2022-04-25 13:11:56,233] {dag.py:2398} INFO - Sync 1 DAGs
[2022-04-25 13:11:56,280] {logging_mixin.py:109} INFO - [2022-04-25 13:11:56,280] {dag.py:2937} INFO - Setting next_dagrun for example_task_group_decorator to 2022-04-24T13:11:56.279858+00:00
[2022-04-25 13:11:56,322] {processor.py:171} INFO - Processing /home/airflow/.local/lib/python3.7/site-packages/airflow/example_dags/example_task_group_decorator.py took 1.265 seconds
