[2022-04-25 12:42:03,782] {processor.py:163} INFO - Started process (PID=190) to work on /home/airflow/.local/lib/python3.7/site-packages/airflow/example_dags/example_branch_labels.py
[2022-04-25 12:42:03,795] {processor.py:642} INFO - Processing file /home/airflow/.local/lib/python3.7/site-packages/airflow/example_dags/example_branch_labels.py for tasks to queue
[2022-04-25 12:42:03,798] {logging_mixin.py:109} INFO - [2022-04-25 12:42:03,797] {dagbag.py:500} INFO - Filling up the DagBag from /home/airflow/.local/lib/python3.7/site-packages/airflow/example_dags/example_branch_labels.py
[2022-04-25 12:42:03,892] {processor.py:652} INFO - DAG(s) dict_keys(['example_branch_labels']) retrieved from /home/airflow/.local/lib/python3.7/site-packages/airflow/example_dags/example_branch_labels.py
[2022-04-25 12:42:08,572] {logging_mixin.py:109} INFO - [2022-04-25 12:42:08,571] {manager.py:496} INFO - Created Permission View: can read on DAG:example_branch_labels
[2022-04-25 12:42:08,596] {logging_mixin.py:109} INFO - [2022-04-25 12:42:08,596] {manager.py:496} INFO - Created Permission View: can edit on DAG:example_branch_labels
[2022-04-25 12:42:08,598] {logging_mixin.py:109} INFO - [2022-04-25 12:42:08,598] {dag.py:2398} INFO - Sync 1 DAGs
[2022-04-25 12:42:08,624] {logging_mixin.py:109} INFO - [2022-04-25 12:42:08,623] {dag.py:2417} INFO - Creating ORM DAG for example_branch_labels
[2022-04-25 12:42:08,667] {logging_mixin.py:109} INFO - [2022-04-25 12:42:08,661] {dag.py:2937} INFO - Setting next_dagrun for example_branch_labels to 2022-04-24 00:00:00+00:00
[2022-04-25 12:42:08,698] {processor.py:171} INFO - Processing /home/airflow/.local/lib/python3.7/site-packages/airflow/example_dags/example_branch_labels.py took 4.929 seconds
[2022-04-25 12:42:39,170] {processor.py:163} INFO - Started process (PID=261) to work on /home/airflow/.local/lib/python3.7/site-packages/airflow/example_dags/example_branch_labels.py
[2022-04-25 12:42:39,186] {processor.py:642} INFO - Processing file /home/airflow/.local/lib/python3.7/site-packages/airflow/example_dags/example_branch_labels.py for tasks to queue
[2022-04-25 12:42:39,192] {logging_mixin.py:109} INFO - [2022-04-25 12:42:39,192] {dagbag.py:500} INFO - Filling up the DagBag from /home/airflow/.local/lib/python3.7/site-packages/airflow/example_dags/example_branch_labels.py
[2022-04-25 12:42:39,320] {processor.py:652} INFO - DAG(s) dict_keys(['example_branch_labels']) retrieved from /home/airflow/.local/lib/python3.7/site-packages/airflow/example_dags/example_branch_labels.py
[2022-04-25 12:42:39,387] {logging_mixin.py:109} INFO - [2022-04-25 12:42:39,387] {dag.py:2398} INFO - Sync 1 DAGs
[2022-04-25 12:42:39,472] {logging_mixin.py:109} INFO - [2022-04-25 12:42:39,472] {dag.py:2937} INFO - Setting next_dagrun for example_branch_labels to 2022-04-24 00:00:00+00:00
[2022-04-25 12:42:39,530] {processor.py:171} INFO - Processing /home/airflow/.local/lib/python3.7/site-packages/airflow/example_dags/example_branch_labels.py took 0.397 seconds
[2022-04-25 12:43:12,444] {processor.py:163} INFO - Started process (PID=326) to work on /home/airflow/.local/lib/python3.7/site-packages/airflow/example_dags/example_branch_labels.py
[2022-04-25 12:43:12,451] {processor.py:642} INFO - Processing file /home/airflow/.local/lib/python3.7/site-packages/airflow/example_dags/example_branch_labels.py for tasks to queue
[2022-04-25 12:43:12,456] {logging_mixin.py:109} INFO - [2022-04-25 12:43:12,454] {dagbag.py:500} INFO - Filling up the DagBag from /home/airflow/.local/lib/python3.7/site-packages/airflow/example_dags/example_branch_labels.py
[2022-04-25 12:43:12,499] {processor.py:652} INFO - DAG(s) dict_keys(['example_branch_labels']) retrieved from /home/airflow/.local/lib/python3.7/site-packages/airflow/example_dags/example_branch_labels.py
[2022-04-25 12:43:12,538] {logging_mixin.py:109} INFO - [2022-04-25 12:43:12,538] {dag.py:2398} INFO - Sync 1 DAGs
[2022-04-25 12:43:12,570] {logging_mixin.py:109} INFO - [2022-04-25 12:43:12,570] {dag.py:2937} INFO - Setting next_dagrun for example_branch_labels to 2022-04-24 00:00:00+00:00
[2022-04-25 12:43:12,584] {processor.py:171} INFO - Processing /home/airflow/.local/lib/python3.7/site-packages/airflow/example_dags/example_branch_labels.py took 0.153 seconds
[2022-04-25 12:43:44,809] {processor.py:163} INFO - Started process (PID=376) to work on /home/airflow/.local/lib/python3.7/site-packages/airflow/example_dags/example_branch_labels.py
[2022-04-25 12:43:44,816] {processor.py:642} INFO - Processing file /home/airflow/.local/lib/python3.7/site-packages/airflow/example_dags/example_branch_labels.py for tasks to queue
[2022-04-25 12:43:44,821] {logging_mixin.py:109} INFO - [2022-04-25 12:43:44,820] {dagbag.py:500} INFO - Filling up the DagBag from /home/airflow/.local/lib/python3.7/site-packages/airflow/example_dags/example_branch_labels.py
[2022-04-25 12:43:44,883] {processor.py:652} INFO - DAG(s) dict_keys(['example_branch_labels']) retrieved from /home/airflow/.local/lib/python3.7/site-packages/airflow/example_dags/example_branch_labels.py
[2022-04-25 12:43:44,932] {logging_mixin.py:109} INFO - [2022-04-25 12:43:44,932] {dag.py:2398} INFO - Sync 1 DAGs
[2022-04-25 12:43:44,971] {logging_mixin.py:109} INFO - [2022-04-25 12:43:44,971] {dag.py:2937} INFO - Setting next_dagrun for example_branch_labels to 2022-04-24 00:00:00+00:00
[2022-04-25 12:43:44,988] {processor.py:171} INFO - Processing /home/airflow/.local/lib/python3.7/site-packages/airflow/example_dags/example_branch_labels.py took 0.197 seconds
[2022-04-25 12:44:15,694] {processor.py:163} INFO - Started process (PID=430) to work on /home/airflow/.local/lib/python3.7/site-packages/airflow/example_dags/example_branch_labels.py
[2022-04-25 12:44:15,703] {processor.py:642} INFO - Processing file /home/airflow/.local/lib/python3.7/site-packages/airflow/example_dags/example_branch_labels.py for tasks to queue
[2022-04-25 12:44:15,706] {logging_mixin.py:109} INFO - [2022-04-25 12:44:15,706] {dagbag.py:500} INFO - Filling up the DagBag from /home/airflow/.local/lib/python3.7/site-packages/airflow/example_dags/example_branch_labels.py
[2022-04-25 12:44:15,756] {processor.py:652} INFO - DAG(s) dict_keys(['example_branch_labels']) retrieved from /home/airflow/.local/lib/python3.7/site-packages/airflow/example_dags/example_branch_labels.py
[2022-04-25 12:44:15,809] {logging_mixin.py:109} INFO - [2022-04-25 12:44:15,809] {dag.py:2398} INFO - Sync 1 DAGs
[2022-04-25 12:44:15,876] {logging_mixin.py:109} INFO - [2022-04-25 12:44:15,876] {dag.py:2937} INFO - Setting next_dagrun for example_branch_labels to 2022-04-24 00:00:00+00:00
[2022-04-25 12:44:15,899] {processor.py:171} INFO - Processing /home/airflow/.local/lib/python3.7/site-packages/airflow/example_dags/example_branch_labels.py took 0.225 seconds
[2022-04-25 12:44:46,765] {processor.py:163} INFO - Started process (PID=482) to work on /home/airflow/.local/lib/python3.7/site-packages/airflow/example_dags/example_branch_labels.py
[2022-04-25 12:44:46,774] {processor.py:642} INFO - Processing file /home/airflow/.local/lib/python3.7/site-packages/airflow/example_dags/example_branch_labels.py for tasks to queue
[2022-04-25 12:44:46,779] {logging_mixin.py:109} INFO - [2022-04-25 12:44:46,778] {dagbag.py:500} INFO - Filling up the DagBag from /home/airflow/.local/lib/python3.7/site-packages/airflow/example_dags/example_branch_labels.py
[2022-04-25 12:44:46,840] {processor.py:652} INFO - DAG(s) dict_keys(['example_branch_labels']) retrieved from /home/airflow/.local/lib/python3.7/site-packages/airflow/example_dags/example_branch_labels.py
[2022-04-25 12:44:46,895] {logging_mixin.py:109} INFO - [2022-04-25 12:44:46,895] {dag.py:2398} INFO - Sync 1 DAGs
[2022-04-25 12:44:46,958] {logging_mixin.py:109} INFO - [2022-04-25 12:44:46,958] {dag.py:2937} INFO - Setting next_dagrun for example_branch_labels to 2022-04-24 00:00:00+00:00
[2022-04-25 12:44:46,976] {processor.py:171} INFO - Processing /home/airflow/.local/lib/python3.7/site-packages/airflow/example_dags/example_branch_labels.py took 0.226 seconds
[2022-04-25 12:45:17,743] {processor.py:163} INFO - Started process (PID=533) to work on /home/airflow/.local/lib/python3.7/site-packages/airflow/example_dags/example_branch_labels.py
[2022-04-25 12:45:17,748] {processor.py:642} INFO - Processing file /home/airflow/.local/lib/python3.7/site-packages/airflow/example_dags/example_branch_labels.py for tasks to queue
[2022-04-25 12:45:17,750] {logging_mixin.py:109} INFO - [2022-04-25 12:45:17,750] {dagbag.py:500} INFO - Filling up the DagBag from /home/airflow/.local/lib/python3.7/site-packages/airflow/example_dags/example_branch_labels.py
[2022-04-25 12:45:17,780] {processor.py:652} INFO - DAG(s) dict_keys(['example_branch_labels']) retrieved from /home/airflow/.local/lib/python3.7/site-packages/airflow/example_dags/example_branch_labels.py
[2022-04-25 12:45:17,843] {logging_mixin.py:109} INFO - [2022-04-25 12:45:17,843] {dag.py:2398} INFO - Sync 1 DAGs
[2022-04-25 12:45:17,872] {logging_mixin.py:109} INFO - [2022-04-25 12:45:17,872] {dag.py:2937} INFO - Setting next_dagrun for example_branch_labels to 2022-04-24 00:00:00+00:00
[2022-04-25 12:45:17,890] {processor.py:171} INFO - Processing /home/airflow/.local/lib/python3.7/site-packages/airflow/example_dags/example_branch_labels.py took 0.152 seconds
[2022-04-25 12:45:48,736] {processor.py:163} INFO - Started process (PID=586) to work on /home/airflow/.local/lib/python3.7/site-packages/airflow/example_dags/example_branch_labels.py
[2022-04-25 12:45:48,740] {processor.py:642} INFO - Processing file /home/airflow/.local/lib/python3.7/site-packages/airflow/example_dags/example_branch_labels.py for tasks to queue
[2022-04-25 12:45:48,742] {logging_mixin.py:109} INFO - [2022-04-25 12:45:48,742] {dagbag.py:500} INFO - Filling up the DagBag from /home/airflow/.local/lib/python3.7/site-packages/airflow/example_dags/example_branch_labels.py
[2022-04-25 12:45:48,802] {processor.py:652} INFO - DAG(s) dict_keys(['example_branch_labels']) retrieved from /home/airflow/.local/lib/python3.7/site-packages/airflow/example_dags/example_branch_labels.py
[2022-04-25 12:45:48,842] {logging_mixin.py:109} INFO - [2022-04-25 12:45:48,841] {dag.py:2398} INFO - Sync 1 DAGs
[2022-04-25 12:45:48,867] {logging_mixin.py:109} INFO - [2022-04-25 12:45:48,867] {dag.py:2937} INFO - Setting next_dagrun for example_branch_labels to 2022-04-24 00:00:00+00:00
[2022-04-25 12:45:48,884] {processor.py:171} INFO - Processing /home/airflow/.local/lib/python3.7/site-packages/airflow/example_dags/example_branch_labels.py took 0.154 seconds
[2022-04-25 12:46:19,808] {processor.py:163} INFO - Started process (PID=636) to work on /home/airflow/.local/lib/python3.7/site-packages/airflow/example_dags/example_branch_labels.py
[2022-04-25 12:46:19,812] {processor.py:642} INFO - Processing file /home/airflow/.local/lib/python3.7/site-packages/airflow/example_dags/example_branch_labels.py for tasks to queue
[2022-04-25 12:46:19,815] {logging_mixin.py:109} INFO - [2022-04-25 12:46:19,815] {dagbag.py:500} INFO - Filling up the DagBag from /home/airflow/.local/lib/python3.7/site-packages/airflow/example_dags/example_branch_labels.py
[2022-04-25 12:46:19,843] {processor.py:652} INFO - DAG(s) dict_keys(['example_branch_labels']) retrieved from /home/airflow/.local/lib/python3.7/site-packages/airflow/example_dags/example_branch_labels.py
[2022-04-25 12:46:19,883] {logging_mixin.py:109} INFO - [2022-04-25 12:46:19,882] {dag.py:2398} INFO - Sync 1 DAGs
[2022-04-25 12:46:19,915] {logging_mixin.py:109} INFO - [2022-04-25 12:46:19,915] {dag.py:2937} INFO - Setting next_dagrun for example_branch_labels to 2022-04-24 00:00:00+00:00
[2022-04-25 12:46:19,932] {processor.py:171} INFO - Processing /home/airflow/.local/lib/python3.7/site-packages/airflow/example_dags/example_branch_labels.py took 0.133 seconds
[2022-04-25 12:46:50,713] {processor.py:163} INFO - Started process (PID=686) to work on /home/airflow/.local/lib/python3.7/site-packages/airflow/example_dags/example_branch_labels.py
[2022-04-25 12:46:50,725] {processor.py:642} INFO - Processing file /home/airflow/.local/lib/python3.7/site-packages/airflow/example_dags/example_branch_labels.py for tasks to queue
[2022-04-25 12:46:50,736] {logging_mixin.py:109} INFO - [2022-04-25 12:46:50,734] {dagbag.py:500} INFO - Filling up the DagBag from /home/airflow/.local/lib/python3.7/site-packages/airflow/example_dags/example_branch_labels.py
[2022-04-25 12:46:50,861] {processor.py:652} INFO - DAG(s) dict_keys(['example_branch_labels']) retrieved from /home/airflow/.local/lib/python3.7/site-packages/airflow/example_dags/example_branch_labels.py
[2022-04-25 12:46:51,054] {logging_mixin.py:109} INFO - [2022-04-25 12:46:51,054] {dag.py:2398} INFO - Sync 1 DAGs
[2022-04-25 12:46:51,203] {logging_mixin.py:109} INFO - [2022-04-25 12:46:51,203] {dag.py:2937} INFO - Setting next_dagrun for example_branch_labels to 2022-04-24 00:00:00+00:00
[2022-04-25 12:46:51,263] {processor.py:171} INFO - Processing /home/airflow/.local/lib/python3.7/site-packages/airflow/example_dags/example_branch_labels.py took 0.582 seconds
[2022-04-25 12:47:21,746] {processor.py:163} INFO - Started process (PID=742) to work on /home/airflow/.local/lib/python3.7/site-packages/airflow/example_dags/example_branch_labels.py
[2022-04-25 12:47:21,752] {processor.py:642} INFO - Processing file /home/airflow/.local/lib/python3.7/site-packages/airflow/example_dags/example_branch_labels.py for tasks to queue
[2022-04-25 12:47:21,766] {logging_mixin.py:109} INFO - [2022-04-25 12:47:21,766] {dagbag.py:500} INFO - Filling up the DagBag from /home/airflow/.local/lib/python3.7/site-packages/airflow/example_dags/example_branch_labels.py
[2022-04-25 12:47:21,919] {processor.py:652} INFO - DAG(s) dict_keys(['example_branch_labels']) retrieved from /home/airflow/.local/lib/python3.7/site-packages/airflow/example_dags/example_branch_labels.py
[2022-04-25 12:47:22,054] {logging_mixin.py:109} INFO - [2022-04-25 12:47:22,054] {dag.py:2398} INFO - Sync 1 DAGs
[2022-04-25 12:47:22,165] {logging_mixin.py:109} INFO - [2022-04-25 12:47:22,164] {dag.py:2937} INFO - Setting next_dagrun for example_branch_labels to 2022-04-24 00:00:00+00:00
[2022-04-25 12:47:22,220] {processor.py:171} INFO - Processing /home/airflow/.local/lib/python3.7/site-packages/airflow/example_dags/example_branch_labels.py took 0.520 seconds
[2022-04-25 12:47:53,367] {processor.py:163} INFO - Started process (PID=791) to work on /home/airflow/.local/lib/python3.7/site-packages/airflow/example_dags/example_branch_labels.py
[2022-04-25 12:47:53,374] {processor.py:642} INFO - Processing file /home/airflow/.local/lib/python3.7/site-packages/airflow/example_dags/example_branch_labels.py for tasks to queue
[2022-04-25 12:47:53,377] {logging_mixin.py:109} INFO - [2022-04-25 12:47:53,377] {dagbag.py:500} INFO - Filling up the DagBag from /home/airflow/.local/lib/python3.7/site-packages/airflow/example_dags/example_branch_labels.py
[2022-04-25 12:47:53,522] {processor.py:652} INFO - DAG(s) dict_keys(['example_branch_labels']) retrieved from /home/airflow/.local/lib/python3.7/site-packages/airflow/example_dags/example_branch_labels.py
[2022-04-25 12:47:53,708] {logging_mixin.py:109} INFO - [2022-04-25 12:47:53,708] {dag.py:2398} INFO - Sync 1 DAGs
[2022-04-25 12:47:53,945] {logging_mixin.py:109} INFO - [2022-04-25 12:47:53,945] {dag.py:2937} INFO - Setting next_dagrun for example_branch_labels to 2022-04-24 00:00:00+00:00
[2022-04-25 12:47:54,026] {processor.py:171} INFO - Processing /home/airflow/.local/lib/python3.7/site-packages/airflow/example_dags/example_branch_labels.py took 0.691 seconds
[2022-04-25 12:48:24,905] {processor.py:163} INFO - Started process (PID=845) to work on /home/airflow/.local/lib/python3.7/site-packages/airflow/example_dags/example_branch_labels.py
[2022-04-25 12:48:24,909] {processor.py:642} INFO - Processing file /home/airflow/.local/lib/python3.7/site-packages/airflow/example_dags/example_branch_labels.py for tasks to queue
[2022-04-25 12:48:24,912] {logging_mixin.py:109} INFO - [2022-04-25 12:48:24,911] {dagbag.py:500} INFO - Filling up the DagBag from /home/airflow/.local/lib/python3.7/site-packages/airflow/example_dags/example_branch_labels.py
[2022-04-25 12:48:24,942] {processor.py:652} INFO - DAG(s) dict_keys(['example_branch_labels']) retrieved from /home/airflow/.local/lib/python3.7/site-packages/airflow/example_dags/example_branch_labels.py
[2022-04-25 12:48:25,000] {logging_mixin.py:109} INFO - [2022-04-25 12:48:25,000] {dag.py:2398} INFO - Sync 1 DAGs
[2022-04-25 12:48:25,070] {logging_mixin.py:109} INFO - [2022-04-25 12:48:25,070] {dag.py:2937} INFO - Setting next_dagrun for example_branch_labels to 2022-04-24 00:00:00+00:00
[2022-04-25 12:48:25,113] {processor.py:171} INFO - Processing /home/airflow/.local/lib/python3.7/site-packages/airflow/example_dags/example_branch_labels.py took 0.225 seconds
[2022-04-25 12:48:56,292] {processor.py:163} INFO - Started process (PID=895) to work on /home/airflow/.local/lib/python3.7/site-packages/airflow/example_dags/example_branch_labels.py
[2022-04-25 12:48:56,303] {processor.py:642} INFO - Processing file /home/airflow/.local/lib/python3.7/site-packages/airflow/example_dags/example_branch_labels.py for tasks to queue
[2022-04-25 12:48:56,310] {logging_mixin.py:109} INFO - [2022-04-25 12:48:56,309] {dagbag.py:500} INFO - Filling up the DagBag from /home/airflow/.local/lib/python3.7/site-packages/airflow/example_dags/example_branch_labels.py
[2022-04-25 12:48:56,443] {processor.py:652} INFO - DAG(s) dict_keys(['example_branch_labels']) retrieved from /home/airflow/.local/lib/python3.7/site-packages/airflow/example_dags/example_branch_labels.py
[2022-04-25 12:48:56,564] {logging_mixin.py:109} INFO - [2022-04-25 12:48:56,563] {dag.py:2398} INFO - Sync 1 DAGs
[2022-04-25 12:48:56,676] {logging_mixin.py:109} INFO - [2022-04-25 12:48:56,676] {dag.py:2937} INFO - Setting next_dagrun for example_branch_labels to 2022-04-24 00:00:00+00:00
[2022-04-25 12:48:56,727] {processor.py:171} INFO - Processing /home/airflow/.local/lib/python3.7/site-packages/airflow/example_dags/example_branch_labels.py took 0.447 seconds
[2022-04-25 12:52:44,819] {processor.py:163} INFO - Started process (PID=947) to work on /home/airflow/.local/lib/python3.7/site-packages/airflow/example_dags/example_branch_labels.py
[2022-04-25 12:52:44,844] {processor.py:642} INFO - Processing file /home/airflow/.local/lib/python3.7/site-packages/airflow/example_dags/example_branch_labels.py for tasks to queue
[2022-04-25 12:52:44,847] {logging_mixin.py:109} INFO - [2022-04-25 12:52:44,846] {dagbag.py:500} INFO - Filling up the DagBag from /home/airflow/.local/lib/python3.7/site-packages/airflow/example_dags/example_branch_labels.py
[2022-04-25 12:52:44,904] {processor.py:652} INFO - DAG(s) dict_keys(['example_branch_labels']) retrieved from /home/airflow/.local/lib/python3.7/site-packages/airflow/example_dags/example_branch_labels.py
[2022-04-25 12:52:44,951] {logging_mixin.py:109} INFO - [2022-04-25 12:52:44,951] {dag.py:2398} INFO - Sync 1 DAGs
[2022-04-25 12:52:45,011] {logging_mixin.py:109} INFO - [2022-04-25 12:52:45,011] {dag.py:2937} INFO - Setting next_dagrun for example_branch_labels to 2022-04-24 00:00:00+00:00
[2022-04-25 12:52:45,059] {processor.py:171} INFO - Processing /home/airflow/.local/lib/python3.7/site-packages/airflow/example_dags/example_branch_labels.py took 0.297 seconds
[2022-04-25 12:53:15,792] {processor.py:163} INFO - Started process (PID=998) to work on /home/airflow/.local/lib/python3.7/site-packages/airflow/example_dags/example_branch_labels.py
[2022-04-25 12:53:15,798] {processor.py:642} INFO - Processing file /home/airflow/.local/lib/python3.7/site-packages/airflow/example_dags/example_branch_labels.py for tasks to queue
[2022-04-25 12:53:15,801] {logging_mixin.py:109} INFO - [2022-04-25 12:53:15,800] {dagbag.py:500} INFO - Filling up the DagBag from /home/airflow/.local/lib/python3.7/site-packages/airflow/example_dags/example_branch_labels.py
[2022-04-25 12:53:15,865] {processor.py:652} INFO - DAG(s) dict_keys(['example_branch_labels']) retrieved from /home/airflow/.local/lib/python3.7/site-packages/airflow/example_dags/example_branch_labels.py
[2022-04-25 12:53:15,901] {logging_mixin.py:109} INFO - [2022-04-25 12:53:15,901] {dag.py:2398} INFO - Sync 1 DAGs
[2022-04-25 12:53:15,929] {logging_mixin.py:109} INFO - [2022-04-25 12:53:15,929] {dag.py:2937} INFO - Setting next_dagrun for example_branch_labels to 2022-04-24 00:00:00+00:00
[2022-04-25 12:53:15,953] {processor.py:171} INFO - Processing /home/airflow/.local/lib/python3.7/site-packages/airflow/example_dags/example_branch_labels.py took 0.178 seconds
[2022-04-25 12:53:46,592] {processor.py:163} INFO - Started process (PID=1050) to work on /home/airflow/.local/lib/python3.7/site-packages/airflow/example_dags/example_branch_labels.py
[2022-04-25 12:53:46,597] {processor.py:642} INFO - Processing file /home/airflow/.local/lib/python3.7/site-packages/airflow/example_dags/example_branch_labels.py for tasks to queue
[2022-04-25 12:53:46,599] {logging_mixin.py:109} INFO - [2022-04-25 12:53:46,599] {dagbag.py:500} INFO - Filling up the DagBag from /home/airflow/.local/lib/python3.7/site-packages/airflow/example_dags/example_branch_labels.py
[2022-04-25 12:53:46,639] {processor.py:652} INFO - DAG(s) dict_keys(['example_branch_labels']) retrieved from /home/airflow/.local/lib/python3.7/site-packages/airflow/example_dags/example_branch_labels.py
[2022-04-25 12:53:46,692] {logging_mixin.py:109} INFO - [2022-04-25 12:53:46,691] {dag.py:2398} INFO - Sync 1 DAGs
[2022-04-25 12:53:46,748] {logging_mixin.py:109} INFO - [2022-04-25 12:53:46,747] {dag.py:2937} INFO - Setting next_dagrun for example_branch_labels to 2022-04-24 00:00:00+00:00
[2022-04-25 12:53:46,775] {processor.py:171} INFO - Processing /home/airflow/.local/lib/python3.7/site-packages/airflow/example_dags/example_branch_labels.py took 0.193 seconds
[2022-04-25 12:54:17,008] {processor.py:163} INFO - Started process (PID=1100) to work on /home/airflow/.local/lib/python3.7/site-packages/airflow/example_dags/example_branch_labels.py
[2022-04-25 12:54:17,012] {processor.py:642} INFO - Processing file /home/airflow/.local/lib/python3.7/site-packages/airflow/example_dags/example_branch_labels.py for tasks to queue
[2022-04-25 12:54:17,015] {logging_mixin.py:109} INFO - [2022-04-25 12:54:17,015] {dagbag.py:500} INFO - Filling up the DagBag from /home/airflow/.local/lib/python3.7/site-packages/airflow/example_dags/example_branch_labels.py
[2022-04-25 12:54:17,051] {processor.py:652} INFO - DAG(s) dict_keys(['example_branch_labels']) retrieved from /home/airflow/.local/lib/python3.7/site-packages/airflow/example_dags/example_branch_labels.py
[2022-04-25 12:54:17,125] {logging_mixin.py:109} INFO - [2022-04-25 12:54:17,124] {dag.py:2398} INFO - Sync 1 DAGs
[2022-04-25 12:54:17,156] {logging_mixin.py:109} INFO - [2022-04-25 12:54:17,156] {dag.py:2937} INFO - Setting next_dagrun for example_branch_labels to 2022-04-24 00:00:00+00:00
[2022-04-25 12:54:17,178] {processor.py:171} INFO - Processing /home/airflow/.local/lib/python3.7/site-packages/airflow/example_dags/example_branch_labels.py took 0.175 seconds
[2022-04-25 12:54:47,433] {processor.py:163} INFO - Started process (PID=1150) to work on /home/airflow/.local/lib/python3.7/site-packages/airflow/example_dags/example_branch_labels.py
[2022-04-25 12:54:47,440] {processor.py:642} INFO - Processing file /home/airflow/.local/lib/python3.7/site-packages/airflow/example_dags/example_branch_labels.py for tasks to queue
[2022-04-25 12:54:47,447] {logging_mixin.py:109} INFO - [2022-04-25 12:54:47,447] {dagbag.py:500} INFO - Filling up the DagBag from /home/airflow/.local/lib/python3.7/site-packages/airflow/example_dags/example_branch_labels.py
[2022-04-25 12:54:47,543] {processor.py:652} INFO - DAG(s) dict_keys(['example_branch_labels']) retrieved from /home/airflow/.local/lib/python3.7/site-packages/airflow/example_dags/example_branch_labels.py
[2022-04-25 12:54:47,607] {logging_mixin.py:109} INFO - [2022-04-25 12:54:47,606] {dag.py:2398} INFO - Sync 1 DAGs
[2022-04-25 12:54:47,642] {logging_mixin.py:109} INFO - [2022-04-25 12:54:47,642] {dag.py:2937} INFO - Setting next_dagrun for example_branch_labels to 2022-04-24 00:00:00+00:00
[2022-04-25 12:54:47,665] {processor.py:171} INFO - Processing /home/airflow/.local/lib/python3.7/site-packages/airflow/example_dags/example_branch_labels.py took 0.242 seconds
[2022-04-25 12:55:18,193] {processor.py:163} INFO - Started process (PID=1203) to work on /home/airflow/.local/lib/python3.7/site-packages/airflow/example_dags/example_branch_labels.py
[2022-04-25 12:55:18,197] {processor.py:642} INFO - Processing file /home/airflow/.local/lib/python3.7/site-packages/airflow/example_dags/example_branch_labels.py for tasks to queue
[2022-04-25 12:55:18,199] {logging_mixin.py:109} INFO - [2022-04-25 12:55:18,199] {dagbag.py:500} INFO - Filling up the DagBag from /home/airflow/.local/lib/python3.7/site-packages/airflow/example_dags/example_branch_labels.py
[2022-04-25 12:55:18,230] {processor.py:652} INFO - DAG(s) dict_keys(['example_branch_labels']) retrieved from /home/airflow/.local/lib/python3.7/site-packages/airflow/example_dags/example_branch_labels.py
[2022-04-25 12:55:18,264] {logging_mixin.py:109} INFO - [2022-04-25 12:55:18,264] {dag.py:2398} INFO - Sync 1 DAGs
[2022-04-25 12:55:18,291] {logging_mixin.py:109} INFO - [2022-04-25 12:55:18,288] {dag.py:2937} INFO - Setting next_dagrun for example_branch_labels to 2022-04-24 00:00:00+00:00
[2022-04-25 12:55:18,310] {processor.py:171} INFO - Processing /home/airflow/.local/lib/python3.7/site-packages/airflow/example_dags/example_branch_labels.py took 0.122 seconds
[2022-04-25 12:55:48,477] {processor.py:163} INFO - Started process (PID=1256) to work on /home/airflow/.local/lib/python3.7/site-packages/airflow/example_dags/example_branch_labels.py
[2022-04-25 12:55:48,486] {processor.py:642} INFO - Processing file /home/airflow/.local/lib/python3.7/site-packages/airflow/example_dags/example_branch_labels.py for tasks to queue
[2022-04-25 12:55:48,493] {logging_mixin.py:109} INFO - [2022-04-25 12:55:48,493] {dagbag.py:500} INFO - Filling up the DagBag from /home/airflow/.local/lib/python3.7/site-packages/airflow/example_dags/example_branch_labels.py
[2022-04-25 12:55:48,527] {processor.py:652} INFO - DAG(s) dict_keys(['example_branch_labels']) retrieved from /home/airflow/.local/lib/python3.7/site-packages/airflow/example_dags/example_branch_labels.py
[2022-04-25 12:55:48,565] {logging_mixin.py:109} INFO - [2022-04-25 12:55:48,565] {dag.py:2398} INFO - Sync 1 DAGs
[2022-04-25 12:55:48,595] {logging_mixin.py:109} INFO - [2022-04-25 12:55:48,595] {dag.py:2937} INFO - Setting next_dagrun for example_branch_labels to 2022-04-24 00:00:00+00:00
[2022-04-25 12:55:48,608] {processor.py:171} INFO - Processing /home/airflow/.local/lib/python3.7/site-packages/airflow/example_dags/example_branch_labels.py took 0.149 seconds
[2022-04-25 12:56:18,708] {processor.py:163} INFO - Started process (PID=1318) to work on /home/airflow/.local/lib/python3.7/site-packages/airflow/example_dags/example_branch_labels.py
[2022-04-25 12:56:18,718] {processor.py:642} INFO - Processing file /home/airflow/.local/lib/python3.7/site-packages/airflow/example_dags/example_branch_labels.py for tasks to queue
[2022-04-25 12:56:18,728] {logging_mixin.py:109} INFO - [2022-04-25 12:56:18,727] {dagbag.py:500} INFO - Filling up the DagBag from /home/airflow/.local/lib/python3.7/site-packages/airflow/example_dags/example_branch_labels.py
[2022-04-25 12:56:18,793] {processor.py:652} INFO - DAG(s) dict_keys(['example_branch_labels']) retrieved from /home/airflow/.local/lib/python3.7/site-packages/airflow/example_dags/example_branch_labels.py
[2022-04-25 12:56:18,854] {logging_mixin.py:109} INFO - [2022-04-25 12:56:18,854] {dag.py:2398} INFO - Sync 1 DAGs
[2022-04-25 12:56:18,902] {logging_mixin.py:109} INFO - [2022-04-25 12:56:18,902] {dag.py:2937} INFO - Setting next_dagrun for example_branch_labels to 2022-04-24 00:00:00+00:00
[2022-04-25 12:56:18,935] {processor.py:171} INFO - Processing /home/airflow/.local/lib/python3.7/site-packages/airflow/example_dags/example_branch_labels.py took 0.251 seconds
[2022-04-25 12:56:49,384] {processor.py:163} INFO - Started process (PID=1370) to work on /home/airflow/.local/lib/python3.7/site-packages/airflow/example_dags/example_branch_labels.py
[2022-04-25 12:56:49,397] {processor.py:642} INFO - Processing file /home/airflow/.local/lib/python3.7/site-packages/airflow/example_dags/example_branch_labels.py for tasks to queue
[2022-04-25 12:56:49,408] {logging_mixin.py:109} INFO - [2022-04-25 12:56:49,407] {dagbag.py:500} INFO - Filling up the DagBag from /home/airflow/.local/lib/python3.7/site-packages/airflow/example_dags/example_branch_labels.py
[2022-04-25 12:56:49,467] {processor.py:652} INFO - DAG(s) dict_keys(['example_branch_labels']) retrieved from /home/airflow/.local/lib/python3.7/site-packages/airflow/example_dags/example_branch_labels.py
[2022-04-25 12:56:49,500] {logging_mixin.py:109} INFO - [2022-04-25 12:56:49,500] {dag.py:2398} INFO - Sync 1 DAGs
[2022-04-25 12:56:49,530] {logging_mixin.py:109} INFO - [2022-04-25 12:56:49,530] {dag.py:2937} INFO - Setting next_dagrun for example_branch_labels to 2022-04-24 00:00:00+00:00
[2022-04-25 12:56:49,546] {processor.py:171} INFO - Processing /home/airflow/.local/lib/python3.7/site-packages/airflow/example_dags/example_branch_labels.py took 0.176 seconds
[2022-04-25 12:57:20,095] {processor.py:163} INFO - Started process (PID=1423) to work on /home/airflow/.local/lib/python3.7/site-packages/airflow/example_dags/example_branch_labels.py
[2022-04-25 12:57:20,103] {processor.py:642} INFO - Processing file /home/airflow/.local/lib/python3.7/site-packages/airflow/example_dags/example_branch_labels.py for tasks to queue
[2022-04-25 12:57:20,120] {logging_mixin.py:109} INFO - [2022-04-25 12:57:20,119] {dagbag.py:500} INFO - Filling up the DagBag from /home/airflow/.local/lib/python3.7/site-packages/airflow/example_dags/example_branch_labels.py
[2022-04-25 12:57:20,230] {processor.py:652} INFO - DAG(s) dict_keys(['example_branch_labels']) retrieved from /home/airflow/.local/lib/python3.7/site-packages/airflow/example_dags/example_branch_labels.py
[2022-04-25 12:57:20,342] {logging_mixin.py:109} INFO - [2022-04-25 12:57:20,341] {dag.py:2398} INFO - Sync 1 DAGs
[2022-04-25 12:57:20,423] {logging_mixin.py:109} INFO - [2022-04-25 12:57:20,423] {dag.py:2937} INFO - Setting next_dagrun for example_branch_labels to 2022-04-24 00:00:00+00:00
[2022-04-25 12:57:20,471] {processor.py:171} INFO - Processing /home/airflow/.local/lib/python3.7/site-packages/airflow/example_dags/example_branch_labels.py took 0.404 seconds
[2022-04-25 12:57:50,683] {processor.py:163} INFO - Started process (PID=1476) to work on /home/airflow/.local/lib/python3.7/site-packages/airflow/example_dags/example_branch_labels.py
[2022-04-25 12:57:50,687] {processor.py:642} INFO - Processing file /home/airflow/.local/lib/python3.7/site-packages/airflow/example_dags/example_branch_labels.py for tasks to queue
[2022-04-25 12:57:50,701] {logging_mixin.py:109} INFO - [2022-04-25 12:57:50,701] {dagbag.py:500} INFO - Filling up the DagBag from /home/airflow/.local/lib/python3.7/site-packages/airflow/example_dags/example_branch_labels.py
[2022-04-25 12:57:50,796] {processor.py:652} INFO - DAG(s) dict_keys(['example_branch_labels']) retrieved from /home/airflow/.local/lib/python3.7/site-packages/airflow/example_dags/example_branch_labels.py
[2022-04-25 12:57:50,856] {logging_mixin.py:109} INFO - [2022-04-25 12:57:50,855] {dag.py:2398} INFO - Sync 1 DAGs
[2022-04-25 12:57:50,890] {logging_mixin.py:109} INFO - [2022-04-25 12:57:50,890] {dag.py:2937} INFO - Setting next_dagrun for example_branch_labels to 2022-04-24 00:00:00+00:00
[2022-04-25 12:57:50,904] {processor.py:171} INFO - Processing /home/airflow/.local/lib/python3.7/site-packages/airflow/example_dags/example_branch_labels.py took 0.247 seconds
[2022-04-25 12:58:23,113] {processor.py:163} INFO - Started process (PID=1533) to work on /home/airflow/.local/lib/python3.7/site-packages/airflow/example_dags/example_branch_labels.py
[2022-04-25 12:58:23,124] {processor.py:642} INFO - Processing file /home/airflow/.local/lib/python3.7/site-packages/airflow/example_dags/example_branch_labels.py for tasks to queue
[2022-04-25 12:58:23,131] {logging_mixin.py:109} INFO - [2022-04-25 12:58:23,130] {dagbag.py:500} INFO - Filling up the DagBag from /home/airflow/.local/lib/python3.7/site-packages/airflow/example_dags/example_branch_labels.py
[2022-04-25 12:58:23,199] {processor.py:652} INFO - DAG(s) dict_keys(['example_branch_labels']) retrieved from /home/airflow/.local/lib/python3.7/site-packages/airflow/example_dags/example_branch_labels.py
[2022-04-25 12:58:23,250] {logging_mixin.py:109} INFO - [2022-04-25 12:58:23,249] {dag.py:2398} INFO - Sync 1 DAGs
[2022-04-25 12:58:23,282] {logging_mixin.py:109} INFO - [2022-04-25 12:58:23,281] {dag.py:2937} INFO - Setting next_dagrun for example_branch_labels to 2022-04-24 00:00:00+00:00
[2022-04-25 12:58:23,316] {processor.py:171} INFO - Processing /home/airflow/.local/lib/python3.7/site-packages/airflow/example_dags/example_branch_labels.py took 0.215 seconds
[2022-04-25 12:58:54,739] {processor.py:163} INFO - Started process (PID=1583) to work on /home/airflow/.local/lib/python3.7/site-packages/airflow/example_dags/example_branch_labels.py
[2022-04-25 12:58:54,746] {processor.py:642} INFO - Processing file /home/airflow/.local/lib/python3.7/site-packages/airflow/example_dags/example_branch_labels.py for tasks to queue
[2022-04-25 12:58:54,758] {logging_mixin.py:109} INFO - [2022-04-25 12:58:54,757] {dagbag.py:500} INFO - Filling up the DagBag from /home/airflow/.local/lib/python3.7/site-packages/airflow/example_dags/example_branch_labels.py
[2022-04-25 12:58:54,852] {processor.py:652} INFO - DAG(s) dict_keys(['example_branch_labels']) retrieved from /home/airflow/.local/lib/python3.7/site-packages/airflow/example_dags/example_branch_labels.py
[2022-04-25 12:58:54,969] {logging_mixin.py:109} INFO - [2022-04-25 12:58:54,969] {dag.py:2398} INFO - Sync 1 DAGs
[2022-04-25 12:58:55,079] {logging_mixin.py:109} INFO - [2022-04-25 12:58:55,078] {dag.py:2937} INFO - Setting next_dagrun for example_branch_labels to 2022-04-24 00:00:00+00:00
[2022-04-25 12:58:55,132] {processor.py:171} INFO - Processing /home/airflow/.local/lib/python3.7/site-packages/airflow/example_dags/example_branch_labels.py took 0.415 seconds
[2022-04-25 12:59:25,666] {processor.py:163} INFO - Started process (PID=1637) to work on /home/airflow/.local/lib/python3.7/site-packages/airflow/example_dags/example_branch_labels.py
[2022-04-25 12:59:25,670] {processor.py:642} INFO - Processing file /home/airflow/.local/lib/python3.7/site-packages/airflow/example_dags/example_branch_labels.py for tasks to queue
[2022-04-25 12:59:25,673] {logging_mixin.py:109} INFO - [2022-04-25 12:59:25,673] {dagbag.py:500} INFO - Filling up the DagBag from /home/airflow/.local/lib/python3.7/site-packages/airflow/example_dags/example_branch_labels.py
[2022-04-25 12:59:25,707] {processor.py:652} INFO - DAG(s) dict_keys(['example_branch_labels']) retrieved from /home/airflow/.local/lib/python3.7/site-packages/airflow/example_dags/example_branch_labels.py
[2022-04-25 12:59:25,741] {logging_mixin.py:109} INFO - [2022-04-25 12:59:25,741] {dag.py:2398} INFO - Sync 1 DAGs
[2022-04-25 12:59:25,772] {logging_mixin.py:109} INFO - [2022-04-25 12:59:25,772] {dag.py:2937} INFO - Setting next_dagrun for example_branch_labels to 2022-04-24 00:00:00+00:00
[2022-04-25 12:59:25,789] {processor.py:171} INFO - Processing /home/airflow/.local/lib/python3.7/site-packages/airflow/example_dags/example_branch_labels.py took 0.132 seconds
[2022-04-25 12:59:55,937] {processor.py:163} INFO - Started process (PID=1689) to work on /home/airflow/.local/lib/python3.7/site-packages/airflow/example_dags/example_branch_labels.py
[2022-04-25 12:59:55,940] {processor.py:642} INFO - Processing file /home/airflow/.local/lib/python3.7/site-packages/airflow/example_dags/example_branch_labels.py for tasks to queue
[2022-04-25 12:59:55,943] {logging_mixin.py:109} INFO - [2022-04-25 12:59:55,943] {dagbag.py:500} INFO - Filling up the DagBag from /home/airflow/.local/lib/python3.7/site-packages/airflow/example_dags/example_branch_labels.py
[2022-04-25 12:59:55,967] {processor.py:652} INFO - DAG(s) dict_keys(['example_branch_labels']) retrieved from /home/airflow/.local/lib/python3.7/site-packages/airflow/example_dags/example_branch_labels.py
[2022-04-25 12:59:56,005] {logging_mixin.py:109} INFO - [2022-04-25 12:59:56,005] {dag.py:2398} INFO - Sync 1 DAGs
[2022-04-25 12:59:56,030] {logging_mixin.py:109} INFO - [2022-04-25 12:59:56,029] {dag.py:2937} INFO - Setting next_dagrun for example_branch_labels to 2022-04-24 00:00:00+00:00
[2022-04-25 12:59:56,047] {processor.py:171} INFO - Processing /home/airflow/.local/lib/python3.7/site-packages/airflow/example_dags/example_branch_labels.py took 0.118 seconds
[2022-04-25 13:00:26,310] {processor.py:163} INFO - Started process (PID=1741) to work on /home/airflow/.local/lib/python3.7/site-packages/airflow/example_dags/example_branch_labels.py
[2022-04-25 13:00:26,316] {processor.py:642} INFO - Processing file /home/airflow/.local/lib/python3.7/site-packages/airflow/example_dags/example_branch_labels.py for tasks to queue
[2022-04-25 13:00:26,321] {logging_mixin.py:109} INFO - [2022-04-25 13:00:26,320] {dagbag.py:500} INFO - Filling up the DagBag from /home/airflow/.local/lib/python3.7/site-packages/airflow/example_dags/example_branch_labels.py
[2022-04-25 13:00:26,371] {processor.py:652} INFO - DAG(s) dict_keys(['example_branch_labels']) retrieved from /home/airflow/.local/lib/python3.7/site-packages/airflow/example_dags/example_branch_labels.py
[2022-04-25 13:00:26,475] {logging_mixin.py:109} INFO - [2022-04-25 13:00:26,475] {dag.py:2398} INFO - Sync 1 DAGs
[2022-04-25 13:00:26,590] {logging_mixin.py:109} INFO - [2022-04-25 13:00:26,590] {dag.py:2937} INFO - Setting next_dagrun for example_branch_labels to 2022-04-24 00:00:00+00:00
[2022-04-25 13:00:26,642] {processor.py:171} INFO - Processing /home/airflow/.local/lib/python3.7/site-packages/airflow/example_dags/example_branch_labels.py took 0.343 seconds
[2022-04-25 13:00:56,791] {processor.py:163} INFO - Started process (PID=1789) to work on /home/airflow/.local/lib/python3.7/site-packages/airflow/example_dags/example_branch_labels.py
[2022-04-25 13:00:56,799] {processor.py:642} INFO - Processing file /home/airflow/.local/lib/python3.7/site-packages/airflow/example_dags/example_branch_labels.py for tasks to queue
[2022-04-25 13:00:56,802] {logging_mixin.py:109} INFO - [2022-04-25 13:00:56,802] {dagbag.py:500} INFO - Filling up the DagBag from /home/airflow/.local/lib/python3.7/site-packages/airflow/example_dags/example_branch_labels.py
[2022-04-25 13:00:56,867] {processor.py:652} INFO - DAG(s) dict_keys(['example_branch_labels']) retrieved from /home/airflow/.local/lib/python3.7/site-packages/airflow/example_dags/example_branch_labels.py
[2022-04-25 13:00:56,956] {logging_mixin.py:109} INFO - [2022-04-25 13:00:56,955] {dag.py:2398} INFO - Sync 1 DAGs
[2022-04-25 13:00:57,015] {logging_mixin.py:109} INFO - [2022-04-25 13:00:57,014] {dag.py:2937} INFO - Setting next_dagrun for example_branch_labels to 2022-04-24 00:00:00+00:00
[2022-04-25 13:00:57,046] {processor.py:171} INFO - Processing /home/airflow/.local/lib/python3.7/site-packages/airflow/example_dags/example_branch_labels.py took 0.267 seconds
[2022-04-25 13:01:27,551] {processor.py:163} INFO - Started process (PID=1840) to work on /home/airflow/.local/lib/python3.7/site-packages/airflow/example_dags/example_branch_labels.py
[2022-04-25 13:01:27,565] {processor.py:642} INFO - Processing file /home/airflow/.local/lib/python3.7/site-packages/airflow/example_dags/example_branch_labels.py for tasks to queue
[2022-04-25 13:01:27,568] {logging_mixin.py:109} INFO - [2022-04-25 13:01:27,567] {dagbag.py:500} INFO - Filling up the DagBag from /home/airflow/.local/lib/python3.7/site-packages/airflow/example_dags/example_branch_labels.py
[2022-04-25 13:01:27,641] {processor.py:652} INFO - DAG(s) dict_keys(['example_branch_labels']) retrieved from /home/airflow/.local/lib/python3.7/site-packages/airflow/example_dags/example_branch_labels.py
[2022-04-25 13:01:27,672] {logging_mixin.py:109} INFO - [2022-04-25 13:01:27,672] {dag.py:2398} INFO - Sync 1 DAGs
[2022-04-25 13:01:27,698] {logging_mixin.py:109} INFO - [2022-04-25 13:01:27,698] {dag.py:2937} INFO - Setting next_dagrun for example_branch_labels to 2022-04-24 00:00:00+00:00
[2022-04-25 13:01:27,721] {processor.py:171} INFO - Processing /home/airflow/.local/lib/python3.7/site-packages/airflow/example_dags/example_branch_labels.py took 0.200 seconds
[2022-04-25 13:01:57,993] {processor.py:163} INFO - Started process (PID=1901) to work on /home/airflow/.local/lib/python3.7/site-packages/airflow/example_dags/example_branch_labels.py
[2022-04-25 13:01:57,998] {processor.py:642} INFO - Processing file /home/airflow/.local/lib/python3.7/site-packages/airflow/example_dags/example_branch_labels.py for tasks to queue
[2022-04-25 13:01:58,004] {logging_mixin.py:109} INFO - [2022-04-25 13:01:58,004] {dagbag.py:500} INFO - Filling up the DagBag from /home/airflow/.local/lib/python3.7/site-packages/airflow/example_dags/example_branch_labels.py
[2022-04-25 13:01:58,075] {processor.py:652} INFO - DAG(s) dict_keys(['example_branch_labels']) retrieved from /home/airflow/.local/lib/python3.7/site-packages/airflow/example_dags/example_branch_labels.py
[2022-04-25 13:01:58,157] {logging_mixin.py:109} INFO - [2022-04-25 13:01:58,155] {dag.py:2398} INFO - Sync 1 DAGs
[2022-04-25 13:01:58,228] {logging_mixin.py:109} INFO - [2022-04-25 13:01:58,228] {dag.py:2937} INFO - Setting next_dagrun for example_branch_labels to 2022-04-24 00:00:00+00:00
[2022-04-25 13:01:58,272] {processor.py:171} INFO - Processing /home/airflow/.local/lib/python3.7/site-packages/airflow/example_dags/example_branch_labels.py took 0.290 seconds
[2022-04-25 13:02:28,907] {processor.py:163} INFO - Started process (PID=1954) to work on /home/airflow/.local/lib/python3.7/site-packages/airflow/example_dags/example_branch_labels.py
[2022-04-25 13:02:28,918] {processor.py:642} INFO - Processing file /home/airflow/.local/lib/python3.7/site-packages/airflow/example_dags/example_branch_labels.py for tasks to queue
[2022-04-25 13:02:28,923] {logging_mixin.py:109} INFO - [2022-04-25 13:02:28,922] {dagbag.py:500} INFO - Filling up the DagBag from /home/airflow/.local/lib/python3.7/site-packages/airflow/example_dags/example_branch_labels.py
[2022-04-25 13:02:29,012] {processor.py:652} INFO - DAG(s) dict_keys(['example_branch_labels']) retrieved from /home/airflow/.local/lib/python3.7/site-packages/airflow/example_dags/example_branch_labels.py
[2022-04-25 13:02:29,094] {logging_mixin.py:109} INFO - [2022-04-25 13:02:29,093] {dag.py:2398} INFO - Sync 1 DAGs
[2022-04-25 13:02:29,174] {logging_mixin.py:109} INFO - [2022-04-25 13:02:29,174] {dag.py:2937} INFO - Setting next_dagrun for example_branch_labels to 2022-04-24 00:00:00+00:00
[2022-04-25 13:02:29,237] {processor.py:171} INFO - Processing /home/airflow/.local/lib/python3.7/site-packages/airflow/example_dags/example_branch_labels.py took 0.362 seconds
[2022-04-25 13:11:57,492] {processor.py:163} INFO - Started process (PID=2019) to work on /home/airflow/.local/lib/python3.7/site-packages/airflow/example_dags/example_branch_labels.py
[2022-04-25 13:11:57,496] {processor.py:642} INFO - Processing file /home/airflow/.local/lib/python3.7/site-packages/airflow/example_dags/example_branch_labels.py for tasks to queue
[2022-04-25 13:11:57,499] {logging_mixin.py:109} INFO - [2022-04-25 13:11:57,498] {dagbag.py:500} INFO - Filling up the DagBag from /home/airflow/.local/lib/python3.7/site-packages/airflow/example_dags/example_branch_labels.py
[2022-04-25 13:11:57,588] {processor.py:652} INFO - DAG(s) dict_keys(['example_branch_labels']) retrieved from /home/airflow/.local/lib/python3.7/site-packages/airflow/example_dags/example_branch_labels.py
[2022-04-25 13:11:57,686] {logging_mixin.py:109} INFO - [2022-04-25 13:11:57,686] {dag.py:2398} INFO - Sync 1 DAGs
[2022-04-25 13:11:57,780] {logging_mixin.py:109} INFO - [2022-04-25 13:11:57,780] {dag.py:2937} INFO - Setting next_dagrun for example_branch_labels to 2022-04-24 00:00:00+00:00
[2022-04-25 13:11:57,819] {processor.py:171} INFO - Processing /home/airflow/.local/lib/python3.7/site-packages/airflow/example_dags/example_branch_labels.py took 0.339 seconds
