[2022-04-25 12:41:05,686] {processor.py:163} INFO - Started process (PID=105) to work on /home/airflow/.local/lib/python3.7/site-packages/airflow/example_dags/example_skip_dag.py
[2022-04-25 12:41:05,693] {processor.py:642} INFO - Processing file /home/airflow/.local/lib/python3.7/site-packages/airflow/example_dags/example_skip_dag.py for tasks to queue
[2022-04-25 12:41:05,696] {logging_mixin.py:109} INFO - [2022-04-25 12:41:05,695] {dagbag.py:500} INFO - Filling up the DagBag from /home/airflow/.local/lib/python3.7/site-packages/airflow/example_dags/example_skip_dag.py
[2022-04-25 12:41:05,785] {processor.py:652} INFO - DAG(s) dict_keys(['example_skip_dag']) retrieved from /home/airflow/.local/lib/python3.7/site-packages/airflow/example_dags/example_skip_dag.py
[2022-04-25 12:41:10,261] {logging_mixin.py:109} INFO - [2022-04-25 12:41:10,261] {manager.py:496} INFO - Created Permission View: can read on DAG:example_skip_dag
[2022-04-25 12:41:10,273] {logging_mixin.py:109} INFO - [2022-04-25 12:41:10,272] {manager.py:496} INFO - Created Permission View: can edit on DAG:example_skip_dag
[2022-04-25 12:41:10,274] {logging_mixin.py:109} INFO - [2022-04-25 12:41:10,274] {dag.py:2398} INFO - Sync 1 DAGs
[2022-04-25 12:41:10,302] {logging_mixin.py:109} INFO - [2022-04-25 12:41:10,301] {dag.py:2417} INFO - Creating ORM DAG for example_skip_dag
[2022-04-25 12:41:10,320] {logging_mixin.py:109} INFO - [2022-04-25 12:41:10,320] {dag.py:2937} INFO - Setting next_dagrun for example_skip_dag to 2022-04-24T12:41:10.319856+00:00
[2022-04-25 12:41:10,364] {processor.py:171} INFO - Processing /home/airflow/.local/lib/python3.7/site-packages/airflow/example_dags/example_skip_dag.py took 4.683 seconds
[2022-04-25 12:42:32,023] {processor.py:163} INFO - Started process (PID=242) to work on /home/airflow/.local/lib/python3.7/site-packages/airflow/example_dags/example_skip_dag.py
[2022-04-25 12:42:32,029] {processor.py:642} INFO - Processing file /home/airflow/.local/lib/python3.7/site-packages/airflow/example_dags/example_skip_dag.py for tasks to queue
[2022-04-25 12:42:32,033] {logging_mixin.py:109} INFO - [2022-04-25 12:42:32,032] {dagbag.py:500} INFO - Filling up the DagBag from /home/airflow/.local/lib/python3.7/site-packages/airflow/example_dags/example_skip_dag.py
[2022-04-25 12:42:32,084] {processor.py:652} INFO - DAG(s) dict_keys(['example_skip_dag']) retrieved from /home/airflow/.local/lib/python3.7/site-packages/airflow/example_dags/example_skip_dag.py
[2022-04-25 12:42:32,126] {logging_mixin.py:109} INFO - [2022-04-25 12:42:32,126] {dag.py:2398} INFO - Sync 1 DAGs
[2022-04-25 12:42:32,196] {logging_mixin.py:109} INFO - [2022-04-25 12:42:32,196] {dag.py:2937} INFO - Setting next_dagrun for example_skip_dag to 2022-04-24T12:42:32.195256+00:00
[2022-04-25 12:42:32,235] {processor.py:171} INFO - Processing /home/airflow/.local/lib/python3.7/site-packages/airflow/example_dags/example_skip_dag.py took 0.217 seconds
[2022-04-25 12:43:02,715] {processor.py:163} INFO - Started process (PID=295) to work on /home/airflow/.local/lib/python3.7/site-packages/airflow/example_dags/example_skip_dag.py
[2022-04-25 12:43:02,719] {processor.py:642} INFO - Processing file /home/airflow/.local/lib/python3.7/site-packages/airflow/example_dags/example_skip_dag.py for tasks to queue
[2022-04-25 12:43:02,722] {logging_mixin.py:109} INFO - [2022-04-25 12:43:02,722] {dagbag.py:500} INFO - Filling up the DagBag from /home/airflow/.local/lib/python3.7/site-packages/airflow/example_dags/example_skip_dag.py
[2022-04-25 12:43:02,761] {processor.py:652} INFO - DAG(s) dict_keys(['example_skip_dag']) retrieved from /home/airflow/.local/lib/python3.7/site-packages/airflow/example_dags/example_skip_dag.py
[2022-04-25 12:43:02,819] {logging_mixin.py:109} INFO - [2022-04-25 12:43:02,818] {dag.py:2398} INFO - Sync 1 DAGs
[2022-04-25 12:43:02,842] {logging_mixin.py:109} INFO - [2022-04-25 12:43:02,842] {dag.py:2937} INFO - Setting next_dagrun for example_skip_dag to 2022-04-24T12:43:02.841799+00:00
[2022-04-25 12:43:02,859] {processor.py:171} INFO - Processing /home/airflow/.local/lib/python3.7/site-packages/airflow/example_dags/example_skip_dag.py took 0.149 seconds
[2022-04-25 12:43:33,150] {processor.py:163} INFO - Started process (PID=347) to work on /home/airflow/.local/lib/python3.7/site-packages/airflow/example_dags/example_skip_dag.py
[2022-04-25 12:43:33,154] {processor.py:642} INFO - Processing file /home/airflow/.local/lib/python3.7/site-packages/airflow/example_dags/example_skip_dag.py for tasks to queue
[2022-04-25 12:43:33,157] {logging_mixin.py:109} INFO - [2022-04-25 12:43:33,156] {dagbag.py:500} INFO - Filling up the DagBag from /home/airflow/.local/lib/python3.7/site-packages/airflow/example_dags/example_skip_dag.py
[2022-04-25 12:43:33,185] {processor.py:652} INFO - DAG(s) dict_keys(['example_skip_dag']) retrieved from /home/airflow/.local/lib/python3.7/site-packages/airflow/example_dags/example_skip_dag.py
[2022-04-25 12:43:33,219] {logging_mixin.py:109} INFO - [2022-04-25 12:43:33,219] {dag.py:2398} INFO - Sync 1 DAGs
[2022-04-25 12:43:33,243] {logging_mixin.py:109} INFO - [2022-04-25 12:43:33,243] {dag.py:2937} INFO - Setting next_dagrun for example_skip_dag to 2022-04-24T12:43:33.242565+00:00
[2022-04-25 12:43:33,258] {processor.py:171} INFO - Processing /home/airflow/.local/lib/python3.7/site-packages/airflow/example_dags/example_skip_dag.py took 0.118 seconds
[2022-04-25 12:44:03,479] {processor.py:163} INFO - Started process (PID=399) to work on /home/airflow/.local/lib/python3.7/site-packages/airflow/example_dags/example_skip_dag.py
[2022-04-25 12:44:03,485] {processor.py:642} INFO - Processing file /home/airflow/.local/lib/python3.7/site-packages/airflow/example_dags/example_skip_dag.py for tasks to queue
[2022-04-25 12:44:03,488] {logging_mixin.py:109} INFO - [2022-04-25 12:44:03,488] {dagbag.py:500} INFO - Filling up the DagBag from /home/airflow/.local/lib/python3.7/site-packages/airflow/example_dags/example_skip_dag.py
[2022-04-25 12:44:03,528] {processor.py:652} INFO - DAG(s) dict_keys(['example_skip_dag']) retrieved from /home/airflow/.local/lib/python3.7/site-packages/airflow/example_dags/example_skip_dag.py
[2022-04-25 12:44:03,567] {logging_mixin.py:109} INFO - [2022-04-25 12:44:03,567] {dag.py:2398} INFO - Sync 1 DAGs
[2022-04-25 12:44:03,595] {logging_mixin.py:109} INFO - [2022-04-25 12:44:03,594] {dag.py:2937} INFO - Setting next_dagrun for example_skip_dag to 2022-04-24T12:44:03.594408+00:00
[2022-04-25 12:44:03,613] {processor.py:171} INFO - Processing /home/airflow/.local/lib/python3.7/site-packages/airflow/example_dags/example_skip_dag.py took 0.142 seconds
[2022-04-25 12:44:33,696] {processor.py:163} INFO - Started process (PID=451) to work on /home/airflow/.local/lib/python3.7/site-packages/airflow/example_dags/example_skip_dag.py
[2022-04-25 12:44:33,703] {processor.py:642} INFO - Processing file /home/airflow/.local/lib/python3.7/site-packages/airflow/example_dags/example_skip_dag.py for tasks to queue
[2022-04-25 12:44:33,707] {logging_mixin.py:109} INFO - [2022-04-25 12:44:33,707] {dagbag.py:500} INFO - Filling up the DagBag from /home/airflow/.local/lib/python3.7/site-packages/airflow/example_dags/example_skip_dag.py
[2022-04-25 12:44:33,759] {processor.py:652} INFO - DAG(s) dict_keys(['example_skip_dag']) retrieved from /home/airflow/.local/lib/python3.7/site-packages/airflow/example_dags/example_skip_dag.py
[2022-04-25 12:44:33,818] {logging_mixin.py:109} INFO - [2022-04-25 12:44:33,818] {dag.py:2398} INFO - Sync 1 DAGs
[2022-04-25 12:44:33,872] {logging_mixin.py:109} INFO - [2022-04-25 12:44:33,872] {dag.py:2937} INFO - Setting next_dagrun for example_skip_dag to 2022-04-24T12:44:33.872342+00:00
[2022-04-25 12:44:33,917] {processor.py:171} INFO - Processing /home/airflow/.local/lib/python3.7/site-packages/airflow/example_dags/example_skip_dag.py took 0.243 seconds
[2022-04-25 12:45:04,463] {processor.py:163} INFO - Started process (PID=502) to work on /home/airflow/.local/lib/python3.7/site-packages/airflow/example_dags/example_skip_dag.py
[2022-04-25 12:45:04,468] {processor.py:642} INFO - Processing file /home/airflow/.local/lib/python3.7/site-packages/airflow/example_dags/example_skip_dag.py for tasks to queue
[2022-04-25 12:45:04,472] {logging_mixin.py:109} INFO - [2022-04-25 12:45:04,472] {dagbag.py:500} INFO - Filling up the DagBag from /home/airflow/.local/lib/python3.7/site-packages/airflow/example_dags/example_skip_dag.py
[2022-04-25 12:45:04,512] {processor.py:652} INFO - DAG(s) dict_keys(['example_skip_dag']) retrieved from /home/airflow/.local/lib/python3.7/site-packages/airflow/example_dags/example_skip_dag.py
[2022-04-25 12:45:04,556] {logging_mixin.py:109} INFO - [2022-04-25 12:45:04,556] {dag.py:2398} INFO - Sync 1 DAGs
[2022-04-25 12:45:04,579] {logging_mixin.py:109} INFO - [2022-04-25 12:45:04,579] {dag.py:2937} INFO - Setting next_dagrun for example_skip_dag to 2022-04-24T12:45:04.579058+00:00
[2022-04-25 12:45:04,598] {processor.py:171} INFO - Processing /home/airflow/.local/lib/python3.7/site-packages/airflow/example_dags/example_skip_dag.py took 0.143 seconds
[2022-04-25 12:45:35,017] {processor.py:163} INFO - Started process (PID=555) to work on /home/airflow/.local/lib/python3.7/site-packages/airflow/example_dags/example_skip_dag.py
[2022-04-25 12:45:35,021] {processor.py:642} INFO - Processing file /home/airflow/.local/lib/python3.7/site-packages/airflow/example_dags/example_skip_dag.py for tasks to queue
[2022-04-25 12:45:35,025] {logging_mixin.py:109} INFO - [2022-04-25 12:45:35,024] {dagbag.py:500} INFO - Filling up the DagBag from /home/airflow/.local/lib/python3.7/site-packages/airflow/example_dags/example_skip_dag.py
[2022-04-25 12:45:35,062] {processor.py:652} INFO - DAG(s) dict_keys(['example_skip_dag']) retrieved from /home/airflow/.local/lib/python3.7/site-packages/airflow/example_dags/example_skip_dag.py
[2022-04-25 12:45:35,097] {logging_mixin.py:109} INFO - [2022-04-25 12:45:35,096] {dag.py:2398} INFO - Sync 1 DAGs
[2022-04-25 12:45:35,121] {logging_mixin.py:109} INFO - [2022-04-25 12:45:35,121] {dag.py:2937} INFO - Setting next_dagrun for example_skip_dag to 2022-04-24T12:45:35.121116+00:00
[2022-04-25 12:45:35,136] {processor.py:171} INFO - Processing /home/airflow/.local/lib/python3.7/site-packages/airflow/example_dags/example_skip_dag.py took 0.132 seconds
[2022-04-25 12:46:05,871] {processor.py:163} INFO - Started process (PID=608) to work on /home/airflow/.local/lib/python3.7/site-packages/airflow/example_dags/example_skip_dag.py
[2022-04-25 12:46:05,876] {processor.py:642} INFO - Processing file /home/airflow/.local/lib/python3.7/site-packages/airflow/example_dags/example_skip_dag.py for tasks to queue
[2022-04-25 12:46:05,880] {logging_mixin.py:109} INFO - [2022-04-25 12:46:05,879] {dagbag.py:500} INFO - Filling up the DagBag from /home/airflow/.local/lib/python3.7/site-packages/airflow/example_dags/example_skip_dag.py
[2022-04-25 12:46:05,942] {processor.py:652} INFO - DAG(s) dict_keys(['example_skip_dag']) retrieved from /home/airflow/.local/lib/python3.7/site-packages/airflow/example_dags/example_skip_dag.py
[2022-04-25 12:46:05,982] {logging_mixin.py:109} INFO - [2022-04-25 12:46:05,982] {dag.py:2398} INFO - Sync 1 DAGs
[2022-04-25 12:46:06,007] {logging_mixin.py:109} INFO - [2022-04-25 12:46:06,007] {dag.py:2937} INFO - Setting next_dagrun for example_skip_dag to 2022-04-24T12:46:06.007254+00:00
[2022-04-25 12:46:06,026] {processor.py:171} INFO - Processing /home/airflow/.local/lib/python3.7/site-packages/airflow/example_dags/example_skip_dag.py took 0.202 seconds
[2022-04-25 12:46:36,400] {processor.py:163} INFO - Started process (PID=657) to work on /home/airflow/.local/lib/python3.7/site-packages/airflow/example_dags/example_skip_dag.py
[2022-04-25 12:46:36,417] {processor.py:642} INFO - Processing file /home/airflow/.local/lib/python3.7/site-packages/airflow/example_dags/example_skip_dag.py for tasks to queue
[2022-04-25 12:46:36,425] {logging_mixin.py:109} INFO - [2022-04-25 12:46:36,425] {dagbag.py:500} INFO - Filling up the DagBag from /home/airflow/.local/lib/python3.7/site-packages/airflow/example_dags/example_skip_dag.py
[2022-04-25 12:46:36,694] {processor.py:652} INFO - DAG(s) dict_keys(['example_skip_dag']) retrieved from /home/airflow/.local/lib/python3.7/site-packages/airflow/example_dags/example_skip_dag.py
[2022-04-25 12:46:36,863] {logging_mixin.py:109} INFO - [2022-04-25 12:46:36,863] {dag.py:2398} INFO - Sync 1 DAGs
[2022-04-25 12:46:36,999] {logging_mixin.py:109} INFO - [2022-04-25 12:46:36,998] {dag.py:2937} INFO - Setting next_dagrun for example_skip_dag to 2022-04-24T12:46:36.998285+00:00
[2022-04-25 12:46:37,030] {processor.py:171} INFO - Processing /home/airflow/.local/lib/python3.7/site-packages/airflow/example_dags/example_skip_dag.py took 0.646 seconds
[2022-04-25 12:47:07,525] {processor.py:163} INFO - Started process (PID=714) to work on /home/airflow/.local/lib/python3.7/site-packages/airflow/example_dags/example_skip_dag.py
[2022-04-25 12:47:07,534] {processor.py:642} INFO - Processing file /home/airflow/.local/lib/python3.7/site-packages/airflow/example_dags/example_skip_dag.py for tasks to queue
[2022-04-25 12:47:07,540] {logging_mixin.py:109} INFO - [2022-04-25 12:47:07,540] {dagbag.py:500} INFO - Filling up the DagBag from /home/airflow/.local/lib/python3.7/site-packages/airflow/example_dags/example_skip_dag.py
[2022-04-25 12:47:07,710] {processor.py:652} INFO - DAG(s) dict_keys(['example_skip_dag']) retrieved from /home/airflow/.local/lib/python3.7/site-packages/airflow/example_dags/example_skip_dag.py
[2022-04-25 12:47:07,835] {logging_mixin.py:109} INFO - [2022-04-25 12:47:07,835] {dag.py:2398} INFO - Sync 1 DAGs
[2022-04-25 12:47:07,918] {logging_mixin.py:109} INFO - [2022-04-25 12:47:07,918] {dag.py:2937} INFO - Setting next_dagrun for example_skip_dag to 2022-04-24T12:47:07.917593+00:00
[2022-04-25 12:47:07,961] {processor.py:171} INFO - Processing /home/airflow/.local/lib/python3.7/site-packages/airflow/example_dags/example_skip_dag.py took 0.474 seconds
[2022-04-25 12:47:38,323] {processor.py:163} INFO - Started process (PID=763) to work on /home/airflow/.local/lib/python3.7/site-packages/airflow/example_dags/example_skip_dag.py
[2022-04-25 12:47:38,340] {processor.py:642} INFO - Processing file /home/airflow/.local/lib/python3.7/site-packages/airflow/example_dags/example_skip_dag.py for tasks to queue
[2022-04-25 12:47:38,345] {logging_mixin.py:109} INFO - [2022-04-25 12:47:38,344] {dagbag.py:500} INFO - Filling up the DagBag from /home/airflow/.local/lib/python3.7/site-packages/airflow/example_dags/example_skip_dag.py
[2022-04-25 12:47:38,443] {processor.py:652} INFO - DAG(s) dict_keys(['example_skip_dag']) retrieved from /home/airflow/.local/lib/python3.7/site-packages/airflow/example_dags/example_skip_dag.py
[2022-04-25 12:47:38,577] {logging_mixin.py:109} INFO - [2022-04-25 12:47:38,576] {dag.py:2398} INFO - Sync 1 DAGs
[2022-04-25 12:47:38,690] {logging_mixin.py:109} INFO - [2022-04-25 12:47:38,690] {dag.py:2937} INFO - Setting next_dagrun for example_skip_dag to 2022-04-24T12:47:38.689807+00:00
[2022-04-25 12:47:38,743] {processor.py:171} INFO - Processing /home/airflow/.local/lib/python3.7/site-packages/airflow/example_dags/example_skip_dag.py took 0.445 seconds
[2022-04-25 12:48:09,817] {processor.py:163} INFO - Started process (PID=816) to work on /home/airflow/.local/lib/python3.7/site-packages/airflow/example_dags/example_skip_dag.py
[2022-04-25 12:48:09,832] {processor.py:642} INFO - Processing file /home/airflow/.local/lib/python3.7/site-packages/airflow/example_dags/example_skip_dag.py for tasks to queue
[2022-04-25 12:48:09,839] {logging_mixin.py:109} INFO - [2022-04-25 12:48:09,839] {dagbag.py:500} INFO - Filling up the DagBag from /home/airflow/.local/lib/python3.7/site-packages/airflow/example_dags/example_skip_dag.py
[2022-04-25 12:48:09,952] {processor.py:652} INFO - DAG(s) dict_keys(['example_skip_dag']) retrieved from /home/airflow/.local/lib/python3.7/site-packages/airflow/example_dags/example_skip_dag.py
[2022-04-25 12:48:10,059] {logging_mixin.py:109} INFO - [2022-04-25 12:48:10,059] {dag.py:2398} INFO - Sync 1 DAGs
[2022-04-25 12:48:10,148] {logging_mixin.py:109} INFO - [2022-04-25 12:48:10,148] {dag.py:2937} INFO - Setting next_dagrun for example_skip_dag to 2022-04-24T12:48:10.147745+00:00
[2022-04-25 12:48:10,213] {processor.py:171} INFO - Processing /home/airflow/.local/lib/python3.7/site-packages/airflow/example_dags/example_skip_dag.py took 0.421 seconds
[2022-04-25 12:48:40,407] {processor.py:163} INFO - Started process (PID=867) to work on /home/airflow/.local/lib/python3.7/site-packages/airflow/example_dags/example_skip_dag.py
[2022-04-25 12:48:40,420] {processor.py:642} INFO - Processing file /home/airflow/.local/lib/python3.7/site-packages/airflow/example_dags/example_skip_dag.py for tasks to queue
[2022-04-25 12:48:40,423] {logging_mixin.py:109} INFO - [2022-04-25 12:48:40,423] {dagbag.py:500} INFO - Filling up the DagBag from /home/airflow/.local/lib/python3.7/site-packages/airflow/example_dags/example_skip_dag.py
[2022-04-25 12:48:40,540] {processor.py:652} INFO - DAG(s) dict_keys(['example_skip_dag']) retrieved from /home/airflow/.local/lib/python3.7/site-packages/airflow/example_dags/example_skip_dag.py
[2022-04-25 12:48:40,642] {logging_mixin.py:109} INFO - [2022-04-25 12:48:40,642] {dag.py:2398} INFO - Sync 1 DAGs
[2022-04-25 12:48:40,715] {logging_mixin.py:109} INFO - [2022-04-25 12:48:40,715] {dag.py:2937} INFO - Setting next_dagrun for example_skip_dag to 2022-04-24T12:48:40.715317+00:00
[2022-04-25 12:48:40,779] {processor.py:171} INFO - Processing /home/airflow/.local/lib/python3.7/site-packages/airflow/example_dags/example_skip_dag.py took 0.395 seconds
[2022-04-25 12:52:29,242] {processor.py:163} INFO - Started process (PID=918) to work on /home/airflow/.local/lib/python3.7/site-packages/airflow/example_dags/example_skip_dag.py
[2022-04-25 12:52:29,255] {processor.py:642} INFO - Processing file /home/airflow/.local/lib/python3.7/site-packages/airflow/example_dags/example_skip_dag.py for tasks to queue
[2022-04-25 12:52:29,268] {logging_mixin.py:109} INFO - [2022-04-25 12:52:29,266] {dagbag.py:500} INFO - Filling up the DagBag from /home/airflow/.local/lib/python3.7/site-packages/airflow/example_dags/example_skip_dag.py
[2022-04-25 12:52:29,437] {processor.py:652} INFO - DAG(s) dict_keys(['example_skip_dag']) retrieved from /home/airflow/.local/lib/python3.7/site-packages/airflow/example_dags/example_skip_dag.py
[2022-04-25 12:52:29,626] {logging_mixin.py:109} INFO - [2022-04-25 12:52:29,626] {dag.py:2398} INFO - Sync 1 DAGs
[2022-04-25 12:52:29,814] {logging_mixin.py:109} INFO - [2022-04-25 12:52:29,814] {dag.py:2937} INFO - Setting next_dagrun for example_skip_dag to 2022-04-24T12:52:29.801980+00:00
[2022-04-25 12:52:29,929] {processor.py:171} INFO - Processing /home/airflow/.local/lib/python3.7/site-packages/airflow/example_dags/example_skip_dag.py took 0.719 seconds
[2022-04-25 12:53:00,543] {processor.py:163} INFO - Started process (PID=970) to work on /home/airflow/.local/lib/python3.7/site-packages/airflow/example_dags/example_skip_dag.py
[2022-04-25 12:53:00,547] {processor.py:642} INFO - Processing file /home/airflow/.local/lib/python3.7/site-packages/airflow/example_dags/example_skip_dag.py for tasks to queue
[2022-04-25 12:53:00,550] {logging_mixin.py:109} INFO - [2022-04-25 12:53:00,550] {dagbag.py:500} INFO - Filling up the DagBag from /home/airflow/.local/lib/python3.7/site-packages/airflow/example_dags/example_skip_dag.py
[2022-04-25 12:53:00,613] {processor.py:652} INFO - DAG(s) dict_keys(['example_skip_dag']) retrieved from /home/airflow/.local/lib/python3.7/site-packages/airflow/example_dags/example_skip_dag.py
[2022-04-25 12:53:00,653] {logging_mixin.py:109} INFO - [2022-04-25 12:53:00,653] {dag.py:2398} INFO - Sync 1 DAGs
[2022-04-25 12:53:00,692] {logging_mixin.py:109} INFO - [2022-04-25 12:53:00,692] {dag.py:2937} INFO - Setting next_dagrun for example_skip_dag to 2022-04-24T12:53:00.691967+00:00
[2022-04-25 12:53:00,739] {processor.py:171} INFO - Processing /home/airflow/.local/lib/python3.7/site-packages/airflow/example_dags/example_skip_dag.py took 0.211 seconds
[2022-04-25 12:53:31,152] {processor.py:163} INFO - Started process (PID=1020) to work on /home/airflow/.local/lib/python3.7/site-packages/airflow/example_dags/example_skip_dag.py
[2022-04-25 12:53:31,161] {processor.py:642} INFO - Processing file /home/airflow/.local/lib/python3.7/site-packages/airflow/example_dags/example_skip_dag.py for tasks to queue
[2022-04-25 12:53:31,164] {logging_mixin.py:109} INFO - [2022-04-25 12:53:31,163] {dagbag.py:500} INFO - Filling up the DagBag from /home/airflow/.local/lib/python3.7/site-packages/airflow/example_dags/example_skip_dag.py
[2022-04-25 12:53:31,194] {processor.py:652} INFO - DAG(s) dict_keys(['example_skip_dag']) retrieved from /home/airflow/.local/lib/python3.7/site-packages/airflow/example_dags/example_skip_dag.py
[2022-04-25 12:53:31,227] {logging_mixin.py:109} INFO - [2022-04-25 12:53:31,226] {dag.py:2398} INFO - Sync 1 DAGs
[2022-04-25 12:53:31,254] {logging_mixin.py:109} INFO - [2022-04-25 12:53:31,254] {dag.py:2937} INFO - Setting next_dagrun for example_skip_dag to 2022-04-24T12:53:31.254059+00:00
[2022-04-25 12:53:31,272] {processor.py:171} INFO - Processing /home/airflow/.local/lib/python3.7/site-packages/airflow/example_dags/example_skip_dag.py took 0.125 seconds
[2022-04-25 12:54:01,471] {processor.py:163} INFO - Started process (PID=1072) to work on /home/airflow/.local/lib/python3.7/site-packages/airflow/example_dags/example_skip_dag.py
[2022-04-25 12:54:01,477] {processor.py:642} INFO - Processing file /home/airflow/.local/lib/python3.7/site-packages/airflow/example_dags/example_skip_dag.py for tasks to queue
[2022-04-25 12:54:01,481] {logging_mixin.py:109} INFO - [2022-04-25 12:54:01,480] {dagbag.py:500} INFO - Filling up the DagBag from /home/airflow/.local/lib/python3.7/site-packages/airflow/example_dags/example_skip_dag.py
[2022-04-25 12:54:01,516] {processor.py:652} INFO - DAG(s) dict_keys(['example_skip_dag']) retrieved from /home/airflow/.local/lib/python3.7/site-packages/airflow/example_dags/example_skip_dag.py
[2022-04-25 12:54:01,572] {logging_mixin.py:109} INFO - [2022-04-25 12:54:01,572] {dag.py:2398} INFO - Sync 1 DAGs
[2022-04-25 12:54:01,606] {logging_mixin.py:109} INFO - [2022-04-25 12:54:01,606] {dag.py:2937} INFO - Setting next_dagrun for example_skip_dag to 2022-04-24T12:54:01.605609+00:00
[2022-04-25 12:54:01,623] {processor.py:171} INFO - Processing /home/airflow/.local/lib/python3.7/site-packages/airflow/example_dags/example_skip_dag.py took 0.170 seconds
[2022-04-25 12:54:31,972] {processor.py:163} INFO - Started process (PID=1121) to work on /home/airflow/.local/lib/python3.7/site-packages/airflow/example_dags/example_skip_dag.py
[2022-04-25 12:54:31,976] {processor.py:642} INFO - Processing file /home/airflow/.local/lib/python3.7/site-packages/airflow/example_dags/example_skip_dag.py for tasks to queue
[2022-04-25 12:54:31,979] {logging_mixin.py:109} INFO - [2022-04-25 12:54:31,979] {dagbag.py:500} INFO - Filling up the DagBag from /home/airflow/.local/lib/python3.7/site-packages/airflow/example_dags/example_skip_dag.py
[2022-04-25 12:54:32,012] {processor.py:652} INFO - DAG(s) dict_keys(['example_skip_dag']) retrieved from /home/airflow/.local/lib/python3.7/site-packages/airflow/example_dags/example_skip_dag.py
[2022-04-25 12:54:32,053] {logging_mixin.py:109} INFO - [2022-04-25 12:54:32,053] {dag.py:2398} INFO - Sync 1 DAGs
[2022-04-25 12:54:32,082] {logging_mixin.py:109} INFO - [2022-04-25 12:54:32,082] {dag.py:2937} INFO - Setting next_dagrun for example_skip_dag to 2022-04-24T12:54:32.081937+00:00
[2022-04-25 12:54:32,105] {processor.py:171} INFO - Processing /home/airflow/.local/lib/python3.7/site-packages/airflow/example_dags/example_skip_dag.py took 0.139 seconds
[2022-04-25 12:55:02,509] {processor.py:163} INFO - Started process (PID=1175) to work on /home/airflow/.local/lib/python3.7/site-packages/airflow/example_dags/example_skip_dag.py
[2022-04-25 12:55:02,517] {processor.py:642} INFO - Processing file /home/airflow/.local/lib/python3.7/site-packages/airflow/example_dags/example_skip_dag.py for tasks to queue
[2022-04-25 12:55:02,520] {logging_mixin.py:109} INFO - [2022-04-25 12:55:02,520] {dagbag.py:500} INFO - Filling up the DagBag from /home/airflow/.local/lib/python3.7/site-packages/airflow/example_dags/example_skip_dag.py
[2022-04-25 12:55:02,588] {processor.py:652} INFO - DAG(s) dict_keys(['example_skip_dag']) retrieved from /home/airflow/.local/lib/python3.7/site-packages/airflow/example_dags/example_skip_dag.py
[2022-04-25 12:55:02,659] {logging_mixin.py:109} INFO - [2022-04-25 12:55:02,659] {dag.py:2398} INFO - Sync 1 DAGs
[2022-04-25 12:55:02,727] {logging_mixin.py:109} INFO - [2022-04-25 12:55:02,726] {dag.py:2937} INFO - Setting next_dagrun for example_skip_dag to 2022-04-24T12:55:02.724909+00:00
[2022-04-25 12:55:02,768] {processor.py:171} INFO - Processing /home/airflow/.local/lib/python3.7/site-packages/airflow/example_dags/example_skip_dag.py took 0.275 seconds
[2022-04-25 12:55:33,164] {processor.py:163} INFO - Started process (PID=1228) to work on /home/airflow/.local/lib/python3.7/site-packages/airflow/example_dags/example_skip_dag.py
[2022-04-25 12:55:33,169] {processor.py:642} INFO - Processing file /home/airflow/.local/lib/python3.7/site-packages/airflow/example_dags/example_skip_dag.py for tasks to queue
[2022-04-25 12:55:33,172] {logging_mixin.py:109} INFO - [2022-04-25 12:55:33,171] {dagbag.py:500} INFO - Filling up the DagBag from /home/airflow/.local/lib/python3.7/site-packages/airflow/example_dags/example_skip_dag.py
[2022-04-25 12:55:33,204] {processor.py:652} INFO - DAG(s) dict_keys(['example_skip_dag']) retrieved from /home/airflow/.local/lib/python3.7/site-packages/airflow/example_dags/example_skip_dag.py
[2022-04-25 12:55:33,244] {logging_mixin.py:109} INFO - [2022-04-25 12:55:33,244] {dag.py:2398} INFO - Sync 1 DAGs
[2022-04-25 12:55:33,291] {logging_mixin.py:109} INFO - [2022-04-25 12:55:33,290] {dag.py:2937} INFO - Setting next_dagrun for example_skip_dag to 2022-04-24T12:55:33.290492+00:00
[2022-04-25 12:55:33,313] {processor.py:171} INFO - Processing /home/airflow/.local/lib/python3.7/site-packages/airflow/example_dags/example_skip_dag.py took 0.155 seconds
[2022-04-25 12:56:03,745] {processor.py:163} INFO - Started process (PID=1279) to work on /home/airflow/.local/lib/python3.7/site-packages/airflow/example_dags/example_skip_dag.py
[2022-04-25 12:56:03,748] {processor.py:642} INFO - Processing file /home/airflow/.local/lib/python3.7/site-packages/airflow/example_dags/example_skip_dag.py for tasks to queue
[2022-04-25 12:56:03,750] {logging_mixin.py:109} INFO - [2022-04-25 12:56:03,750] {dagbag.py:500} INFO - Filling up the DagBag from /home/airflow/.local/lib/python3.7/site-packages/airflow/example_dags/example_skip_dag.py
[2022-04-25 12:56:03,824] {processor.py:652} INFO - DAG(s) dict_keys(['example_skip_dag']) retrieved from /home/airflow/.local/lib/python3.7/site-packages/airflow/example_dags/example_skip_dag.py
[2022-04-25 12:56:03,927] {logging_mixin.py:109} INFO - [2022-04-25 12:56:03,927] {dag.py:2398} INFO - Sync 1 DAGs
[2022-04-25 12:56:03,994] {logging_mixin.py:109} INFO - [2022-04-25 12:56:03,994] {dag.py:2937} INFO - Setting next_dagrun for example_skip_dag to 2022-04-24T12:56:03.994083+00:00
[2022-04-25 12:56:04,035] {processor.py:171} INFO - Processing /home/airflow/.local/lib/python3.7/site-packages/airflow/example_dags/example_skip_dag.py took 0.297 seconds
[2022-04-25 12:56:34,848] {processor.py:163} INFO - Started process (PID=1342) to work on /home/airflow/.local/lib/python3.7/site-packages/airflow/example_dags/example_skip_dag.py
[2022-04-25 12:56:34,854] {processor.py:642} INFO - Processing file /home/airflow/.local/lib/python3.7/site-packages/airflow/example_dags/example_skip_dag.py for tasks to queue
[2022-04-25 12:56:34,857] {logging_mixin.py:109} INFO - [2022-04-25 12:56:34,857] {dagbag.py:500} INFO - Filling up the DagBag from /home/airflow/.local/lib/python3.7/site-packages/airflow/example_dags/example_skip_dag.py
[2022-04-25 12:56:34,920] {processor.py:652} INFO - DAG(s) dict_keys(['example_skip_dag']) retrieved from /home/airflow/.local/lib/python3.7/site-packages/airflow/example_dags/example_skip_dag.py
[2022-04-25 12:56:34,963] {logging_mixin.py:109} INFO - [2022-04-25 12:56:34,963] {dag.py:2398} INFO - Sync 1 DAGs
[2022-04-25 12:56:35,032] {logging_mixin.py:109} INFO - [2022-04-25 12:56:35,031] {dag.py:2937} INFO - Setting next_dagrun for example_skip_dag to 2022-04-24T12:56:35.031371+00:00
[2022-04-25 12:56:35,061] {processor.py:171} INFO - Processing /home/airflow/.local/lib/python3.7/site-packages/airflow/example_dags/example_skip_dag.py took 0.218 seconds
[2022-04-25 12:57:05,590] {processor.py:163} INFO - Started process (PID=1394) to work on /home/airflow/.local/lib/python3.7/site-packages/airflow/example_dags/example_skip_dag.py
[2022-04-25 12:57:05,594] {processor.py:642} INFO - Processing file /home/airflow/.local/lib/python3.7/site-packages/airflow/example_dags/example_skip_dag.py for tasks to queue
[2022-04-25 12:57:05,606] {logging_mixin.py:109} INFO - [2022-04-25 12:57:05,606] {dagbag.py:500} INFO - Filling up the DagBag from /home/airflow/.local/lib/python3.7/site-packages/airflow/example_dags/example_skip_dag.py
[2022-04-25 12:57:05,709] {processor.py:652} INFO - DAG(s) dict_keys(['example_skip_dag']) retrieved from /home/airflow/.local/lib/python3.7/site-packages/airflow/example_dags/example_skip_dag.py
[2022-04-25 12:57:05,803] {logging_mixin.py:109} INFO - [2022-04-25 12:57:05,803] {dag.py:2398} INFO - Sync 1 DAGs
[2022-04-25 12:57:05,887] {logging_mixin.py:109} INFO - [2022-04-25 12:57:05,886] {dag.py:2937} INFO - Setting next_dagrun for example_skip_dag to 2022-04-24T12:57:05.886469+00:00
[2022-04-25 12:57:05,932] {processor.py:171} INFO - Processing /home/airflow/.local/lib/python3.7/site-packages/airflow/example_dags/example_skip_dag.py took 0.356 seconds
[2022-04-25 12:57:36,467] {processor.py:163} INFO - Started process (PID=1447) to work on /home/airflow/.local/lib/python3.7/site-packages/airflow/example_dags/example_skip_dag.py
[2022-04-25 12:57:36,473] {processor.py:642} INFO - Processing file /home/airflow/.local/lib/python3.7/site-packages/airflow/example_dags/example_skip_dag.py for tasks to queue
[2022-04-25 12:57:36,478] {logging_mixin.py:109} INFO - [2022-04-25 12:57:36,477] {dagbag.py:500} INFO - Filling up the DagBag from /home/airflow/.local/lib/python3.7/site-packages/airflow/example_dags/example_skip_dag.py
[2022-04-25 12:57:36,537] {processor.py:652} INFO - DAG(s) dict_keys(['example_skip_dag']) retrieved from /home/airflow/.local/lib/python3.7/site-packages/airflow/example_dags/example_skip_dag.py
[2022-04-25 12:57:36,601] {logging_mixin.py:109} INFO - [2022-04-25 12:57:36,600] {dag.py:2398} INFO - Sync 1 DAGs
[2022-04-25 12:57:36,649] {logging_mixin.py:109} INFO - [2022-04-25 12:57:36,648] {dag.py:2937} INFO - Setting next_dagrun for example_skip_dag to 2022-04-24T12:57:36.648471+00:00
[2022-04-25 12:57:36,681] {processor.py:171} INFO - Processing /home/airflow/.local/lib/python3.7/site-packages/airflow/example_dags/example_skip_dag.py took 0.238 seconds
[2022-04-25 12:58:06,935] {processor.py:163} INFO - Started process (PID=1507) to work on /home/airflow/.local/lib/python3.7/site-packages/airflow/example_dags/example_skip_dag.py
[2022-04-25 12:58:06,946] {processor.py:642} INFO - Processing file /home/airflow/.local/lib/python3.7/site-packages/airflow/example_dags/example_skip_dag.py for tasks to queue
[2022-04-25 12:58:06,955] {logging_mixin.py:109} INFO - [2022-04-25 12:58:06,955] {dagbag.py:500} INFO - Filling up the DagBag from /home/airflow/.local/lib/python3.7/site-packages/airflow/example_dags/example_skip_dag.py
[2022-04-25 12:58:07,089] {processor.py:652} INFO - DAG(s) dict_keys(['example_skip_dag']) retrieved from /home/airflow/.local/lib/python3.7/site-packages/airflow/example_dags/example_skip_dag.py
[2022-04-25 12:58:07,214] {logging_mixin.py:109} INFO - [2022-04-25 12:58:07,213] {dag.py:2398} INFO - Sync 1 DAGs
[2022-04-25 12:58:07,352] {logging_mixin.py:109} INFO - [2022-04-25 12:58:07,352] {dag.py:2937} INFO - Setting next_dagrun for example_skip_dag to 2022-04-24T12:58:07.344305+00:00
[2022-04-25 12:58:07,444] {processor.py:171} INFO - Processing /home/airflow/.local/lib/python3.7/site-packages/airflow/example_dags/example_skip_dag.py took 0.525 seconds
[2022-04-25 12:58:38,406] {processor.py:163} INFO - Started process (PID=1556) to work on /home/airflow/.local/lib/python3.7/site-packages/airflow/example_dags/example_skip_dag.py
[2022-04-25 12:58:38,419] {processor.py:642} INFO - Processing file /home/airflow/.local/lib/python3.7/site-packages/airflow/example_dags/example_skip_dag.py for tasks to queue
[2022-04-25 12:58:38,425] {logging_mixin.py:109} INFO - [2022-04-25 12:58:38,424] {dagbag.py:500} INFO - Filling up the DagBag from /home/airflow/.local/lib/python3.7/site-packages/airflow/example_dags/example_skip_dag.py
[2022-04-25 12:58:38,550] {processor.py:652} INFO - DAG(s) dict_keys(['example_skip_dag']) retrieved from /home/airflow/.local/lib/python3.7/site-packages/airflow/example_dags/example_skip_dag.py
[2022-04-25 12:58:38,676] {logging_mixin.py:109} INFO - [2022-04-25 12:58:38,676] {dag.py:2398} INFO - Sync 1 DAGs
[2022-04-25 12:58:38,800] {logging_mixin.py:109} INFO - [2022-04-25 12:58:38,800] {dag.py:2937} INFO - Setting next_dagrun for example_skip_dag to 2022-04-24T12:58:38.798380+00:00
[2022-04-25 12:58:38,849] {processor.py:171} INFO - Processing /home/airflow/.local/lib/python3.7/site-packages/airflow/example_dags/example_skip_dag.py took 0.473 seconds
[2022-04-25 12:59:09,194] {processor.py:163} INFO - Started process (PID=1606) to work on /home/airflow/.local/lib/python3.7/site-packages/airflow/example_dags/example_skip_dag.py
[2022-04-25 12:59:09,205] {processor.py:642} INFO - Processing file /home/airflow/.local/lib/python3.7/site-packages/airflow/example_dags/example_skip_dag.py for tasks to queue
[2022-04-25 12:59:09,207] {logging_mixin.py:109} INFO - [2022-04-25 12:59:09,207] {dagbag.py:500} INFO - Filling up the DagBag from /home/airflow/.local/lib/python3.7/site-packages/airflow/example_dags/example_skip_dag.py
[2022-04-25 12:59:09,272] {processor.py:652} INFO - DAG(s) dict_keys(['example_skip_dag']) retrieved from /home/airflow/.local/lib/python3.7/site-packages/airflow/example_dags/example_skip_dag.py
[2022-04-25 12:59:09,362] {logging_mixin.py:109} INFO - [2022-04-25 12:59:09,362] {dag.py:2398} INFO - Sync 1 DAGs
[2022-04-25 12:59:09,482] {logging_mixin.py:109} INFO - [2022-04-25 12:59:09,482] {dag.py:2937} INFO - Setting next_dagrun for example_skip_dag to 2022-04-24T12:59:09.481822+00:00
[2022-04-25 12:59:09,517] {processor.py:171} INFO - Processing /home/airflow/.local/lib/python3.7/site-packages/airflow/example_dags/example_skip_dag.py took 0.329 seconds
[2022-04-25 12:59:39,700] {processor.py:163} INFO - Started process (PID=1661) to work on /home/airflow/.local/lib/python3.7/site-packages/airflow/example_dags/example_skip_dag.py
[2022-04-25 12:59:39,713] {processor.py:642} INFO - Processing file /home/airflow/.local/lib/python3.7/site-packages/airflow/example_dags/example_skip_dag.py for tasks to queue
[2022-04-25 12:59:39,733] {logging_mixin.py:109} INFO - [2022-04-25 12:59:39,733] {dagbag.py:500} INFO - Filling up the DagBag from /home/airflow/.local/lib/python3.7/site-packages/airflow/example_dags/example_skip_dag.py
[2022-04-25 12:59:39,768] {processor.py:652} INFO - DAG(s) dict_keys(['example_skip_dag']) retrieved from /home/airflow/.local/lib/python3.7/site-packages/airflow/example_dags/example_skip_dag.py
[2022-04-25 12:59:39,865] {logging_mixin.py:109} INFO - [2022-04-25 12:59:39,864] {dag.py:2398} INFO - Sync 1 DAGs
[2022-04-25 12:59:39,911] {logging_mixin.py:109} INFO - [2022-04-25 12:59:39,910] {dag.py:2937} INFO - Setting next_dagrun for example_skip_dag to 2022-04-24T12:59:39.910576+00:00
[2022-04-25 12:59:39,938] {processor.py:171} INFO - Processing /home/airflow/.local/lib/python3.7/site-packages/airflow/example_dags/example_skip_dag.py took 0.252 seconds
[2022-04-25 13:00:10,268] {processor.py:163} INFO - Started process (PID=1714) to work on /home/airflow/.local/lib/python3.7/site-packages/airflow/example_dags/example_skip_dag.py
[2022-04-25 13:00:10,273] {processor.py:642} INFO - Processing file /home/airflow/.local/lib/python3.7/site-packages/airflow/example_dags/example_skip_dag.py for tasks to queue
[2022-04-25 13:00:10,280] {logging_mixin.py:109} INFO - [2022-04-25 13:00:10,280] {dagbag.py:500} INFO - Filling up the DagBag from /home/airflow/.local/lib/python3.7/site-packages/airflow/example_dags/example_skip_dag.py
[2022-04-25 13:00:10,322] {processor.py:652} INFO - DAG(s) dict_keys(['example_skip_dag']) retrieved from /home/airflow/.local/lib/python3.7/site-packages/airflow/example_dags/example_skip_dag.py
[2022-04-25 13:00:10,381] {logging_mixin.py:109} INFO - [2022-04-25 13:00:10,380] {dag.py:2398} INFO - Sync 1 DAGs
[2022-04-25 13:00:10,492] {logging_mixin.py:109} INFO - [2022-04-25 13:00:10,491] {dag.py:2937} INFO - Setting next_dagrun for example_skip_dag to 2022-04-24T13:00:10.491098+00:00
[2022-04-25 13:00:10,529] {processor.py:171} INFO - Processing /home/airflow/.local/lib/python3.7/site-packages/airflow/example_dags/example_skip_dag.py took 0.272 seconds
[2022-04-25 13:00:40,866] {processor.py:163} INFO - Started process (PID=1765) to work on /home/airflow/.local/lib/python3.7/site-packages/airflow/example_dags/example_skip_dag.py
[2022-04-25 13:00:40,870] {processor.py:642} INFO - Processing file /home/airflow/.local/lib/python3.7/site-packages/airflow/example_dags/example_skip_dag.py for tasks to queue
[2022-04-25 13:00:40,875] {logging_mixin.py:109} INFO - [2022-04-25 13:00:40,875] {dagbag.py:500} INFO - Filling up the DagBag from /home/airflow/.local/lib/python3.7/site-packages/airflow/example_dags/example_skip_dag.py
[2022-04-25 13:00:40,924] {processor.py:652} INFO - DAG(s) dict_keys(['example_skip_dag']) retrieved from /home/airflow/.local/lib/python3.7/site-packages/airflow/example_dags/example_skip_dag.py
[2022-04-25 13:00:40,973] {logging_mixin.py:109} INFO - [2022-04-25 13:00:40,973] {dag.py:2398} INFO - Sync 1 DAGs
[2022-04-25 13:00:41,029] {logging_mixin.py:109} INFO - [2022-04-25 13:00:41,028] {dag.py:2937} INFO - Setting next_dagrun for example_skip_dag to 2022-04-24T13:00:41.027899+00:00
[2022-04-25 13:00:41,058] {processor.py:171} INFO - Processing /home/airflow/.local/lib/python3.7/site-packages/airflow/example_dags/example_skip_dag.py took 0.203 seconds
[2022-04-25 13:01:11,707] {processor.py:163} INFO - Started process (PID=1814) to work on /home/airflow/.local/lib/python3.7/site-packages/airflow/example_dags/example_skip_dag.py
[2022-04-25 13:01:11,711] {processor.py:642} INFO - Processing file /home/airflow/.local/lib/python3.7/site-packages/airflow/example_dags/example_skip_dag.py for tasks to queue
[2022-04-25 13:01:11,713] {logging_mixin.py:109} INFO - [2022-04-25 13:01:11,713] {dagbag.py:500} INFO - Filling up the DagBag from /home/airflow/.local/lib/python3.7/site-packages/airflow/example_dags/example_skip_dag.py
[2022-04-25 13:01:11,767] {processor.py:652} INFO - DAG(s) dict_keys(['example_skip_dag']) retrieved from /home/airflow/.local/lib/python3.7/site-packages/airflow/example_dags/example_skip_dag.py
[2022-04-25 13:01:11,840] {logging_mixin.py:109} INFO - [2022-04-25 13:01:11,840] {dag.py:2398} INFO - Sync 1 DAGs
[2022-04-25 13:01:11,896] {logging_mixin.py:109} INFO - [2022-04-25 13:01:11,896] {dag.py:2937} INFO - Setting next_dagrun for example_skip_dag to 2022-04-24T13:01:11.896194+00:00
[2022-04-25 13:01:11,929] {processor.py:171} INFO - Processing /home/airflow/.local/lib/python3.7/site-packages/airflow/example_dags/example_skip_dag.py took 0.235 seconds
[2022-04-25 13:01:42,555] {processor.py:163} INFO - Started process (PID=1867) to work on /home/airflow/.local/lib/python3.7/site-packages/airflow/example_dags/example_skip_dag.py
[2022-04-25 13:01:42,562] {processor.py:642} INFO - Processing file /home/airflow/.local/lib/python3.7/site-packages/airflow/example_dags/example_skip_dag.py for tasks to queue
[2022-04-25 13:01:42,567] {logging_mixin.py:109} INFO - [2022-04-25 13:01:42,566] {dagbag.py:500} INFO - Filling up the DagBag from /home/airflow/.local/lib/python3.7/site-packages/airflow/example_dags/example_skip_dag.py
[2022-04-25 13:01:42,622] {processor.py:652} INFO - DAG(s) dict_keys(['example_skip_dag']) retrieved from /home/airflow/.local/lib/python3.7/site-packages/airflow/example_dags/example_skip_dag.py
[2022-04-25 13:01:42,688] {logging_mixin.py:109} INFO - [2022-04-25 13:01:42,687] {dag.py:2398} INFO - Sync 1 DAGs
[2022-04-25 13:01:42,735] {logging_mixin.py:109} INFO - [2022-04-25 13:01:42,735] {dag.py:2937} INFO - Setting next_dagrun for example_skip_dag to 2022-04-24T13:01:42.735236+00:00
[2022-04-25 13:01:42,777] {processor.py:171} INFO - Processing /home/airflow/.local/lib/python3.7/site-packages/airflow/example_dags/example_skip_dag.py took 0.243 seconds
[2022-04-25 13:02:13,314] {processor.py:163} INFO - Started process (PID=1929) to work on /home/airflow/.local/lib/python3.7/site-packages/airflow/example_dags/example_skip_dag.py
[2022-04-25 13:02:13,328] {processor.py:642} INFO - Processing file /home/airflow/.local/lib/python3.7/site-packages/airflow/example_dags/example_skip_dag.py for tasks to queue
[2022-04-25 13:02:13,337] {logging_mixin.py:109} INFO - [2022-04-25 13:02:13,336] {dagbag.py:500} INFO - Filling up the DagBag from /home/airflow/.local/lib/python3.7/site-packages/airflow/example_dags/example_skip_dag.py
[2022-04-25 13:02:13,420] {processor.py:652} INFO - DAG(s) dict_keys(['example_skip_dag']) retrieved from /home/airflow/.local/lib/python3.7/site-packages/airflow/example_dags/example_skip_dag.py
[2022-04-25 13:02:13,487] {logging_mixin.py:109} INFO - [2022-04-25 13:02:13,487] {dag.py:2398} INFO - Sync 1 DAGs
[2022-04-25 13:02:13,554] {logging_mixin.py:109} INFO - [2022-04-25 13:02:13,554] {dag.py:2937} INFO - Setting next_dagrun for example_skip_dag to 2022-04-24T13:02:13.552025+00:00
[2022-04-25 13:02:13,596] {processor.py:171} INFO - Processing /home/airflow/.local/lib/python3.7/site-packages/airflow/example_dags/example_skip_dag.py took 0.322 seconds
[2022-04-25 13:02:44,332] {processor.py:163} INFO - Started process (PID=1980) to work on /home/airflow/.local/lib/python3.7/site-packages/airflow/example_dags/example_skip_dag.py
[2022-04-25 13:02:44,337] {processor.py:642} INFO - Processing file /home/airflow/.local/lib/python3.7/site-packages/airflow/example_dags/example_skip_dag.py for tasks to queue
[2022-04-25 13:02:44,349] {logging_mixin.py:109} INFO - [2022-04-25 13:02:44,348] {dagbag.py:500} INFO - Filling up the DagBag from /home/airflow/.local/lib/python3.7/site-packages/airflow/example_dags/example_skip_dag.py
[2022-04-25 13:02:44,427] {processor.py:652} INFO - DAG(s) dict_keys(['example_skip_dag']) retrieved from /home/airflow/.local/lib/python3.7/site-packages/airflow/example_dags/example_skip_dag.py
[2022-04-25 13:02:44,542] {logging_mixin.py:109} INFO - [2022-04-25 13:02:44,542] {dag.py:2398} INFO - Sync 1 DAGs
[2022-04-25 13:02:44,605] {logging_mixin.py:109} INFO - [2022-04-25 13:02:44,605] {dag.py:2937} INFO - Setting next_dagrun for example_skip_dag to 2022-04-24T13:02:44.603412+00:00
[2022-04-25 13:02:44,676] {processor.py:171} INFO - Processing /home/airflow/.local/lib/python3.7/site-packages/airflow/example_dags/example_skip_dag.py took 0.398 seconds
[2022-04-25 13:11:48,849] {processor.py:163} INFO - Started process (PID=2000) to work on /home/airflow/.local/lib/python3.7/site-packages/airflow/example_dags/example_skip_dag.py
[2022-04-25 13:11:48,867] {processor.py:642} INFO - Processing file /home/airflow/.local/lib/python3.7/site-packages/airflow/example_dags/example_skip_dag.py for tasks to queue
[2022-04-25 13:11:48,870] {logging_mixin.py:109} INFO - [2022-04-25 13:11:48,870] {dagbag.py:500} INFO - Filling up the DagBag from /home/airflow/.local/lib/python3.7/site-packages/airflow/example_dags/example_skip_dag.py
[2022-04-25 13:11:49,032] {processor.py:652} INFO - DAG(s) dict_keys(['example_skip_dag']) retrieved from /home/airflow/.local/lib/python3.7/site-packages/airflow/example_dags/example_skip_dag.py
[2022-04-25 13:11:49,196] {logging_mixin.py:109} INFO - [2022-04-25 13:11:49,195] {dag.py:2398} INFO - Sync 1 DAGs
[2022-04-25 13:11:49,351] {logging_mixin.py:109} INFO - [2022-04-25 13:11:49,350] {dag.py:2937} INFO - Setting next_dagrun for example_skip_dag to 2022-04-24T13:11:49.349858+00:00
[2022-04-25 13:11:49,481] {processor.py:171} INFO - Processing /home/airflow/.local/lib/python3.7/site-packages/airflow/example_dags/example_skip_dag.py took 0.667 seconds
