[2022-04-25 12:41:43,690] {processor.py:163} INFO - Started process (PID=163) to work on /home/airflow/.local/lib/python3.7/site-packages/airflow/example_dags/example_branch_python_dop_operator_3.py
[2022-04-25 12:41:43,703] {processor.py:642} INFO - Processing file /home/airflow/.local/lib/python3.7/site-packages/airflow/example_dags/example_branch_python_dop_operator_3.py for tasks to queue
[2022-04-25 12:41:43,718] {logging_mixin.py:109} INFO - [2022-04-25 12:41:43,716] {dagbag.py:500} INFO - Filling up the DagBag from /home/airflow/.local/lib/python3.7/site-packages/airflow/example_dags/example_branch_python_dop_operator_3.py
[2022-04-25 12:41:43,822] {processor.py:652} INFO - DAG(s) dict_keys(['example_branch_dop_operator_v3']) retrieved from /home/airflow/.local/lib/python3.7/site-packages/airflow/example_dags/example_branch_python_dop_operator_3.py
[2022-04-25 12:41:51,742] {logging_mixin.py:109} INFO - [2022-04-25 12:41:51,742] {manager.py:496} INFO - Created Permission View: can read on DAG:example_branch_dop_operator_v3
[2022-04-25 12:41:51,772] {logging_mixin.py:109} INFO - [2022-04-25 12:41:51,771] {manager.py:496} INFO - Created Permission View: can edit on DAG:example_branch_dop_operator_v3
[2022-04-25 12:41:51,775] {logging_mixin.py:109} INFO - [2022-04-25 12:41:51,774] {dag.py:2398} INFO - Sync 1 DAGs
[2022-04-25 12:41:51,799] {logging_mixin.py:109} INFO - [2022-04-25 12:41:51,799] {dag.py:2417} INFO - Creating ORM DAG for example_branch_dop_operator_v3
[2022-04-25 12:41:51,899] {logging_mixin.py:109} INFO - [2022-04-25 12:41:51,898] {dag.py:2937} INFO - Setting next_dagrun for example_branch_dop_operator_v3 to 2022-04-25T12:40:00+00:00
[2022-04-25 12:41:51,944] {processor.py:171} INFO - Processing /home/airflow/.local/lib/python3.7/site-packages/airflow/example_dags/example_branch_python_dop_operator_3.py took 8.290 seconds
[2022-04-25 12:42:37,171] {processor.py:163} INFO - Started process (PID=255) to work on /home/airflow/.local/lib/python3.7/site-packages/airflow/example_dags/example_branch_python_dop_operator_3.py
[2022-04-25 12:42:37,181] {processor.py:642} INFO - Processing file /home/airflow/.local/lib/python3.7/site-packages/airflow/example_dags/example_branch_python_dop_operator_3.py for tasks to queue
[2022-04-25 12:42:37,186] {logging_mixin.py:109} INFO - [2022-04-25 12:42:37,186] {dagbag.py:500} INFO - Filling up the DagBag from /home/airflow/.local/lib/python3.7/site-packages/airflow/example_dags/example_branch_python_dop_operator_3.py
[2022-04-25 12:42:37,254] {processor.py:652} INFO - DAG(s) dict_keys(['example_branch_dop_operator_v3']) retrieved from /home/airflow/.local/lib/python3.7/site-packages/airflow/example_dags/example_branch_python_dop_operator_3.py
[2022-04-25 12:42:37,333] {logging_mixin.py:109} INFO - [2022-04-25 12:42:37,332] {dag.py:2398} INFO - Sync 1 DAGs
[2022-04-25 12:42:37,447] {logging_mixin.py:109} INFO - [2022-04-25 12:42:37,447] {dag.py:2937} INFO - Setting next_dagrun for example_branch_dop_operator_v3 to 2022-04-25T12:41:00+00:00
[2022-04-25 12:42:37,507] {processor.py:171} INFO - Processing /home/airflow/.local/lib/python3.7/site-packages/airflow/example_dags/example_branch_python_dop_operator_3.py took 0.348 seconds
[2022-04-25 12:43:10,405] {processor.py:163} INFO - Started process (PID=309) to work on /home/airflow/.local/lib/python3.7/site-packages/airflow/example_dags/example_branch_python_dop_operator_3.py
[2022-04-25 12:43:10,425] {processor.py:642} INFO - Processing file /home/airflow/.local/lib/python3.7/site-packages/airflow/example_dags/example_branch_python_dop_operator_3.py for tasks to queue
[2022-04-25 12:43:10,441] {logging_mixin.py:109} INFO - [2022-04-25 12:43:10,436] {dagbag.py:500} INFO - Filling up the DagBag from /home/airflow/.local/lib/python3.7/site-packages/airflow/example_dags/example_branch_python_dop_operator_3.py
[2022-04-25 12:43:10,687] {processor.py:652} INFO - DAG(s) dict_keys(['example_branch_dop_operator_v3']) retrieved from /home/airflow/.local/lib/python3.7/site-packages/airflow/example_dags/example_branch_python_dop_operator_3.py
[2022-04-25 12:43:10,903] {logging_mixin.py:109} INFO - [2022-04-25 12:43:10,903] {dag.py:2398} INFO - Sync 1 DAGs
[2022-04-25 12:43:11,148] {logging_mixin.py:109} INFO - [2022-04-25 12:43:11,148] {dag.py:2937} INFO - Setting next_dagrun for example_branch_dop_operator_v3 to 2022-04-25T12:42:00+00:00
[2022-04-25 12:43:11,223] {processor.py:171} INFO - Processing /home/airflow/.local/lib/python3.7/site-packages/airflow/example_dags/example_branch_python_dop_operator_3.py took 0.848 seconds
[2022-04-25 12:43:43,061] {processor.py:163} INFO - Started process (PID=370) to work on /home/airflow/.local/lib/python3.7/site-packages/airflow/example_dags/example_branch_python_dop_operator_3.py
[2022-04-25 12:43:43,079] {processor.py:642} INFO - Processing file /home/airflow/.local/lib/python3.7/site-packages/airflow/example_dags/example_branch_python_dop_operator_3.py for tasks to queue
[2022-04-25 12:43:43,090] {logging_mixin.py:109} INFO - [2022-04-25 12:43:43,088] {dagbag.py:500} INFO - Filling up the DagBag from /home/airflow/.local/lib/python3.7/site-packages/airflow/example_dags/example_branch_python_dop_operator_3.py
[2022-04-25 12:43:43,177] {processor.py:652} INFO - DAG(s) dict_keys(['example_branch_dop_operator_v3']) retrieved from /home/airflow/.local/lib/python3.7/site-packages/airflow/example_dags/example_branch_python_dop_operator_3.py
[2022-04-25 12:43:43,266] {logging_mixin.py:109} INFO - [2022-04-25 12:43:43,264] {dag.py:2398} INFO - Sync 1 DAGs
[2022-04-25 12:43:43,410] {logging_mixin.py:109} INFO - [2022-04-25 12:43:43,410] {dag.py:2937} INFO - Setting next_dagrun for example_branch_dop_operator_v3 to 2022-04-25T12:42:00+00:00
[2022-04-25 12:43:43,464] {processor.py:171} INFO - Processing /home/airflow/.local/lib/python3.7/site-packages/airflow/example_dags/example_branch_python_dop_operator_3.py took 0.427 seconds
[2022-04-25 12:44:14,102] {processor.py:163} INFO - Started process (PID=423) to work on /home/airflow/.local/lib/python3.7/site-packages/airflow/example_dags/example_branch_python_dop_operator_3.py
[2022-04-25 12:44:14,105] {processor.py:642} INFO - Processing file /home/airflow/.local/lib/python3.7/site-packages/airflow/example_dags/example_branch_python_dop_operator_3.py for tasks to queue
[2022-04-25 12:44:14,112] {logging_mixin.py:109} INFO - [2022-04-25 12:44:14,112] {dagbag.py:500} INFO - Filling up the DagBag from /home/airflow/.local/lib/python3.7/site-packages/airflow/example_dags/example_branch_python_dop_operator_3.py
[2022-04-25 12:44:14,222] {processor.py:652} INFO - DAG(s) dict_keys(['example_branch_dop_operator_v3']) retrieved from /home/airflow/.local/lib/python3.7/site-packages/airflow/example_dags/example_branch_python_dop_operator_3.py
[2022-04-25 12:44:14,275] {logging_mixin.py:109} INFO - [2022-04-25 12:44:14,275] {dag.py:2398} INFO - Sync 1 DAGs
[2022-04-25 12:44:14,335] {logging_mixin.py:109} INFO - [2022-04-25 12:44:14,335] {dag.py:2937} INFO - Setting next_dagrun for example_branch_dop_operator_v3 to 2022-04-25T12:43:00+00:00
[2022-04-25 12:44:14,374] {processor.py:171} INFO - Processing /home/airflow/.local/lib/python3.7/site-packages/airflow/example_dags/example_branch_python_dop_operator_3.py took 0.305 seconds
[2022-04-25 12:44:45,117] {processor.py:163} INFO - Started process (PID=476) to work on /home/airflow/.local/lib/python3.7/site-packages/airflow/example_dags/example_branch_python_dop_operator_3.py
[2022-04-25 12:44:45,124] {processor.py:642} INFO - Processing file /home/airflow/.local/lib/python3.7/site-packages/airflow/example_dags/example_branch_python_dop_operator_3.py for tasks to queue
[2022-04-25 12:44:45,130] {logging_mixin.py:109} INFO - [2022-04-25 12:44:45,130] {dagbag.py:500} INFO - Filling up the DagBag from /home/airflow/.local/lib/python3.7/site-packages/airflow/example_dags/example_branch_python_dop_operator_3.py
[2022-04-25 12:44:45,200] {processor.py:652} INFO - DAG(s) dict_keys(['example_branch_dop_operator_v3']) retrieved from /home/airflow/.local/lib/python3.7/site-packages/airflow/example_dags/example_branch_python_dop_operator_3.py
[2022-04-25 12:44:45,262] {logging_mixin.py:109} INFO - [2022-04-25 12:44:45,261] {dag.py:2398} INFO - Sync 1 DAGs
[2022-04-25 12:44:45,338] {logging_mixin.py:109} INFO - [2022-04-25 12:44:45,338] {dag.py:2937} INFO - Setting next_dagrun for example_branch_dop_operator_v3 to 2022-04-25T12:43:00+00:00
[2022-04-25 12:44:45,367] {processor.py:171} INFO - Processing /home/airflow/.local/lib/python3.7/site-packages/airflow/example_dags/example_branch_python_dop_operator_3.py took 0.256 seconds
[2022-04-25 12:45:16,210] {processor.py:163} INFO - Started process (PID=526) to work on /home/airflow/.local/lib/python3.7/site-packages/airflow/example_dags/example_branch_python_dop_operator_3.py
[2022-04-25 12:45:16,222] {processor.py:642} INFO - Processing file /home/airflow/.local/lib/python3.7/site-packages/airflow/example_dags/example_branch_python_dop_operator_3.py for tasks to queue
[2022-04-25 12:45:16,230] {logging_mixin.py:109} INFO - [2022-04-25 12:45:16,226] {dagbag.py:500} INFO - Filling up the DagBag from /home/airflow/.local/lib/python3.7/site-packages/airflow/example_dags/example_branch_python_dop_operator_3.py
[2022-04-25 12:45:16,345] {processor.py:652} INFO - DAG(s) dict_keys(['example_branch_dop_operator_v3']) retrieved from /home/airflow/.local/lib/python3.7/site-packages/airflow/example_dags/example_branch_python_dop_operator_3.py
[2022-04-25 12:45:16,385] {logging_mixin.py:109} INFO - [2022-04-25 12:45:16,384] {dag.py:2398} INFO - Sync 1 DAGs
[2022-04-25 12:45:16,445] {logging_mixin.py:109} INFO - [2022-04-25 12:45:16,445] {dag.py:2937} INFO - Setting next_dagrun for example_branch_dop_operator_v3 to 2022-04-25T12:44:00+00:00
[2022-04-25 12:45:16,467] {processor.py:171} INFO - Processing /home/airflow/.local/lib/python3.7/site-packages/airflow/example_dags/example_branch_python_dop_operator_3.py took 0.275 seconds
[2022-04-25 12:45:46,712] {processor.py:163} INFO - Started process (PID=579) to work on /home/airflow/.local/lib/python3.7/site-packages/airflow/example_dags/example_branch_python_dop_operator_3.py
[2022-04-25 12:45:46,716] {processor.py:642} INFO - Processing file /home/airflow/.local/lib/python3.7/site-packages/airflow/example_dags/example_branch_python_dop_operator_3.py for tasks to queue
[2022-04-25 12:45:46,718] {logging_mixin.py:109} INFO - [2022-04-25 12:45:46,718] {dagbag.py:500} INFO - Filling up the DagBag from /home/airflow/.local/lib/python3.7/site-packages/airflow/example_dags/example_branch_python_dop_operator_3.py
[2022-04-25 12:45:46,746] {processor.py:652} INFO - DAG(s) dict_keys(['example_branch_dop_operator_v3']) retrieved from /home/airflow/.local/lib/python3.7/site-packages/airflow/example_dags/example_branch_python_dop_operator_3.py
[2022-04-25 12:45:46,789] {logging_mixin.py:109} INFO - [2022-04-25 12:45:46,789] {dag.py:2398} INFO - Sync 1 DAGs
[2022-04-25 12:45:46,832] {logging_mixin.py:109} INFO - [2022-04-25 12:45:46,832] {dag.py:2937} INFO - Setting next_dagrun for example_branch_dop_operator_v3 to 2022-04-25T12:44:00+00:00
[2022-04-25 12:45:46,862] {processor.py:171} INFO - Processing /home/airflow/.local/lib/python3.7/site-packages/airflow/example_dags/example_branch_python_dop_operator_3.py took 0.156 seconds
[2022-04-25 12:46:17,239] {processor.py:163} INFO - Started process (PID=629) to work on /home/airflow/.local/lib/python3.7/site-packages/airflow/example_dags/example_branch_python_dop_operator_3.py
[2022-04-25 12:46:17,243] {processor.py:642} INFO - Processing file /home/airflow/.local/lib/python3.7/site-packages/airflow/example_dags/example_branch_python_dop_operator_3.py for tasks to queue
[2022-04-25 12:46:17,246] {logging_mixin.py:109} INFO - [2022-04-25 12:46:17,246] {dagbag.py:500} INFO - Filling up the DagBag from /home/airflow/.local/lib/python3.7/site-packages/airflow/example_dags/example_branch_python_dop_operator_3.py
[2022-04-25 12:46:17,300] {processor.py:652} INFO - DAG(s) dict_keys(['example_branch_dop_operator_v3']) retrieved from /home/airflow/.local/lib/python3.7/site-packages/airflow/example_dags/example_branch_python_dop_operator_3.py
[2022-04-25 12:46:17,346] {logging_mixin.py:109} INFO - [2022-04-25 12:46:17,346] {dag.py:2398} INFO - Sync 1 DAGs
[2022-04-25 12:46:17,389] {logging_mixin.py:109} INFO - [2022-04-25 12:46:17,389] {dag.py:2937} INFO - Setting next_dagrun for example_branch_dop_operator_v3 to 2022-04-25T12:45:00+00:00
[2022-04-25 12:46:17,408] {processor.py:171} INFO - Processing /home/airflow/.local/lib/python3.7/site-packages/airflow/example_dags/example_branch_python_dop_operator_3.py took 0.181 seconds
[2022-04-25 12:46:47,853] {processor.py:163} INFO - Started process (PID=679) to work on /home/airflow/.local/lib/python3.7/site-packages/airflow/example_dags/example_branch_python_dop_operator_3.py
[2022-04-25 12:46:47,860] {processor.py:642} INFO - Processing file /home/airflow/.local/lib/python3.7/site-packages/airflow/example_dags/example_branch_python_dop_operator_3.py for tasks to queue
[2022-04-25 12:46:47,865] {logging_mixin.py:109} INFO - [2022-04-25 12:46:47,864] {dagbag.py:500} INFO - Filling up the DagBag from /home/airflow/.local/lib/python3.7/site-packages/airflow/example_dags/example_branch_python_dop_operator_3.py
[2022-04-25 12:46:47,979] {processor.py:652} INFO - DAG(s) dict_keys(['example_branch_dop_operator_v3']) retrieved from /home/airflow/.local/lib/python3.7/site-packages/airflow/example_dags/example_branch_python_dop_operator_3.py
[2022-04-25 12:46:48,042] {logging_mixin.py:109} INFO - [2022-04-25 12:46:48,042] {dag.py:2398} INFO - Sync 1 DAGs
[2022-04-25 12:46:48,079] {logging_mixin.py:109} INFO - [2022-04-25 12:46:48,079] {dag.py:2937} INFO - Setting next_dagrun for example_branch_dop_operator_v3 to 2022-04-25T12:45:00+00:00
[2022-04-25 12:46:48,098] {processor.py:171} INFO - Processing /home/airflow/.local/lib/python3.7/site-packages/airflow/example_dags/example_branch_python_dop_operator_3.py took 0.268 seconds
[2022-04-25 12:47:18,890] {processor.py:163} INFO - Started process (PID=729) to work on /home/airflow/.local/lib/python3.7/site-packages/airflow/example_dags/example_branch_python_dop_operator_3.py
[2022-04-25 12:47:18,894] {processor.py:642} INFO - Processing file /home/airflow/.local/lib/python3.7/site-packages/airflow/example_dags/example_branch_python_dop_operator_3.py for tasks to queue
[2022-04-25 12:47:18,896] {logging_mixin.py:109} INFO - [2022-04-25 12:47:18,896] {dagbag.py:500} INFO - Filling up the DagBag from /home/airflow/.local/lib/python3.7/site-packages/airflow/example_dags/example_branch_python_dop_operator_3.py
[2022-04-25 12:47:18,956] {processor.py:652} INFO - DAG(s) dict_keys(['example_branch_dop_operator_v3']) retrieved from /home/airflow/.local/lib/python3.7/site-packages/airflow/example_dags/example_branch_python_dop_operator_3.py
[2022-04-25 12:47:19,005] {logging_mixin.py:109} INFO - [2022-04-25 12:47:19,005] {dag.py:2398} INFO - Sync 1 DAGs
[2022-04-25 12:47:19,059] {logging_mixin.py:109} INFO - [2022-04-25 12:47:19,059] {dag.py:2937} INFO - Setting next_dagrun for example_branch_dop_operator_v3 to 2022-04-25T12:46:00+00:00
[2022-04-25 12:47:19,087] {processor.py:171} INFO - Processing /home/airflow/.local/lib/python3.7/site-packages/airflow/example_dags/example_branch_python_dop_operator_3.py took 0.209 seconds
[2022-04-25 12:47:49,697] {processor.py:163} INFO - Started process (PID=778) to work on /home/airflow/.local/lib/python3.7/site-packages/airflow/example_dags/example_branch_python_dop_operator_3.py
[2022-04-25 12:47:49,701] {processor.py:642} INFO - Processing file /home/airflow/.local/lib/python3.7/site-packages/airflow/example_dags/example_branch_python_dop_operator_3.py for tasks to queue
[2022-04-25 12:47:49,704] {logging_mixin.py:109} INFO - [2022-04-25 12:47:49,704] {dagbag.py:500} INFO - Filling up the DagBag from /home/airflow/.local/lib/python3.7/site-packages/airflow/example_dags/example_branch_python_dop_operator_3.py
[2022-04-25 12:47:49,739] {processor.py:652} INFO - DAG(s) dict_keys(['example_branch_dop_operator_v3']) retrieved from /home/airflow/.local/lib/python3.7/site-packages/airflow/example_dags/example_branch_python_dop_operator_3.py
[2022-04-25 12:47:49,777] {logging_mixin.py:109} INFO - [2022-04-25 12:47:49,776] {dag.py:2398} INFO - Sync 1 DAGs
[2022-04-25 12:47:49,810] {logging_mixin.py:109} INFO - [2022-04-25 12:47:49,810] {dag.py:2937} INFO - Setting next_dagrun for example_branch_dop_operator_v3 to 2022-04-25T12:46:00+00:00
[2022-04-25 12:47:49,824] {processor.py:171} INFO - Processing /home/airflow/.local/lib/python3.7/site-packages/airflow/example_dags/example_branch_python_dop_operator_3.py took 0.136 seconds
[2022-04-25 12:48:20,401] {processor.py:163} INFO - Started process (PID=829) to work on /home/airflow/.local/lib/python3.7/site-packages/airflow/example_dags/example_branch_python_dop_operator_3.py
[2022-04-25 12:48:20,408] {processor.py:642} INFO - Processing file /home/airflow/.local/lib/python3.7/site-packages/airflow/example_dags/example_branch_python_dop_operator_3.py for tasks to queue
[2022-04-25 12:48:20,412] {logging_mixin.py:109} INFO - [2022-04-25 12:48:20,411] {dagbag.py:500} INFO - Filling up the DagBag from /home/airflow/.local/lib/python3.7/site-packages/airflow/example_dags/example_branch_python_dop_operator_3.py
[2022-04-25 12:48:20,453] {processor.py:652} INFO - DAG(s) dict_keys(['example_branch_dop_operator_v3']) retrieved from /home/airflow/.local/lib/python3.7/site-packages/airflow/example_dags/example_branch_python_dop_operator_3.py
[2022-04-25 12:48:20,488] {logging_mixin.py:109} INFO - [2022-04-25 12:48:20,488] {dag.py:2398} INFO - Sync 1 DAGs
[2022-04-25 12:48:20,524] {logging_mixin.py:109} INFO - [2022-04-25 12:48:20,523] {dag.py:2937} INFO - Setting next_dagrun for example_branch_dop_operator_v3 to 2022-04-25T12:47:00+00:00
[2022-04-25 12:48:20,542] {processor.py:171} INFO - Processing /home/airflow/.local/lib/python3.7/site-packages/airflow/example_dags/example_branch_python_dop_operator_3.py took 0.148 seconds
[2022-04-25 12:48:54,586] {processor.py:163} INFO - Started process (PID=889) to work on /home/airflow/.local/lib/python3.7/site-packages/airflow/example_dags/example_branch_python_dop_operator_3.py
[2022-04-25 12:48:54,595] {processor.py:642} INFO - Processing file /home/airflow/.local/lib/python3.7/site-packages/airflow/example_dags/example_branch_python_dop_operator_3.py for tasks to queue
[2022-04-25 12:48:54,597] {logging_mixin.py:109} INFO - [2022-04-25 12:48:54,597] {dagbag.py:500} INFO - Filling up the DagBag from /home/airflow/.local/lib/python3.7/site-packages/airflow/example_dags/example_branch_python_dop_operator_3.py
[2022-04-25 12:48:54,730] {processor.py:652} INFO - DAG(s) dict_keys(['example_branch_dop_operator_v3']) retrieved from /home/airflow/.local/lib/python3.7/site-packages/airflow/example_dags/example_branch_python_dop_operator_3.py
[2022-04-25 12:48:54,831] {logging_mixin.py:109} INFO - [2022-04-25 12:48:54,831] {dag.py:2398} INFO - Sync 1 DAGs
[2022-04-25 12:48:54,944] {logging_mixin.py:109} INFO - [2022-04-25 12:48:54,944] {dag.py:2937} INFO - Setting next_dagrun for example_branch_dop_operator_v3 to 2022-04-25T12:47:00+00:00
[2022-04-25 12:48:54,975] {processor.py:171} INFO - Processing /home/airflow/.local/lib/python3.7/site-packages/airflow/example_dags/example_branch_python_dop_operator_3.py took 0.404 seconds
[2022-04-25 12:52:41,400] {processor.py:163} INFO - Started process (PID=939) to work on /home/airflow/.local/lib/python3.7/site-packages/airflow/example_dags/example_branch_python_dop_operator_3.py
[2022-04-25 12:52:41,416] {processor.py:642} INFO - Processing file /home/airflow/.local/lib/python3.7/site-packages/airflow/example_dags/example_branch_python_dop_operator_3.py for tasks to queue
[2022-04-25 12:52:41,444] {logging_mixin.py:109} INFO - [2022-04-25 12:52:41,439] {dagbag.py:500} INFO - Filling up the DagBag from /home/airflow/.local/lib/python3.7/site-packages/airflow/example_dags/example_branch_python_dop_operator_3.py
[2022-04-25 12:52:41,748] {processor.py:652} INFO - DAG(s) dict_keys(['example_branch_dop_operator_v3']) retrieved from /home/airflow/.local/lib/python3.7/site-packages/airflow/example_dags/example_branch_python_dop_operator_3.py
[2022-04-25 12:52:42,207] {logging_mixin.py:109} INFO - [2022-04-25 12:52:42,207] {dag.py:2398} INFO - Sync 1 DAGs
[2022-04-25 12:52:42,407] {logging_mixin.py:109} INFO - [2022-04-25 12:52:42,407] {dag.py:2937} INFO - Setting next_dagrun for example_branch_dop_operator_v3 to 2022-04-25T12:51:00+00:00
[2022-04-25 12:52:42,452] {processor.py:171} INFO - Processing /home/airflow/.local/lib/python3.7/site-packages/airflow/example_dags/example_branch_python_dop_operator_3.py took 1.107 seconds
[2022-04-25 12:53:13,334] {processor.py:163} INFO - Started process (PID=992) to work on /home/airflow/.local/lib/python3.7/site-packages/airflow/example_dags/example_branch_python_dop_operator_3.py
[2022-04-25 12:53:13,340] {processor.py:642} INFO - Processing file /home/airflow/.local/lib/python3.7/site-packages/airflow/example_dags/example_branch_python_dop_operator_3.py for tasks to queue
[2022-04-25 12:53:13,345] {logging_mixin.py:109} INFO - [2022-04-25 12:53:13,345] {dagbag.py:500} INFO - Filling up the DagBag from /home/airflow/.local/lib/python3.7/site-packages/airflow/example_dags/example_branch_python_dop_operator_3.py
[2022-04-25 12:53:13,381] {processor.py:652} INFO - DAG(s) dict_keys(['example_branch_dop_operator_v3']) retrieved from /home/airflow/.local/lib/python3.7/site-packages/airflow/example_dags/example_branch_python_dop_operator_3.py
[2022-04-25 12:53:13,415] {logging_mixin.py:109} INFO - [2022-04-25 12:53:13,415] {dag.py:2398} INFO - Sync 1 DAGs
[2022-04-25 12:53:13,466] {logging_mixin.py:109} INFO - [2022-04-25 12:53:13,466] {dag.py:2937} INFO - Setting next_dagrun for example_branch_dop_operator_v3 to 2022-04-25T12:52:00+00:00
[2022-04-25 12:53:13,482] {processor.py:171} INFO - Processing /home/airflow/.local/lib/python3.7/site-packages/airflow/example_dags/example_branch_python_dop_operator_3.py took 0.168 seconds
[2022-04-25 12:53:43,619] {processor.py:163} INFO - Started process (PID=1043) to work on /home/airflow/.local/lib/python3.7/site-packages/airflow/example_dags/example_branch_python_dop_operator_3.py
[2022-04-25 12:53:43,625] {processor.py:642} INFO - Processing file /home/airflow/.local/lib/python3.7/site-packages/airflow/example_dags/example_branch_python_dop_operator_3.py for tasks to queue
[2022-04-25 12:53:43,627] {logging_mixin.py:109} INFO - [2022-04-25 12:53:43,627] {dagbag.py:500} INFO - Filling up the DagBag from /home/airflow/.local/lib/python3.7/site-packages/airflow/example_dags/example_branch_python_dop_operator_3.py
[2022-04-25 12:53:43,658] {processor.py:652} INFO - DAG(s) dict_keys(['example_branch_dop_operator_v3']) retrieved from /home/airflow/.local/lib/python3.7/site-packages/airflow/example_dags/example_branch_python_dop_operator_3.py
[2022-04-25 12:53:43,695] {logging_mixin.py:109} INFO - [2022-04-25 12:53:43,695] {dag.py:2398} INFO - Sync 1 DAGs
[2022-04-25 12:53:43,729] {logging_mixin.py:109} INFO - [2022-04-25 12:53:43,728] {dag.py:2937} INFO - Setting next_dagrun for example_branch_dop_operator_v3 to 2022-04-25T12:52:00+00:00
[2022-04-25 12:53:43,760] {processor.py:171} INFO - Processing /home/airflow/.local/lib/python3.7/site-packages/airflow/example_dags/example_branch_python_dop_operator_3.py took 0.146 seconds
[2022-04-25 12:54:14,172] {processor.py:163} INFO - Started process (PID=1093) to work on /home/airflow/.local/lib/python3.7/site-packages/airflow/example_dags/example_branch_python_dop_operator_3.py
[2022-04-25 12:54:14,177] {processor.py:642} INFO - Processing file /home/airflow/.local/lib/python3.7/site-packages/airflow/example_dags/example_branch_python_dop_operator_3.py for tasks to queue
[2022-04-25 12:54:14,181] {logging_mixin.py:109} INFO - [2022-04-25 12:54:14,180] {dagbag.py:500} INFO - Filling up the DagBag from /home/airflow/.local/lib/python3.7/site-packages/airflow/example_dags/example_branch_python_dop_operator_3.py
[2022-04-25 12:54:14,212] {processor.py:652} INFO - DAG(s) dict_keys(['example_branch_dop_operator_v3']) retrieved from /home/airflow/.local/lib/python3.7/site-packages/airflow/example_dags/example_branch_python_dop_operator_3.py
[2022-04-25 12:54:14,246] {logging_mixin.py:109} INFO - [2022-04-25 12:54:14,246] {dag.py:2398} INFO - Sync 1 DAGs
[2022-04-25 12:54:14,292] {logging_mixin.py:109} INFO - [2022-04-25 12:54:14,291] {dag.py:2937} INFO - Setting next_dagrun for example_branch_dop_operator_v3 to 2022-04-25T12:53:00+00:00
[2022-04-25 12:54:14,314] {processor.py:171} INFO - Processing /home/airflow/.local/lib/python3.7/site-packages/airflow/example_dags/example_branch_python_dop_operator_3.py took 0.151 seconds
[2022-04-25 12:54:44,651] {processor.py:163} INFO - Started process (PID=1143) to work on /home/airflow/.local/lib/python3.7/site-packages/airflow/example_dags/example_branch_python_dop_operator_3.py
[2022-04-25 12:54:44,654] {processor.py:642} INFO - Processing file /home/airflow/.local/lib/python3.7/site-packages/airflow/example_dags/example_branch_python_dop_operator_3.py for tasks to queue
[2022-04-25 12:54:44,656] {logging_mixin.py:109} INFO - [2022-04-25 12:54:44,656] {dagbag.py:500} INFO - Filling up the DagBag from /home/airflow/.local/lib/python3.7/site-packages/airflow/example_dags/example_branch_python_dop_operator_3.py
[2022-04-25 12:54:44,683] {processor.py:652} INFO - DAG(s) dict_keys(['example_branch_dop_operator_v3']) retrieved from /home/airflow/.local/lib/python3.7/site-packages/airflow/example_dags/example_branch_python_dop_operator_3.py
[2022-04-25 12:54:44,715] {logging_mixin.py:109} INFO - [2022-04-25 12:54:44,715] {dag.py:2398} INFO - Sync 1 DAGs
[2022-04-25 12:54:44,746] {logging_mixin.py:109} INFO - [2022-04-25 12:54:44,746] {dag.py:2937} INFO - Setting next_dagrun for example_branch_dop_operator_v3 to 2022-04-25T12:53:00+00:00
[2022-04-25 12:54:44,760] {processor.py:171} INFO - Processing /home/airflow/.local/lib/python3.7/site-packages/airflow/example_dags/example_branch_python_dop_operator_3.py took 0.116 seconds
[2022-04-25 12:55:15,397] {processor.py:163} INFO - Started process (PID=1197) to work on /home/airflow/.local/lib/python3.7/site-packages/airflow/example_dags/example_branch_python_dop_operator_3.py
[2022-04-25 12:55:15,403] {processor.py:642} INFO - Processing file /home/airflow/.local/lib/python3.7/site-packages/airflow/example_dags/example_branch_python_dop_operator_3.py for tasks to queue
[2022-04-25 12:55:15,406] {logging_mixin.py:109} INFO - [2022-04-25 12:55:15,406] {dagbag.py:500} INFO - Filling up the DagBag from /home/airflow/.local/lib/python3.7/site-packages/airflow/example_dags/example_branch_python_dop_operator_3.py
[2022-04-25 12:55:15,438] {processor.py:652} INFO - DAG(s) dict_keys(['example_branch_dop_operator_v3']) retrieved from /home/airflow/.local/lib/python3.7/site-packages/airflow/example_dags/example_branch_python_dop_operator_3.py
[2022-04-25 12:55:15,470] {logging_mixin.py:109} INFO - [2022-04-25 12:55:15,470] {dag.py:2398} INFO - Sync 1 DAGs
[2022-04-25 12:55:15,507] {logging_mixin.py:109} INFO - [2022-04-25 12:55:15,507] {dag.py:2937} INFO - Setting next_dagrun for example_branch_dop_operator_v3 to 2022-04-25T12:54:00+00:00
[2022-04-25 12:55:15,522] {processor.py:171} INFO - Processing /home/airflow/.local/lib/python3.7/site-packages/airflow/example_dags/example_branch_python_dop_operator_3.py took 0.132 seconds
[2022-04-25 12:55:45,814] {processor.py:163} INFO - Started process (PID=1250) to work on /home/airflow/.local/lib/python3.7/site-packages/airflow/example_dags/example_branch_python_dop_operator_3.py
[2022-04-25 12:55:45,820] {processor.py:642} INFO - Processing file /home/airflow/.local/lib/python3.7/site-packages/airflow/example_dags/example_branch_python_dop_operator_3.py for tasks to queue
[2022-04-25 12:55:45,823] {logging_mixin.py:109} INFO - [2022-04-25 12:55:45,823] {dagbag.py:500} INFO - Filling up the DagBag from /home/airflow/.local/lib/python3.7/site-packages/airflow/example_dags/example_branch_python_dop_operator_3.py
[2022-04-25 12:55:45,852] {processor.py:652} INFO - DAG(s) dict_keys(['example_branch_dop_operator_v3']) retrieved from /home/airflow/.local/lib/python3.7/site-packages/airflow/example_dags/example_branch_python_dop_operator_3.py
[2022-04-25 12:55:45,880] {logging_mixin.py:109} INFO - [2022-04-25 12:55:45,879] {dag.py:2398} INFO - Sync 1 DAGs
[2022-04-25 12:55:45,914] {logging_mixin.py:109} INFO - [2022-04-25 12:55:45,913] {dag.py:2937} INFO - Setting next_dagrun for example_branch_dop_operator_v3 to 2022-04-25T12:54:00+00:00
[2022-04-25 12:55:45,929] {processor.py:171} INFO - Processing /home/airflow/.local/lib/python3.7/site-packages/airflow/example_dags/example_branch_python_dop_operator_3.py took 0.121 seconds
[2022-04-25 12:56:16,083] {processor.py:163} INFO - Started process (PID=1301) to work on /home/airflow/.local/lib/python3.7/site-packages/airflow/example_dags/example_branch_python_dop_operator_3.py
[2022-04-25 12:56:16,088] {processor.py:642} INFO - Processing file /home/airflow/.local/lib/python3.7/site-packages/airflow/example_dags/example_branch_python_dop_operator_3.py for tasks to queue
[2022-04-25 12:56:16,091] {logging_mixin.py:109} INFO - [2022-04-25 12:56:16,091] {dagbag.py:500} INFO - Filling up the DagBag from /home/airflow/.local/lib/python3.7/site-packages/airflow/example_dags/example_branch_python_dop_operator_3.py
[2022-04-25 12:56:16,121] {processor.py:652} INFO - DAG(s) dict_keys(['example_branch_dop_operator_v3']) retrieved from /home/airflow/.local/lib/python3.7/site-packages/airflow/example_dags/example_branch_python_dop_operator_3.py
[2022-04-25 12:56:16,149] {logging_mixin.py:109} INFO - [2022-04-25 12:56:16,149] {dag.py:2398} INFO - Sync 1 DAGs
[2022-04-25 12:56:16,182] {logging_mixin.py:109} INFO - [2022-04-25 12:56:16,182] {dag.py:2937} INFO - Setting next_dagrun for example_branch_dop_operator_v3 to 2022-04-25T12:55:00+00:00
[2022-04-25 12:56:16,200] {processor.py:171} INFO - Processing /home/airflow/.local/lib/python3.7/site-packages/airflow/example_dags/example_branch_python_dop_operator_3.py took 0.126 seconds
[2022-04-25 12:56:46,342] {processor.py:163} INFO - Started process (PID=1362) to work on /home/airflow/.local/lib/python3.7/site-packages/airflow/example_dags/example_branch_python_dop_operator_3.py
[2022-04-25 12:56:46,351] {processor.py:642} INFO - Processing file /home/airflow/.local/lib/python3.7/site-packages/airflow/example_dags/example_branch_python_dop_operator_3.py for tasks to queue
[2022-04-25 12:56:46,353] {logging_mixin.py:109} INFO - [2022-04-25 12:56:46,353] {dagbag.py:500} INFO - Filling up the DagBag from /home/airflow/.local/lib/python3.7/site-packages/airflow/example_dags/example_branch_python_dop_operator_3.py
[2022-04-25 12:56:46,417] {processor.py:652} INFO - DAG(s) dict_keys(['example_branch_dop_operator_v3']) retrieved from /home/airflow/.local/lib/python3.7/site-packages/airflow/example_dags/example_branch_python_dop_operator_3.py
[2022-04-25 12:56:46,477] {logging_mixin.py:109} INFO - [2022-04-25 12:56:46,477] {dag.py:2398} INFO - Sync 1 DAGs
[2022-04-25 12:56:46,570] {logging_mixin.py:109} INFO - [2022-04-25 12:56:46,570] {dag.py:2937} INFO - Setting next_dagrun for example_branch_dop_operator_v3 to 2022-04-25T12:55:00+00:00
[2022-04-25 12:56:46,615] {processor.py:171} INFO - Processing /home/airflow/.local/lib/python3.7/site-packages/airflow/example_dags/example_branch_python_dop_operator_3.py took 0.279 seconds
[2022-04-25 12:57:16,980] {processor.py:163} INFO - Started process (PID=1416) to work on /home/airflow/.local/lib/python3.7/site-packages/airflow/example_dags/example_branch_python_dop_operator_3.py
[2022-04-25 12:57:16,985] {processor.py:642} INFO - Processing file /home/airflow/.local/lib/python3.7/site-packages/airflow/example_dags/example_branch_python_dop_operator_3.py for tasks to queue
[2022-04-25 12:57:16,988] {logging_mixin.py:109} INFO - [2022-04-25 12:57:16,988] {dagbag.py:500} INFO - Filling up the DagBag from /home/airflow/.local/lib/python3.7/site-packages/airflow/example_dags/example_branch_python_dop_operator_3.py
[2022-04-25 12:57:17,046] {processor.py:652} INFO - DAG(s) dict_keys(['example_branch_dop_operator_v3']) retrieved from /home/airflow/.local/lib/python3.7/site-packages/airflow/example_dags/example_branch_python_dop_operator_3.py
[2022-04-25 12:57:17,101] {logging_mixin.py:109} INFO - [2022-04-25 12:57:17,100] {dag.py:2398} INFO - Sync 1 DAGs
[2022-04-25 12:57:17,135] {logging_mixin.py:109} INFO - [2022-04-25 12:57:17,135] {dag.py:2937} INFO - Setting next_dagrun for example_branch_dop_operator_v3 to 2022-04-25T12:56:00+00:00
[2022-04-25 12:57:17,149] {processor.py:171} INFO - Processing /home/airflow/.local/lib/python3.7/site-packages/airflow/example_dags/example_branch_python_dop_operator_3.py took 0.184 seconds
[2022-04-25 12:57:48,757] {processor.py:163} INFO - Started process (PID=1469) to work on /home/airflow/.local/lib/python3.7/site-packages/airflow/example_dags/example_branch_python_dop_operator_3.py
[2022-04-25 12:57:48,762] {processor.py:642} INFO - Processing file /home/airflow/.local/lib/python3.7/site-packages/airflow/example_dags/example_branch_python_dop_operator_3.py for tasks to queue
[2022-04-25 12:57:48,764] {logging_mixin.py:109} INFO - [2022-04-25 12:57:48,764] {dagbag.py:500} INFO - Filling up the DagBag from /home/airflow/.local/lib/python3.7/site-packages/airflow/example_dags/example_branch_python_dop_operator_3.py
[2022-04-25 12:57:48,828] {processor.py:652} INFO - DAG(s) dict_keys(['example_branch_dop_operator_v3']) retrieved from /home/airflow/.local/lib/python3.7/site-packages/airflow/example_dags/example_branch_python_dop_operator_3.py
[2022-04-25 12:57:48,874] {logging_mixin.py:109} INFO - [2022-04-25 12:57:48,868] {dag.py:2398} INFO - Sync 1 DAGs
[2022-04-25 12:57:48,933] {logging_mixin.py:109} INFO - [2022-04-25 12:57:48,933] {dag.py:2937} INFO - Setting next_dagrun for example_branch_dop_operator_v3 to 2022-04-25T12:56:00+00:00
[2022-04-25 12:57:48,959] {processor.py:171} INFO - Processing /home/airflow/.local/lib/python3.7/site-packages/airflow/example_dags/example_branch_python_dop_operator_3.py took 0.208 seconds
[2022-04-25 12:58:20,768] {processor.py:163} INFO - Started process (PID=1524) to work on /home/airflow/.local/lib/python3.7/site-packages/airflow/example_dags/example_branch_python_dop_operator_3.py
[2022-04-25 12:58:20,774] {processor.py:642} INFO - Processing file /home/airflow/.local/lib/python3.7/site-packages/airflow/example_dags/example_branch_python_dop_operator_3.py for tasks to queue
[2022-04-25 12:58:20,784] {logging_mixin.py:109} INFO - [2022-04-25 12:58:20,784] {dagbag.py:500} INFO - Filling up the DagBag from /home/airflow/.local/lib/python3.7/site-packages/airflow/example_dags/example_branch_python_dop_operator_3.py
[2022-04-25 12:58:20,932] {processor.py:652} INFO - DAG(s) dict_keys(['example_branch_dop_operator_v3']) retrieved from /home/airflow/.local/lib/python3.7/site-packages/airflow/example_dags/example_branch_python_dop_operator_3.py
[2022-04-25 12:58:21,028] {logging_mixin.py:109} INFO - [2022-04-25 12:58:21,028] {dag.py:2398} INFO - Sync 1 DAGs
[2022-04-25 12:58:21,117] {logging_mixin.py:109} INFO - [2022-04-25 12:58:21,117] {dag.py:2937} INFO - Setting next_dagrun for example_branch_dop_operator_v3 to 2022-04-25T12:57:00+00:00
[2022-04-25 12:58:21,157] {processor.py:171} INFO - Processing /home/airflow/.local/lib/python3.7/site-packages/airflow/example_dags/example_branch_python_dop_operator_3.py took 0.416 seconds
[2022-04-25 12:58:51,514] {processor.py:163} INFO - Started process (PID=1576) to work on /home/airflow/.local/lib/python3.7/site-packages/airflow/example_dags/example_branch_python_dop_operator_3.py
[2022-04-25 12:58:51,521] {processor.py:642} INFO - Processing file /home/airflow/.local/lib/python3.7/site-packages/airflow/example_dags/example_branch_python_dop_operator_3.py for tasks to queue
[2022-04-25 12:58:51,524] {logging_mixin.py:109} INFO - [2022-04-25 12:58:51,524] {dagbag.py:500} INFO - Filling up the DagBag from /home/airflow/.local/lib/python3.7/site-packages/airflow/example_dags/example_branch_python_dop_operator_3.py
[2022-04-25 12:58:51,617] {processor.py:652} INFO - DAG(s) dict_keys(['example_branch_dop_operator_v3']) retrieved from /home/airflow/.local/lib/python3.7/site-packages/airflow/example_dags/example_branch_python_dop_operator_3.py
[2022-04-25 12:58:51,672] {logging_mixin.py:109} INFO - [2022-04-25 12:58:51,672] {dag.py:2398} INFO - Sync 1 DAGs
[2022-04-25 12:58:51,740] {logging_mixin.py:109} INFO - [2022-04-25 12:58:51,740] {dag.py:2937} INFO - Setting next_dagrun for example_branch_dop_operator_v3 to 2022-04-25T12:57:00+00:00
[2022-04-25 12:58:51,773] {processor.py:171} INFO - Processing /home/airflow/.local/lib/python3.7/site-packages/airflow/example_dags/example_branch_python_dop_operator_3.py took 0.291 seconds
[2022-04-25 12:59:22,159] {processor.py:163} INFO - Started process (PID=1629) to work on /home/airflow/.local/lib/python3.7/site-packages/airflow/example_dags/example_branch_python_dop_operator_3.py
[2022-04-25 12:59:22,167] {processor.py:642} INFO - Processing file /home/airflow/.local/lib/python3.7/site-packages/airflow/example_dags/example_branch_python_dop_operator_3.py for tasks to queue
[2022-04-25 12:59:22,170] {logging_mixin.py:109} INFO - [2022-04-25 12:59:22,170] {dagbag.py:500} INFO - Filling up the DagBag from /home/airflow/.local/lib/python3.7/site-packages/airflow/example_dags/example_branch_python_dop_operator_3.py
[2022-04-25 12:59:22,250] {processor.py:652} INFO - DAG(s) dict_keys(['example_branch_dop_operator_v3']) retrieved from /home/airflow/.local/lib/python3.7/site-packages/airflow/example_dags/example_branch_python_dop_operator_3.py
[2022-04-25 12:59:22,313] {logging_mixin.py:109} INFO - [2022-04-25 12:59:22,312] {dag.py:2398} INFO - Sync 1 DAGs
[2022-04-25 12:59:22,365] {logging_mixin.py:109} INFO - [2022-04-25 12:59:22,365] {dag.py:2937} INFO - Setting next_dagrun for example_branch_dop_operator_v3 to 2022-04-25T12:58:00+00:00
[2022-04-25 12:59:22,381] {processor.py:171} INFO - Processing /home/airflow/.local/lib/python3.7/site-packages/airflow/example_dags/example_branch_python_dop_operator_3.py took 0.245 seconds
[2022-04-25 12:59:52,984] {processor.py:163} INFO - Started process (PID=1682) to work on /home/airflow/.local/lib/python3.7/site-packages/airflow/example_dags/example_branch_python_dop_operator_3.py
[2022-04-25 12:59:52,988] {processor.py:642} INFO - Processing file /home/airflow/.local/lib/python3.7/site-packages/airflow/example_dags/example_branch_python_dop_operator_3.py for tasks to queue
[2022-04-25 12:59:52,991] {logging_mixin.py:109} INFO - [2022-04-25 12:59:52,991] {dagbag.py:500} INFO - Filling up the DagBag from /home/airflow/.local/lib/python3.7/site-packages/airflow/example_dags/example_branch_python_dop_operator_3.py
[2022-04-25 12:59:53,026] {processor.py:652} INFO - DAG(s) dict_keys(['example_branch_dop_operator_v3']) retrieved from /home/airflow/.local/lib/python3.7/site-packages/airflow/example_dags/example_branch_python_dop_operator_3.py
[2022-04-25 12:59:53,083] {logging_mixin.py:109} INFO - [2022-04-25 12:59:53,083] {dag.py:2398} INFO - Sync 1 DAGs
[2022-04-25 12:59:53,117] {logging_mixin.py:109} INFO - [2022-04-25 12:59:53,117] {dag.py:2937} INFO - Setting next_dagrun for example_branch_dop_operator_v3 to 2022-04-25T12:58:00+00:00
[2022-04-25 12:59:53,138] {processor.py:171} INFO - Processing /home/airflow/.local/lib/python3.7/site-packages/airflow/example_dags/example_branch_python_dop_operator_3.py took 0.163 seconds
[2022-04-25 13:00:23,293] {processor.py:163} INFO - Started process (PID=1733) to work on /home/airflow/.local/lib/python3.7/site-packages/airflow/example_dags/example_branch_python_dop_operator_3.py
[2022-04-25 13:00:23,299] {processor.py:642} INFO - Processing file /home/airflow/.local/lib/python3.7/site-packages/airflow/example_dags/example_branch_python_dop_operator_3.py for tasks to queue
[2022-04-25 13:00:23,303] {logging_mixin.py:109} INFO - [2022-04-25 13:00:23,303] {dagbag.py:500} INFO - Filling up the DagBag from /home/airflow/.local/lib/python3.7/site-packages/airflow/example_dags/example_branch_python_dop_operator_3.py
[2022-04-25 13:00:23,343] {processor.py:652} INFO - DAG(s) dict_keys(['example_branch_dop_operator_v3']) retrieved from /home/airflow/.local/lib/python3.7/site-packages/airflow/example_dags/example_branch_python_dop_operator_3.py
[2022-04-25 13:00:23,386] {logging_mixin.py:109} INFO - [2022-04-25 13:00:23,386] {dag.py:2398} INFO - Sync 1 DAGs
[2022-04-25 13:00:23,437] {logging_mixin.py:109} INFO - [2022-04-25 13:00:23,437] {dag.py:2937} INFO - Setting next_dagrun for example_branch_dop_operator_v3 to 2022-04-25T12:59:00+00:00
[2022-04-25 13:00:23,456] {processor.py:171} INFO - Processing /home/airflow/.local/lib/python3.7/site-packages/airflow/example_dags/example_branch_python_dop_operator_3.py took 0.172 seconds
[2022-04-25 13:00:53,929] {processor.py:163} INFO - Started process (PID=1782) to work on /home/airflow/.local/lib/python3.7/site-packages/airflow/example_dags/example_branch_python_dop_operator_3.py
[2022-04-25 13:00:53,934] {processor.py:642} INFO - Processing file /home/airflow/.local/lib/python3.7/site-packages/airflow/example_dags/example_branch_python_dop_operator_3.py for tasks to queue
[2022-04-25 13:00:53,939] {logging_mixin.py:109} INFO - [2022-04-25 13:00:53,938] {dagbag.py:500} INFO - Filling up the DagBag from /home/airflow/.local/lib/python3.7/site-packages/airflow/example_dags/example_branch_python_dop_operator_3.py
[2022-04-25 13:00:53,979] {processor.py:652} INFO - DAG(s) dict_keys(['example_branch_dop_operator_v3']) retrieved from /home/airflow/.local/lib/python3.7/site-packages/airflow/example_dags/example_branch_python_dop_operator_3.py
[2022-04-25 13:00:54,013] {logging_mixin.py:109} INFO - [2022-04-25 13:00:54,013] {dag.py:2398} INFO - Sync 1 DAGs
[2022-04-25 13:00:54,072] {logging_mixin.py:109} INFO - [2022-04-25 13:00:54,072] {dag.py:2937} INFO - Setting next_dagrun for example_branch_dop_operator_v3 to 2022-04-25T12:59:00+00:00
[2022-04-25 13:00:54,107] {processor.py:171} INFO - Processing /home/airflow/.local/lib/python3.7/site-packages/airflow/example_dags/example_branch_python_dop_operator_3.py took 0.190 seconds
[2022-04-25 13:01:24,569] {processor.py:163} INFO - Started process (PID=1833) to work on /home/airflow/.local/lib/python3.7/site-packages/airflow/example_dags/example_branch_python_dop_operator_3.py
[2022-04-25 13:01:24,579] {processor.py:642} INFO - Processing file /home/airflow/.local/lib/python3.7/site-packages/airflow/example_dags/example_branch_python_dop_operator_3.py for tasks to queue
[2022-04-25 13:01:24,583] {logging_mixin.py:109} INFO - [2022-04-25 13:01:24,583] {dagbag.py:500} INFO - Filling up the DagBag from /home/airflow/.local/lib/python3.7/site-packages/airflow/example_dags/example_branch_python_dop_operator_3.py
[2022-04-25 13:01:24,684] {processor.py:652} INFO - DAG(s) dict_keys(['example_branch_dop_operator_v3']) retrieved from /home/airflow/.local/lib/python3.7/site-packages/airflow/example_dags/example_branch_python_dop_operator_3.py
[2022-04-25 13:01:24,748] {logging_mixin.py:109} INFO - [2022-04-25 13:01:24,747] {dag.py:2398} INFO - Sync 1 DAGs
[2022-04-25 13:01:24,830] {logging_mixin.py:109} INFO - [2022-04-25 13:01:24,830] {dag.py:2937} INFO - Setting next_dagrun for example_branch_dop_operator_v3 to 2022-04-25T13:00:00+00:00
[2022-04-25 13:01:24,868] {processor.py:171} INFO - Processing /home/airflow/.local/lib/python3.7/site-packages/airflow/example_dags/example_branch_python_dop_operator_3.py took 0.305 seconds
[2022-04-25 13:01:55,697] {processor.py:163} INFO - Started process (PID=1886) to work on /home/airflow/.local/lib/python3.7/site-packages/airflow/example_dags/example_branch_python_dop_operator_3.py
[2022-04-25 13:01:55,701] {processor.py:642} INFO - Processing file /home/airflow/.local/lib/python3.7/site-packages/airflow/example_dags/example_branch_python_dop_operator_3.py for tasks to queue
[2022-04-25 13:01:55,704] {logging_mixin.py:109} INFO - [2022-04-25 13:01:55,704] {dagbag.py:500} INFO - Filling up the DagBag from /home/airflow/.local/lib/python3.7/site-packages/airflow/example_dags/example_branch_python_dop_operator_3.py
[2022-04-25 13:01:55,745] {processor.py:652} INFO - DAG(s) dict_keys(['example_branch_dop_operator_v3']) retrieved from /home/airflow/.local/lib/python3.7/site-packages/airflow/example_dags/example_branch_python_dop_operator_3.py
[2022-04-25 13:01:55,786] {logging_mixin.py:109} INFO - [2022-04-25 13:01:55,785] {dag.py:2398} INFO - Sync 1 DAGs
[2022-04-25 13:01:55,846] {logging_mixin.py:109} INFO - [2022-04-25 13:01:55,846] {dag.py:2937} INFO - Setting next_dagrun for example_branch_dop_operator_v3 to 2022-04-25T13:00:00+00:00
[2022-04-25 13:01:55,866] {processor.py:171} INFO - Processing /home/airflow/.local/lib/python3.7/site-packages/airflow/example_dags/example_branch_python_dop_operator_3.py took 0.182 seconds
[2022-04-25 13:02:26,581] {processor.py:163} INFO - Started process (PID=1946) to work on /home/airflow/.local/lib/python3.7/site-packages/airflow/example_dags/example_branch_python_dop_operator_3.py
[2022-04-25 13:02:26,594] {processor.py:642} INFO - Processing file /home/airflow/.local/lib/python3.7/site-packages/airflow/example_dags/example_branch_python_dop_operator_3.py for tasks to queue
[2022-04-25 13:02:26,605] {logging_mixin.py:109} INFO - [2022-04-25 13:02:26,605] {dagbag.py:500} INFO - Filling up the DagBag from /home/airflow/.local/lib/python3.7/site-packages/airflow/example_dags/example_branch_python_dop_operator_3.py
[2022-04-25 13:02:26,673] {processor.py:652} INFO - DAG(s) dict_keys(['example_branch_dop_operator_v3']) retrieved from /home/airflow/.local/lib/python3.7/site-packages/airflow/example_dags/example_branch_python_dop_operator_3.py
[2022-04-25 13:02:26,790] {logging_mixin.py:109} INFO - [2022-04-25 13:02:26,790] {dag.py:2398} INFO - Sync 1 DAGs
[2022-04-25 13:02:26,969] {logging_mixin.py:109} INFO - [2022-04-25 13:02:26,969] {dag.py:2937} INFO - Setting next_dagrun for example_branch_dop_operator_v3 to 2022-04-25T13:01:00+00:00
[2022-04-25 13:02:27,031] {processor.py:171} INFO - Processing /home/airflow/.local/lib/python3.7/site-packages/airflow/example_dags/example_branch_python_dop_operator_3.py took 0.458 seconds
[2022-04-25 13:11:56,473] {processor.py:163} INFO - Started process (PID=2013) to work on /home/airflow/.local/lib/python3.7/site-packages/airflow/example_dags/example_branch_python_dop_operator_3.py
[2022-04-25 13:11:56,485] {processor.py:642} INFO - Processing file /home/airflow/.local/lib/python3.7/site-packages/airflow/example_dags/example_branch_python_dop_operator_3.py for tasks to queue
[2022-04-25 13:11:56,489] {logging_mixin.py:109} INFO - [2022-04-25 13:11:56,488] {dagbag.py:500} INFO - Filling up the DagBag from /home/airflow/.local/lib/python3.7/site-packages/airflow/example_dags/example_branch_python_dop_operator_3.py
[2022-04-25 13:11:56,584] {processor.py:652} INFO - DAG(s) dict_keys(['example_branch_dop_operator_v3']) retrieved from /home/airflow/.local/lib/python3.7/site-packages/airflow/example_dags/example_branch_python_dop_operator_3.py
[2022-04-25 13:11:56,636] {logging_mixin.py:109} INFO - [2022-04-25 13:11:56,636] {dag.py:2398} INFO - Sync 1 DAGs
[2022-04-25 13:11:56,696] {logging_mixin.py:109} INFO - [2022-04-25 13:11:56,696] {dag.py:2937} INFO - Setting next_dagrun for example_branch_dop_operator_v3 to 2022-04-25T13:10:00+00:00
[2022-04-25 13:11:56,721] {processor.py:171} INFO - Processing /home/airflow/.local/lib/python3.7/site-packages/airflow/example_dags/example_branch_python_dop_operator_3.py took 0.272 seconds
