[2022-04-25 12:41:38,396] {processor.py:163} INFO - Started process (PID=157) to work on /home/airflow/.local/lib/python3.7/site-packages/airflow/example_dags/example_branch_day_of_week_operator.py
[2022-04-25 12:41:38,406] {processor.py:642} INFO - Processing file /home/airflow/.local/lib/python3.7/site-packages/airflow/example_dags/example_branch_day_of_week_operator.py for tasks to queue
[2022-04-25 12:41:38,413] {logging_mixin.py:109} INFO - [2022-04-25 12:41:38,412] {dagbag.py:500} INFO - Filling up the DagBag from /home/airflow/.local/lib/python3.7/site-packages/airflow/example_dags/example_branch_day_of_week_operator.py
[2022-04-25 12:41:38,487] {processor.py:652} INFO - DAG(s) dict_keys(['example_weekday_branch_operator']) retrieved from /home/airflow/.local/lib/python3.7/site-packages/airflow/example_dags/example_branch_day_of_week_operator.py
[2022-04-25 12:41:43,415] {logging_mixin.py:109} INFO - [2022-04-25 12:41:43,415] {manager.py:496} INFO - Created Permission View: can read on DAG:example_weekday_branch_operator
[2022-04-25 12:41:43,444] {logging_mixin.py:109} INFO - [2022-04-25 12:41:43,443] {manager.py:496} INFO - Created Permission View: can edit on DAG:example_weekday_branch_operator
[2022-04-25 12:41:43,446] {logging_mixin.py:109} INFO - [2022-04-25 12:41:43,445] {dag.py:2398} INFO - Sync 1 DAGs
[2022-04-25 12:41:43,472] {logging_mixin.py:109} INFO - [2022-04-25 12:41:43,472] {dag.py:2417} INFO - Creating ORM DAG for example_weekday_branch_operator
[2022-04-25 12:41:43,496] {logging_mixin.py:109} INFO - [2022-04-25 12:41:43,495] {dag.py:2937} INFO - Setting next_dagrun for example_weekday_branch_operator to 2022-04-24 00:00:00+00:00
[2022-04-25 12:41:43,526] {processor.py:171} INFO - Processing /home/airflow/.local/lib/python3.7/site-packages/airflow/example_dags/example_branch_day_of_week_operator.py took 5.150 seconds
[2022-04-25 12:42:36,518] {processor.py:163} INFO - Started process (PID=253) to work on /home/airflow/.local/lib/python3.7/site-packages/airflow/example_dags/example_branch_day_of_week_operator.py
[2022-04-25 12:42:36,524] {processor.py:642} INFO - Processing file /home/airflow/.local/lib/python3.7/site-packages/airflow/example_dags/example_branch_day_of_week_operator.py for tasks to queue
[2022-04-25 12:42:36,528] {logging_mixin.py:109} INFO - [2022-04-25 12:42:36,526] {dagbag.py:500} INFO - Filling up the DagBag from /home/airflow/.local/lib/python3.7/site-packages/airflow/example_dags/example_branch_day_of_week_operator.py
[2022-04-25 12:42:36,585] {processor.py:652} INFO - DAG(s) dict_keys(['example_weekday_branch_operator']) retrieved from /home/airflow/.local/lib/python3.7/site-packages/airflow/example_dags/example_branch_day_of_week_operator.py
[2022-04-25 12:42:36,657] {logging_mixin.py:109} INFO - [2022-04-25 12:42:36,657] {dag.py:2398} INFO - Sync 1 DAGs
[2022-04-25 12:42:36,730] {logging_mixin.py:109} INFO - [2022-04-25 12:42:36,729] {dag.py:2937} INFO - Setting next_dagrun for example_weekday_branch_operator to 2022-04-24 00:00:00+00:00
[2022-04-25 12:42:36,767] {processor.py:171} INFO - Processing /home/airflow/.local/lib/python3.7/site-packages/airflow/example_dags/example_branch_day_of_week_operator.py took 0.255 seconds
[2022-04-25 12:43:09,362] {processor.py:163} INFO - Started process (PID=307) to work on /home/airflow/.local/lib/python3.7/site-packages/airflow/example_dags/example_branch_day_of_week_operator.py
[2022-04-25 12:43:09,366] {processor.py:642} INFO - Processing file /home/airflow/.local/lib/python3.7/site-packages/airflow/example_dags/example_branch_day_of_week_operator.py for tasks to queue
[2022-04-25 12:43:09,371] {logging_mixin.py:109} INFO - [2022-04-25 12:43:09,371] {dagbag.py:500} INFO - Filling up the DagBag from /home/airflow/.local/lib/python3.7/site-packages/airflow/example_dags/example_branch_day_of_week_operator.py
[2022-04-25 12:43:09,467] {processor.py:652} INFO - DAG(s) dict_keys(['example_weekday_branch_operator']) retrieved from /home/airflow/.local/lib/python3.7/site-packages/airflow/example_dags/example_branch_day_of_week_operator.py
[2022-04-25 12:43:09,619] {logging_mixin.py:109} INFO - [2022-04-25 12:43:09,619] {dag.py:2398} INFO - Sync 1 DAGs
[2022-04-25 12:43:09,735] {logging_mixin.py:109} INFO - [2022-04-25 12:43:09,735] {dag.py:2937} INFO - Setting next_dagrun for example_weekday_branch_operator to 2022-04-24 00:00:00+00:00
[2022-04-25 12:43:09,792] {processor.py:171} INFO - Processing /home/airflow/.local/lib/python3.7/site-packages/airflow/example_dags/example_branch_day_of_week_operator.py took 0.444 seconds
[2022-04-25 12:43:41,521] {processor.py:163} INFO - Started process (PID=366) to work on /home/airflow/.local/lib/python3.7/site-packages/airflow/example_dags/example_branch_day_of_week_operator.py
[2022-04-25 12:43:41,527] {processor.py:642} INFO - Processing file /home/airflow/.local/lib/python3.7/site-packages/airflow/example_dags/example_branch_day_of_week_operator.py for tasks to queue
[2022-04-25 12:43:41,536] {logging_mixin.py:109} INFO - [2022-04-25 12:43:41,536] {dagbag.py:500} INFO - Filling up the DagBag from /home/airflow/.local/lib/python3.7/site-packages/airflow/example_dags/example_branch_day_of_week_operator.py
[2022-04-25 12:43:41,705] {processor.py:652} INFO - DAG(s) dict_keys(['example_weekday_branch_operator']) retrieved from /home/airflow/.local/lib/python3.7/site-packages/airflow/example_dags/example_branch_day_of_week_operator.py
[2022-04-25 12:43:41,866] {logging_mixin.py:109} INFO - [2022-04-25 12:43:41,866] {dag.py:2398} INFO - Sync 1 DAGs
[2022-04-25 12:43:42,046] {logging_mixin.py:109} INFO - [2022-04-25 12:43:42,046] {dag.py:2937} INFO - Setting next_dagrun for example_weekday_branch_operator to 2022-04-24 00:00:00+00:00
[2022-04-25 12:43:42,163] {processor.py:171} INFO - Processing /home/airflow/.local/lib/python3.7/site-packages/airflow/example_dags/example_branch_day_of_week_operator.py took 0.687 seconds
[2022-04-25 12:44:12,636] {processor.py:163} INFO - Started process (PID=421) to work on /home/airflow/.local/lib/python3.7/site-packages/airflow/example_dags/example_branch_day_of_week_operator.py
[2022-04-25 12:44:12,648] {processor.py:642} INFO - Processing file /home/airflow/.local/lib/python3.7/site-packages/airflow/example_dags/example_branch_day_of_week_operator.py for tasks to queue
[2022-04-25 12:44:12,657] {logging_mixin.py:109} INFO - [2022-04-25 12:44:12,655] {dagbag.py:500} INFO - Filling up the DagBag from /home/airflow/.local/lib/python3.7/site-packages/airflow/example_dags/example_branch_day_of_week_operator.py
[2022-04-25 12:44:12,815] {processor.py:652} INFO - DAG(s) dict_keys(['example_weekday_branch_operator']) retrieved from /home/airflow/.local/lib/python3.7/site-packages/airflow/example_dags/example_branch_day_of_week_operator.py
[2022-04-25 12:44:12,896] {logging_mixin.py:109} INFO - [2022-04-25 12:44:12,896] {dag.py:2398} INFO - Sync 1 DAGs
[2022-04-25 12:44:12,958] {logging_mixin.py:109} INFO - [2022-04-25 12:44:12,958] {dag.py:2937} INFO - Setting next_dagrun for example_weekday_branch_operator to 2022-04-24 00:00:00+00:00
[2022-04-25 12:44:12,988] {processor.py:171} INFO - Processing /home/airflow/.local/lib/python3.7/site-packages/airflow/example_dags/example_branch_day_of_week_operator.py took 0.391 seconds
[2022-04-25 12:44:43,804] {processor.py:163} INFO - Started process (PID=473) to work on /home/airflow/.local/lib/python3.7/site-packages/airflow/example_dags/example_branch_day_of_week_operator.py
[2022-04-25 12:44:43,811] {processor.py:642} INFO - Processing file /home/airflow/.local/lib/python3.7/site-packages/airflow/example_dags/example_branch_day_of_week_operator.py for tasks to queue
[2022-04-25 12:44:43,815] {logging_mixin.py:109} INFO - [2022-04-25 12:44:43,814] {dagbag.py:500} INFO - Filling up the DagBag from /home/airflow/.local/lib/python3.7/site-packages/airflow/example_dags/example_branch_day_of_week_operator.py
[2022-04-25 12:44:43,862] {processor.py:652} INFO - DAG(s) dict_keys(['example_weekday_branch_operator']) retrieved from /home/airflow/.local/lib/python3.7/site-packages/airflow/example_dags/example_branch_day_of_week_operator.py
[2022-04-25 12:44:43,929] {logging_mixin.py:109} INFO - [2022-04-25 12:44:43,928] {dag.py:2398} INFO - Sync 1 DAGs
[2022-04-25 12:44:43,990] {logging_mixin.py:109} INFO - [2022-04-25 12:44:43,989] {dag.py:2937} INFO - Setting next_dagrun for example_weekday_branch_operator to 2022-04-24 00:00:00+00:00
[2022-04-25 12:44:44,038] {processor.py:171} INFO - Processing /home/airflow/.local/lib/python3.7/site-packages/airflow/example_dags/example_branch_day_of_week_operator.py took 0.245 seconds
[2022-04-25 12:45:15,495] {processor.py:163} INFO - Started process (PID=524) to work on /home/airflow/.local/lib/python3.7/site-packages/airflow/example_dags/example_branch_day_of_week_operator.py
[2022-04-25 12:45:15,511] {processor.py:642} INFO - Processing file /home/airflow/.local/lib/python3.7/site-packages/airflow/example_dags/example_branch_day_of_week_operator.py for tasks to queue
[2022-04-25 12:45:15,517] {logging_mixin.py:109} INFO - [2022-04-25 12:45:15,515] {dagbag.py:500} INFO - Filling up the DagBag from /home/airflow/.local/lib/python3.7/site-packages/airflow/example_dags/example_branch_day_of_week_operator.py
[2022-04-25 12:45:15,692] {processor.py:652} INFO - DAG(s) dict_keys(['example_weekday_branch_operator']) retrieved from /home/airflow/.local/lib/python3.7/site-packages/airflow/example_dags/example_branch_day_of_week_operator.py
[2022-04-25 12:45:15,847] {logging_mixin.py:109} INFO - [2022-04-25 12:45:15,847] {dag.py:2398} INFO - Sync 1 DAGs
[2022-04-25 12:45:16,047] {logging_mixin.py:109} INFO - [2022-04-25 12:45:16,046] {dag.py:2937} INFO - Setting next_dagrun for example_weekday_branch_operator to 2022-04-24 00:00:00+00:00
[2022-04-25 12:45:16,088] {processor.py:171} INFO - Processing /home/airflow/.local/lib/python3.7/site-packages/airflow/example_dags/example_branch_day_of_week_operator.py took 0.623 seconds
[2022-04-25 12:45:46,328] {processor.py:163} INFO - Started process (PID=577) to work on /home/airflow/.local/lib/python3.7/site-packages/airflow/example_dags/example_branch_day_of_week_operator.py
[2022-04-25 12:45:46,332] {processor.py:642} INFO - Processing file /home/airflow/.local/lib/python3.7/site-packages/airflow/example_dags/example_branch_day_of_week_operator.py for tasks to queue
[2022-04-25 12:45:46,336] {logging_mixin.py:109} INFO - [2022-04-25 12:45:46,335] {dagbag.py:500} INFO - Filling up the DagBag from /home/airflow/.local/lib/python3.7/site-packages/airflow/example_dags/example_branch_day_of_week_operator.py
[2022-04-25 12:45:46,378] {processor.py:652} INFO - DAG(s) dict_keys(['example_weekday_branch_operator']) retrieved from /home/airflow/.local/lib/python3.7/site-packages/airflow/example_dags/example_branch_day_of_week_operator.py
[2022-04-25 12:45:46,420] {logging_mixin.py:109} INFO - [2022-04-25 12:45:46,420] {dag.py:2398} INFO - Sync 1 DAGs
[2022-04-25 12:45:46,450] {logging_mixin.py:109} INFO - [2022-04-25 12:45:46,450] {dag.py:2937} INFO - Setting next_dagrun for example_weekday_branch_operator to 2022-04-24 00:00:00+00:00
[2022-04-25 12:45:46,470] {processor.py:171} INFO - Processing /home/airflow/.local/lib/python3.7/site-packages/airflow/example_dags/example_branch_day_of_week_operator.py took 0.149 seconds
[2022-04-25 12:46:16,633] {processor.py:163} INFO - Started process (PID=626) to work on /home/airflow/.local/lib/python3.7/site-packages/airflow/example_dags/example_branch_day_of_week_operator.py
[2022-04-25 12:46:16,637] {processor.py:642} INFO - Processing file /home/airflow/.local/lib/python3.7/site-packages/airflow/example_dags/example_branch_day_of_week_operator.py for tasks to queue
[2022-04-25 12:46:16,639] {logging_mixin.py:109} INFO - [2022-04-25 12:46:16,639] {dagbag.py:500} INFO - Filling up the DagBag from /home/airflow/.local/lib/python3.7/site-packages/airflow/example_dags/example_branch_day_of_week_operator.py
[2022-04-25 12:46:16,671] {processor.py:652} INFO - DAG(s) dict_keys(['example_weekday_branch_operator']) retrieved from /home/airflow/.local/lib/python3.7/site-packages/airflow/example_dags/example_branch_day_of_week_operator.py
[2022-04-25 12:46:16,705] {logging_mixin.py:109} INFO - [2022-04-25 12:46:16,705] {dag.py:2398} INFO - Sync 1 DAGs
[2022-04-25 12:46:16,734] {logging_mixin.py:109} INFO - [2022-04-25 12:46:16,733] {dag.py:2937} INFO - Setting next_dagrun for example_weekday_branch_operator to 2022-04-24 00:00:00+00:00
[2022-04-25 12:46:16,751] {processor.py:171} INFO - Processing /home/airflow/.local/lib/python3.7/site-packages/airflow/example_dags/example_branch_day_of_week_operator.py took 0.123 seconds
[2022-04-25 12:46:46,999] {processor.py:163} INFO - Started process (PID=676) to work on /home/airflow/.local/lib/python3.7/site-packages/airflow/example_dags/example_branch_day_of_week_operator.py
[2022-04-25 12:46:47,003] {processor.py:642} INFO - Processing file /home/airflow/.local/lib/python3.7/site-packages/airflow/example_dags/example_branch_day_of_week_operator.py for tasks to queue
[2022-04-25 12:46:47,006] {logging_mixin.py:109} INFO - [2022-04-25 12:46:47,006] {dagbag.py:500} INFO - Filling up the DagBag from /home/airflow/.local/lib/python3.7/site-packages/airflow/example_dags/example_branch_day_of_week_operator.py
[2022-04-25 12:46:47,045] {processor.py:652} INFO - DAG(s) dict_keys(['example_weekday_branch_operator']) retrieved from /home/airflow/.local/lib/python3.7/site-packages/airflow/example_dags/example_branch_day_of_week_operator.py
[2022-04-25 12:46:47,077] {logging_mixin.py:109} INFO - [2022-04-25 12:46:47,077] {dag.py:2398} INFO - Sync 1 DAGs
[2022-04-25 12:46:47,120] {logging_mixin.py:109} INFO - [2022-04-25 12:46:47,115] {dag.py:2937} INFO - Setting next_dagrun for example_weekday_branch_operator to 2022-04-24 00:00:00+00:00
[2022-04-25 12:46:47,137] {processor.py:171} INFO - Processing /home/airflow/.local/lib/python3.7/site-packages/airflow/example_dags/example_branch_day_of_week_operator.py took 0.144 seconds
[2022-04-25 12:47:17,245] {processor.py:163} INFO - Started process (PID=725) to work on /home/airflow/.local/lib/python3.7/site-packages/airflow/example_dags/example_branch_day_of_week_operator.py
[2022-04-25 12:47:17,248] {processor.py:642} INFO - Processing file /home/airflow/.local/lib/python3.7/site-packages/airflow/example_dags/example_branch_day_of_week_operator.py for tasks to queue
[2022-04-25 12:47:17,251] {logging_mixin.py:109} INFO - [2022-04-25 12:47:17,250] {dagbag.py:500} INFO - Filling up the DagBag from /home/airflow/.local/lib/python3.7/site-packages/airflow/example_dags/example_branch_day_of_week_operator.py
[2022-04-25 12:47:17,291] {processor.py:652} INFO - DAG(s) dict_keys(['example_weekday_branch_operator']) retrieved from /home/airflow/.local/lib/python3.7/site-packages/airflow/example_dags/example_branch_day_of_week_operator.py
[2022-04-25 12:47:17,326] {logging_mixin.py:109} INFO - [2022-04-25 12:47:17,326] {dag.py:2398} INFO - Sync 1 DAGs
[2022-04-25 12:47:17,360] {logging_mixin.py:109} INFO - [2022-04-25 12:47:17,360] {dag.py:2937} INFO - Setting next_dagrun for example_weekday_branch_operator to 2022-04-24 00:00:00+00:00
[2022-04-25 12:47:17,392] {processor.py:171} INFO - Processing /home/airflow/.local/lib/python3.7/site-packages/airflow/example_dags/example_branch_day_of_week_operator.py took 0.156 seconds
[2022-04-25 12:47:48,158] {processor.py:163} INFO - Started process (PID=775) to work on /home/airflow/.local/lib/python3.7/site-packages/airflow/example_dags/example_branch_day_of_week_operator.py
[2022-04-25 12:47:48,163] {processor.py:642} INFO - Processing file /home/airflow/.local/lib/python3.7/site-packages/airflow/example_dags/example_branch_day_of_week_operator.py for tasks to queue
[2022-04-25 12:47:48,165] {logging_mixin.py:109} INFO - [2022-04-25 12:47:48,165] {dagbag.py:500} INFO - Filling up the DagBag from /home/airflow/.local/lib/python3.7/site-packages/airflow/example_dags/example_branch_day_of_week_operator.py
[2022-04-25 12:47:48,207] {processor.py:652} INFO - DAG(s) dict_keys(['example_weekday_branch_operator']) retrieved from /home/airflow/.local/lib/python3.7/site-packages/airflow/example_dags/example_branch_day_of_week_operator.py
[2022-04-25 12:47:48,290] {logging_mixin.py:109} INFO - [2022-04-25 12:47:48,289] {dag.py:2398} INFO - Sync 1 DAGs
[2022-04-25 12:47:48,402] {logging_mixin.py:109} INFO - [2022-04-25 12:47:48,402] {dag.py:2937} INFO - Setting next_dagrun for example_weekday_branch_operator to 2022-04-24 00:00:00+00:00
[2022-04-25 12:47:48,439] {processor.py:171} INFO - Processing /home/airflow/.local/lib/python3.7/site-packages/airflow/example_dags/example_branch_day_of_week_operator.py took 0.290 seconds
[2022-04-25 12:48:18,684] {processor.py:163} INFO - Started process (PID=826) to work on /home/airflow/.local/lib/python3.7/site-packages/airflow/example_dags/example_branch_day_of_week_operator.py
[2022-04-25 12:48:18,695] {processor.py:642} INFO - Processing file /home/airflow/.local/lib/python3.7/site-packages/airflow/example_dags/example_branch_day_of_week_operator.py for tasks to queue
[2022-04-25 12:48:18,701] {logging_mixin.py:109} INFO - [2022-04-25 12:48:18,700] {dagbag.py:500} INFO - Filling up the DagBag from /home/airflow/.local/lib/python3.7/site-packages/airflow/example_dags/example_branch_day_of_week_operator.py
[2022-04-25 12:48:18,825] {processor.py:652} INFO - DAG(s) dict_keys(['example_weekday_branch_operator']) retrieved from /home/airflow/.local/lib/python3.7/site-packages/airflow/example_dags/example_branch_day_of_week_operator.py
[2022-04-25 12:48:18,900] {logging_mixin.py:109} INFO - [2022-04-25 12:48:18,900] {dag.py:2398} INFO - Sync 1 DAGs
[2022-04-25 12:48:18,997] {logging_mixin.py:109} INFO - [2022-04-25 12:48:18,996] {dag.py:2937} INFO - Setting next_dagrun for example_weekday_branch_operator to 2022-04-24 00:00:00+00:00
[2022-04-25 12:48:19,054] {processor.py:171} INFO - Processing /home/airflow/.local/lib/python3.7/site-packages/airflow/example_dags/example_branch_day_of_week_operator.py took 0.401 seconds
[2022-04-25 12:48:52,275] {processor.py:163} INFO - Started process (PID=876) to work on /home/airflow/.local/lib/python3.7/site-packages/airflow/example_dags/example_branch_day_of_week_operator.py
[2022-04-25 12:48:52,283] {processor.py:642} INFO - Processing file /home/airflow/.local/lib/python3.7/site-packages/airflow/example_dags/example_branch_day_of_week_operator.py for tasks to queue
[2022-04-25 12:48:52,297] {logging_mixin.py:109} INFO - [2022-04-25 12:48:52,297] {dagbag.py:500} INFO - Filling up the DagBag from /home/airflow/.local/lib/python3.7/site-packages/airflow/example_dags/example_branch_day_of_week_operator.py
[2022-04-25 12:48:52,493] {processor.py:652} INFO - DAG(s) dict_keys(['example_weekday_branch_operator']) retrieved from /home/airflow/.local/lib/python3.7/site-packages/airflow/example_dags/example_branch_day_of_week_operator.py
[2022-04-25 12:48:52,667] {logging_mixin.py:109} INFO - [2022-04-25 12:48:52,666] {dag.py:2398} INFO - Sync 1 DAGs
[2022-04-25 12:48:52,762] {logging_mixin.py:109} INFO - [2022-04-25 12:48:52,762] {dag.py:2937} INFO - Setting next_dagrun for example_weekday_branch_operator to 2022-04-24 00:00:00+00:00
[2022-04-25 12:48:52,811] {processor.py:171} INFO - Processing /home/airflow/.local/lib/python3.7/site-packages/airflow/example_dags/example_branch_day_of_week_operator.py took 0.561 seconds
[2022-04-25 12:52:39,033] {processor.py:163} INFO - Started process (PID=937) to work on /home/airflow/.local/lib/python3.7/site-packages/airflow/example_dags/example_branch_day_of_week_operator.py
[2022-04-25 12:52:39,057] {processor.py:642} INFO - Processing file /home/airflow/.local/lib/python3.7/site-packages/airflow/example_dags/example_branch_day_of_week_operator.py for tasks to queue
[2022-04-25 12:52:39,067] {logging_mixin.py:109} INFO - [2022-04-25 12:52:39,062] {dagbag.py:500} INFO - Filling up the DagBag from /home/airflow/.local/lib/python3.7/site-packages/airflow/example_dags/example_branch_day_of_week_operator.py
[2022-04-25 12:52:39,378] {processor.py:652} INFO - DAG(s) dict_keys(['example_weekday_branch_operator']) retrieved from /home/airflow/.local/lib/python3.7/site-packages/airflow/example_dags/example_branch_day_of_week_operator.py
[2022-04-25 12:52:39,685] {logging_mixin.py:109} INFO - [2022-04-25 12:52:39,685] {dag.py:2398} INFO - Sync 1 DAGs
[2022-04-25 12:52:39,902] {logging_mixin.py:109} INFO - [2022-04-25 12:52:39,902] {dag.py:2937} INFO - Setting next_dagrun for example_weekday_branch_operator to 2022-04-24 00:00:00+00:00
[2022-04-25 12:52:40,007] {processor.py:171} INFO - Processing /home/airflow/.local/lib/python3.7/site-packages/airflow/example_dags/example_branch_day_of_week_operator.py took 1.008 seconds
[2022-04-25 12:53:10,274] {processor.py:163} INFO - Started process (PID=980) to work on /home/airflow/.local/lib/python3.7/site-packages/airflow/example_dags/example_branch_day_of_week_operator.py
[2022-04-25 12:53:10,283] {processor.py:642} INFO - Processing file /home/airflow/.local/lib/python3.7/site-packages/airflow/example_dags/example_branch_day_of_week_operator.py for tasks to queue
[2022-04-25 12:53:10,290] {logging_mixin.py:109} INFO - [2022-04-25 12:53:10,288] {dagbag.py:500} INFO - Filling up the DagBag from /home/airflow/.local/lib/python3.7/site-packages/airflow/example_dags/example_branch_day_of_week_operator.py
[2022-04-25 12:53:10,354] {processor.py:652} INFO - DAG(s) dict_keys(['example_weekday_branch_operator']) retrieved from /home/airflow/.local/lib/python3.7/site-packages/airflow/example_dags/example_branch_day_of_week_operator.py
[2022-04-25 12:53:10,394] {logging_mixin.py:109} INFO - [2022-04-25 12:53:10,394] {dag.py:2398} INFO - Sync 1 DAGs
[2022-04-25 12:53:10,424] {logging_mixin.py:109} INFO - [2022-04-25 12:53:10,424] {dag.py:2937} INFO - Setting next_dagrun for example_weekday_branch_operator to 2022-04-24 00:00:00+00:00
[2022-04-25 12:53:10,444] {processor.py:171} INFO - Processing /home/airflow/.local/lib/python3.7/site-packages/airflow/example_dags/example_branch_day_of_week_operator.py took 0.193 seconds
[2022-04-25 12:53:40,588] {processor.py:163} INFO - Started process (PID=1041) to work on /home/airflow/.local/lib/python3.7/site-packages/airflow/example_dags/example_branch_day_of_week_operator.py
[2022-04-25 12:53:40,594] {processor.py:642} INFO - Processing file /home/airflow/.local/lib/python3.7/site-packages/airflow/example_dags/example_branch_day_of_week_operator.py for tasks to queue
[2022-04-25 12:53:40,596] {logging_mixin.py:109} INFO - [2022-04-25 12:53:40,596] {dagbag.py:500} INFO - Filling up the DagBag from /home/airflow/.local/lib/python3.7/site-packages/airflow/example_dags/example_branch_day_of_week_operator.py
[2022-04-25 12:53:40,626] {processor.py:652} INFO - DAG(s) dict_keys(['example_weekday_branch_operator']) retrieved from /home/airflow/.local/lib/python3.7/site-packages/airflow/example_dags/example_branch_day_of_week_operator.py
[2022-04-25 12:53:40,665] {logging_mixin.py:109} INFO - [2022-04-25 12:53:40,665] {dag.py:2398} INFO - Sync 1 DAGs
[2022-04-25 12:53:40,697] {logging_mixin.py:109} INFO - [2022-04-25 12:53:40,697] {dag.py:2937} INFO - Setting next_dagrun for example_weekday_branch_operator to 2022-04-24 00:00:00+00:00
[2022-04-25 12:53:40,714] {processor.py:171} INFO - Processing /home/airflow/.local/lib/python3.7/site-packages/airflow/example_dags/example_branch_day_of_week_operator.py took 0.136 seconds
[2022-04-25 12:54:10,861] {processor.py:163} INFO - Started process (PID=1091) to work on /home/airflow/.local/lib/python3.7/site-packages/airflow/example_dags/example_branch_day_of_week_operator.py
[2022-04-25 12:54:10,874] {processor.py:642} INFO - Processing file /home/airflow/.local/lib/python3.7/site-packages/airflow/example_dags/example_branch_day_of_week_operator.py for tasks to queue
[2022-04-25 12:54:10,878] {logging_mixin.py:109} INFO - [2022-04-25 12:54:10,878] {dagbag.py:500} INFO - Filling up the DagBag from /home/airflow/.local/lib/python3.7/site-packages/airflow/example_dags/example_branch_day_of_week_operator.py
[2022-04-25 12:54:10,930] {processor.py:652} INFO - DAG(s) dict_keys(['example_weekday_branch_operator']) retrieved from /home/airflow/.local/lib/python3.7/site-packages/airflow/example_dags/example_branch_day_of_week_operator.py
[2022-04-25 12:54:10,996] {logging_mixin.py:109} INFO - [2022-04-25 12:54:10,996] {dag.py:2398} INFO - Sync 1 DAGs
[2022-04-25 12:54:11,065] {logging_mixin.py:109} INFO - [2022-04-25 12:54:11,065] {dag.py:2937} INFO - Setting next_dagrun for example_weekday_branch_operator to 2022-04-24 00:00:00+00:00
[2022-04-25 12:54:11,096] {processor.py:171} INFO - Processing /home/airflow/.local/lib/python3.7/site-packages/airflow/example_dags/example_branch_day_of_week_operator.py took 0.240 seconds
[2022-04-25 12:54:41,204] {processor.py:163} INFO - Started process (PID=1140) to work on /home/airflow/.local/lib/python3.7/site-packages/airflow/example_dags/example_branch_day_of_week_operator.py
[2022-04-25 12:54:41,213] {processor.py:642} INFO - Processing file /home/airflow/.local/lib/python3.7/site-packages/airflow/example_dags/example_branch_day_of_week_operator.py for tasks to queue
[2022-04-25 12:54:41,219] {logging_mixin.py:109} INFO - [2022-04-25 12:54:41,219] {dagbag.py:500} INFO - Filling up the DagBag from /home/airflow/.local/lib/python3.7/site-packages/airflow/example_dags/example_branch_day_of_week_operator.py
[2022-04-25 12:54:41,289] {processor.py:652} INFO - DAG(s) dict_keys(['example_weekday_branch_operator']) retrieved from /home/airflow/.local/lib/python3.7/site-packages/airflow/example_dags/example_branch_day_of_week_operator.py
[2022-04-25 12:54:41,356] {logging_mixin.py:109} INFO - [2022-04-25 12:54:41,356] {dag.py:2398} INFO - Sync 1 DAGs
[2022-04-25 12:54:41,391] {logging_mixin.py:109} INFO - [2022-04-25 12:54:41,390] {dag.py:2937} INFO - Setting next_dagrun for example_weekday_branch_operator to 2022-04-24 00:00:00+00:00
[2022-04-25 12:54:41,409] {processor.py:171} INFO - Processing /home/airflow/.local/lib/python3.7/site-packages/airflow/example_dags/example_branch_day_of_week_operator.py took 0.210 seconds
[2022-04-25 12:55:11,897] {processor.py:163} INFO - Started process (PID=1194) to work on /home/airflow/.local/lib/python3.7/site-packages/airflow/example_dags/example_branch_day_of_week_operator.py
[2022-04-25 12:55:11,903] {processor.py:642} INFO - Processing file /home/airflow/.local/lib/python3.7/site-packages/airflow/example_dags/example_branch_day_of_week_operator.py for tasks to queue
[2022-04-25 12:55:11,911] {logging_mixin.py:109} INFO - [2022-04-25 12:55:11,910] {dagbag.py:500} INFO - Filling up the DagBag from /home/airflow/.local/lib/python3.7/site-packages/airflow/example_dags/example_branch_day_of_week_operator.py
[2022-04-25 12:55:11,966] {processor.py:652} INFO - DAG(s) dict_keys(['example_weekday_branch_operator']) retrieved from /home/airflow/.local/lib/python3.7/site-packages/airflow/example_dags/example_branch_day_of_week_operator.py
[2022-04-25 12:55:12,012] {logging_mixin.py:109} INFO - [2022-04-25 12:55:12,012] {dag.py:2398} INFO - Sync 1 DAGs
[2022-04-25 12:55:12,044] {logging_mixin.py:109} INFO - [2022-04-25 12:55:12,044] {dag.py:2937} INFO - Setting next_dagrun for example_weekday_branch_operator to 2022-04-24 00:00:00+00:00
[2022-04-25 12:55:12,061] {processor.py:171} INFO - Processing /home/airflow/.local/lib/python3.7/site-packages/airflow/example_dags/example_branch_day_of_week_operator.py took 0.178 seconds
[2022-04-25 12:55:42,198] {processor.py:163} INFO - Started process (PID=1246) to work on /home/airflow/.local/lib/python3.7/site-packages/airflow/example_dags/example_branch_day_of_week_operator.py
[2022-04-25 12:55:42,202] {processor.py:642} INFO - Processing file /home/airflow/.local/lib/python3.7/site-packages/airflow/example_dags/example_branch_day_of_week_operator.py for tasks to queue
[2022-04-25 12:55:42,205] {logging_mixin.py:109} INFO - [2022-04-25 12:55:42,205] {dagbag.py:500} INFO - Filling up the DagBag from /home/airflow/.local/lib/python3.7/site-packages/airflow/example_dags/example_branch_day_of_week_operator.py
[2022-04-25 12:55:42,240] {processor.py:652} INFO - DAG(s) dict_keys(['example_weekday_branch_operator']) retrieved from /home/airflow/.local/lib/python3.7/site-packages/airflow/example_dags/example_branch_day_of_week_operator.py
[2022-04-25 12:55:42,272] {logging_mixin.py:109} INFO - [2022-04-25 12:55:42,272] {dag.py:2398} INFO - Sync 1 DAGs
[2022-04-25 12:55:42,310] {logging_mixin.py:109} INFO - [2022-04-25 12:55:42,310] {dag.py:2937} INFO - Setting next_dagrun for example_weekday_branch_operator to 2022-04-24 00:00:00+00:00
[2022-04-25 12:55:42,338] {processor.py:171} INFO - Processing /home/airflow/.local/lib/python3.7/site-packages/airflow/example_dags/example_branch_day_of_week_operator.py took 0.160 seconds
[2022-04-25 12:56:12,573] {processor.py:163} INFO - Started process (PID=1296) to work on /home/airflow/.local/lib/python3.7/site-packages/airflow/example_dags/example_branch_day_of_week_operator.py
[2022-04-25 12:56:12,581] {processor.py:642} INFO - Processing file /home/airflow/.local/lib/python3.7/site-packages/airflow/example_dags/example_branch_day_of_week_operator.py for tasks to queue
[2022-04-25 12:56:12,585] {logging_mixin.py:109} INFO - [2022-04-25 12:56:12,584] {dagbag.py:500} INFO - Filling up the DagBag from /home/airflow/.local/lib/python3.7/site-packages/airflow/example_dags/example_branch_day_of_week_operator.py
[2022-04-25 12:56:12,623] {processor.py:652} INFO - DAG(s) dict_keys(['example_weekday_branch_operator']) retrieved from /home/airflow/.local/lib/python3.7/site-packages/airflow/example_dags/example_branch_day_of_week_operator.py
[2022-04-25 12:56:12,659] {logging_mixin.py:109} INFO - [2022-04-25 12:56:12,659] {dag.py:2398} INFO - Sync 1 DAGs
[2022-04-25 12:56:12,683] {logging_mixin.py:109} INFO - [2022-04-25 12:56:12,683] {dag.py:2937} INFO - Setting next_dagrun for example_weekday_branch_operator to 2022-04-24 00:00:00+00:00
[2022-04-25 12:56:12,700] {processor.py:171} INFO - Processing /home/airflow/.local/lib/python3.7/site-packages/airflow/example_dags/example_branch_day_of_week_operator.py took 0.137 seconds
[2022-04-25 12:56:43,590] {processor.py:163} INFO - Started process (PID=1349) to work on /home/airflow/.local/lib/python3.7/site-packages/airflow/example_dags/example_branch_day_of_week_operator.py
[2022-04-25 12:56:43,595] {processor.py:642} INFO - Processing file /home/airflow/.local/lib/python3.7/site-packages/airflow/example_dags/example_branch_day_of_week_operator.py for tasks to queue
[2022-04-25 12:56:43,599] {logging_mixin.py:109} INFO - [2022-04-25 12:56:43,599] {dagbag.py:500} INFO - Filling up the DagBag from /home/airflow/.local/lib/python3.7/site-packages/airflow/example_dags/example_branch_day_of_week_operator.py
[2022-04-25 12:56:43,650] {processor.py:652} INFO - DAG(s) dict_keys(['example_weekday_branch_operator']) retrieved from /home/airflow/.local/lib/python3.7/site-packages/airflow/example_dags/example_branch_day_of_week_operator.py
[2022-04-25 12:56:43,721] {logging_mixin.py:109} INFO - [2022-04-25 12:56:43,721] {dag.py:2398} INFO - Sync 1 DAGs
[2022-04-25 12:56:43,783] {logging_mixin.py:109} INFO - [2022-04-25 12:56:43,783] {dag.py:2937} INFO - Setting next_dagrun for example_weekday_branch_operator to 2022-04-24 00:00:00+00:00
[2022-04-25 12:56:43,801] {processor.py:171} INFO - Processing /home/airflow/.local/lib/python3.7/site-packages/airflow/example_dags/example_branch_day_of_week_operator.py took 0.221 seconds
[2022-04-25 12:57:14,714] {processor.py:163} INFO - Started process (PID=1412) to work on /home/airflow/.local/lib/python3.7/site-packages/airflow/example_dags/example_branch_day_of_week_operator.py
[2022-04-25 12:57:14,723] {processor.py:642} INFO - Processing file /home/airflow/.local/lib/python3.7/site-packages/airflow/example_dags/example_branch_day_of_week_operator.py for tasks to queue
[2022-04-25 12:57:14,727] {logging_mixin.py:109} INFO - [2022-04-25 12:57:14,726] {dagbag.py:500} INFO - Filling up the DagBag from /home/airflow/.local/lib/python3.7/site-packages/airflow/example_dags/example_branch_day_of_week_operator.py
[2022-04-25 12:57:14,765] {processor.py:652} INFO - DAG(s) dict_keys(['example_weekday_branch_operator']) retrieved from /home/airflow/.local/lib/python3.7/site-packages/airflow/example_dags/example_branch_day_of_week_operator.py
[2022-04-25 12:57:14,807] {logging_mixin.py:109} INFO - [2022-04-25 12:57:14,807] {dag.py:2398} INFO - Sync 1 DAGs
[2022-04-25 12:57:14,854] {logging_mixin.py:109} INFO - [2022-04-25 12:57:14,854] {dag.py:2937} INFO - Setting next_dagrun for example_weekday_branch_operator to 2022-04-24 00:00:00+00:00
[2022-04-25 12:57:14,873] {processor.py:171} INFO - Processing /home/airflow/.local/lib/python3.7/site-packages/airflow/example_dags/example_branch_day_of_week_operator.py took 0.165 seconds
[2022-04-25 12:57:45,494] {processor.py:163} INFO - Started process (PID=1465) to work on /home/airflow/.local/lib/python3.7/site-packages/airflow/example_dags/example_branch_day_of_week_operator.py
[2022-04-25 12:57:45,501] {processor.py:642} INFO - Processing file /home/airflow/.local/lib/python3.7/site-packages/airflow/example_dags/example_branch_day_of_week_operator.py for tasks to queue
[2022-04-25 12:57:45,509] {logging_mixin.py:109} INFO - [2022-04-25 12:57:45,509] {dagbag.py:500} INFO - Filling up the DagBag from /home/airflow/.local/lib/python3.7/site-packages/airflow/example_dags/example_branch_day_of_week_operator.py
[2022-04-25 12:57:45,578] {processor.py:652} INFO - DAG(s) dict_keys(['example_weekday_branch_operator']) retrieved from /home/airflow/.local/lib/python3.7/site-packages/airflow/example_dags/example_branch_day_of_week_operator.py
[2022-04-25 12:57:45,630] {logging_mixin.py:109} INFO - [2022-04-25 12:57:45,630] {dag.py:2398} INFO - Sync 1 DAGs
[2022-04-25 12:57:45,656] {logging_mixin.py:109} INFO - [2022-04-25 12:57:45,655] {dag.py:2937} INFO - Setting next_dagrun for example_weekday_branch_operator to 2022-04-24 00:00:00+00:00
[2022-04-25 12:57:45,671] {processor.py:171} INFO - Processing /home/airflow/.local/lib/python3.7/site-packages/airflow/example_dags/example_branch_day_of_week_operator.py took 0.204 seconds
[2022-04-25 12:58:16,051] {processor.py:163} INFO - Started process (PID=1514) to work on /home/airflow/.local/lib/python3.7/site-packages/airflow/example_dags/example_branch_day_of_week_operator.py
[2022-04-25 12:58:16,057] {processor.py:642} INFO - Processing file /home/airflow/.local/lib/python3.7/site-packages/airflow/example_dags/example_branch_day_of_week_operator.py for tasks to queue
[2022-04-25 12:58:16,060] {logging_mixin.py:109} INFO - [2022-04-25 12:58:16,060] {dagbag.py:500} INFO - Filling up the DagBag from /home/airflow/.local/lib/python3.7/site-packages/airflow/example_dags/example_branch_day_of_week_operator.py
[2022-04-25 12:58:16,091] {processor.py:652} INFO - DAG(s) dict_keys(['example_weekday_branch_operator']) retrieved from /home/airflow/.local/lib/python3.7/site-packages/airflow/example_dags/example_branch_day_of_week_operator.py
[2022-04-25 12:58:16,124] {logging_mixin.py:109} INFO - [2022-04-25 12:58:16,124] {dag.py:2398} INFO - Sync 1 DAGs
[2022-04-25 12:58:16,149] {logging_mixin.py:109} INFO - [2022-04-25 12:58:16,149] {dag.py:2937} INFO - Setting next_dagrun for example_weekday_branch_operator to 2022-04-24 00:00:00+00:00
[2022-04-25 12:58:16,164] {processor.py:171} INFO - Processing /home/airflow/.local/lib/python3.7/site-packages/airflow/example_dags/example_branch_day_of_week_operator.py took 0.125 seconds
[2022-04-25 12:58:46,502] {processor.py:163} INFO - Started process (PID=1563) to work on /home/airflow/.local/lib/python3.7/site-packages/airflow/example_dags/example_branch_day_of_week_operator.py
[2022-04-25 12:58:46,510] {processor.py:642} INFO - Processing file /home/airflow/.local/lib/python3.7/site-packages/airflow/example_dags/example_branch_day_of_week_operator.py for tasks to queue
[2022-04-25 12:58:46,515] {logging_mixin.py:109} INFO - [2022-04-25 12:58:46,514] {dagbag.py:500} INFO - Filling up the DagBag from /home/airflow/.local/lib/python3.7/site-packages/airflow/example_dags/example_branch_day_of_week_operator.py
[2022-04-25 12:58:46,571] {processor.py:652} INFO - DAG(s) dict_keys(['example_weekday_branch_operator']) retrieved from /home/airflow/.local/lib/python3.7/site-packages/airflow/example_dags/example_branch_day_of_week_operator.py
[2022-04-25 12:58:46,609] {logging_mixin.py:109} INFO - [2022-04-25 12:58:46,609] {dag.py:2398} INFO - Sync 1 DAGs
[2022-04-25 12:58:46,639] {logging_mixin.py:109} INFO - [2022-04-25 12:58:46,639] {dag.py:2937} INFO - Setting next_dagrun for example_weekday_branch_operator to 2022-04-24 00:00:00+00:00
[2022-04-25 12:58:46,660] {processor.py:171} INFO - Processing /home/airflow/.local/lib/python3.7/site-packages/airflow/example_dags/example_branch_day_of_week_operator.py took 0.174 seconds
[2022-04-25 12:59:17,206] {processor.py:163} INFO - Started process (PID=1613) to work on /home/airflow/.local/lib/python3.7/site-packages/airflow/example_dags/example_branch_day_of_week_operator.py
[2022-04-25 12:59:17,215] {processor.py:642} INFO - Processing file /home/airflow/.local/lib/python3.7/site-packages/airflow/example_dags/example_branch_day_of_week_operator.py for tasks to queue
[2022-04-25 12:59:17,218] {logging_mixin.py:109} INFO - [2022-04-25 12:59:17,218] {dagbag.py:500} INFO - Filling up the DagBag from /home/airflow/.local/lib/python3.7/site-packages/airflow/example_dags/example_branch_day_of_week_operator.py
[2022-04-25 12:59:17,281] {processor.py:652} INFO - DAG(s) dict_keys(['example_weekday_branch_operator']) retrieved from /home/airflow/.local/lib/python3.7/site-packages/airflow/example_dags/example_branch_day_of_week_operator.py
[2022-04-25 12:59:17,316] {logging_mixin.py:109} INFO - [2022-04-25 12:59:17,316] {dag.py:2398} INFO - Sync 1 DAGs
[2022-04-25 12:59:17,349] {logging_mixin.py:109} INFO - [2022-04-25 12:59:17,349] {dag.py:2937} INFO - Setting next_dagrun for example_weekday_branch_operator to 2022-04-24 00:00:00+00:00
[2022-04-25 12:59:17,369] {processor.py:171} INFO - Processing /home/airflow/.local/lib/python3.7/site-packages/airflow/example_dags/example_branch_day_of_week_operator.py took 0.176 seconds
[2022-04-25 12:59:47,728] {processor.py:163} INFO - Started process (PID=1668) to work on /home/airflow/.local/lib/python3.7/site-packages/airflow/example_dags/example_branch_day_of_week_operator.py
[2022-04-25 12:59:47,739] {processor.py:642} INFO - Processing file /home/airflow/.local/lib/python3.7/site-packages/airflow/example_dags/example_branch_day_of_week_operator.py for tasks to queue
[2022-04-25 12:59:47,742] {logging_mixin.py:109} INFO - [2022-04-25 12:59:47,742] {dagbag.py:500} INFO - Filling up the DagBag from /home/airflow/.local/lib/python3.7/site-packages/airflow/example_dags/example_branch_day_of_week_operator.py
[2022-04-25 12:59:47,774] {processor.py:652} INFO - DAG(s) dict_keys(['example_weekday_branch_operator']) retrieved from /home/airflow/.local/lib/python3.7/site-packages/airflow/example_dags/example_branch_day_of_week_operator.py
[2022-04-25 12:59:47,860] {logging_mixin.py:109} INFO - [2022-04-25 12:59:47,860] {dag.py:2398} INFO - Sync 1 DAGs
[2022-04-25 12:59:47,923] {logging_mixin.py:109} INFO - [2022-04-25 12:59:47,923] {dag.py:2937} INFO - Setting next_dagrun for example_weekday_branch_operator to 2022-04-24 00:00:00+00:00
[2022-04-25 12:59:47,942] {processor.py:171} INFO - Processing /home/airflow/.local/lib/python3.7/site-packages/airflow/example_dags/example_branch_day_of_week_operator.py took 0.252 seconds
[2022-04-25 13:00:18,236] {processor.py:163} INFO - Started process (PID=1731) to work on /home/airflow/.local/lib/python3.7/site-packages/airflow/example_dags/example_branch_day_of_week_operator.py
[2022-04-25 13:00:18,241] {processor.py:642} INFO - Processing file /home/airflow/.local/lib/python3.7/site-packages/airflow/example_dags/example_branch_day_of_week_operator.py for tasks to queue
[2022-04-25 13:00:18,246] {logging_mixin.py:109} INFO - [2022-04-25 13:00:18,246] {dagbag.py:500} INFO - Filling up the DagBag from /home/airflow/.local/lib/python3.7/site-packages/airflow/example_dags/example_branch_day_of_week_operator.py
[2022-04-25 13:00:18,277] {processor.py:652} INFO - DAG(s) dict_keys(['example_weekday_branch_operator']) retrieved from /home/airflow/.local/lib/python3.7/site-packages/airflow/example_dags/example_branch_day_of_week_operator.py
[2022-04-25 13:00:18,308] {logging_mixin.py:109} INFO - [2022-04-25 13:00:18,308] {dag.py:2398} INFO - Sync 1 DAGs
[2022-04-25 13:00:18,339] {logging_mixin.py:109} INFO - [2022-04-25 13:00:18,339] {dag.py:2937} INFO - Setting next_dagrun for example_weekday_branch_operator to 2022-04-24 00:00:00+00:00
[2022-04-25 13:00:18,353] {processor.py:171} INFO - Processing /home/airflow/.local/lib/python3.7/site-packages/airflow/example_dags/example_branch_day_of_week_operator.py took 0.125 seconds
[2022-04-25 13:00:48,784] {processor.py:163} INFO - Started process (PID=1780) to work on /home/airflow/.local/lib/python3.7/site-packages/airflow/example_dags/example_branch_day_of_week_operator.py
[2022-04-25 13:00:48,792] {processor.py:642} INFO - Processing file /home/airflow/.local/lib/python3.7/site-packages/airflow/example_dags/example_branch_day_of_week_operator.py for tasks to queue
[2022-04-25 13:00:48,796] {logging_mixin.py:109} INFO - [2022-04-25 13:00:48,795] {dagbag.py:500} INFO - Filling up the DagBag from /home/airflow/.local/lib/python3.7/site-packages/airflow/example_dags/example_branch_day_of_week_operator.py
[2022-04-25 13:00:48,839] {processor.py:652} INFO - DAG(s) dict_keys(['example_weekday_branch_operator']) retrieved from /home/airflow/.local/lib/python3.7/site-packages/airflow/example_dags/example_branch_day_of_week_operator.py
[2022-04-25 13:00:48,869] {logging_mixin.py:109} INFO - [2022-04-25 13:00:48,869] {dag.py:2398} INFO - Sync 1 DAGs
[2022-04-25 13:00:48,895] {logging_mixin.py:109} INFO - [2022-04-25 13:00:48,895] {dag.py:2937} INFO - Setting next_dagrun for example_weekday_branch_operator to 2022-04-24 00:00:00+00:00
[2022-04-25 13:00:48,908] {processor.py:171} INFO - Processing /home/airflow/.local/lib/python3.7/site-packages/airflow/example_dags/example_branch_day_of_week_operator.py took 0.133 seconds
[2022-04-25 13:01:19,519] {processor.py:163} INFO - Started process (PID=1831) to work on /home/airflow/.local/lib/python3.7/site-packages/airflow/example_dags/example_branch_day_of_week_operator.py
[2022-04-25 13:01:19,524] {processor.py:642} INFO - Processing file /home/airflow/.local/lib/python3.7/site-packages/airflow/example_dags/example_branch_day_of_week_operator.py for tasks to queue
[2022-04-25 13:01:19,528] {logging_mixin.py:109} INFO - [2022-04-25 13:01:19,527] {dagbag.py:500} INFO - Filling up the DagBag from /home/airflow/.local/lib/python3.7/site-packages/airflow/example_dags/example_branch_day_of_week_operator.py
[2022-04-25 13:01:19,562] {processor.py:652} INFO - DAG(s) dict_keys(['example_weekday_branch_operator']) retrieved from /home/airflow/.local/lib/python3.7/site-packages/airflow/example_dags/example_branch_day_of_week_operator.py
[2022-04-25 13:01:19,607] {logging_mixin.py:109} INFO - [2022-04-25 13:01:19,607] {dag.py:2398} INFO - Sync 1 DAGs
[2022-04-25 13:01:19,633] {logging_mixin.py:109} INFO - [2022-04-25 13:01:19,633] {dag.py:2937} INFO - Setting next_dagrun for example_weekday_branch_operator to 2022-04-24 00:00:00+00:00
[2022-04-25 13:01:19,651] {processor.py:171} INFO - Processing /home/airflow/.local/lib/python3.7/site-packages/airflow/example_dags/example_branch_day_of_week_operator.py took 0.141 seconds
[2022-04-25 13:01:50,304] {processor.py:163} INFO - Started process (PID=1883) to work on /home/airflow/.local/lib/python3.7/site-packages/airflow/example_dags/example_branch_day_of_week_operator.py
[2022-04-25 13:01:50,326] {processor.py:642} INFO - Processing file /home/airflow/.local/lib/python3.7/site-packages/airflow/example_dags/example_branch_day_of_week_operator.py for tasks to queue
[2022-04-25 13:01:50,336] {logging_mixin.py:109} INFO - [2022-04-25 13:01:50,334] {dagbag.py:500} INFO - Filling up the DagBag from /home/airflow/.local/lib/python3.7/site-packages/airflow/example_dags/example_branch_day_of_week_operator.py
[2022-04-25 13:01:50,410] {processor.py:652} INFO - DAG(s) dict_keys(['example_weekday_branch_operator']) retrieved from /home/airflow/.local/lib/python3.7/site-packages/airflow/example_dags/example_branch_day_of_week_operator.py
[2022-04-25 13:01:50,442] {logging_mixin.py:109} INFO - [2022-04-25 13:01:50,442] {dag.py:2398} INFO - Sync 1 DAGs
[2022-04-25 13:01:50,482] {logging_mixin.py:109} INFO - [2022-04-25 13:01:50,481] {dag.py:2937} INFO - Setting next_dagrun for example_weekday_branch_operator to 2022-04-24 00:00:00+00:00
[2022-04-25 13:01:50,498] {processor.py:171} INFO - Processing /home/airflow/.local/lib/python3.7/site-packages/airflow/example_dags/example_branch_day_of_week_operator.py took 0.221 seconds
[2022-04-25 13:02:21,224] {processor.py:163} INFO - Started process (PID=1936) to work on /home/airflow/.local/lib/python3.7/site-packages/airflow/example_dags/example_branch_day_of_week_operator.py
[2022-04-25 13:02:21,229] {processor.py:642} INFO - Processing file /home/airflow/.local/lib/python3.7/site-packages/airflow/example_dags/example_branch_day_of_week_operator.py for tasks to queue
[2022-04-25 13:02:21,231] {logging_mixin.py:109} INFO - [2022-04-25 13:02:21,231] {dagbag.py:500} INFO - Filling up the DagBag from /home/airflow/.local/lib/python3.7/site-packages/airflow/example_dags/example_branch_day_of_week_operator.py
[2022-04-25 13:02:21,263] {processor.py:652} INFO - DAG(s) dict_keys(['example_weekday_branch_operator']) retrieved from /home/airflow/.local/lib/python3.7/site-packages/airflow/example_dags/example_branch_day_of_week_operator.py
[2022-04-25 13:02:21,298] {logging_mixin.py:109} INFO - [2022-04-25 13:02:21,298] {dag.py:2398} INFO - Sync 1 DAGs
[2022-04-25 13:02:21,328] {logging_mixin.py:109} INFO - [2022-04-25 13:02:21,327] {dag.py:2937} INFO - Setting next_dagrun for example_weekday_branch_operator to 2022-04-24 00:00:00+00:00
[2022-04-25 13:02:21,344] {processor.py:171} INFO - Processing /home/airflow/.local/lib/python3.7/site-packages/airflow/example_dags/example_branch_day_of_week_operator.py took 0.127 seconds
[2022-04-25 13:02:51,521] {processor.py:163} INFO - Started process (PID=1987) to work on /home/airflow/.local/lib/python3.7/site-packages/airflow/example_dags/example_branch_day_of_week_operator.py
[2022-04-25 13:02:51,528] {processor.py:642} INFO - Processing file /home/airflow/.local/lib/python3.7/site-packages/airflow/example_dags/example_branch_day_of_week_operator.py for tasks to queue
[2022-04-25 13:02:51,532] {logging_mixin.py:109} INFO - [2022-04-25 13:02:51,532] {dagbag.py:500} INFO - Filling up the DagBag from /home/airflow/.local/lib/python3.7/site-packages/airflow/example_dags/example_branch_day_of_week_operator.py
[2022-04-25 13:02:51,561] {processor.py:652} INFO - DAG(s) dict_keys(['example_weekday_branch_operator']) retrieved from /home/airflow/.local/lib/python3.7/site-packages/airflow/example_dags/example_branch_day_of_week_operator.py
[2022-04-25 13:02:51,594] {logging_mixin.py:109} INFO - [2022-04-25 13:02:51,594] {dag.py:2398} INFO - Sync 1 DAGs
[2022-04-25 13:02:51,622] {logging_mixin.py:109} INFO - [2022-04-25 13:02:51,621] {dag.py:2937} INFO - Setting next_dagrun for example_weekday_branch_operator to 2022-04-24 00:00:00+00:00
[2022-04-25 13:02:51,638] {processor.py:171} INFO - Processing /home/airflow/.local/lib/python3.7/site-packages/airflow/example_dags/example_branch_day_of_week_operator.py took 0.127 seconds
[2022-04-25 13:11:55,648] {processor.py:163} INFO - Started process (PID=2011) to work on /home/airflow/.local/lib/python3.7/site-packages/airflow/example_dags/example_branch_day_of_week_operator.py
[2022-04-25 13:11:55,664] {processor.py:642} INFO - Processing file /home/airflow/.local/lib/python3.7/site-packages/airflow/example_dags/example_branch_day_of_week_operator.py for tasks to queue
[2022-04-25 13:11:55,668] {logging_mixin.py:109} INFO - [2022-04-25 13:11:55,667] {dagbag.py:500} INFO - Filling up the DagBag from /home/airflow/.local/lib/python3.7/site-packages/airflow/example_dags/example_branch_day_of_week_operator.py
[2022-04-25 13:11:55,750] {processor.py:652} INFO - DAG(s) dict_keys(['example_weekday_branch_operator']) retrieved from /home/airflow/.local/lib/python3.7/site-packages/airflow/example_dags/example_branch_day_of_week_operator.py
[2022-04-25 13:11:55,790] {logging_mixin.py:109} INFO - [2022-04-25 13:11:55,790] {dag.py:2398} INFO - Sync 1 DAGs
[2022-04-25 13:11:55,889] {logging_mixin.py:109} INFO - [2022-04-25 13:11:55,889] {dag.py:2937} INFO - Setting next_dagrun for example_weekday_branch_operator to 2022-04-24 00:00:00+00:00
[2022-04-25 13:11:55,937] {processor.py:171} INFO - Processing /home/airflow/.local/lib/python3.7/site-packages/airflow/example_dags/example_branch_day_of_week_operator.py took 0.302 seconds
