[2022-04-25 12:42:19,708] {processor.py:163} INFO - Started process (PID=217) to work on /home/airflow/.local/lib/python3.7/site-packages/airflow/example_dags/example_nested_branch_dag.py
[2022-04-25 12:42:19,711] {processor.py:642} INFO - Processing file /home/airflow/.local/lib/python3.7/site-packages/airflow/example_dags/example_nested_branch_dag.py for tasks to queue
[2022-04-25 12:42:19,714] {logging_mixin.py:109} INFO - [2022-04-25 12:42:19,713] {dagbag.py:500} INFO - Filling up the DagBag from /home/airflow/.local/lib/python3.7/site-packages/airflow/example_dags/example_nested_branch_dag.py
[2022-04-25 12:42:19,764] {processor.py:652} INFO - DAG(s) dict_keys(['example_nested_branch_dag']) retrieved from /home/airflow/.local/lib/python3.7/site-packages/airflow/example_dags/example_nested_branch_dag.py
[2022-04-25 12:42:24,743] {logging_mixin.py:109} INFO - [2022-04-25 12:42:24,743] {manager.py:496} INFO - Created Permission View: can read on DAG:example_nested_branch_dag
[2022-04-25 12:42:24,762] {logging_mixin.py:109} INFO - [2022-04-25 12:42:24,762] {manager.py:496} INFO - Created Permission View: can edit on DAG:example_nested_branch_dag
[2022-04-25 12:42:24,764] {logging_mixin.py:109} INFO - [2022-04-25 12:42:24,763] {dag.py:2398} INFO - Sync 1 DAGs
[2022-04-25 12:42:24,789] {logging_mixin.py:109} INFO - [2022-04-25 12:42:24,789] {dag.py:2417} INFO - Creating ORM DAG for example_nested_branch_dag
[2022-04-25 12:42:24,820] {logging_mixin.py:109} INFO - [2022-04-25 12:42:24,820] {dag.py:2937} INFO - Setting next_dagrun for example_nested_branch_dag to 2022-04-24 00:00:00+00:00
[2022-04-25 12:42:24,853] {processor.py:171} INFO - Processing /home/airflow/.local/lib/python3.7/site-packages/airflow/example_dags/example_nested_branch_dag.py took 5.157 seconds
[2022-04-25 12:42:55,041] {processor.py:163} INFO - Started process (PID=277) to work on /home/airflow/.local/lib/python3.7/site-packages/airflow/example_dags/example_nested_branch_dag.py
[2022-04-25 12:42:55,044] {processor.py:642} INFO - Processing file /home/airflow/.local/lib/python3.7/site-packages/airflow/example_dags/example_nested_branch_dag.py for tasks to queue
[2022-04-25 12:42:55,047] {logging_mixin.py:109} INFO - [2022-04-25 12:42:55,047] {dagbag.py:500} INFO - Filling up the DagBag from /home/airflow/.local/lib/python3.7/site-packages/airflow/example_dags/example_nested_branch_dag.py
[2022-04-25 12:42:55,078] {processor.py:652} INFO - DAG(s) dict_keys(['example_nested_branch_dag']) retrieved from /home/airflow/.local/lib/python3.7/site-packages/airflow/example_dags/example_nested_branch_dag.py
[2022-04-25 12:42:55,112] {logging_mixin.py:109} INFO - [2022-04-25 12:42:55,112] {dag.py:2398} INFO - Sync 1 DAGs
[2022-04-25 12:42:55,156] {logging_mixin.py:109} INFO - [2022-04-25 12:42:55,156] {dag.py:2937} INFO - Setting next_dagrun for example_nested_branch_dag to 2022-04-24 00:00:00+00:00
[2022-04-25 12:42:55,177] {processor.py:171} INFO - Processing /home/airflow/.local/lib/python3.7/site-packages/airflow/example_dags/example_nested_branch_dag.py took 0.144 seconds
[2022-04-25 12:43:25,285] {processor.py:163} INFO - Started process (PID=338) to work on /home/airflow/.local/lib/python3.7/site-packages/airflow/example_dags/example_nested_branch_dag.py
[2022-04-25 12:43:25,289] {processor.py:642} INFO - Processing file /home/airflow/.local/lib/python3.7/site-packages/airflow/example_dags/example_nested_branch_dag.py for tasks to queue
[2022-04-25 12:43:25,291] {logging_mixin.py:109} INFO - [2022-04-25 12:43:25,291] {dagbag.py:500} INFO - Filling up the DagBag from /home/airflow/.local/lib/python3.7/site-packages/airflow/example_dags/example_nested_branch_dag.py
[2022-04-25 12:43:25,370] {processor.py:652} INFO - DAG(s) dict_keys(['example_nested_branch_dag']) retrieved from /home/airflow/.local/lib/python3.7/site-packages/airflow/example_dags/example_nested_branch_dag.py
[2022-04-25 12:43:25,464] {logging_mixin.py:109} INFO - [2022-04-25 12:43:25,464] {dag.py:2398} INFO - Sync 1 DAGs
[2022-04-25 12:43:25,524] {logging_mixin.py:109} INFO - [2022-04-25 12:43:25,524] {dag.py:2937} INFO - Setting next_dagrun for example_nested_branch_dag to 2022-04-24 00:00:00+00:00
[2022-04-25 12:43:25,564] {processor.py:171} INFO - Processing /home/airflow/.local/lib/python3.7/site-packages/airflow/example_dags/example_nested_branch_dag.py took 0.294 seconds
[2022-04-25 12:43:55,743] {processor.py:163} INFO - Started process (PID=381) to work on /home/airflow/.local/lib/python3.7/site-packages/airflow/example_dags/example_nested_branch_dag.py
[2022-04-25 12:43:55,752] {processor.py:642} INFO - Processing file /home/airflow/.local/lib/python3.7/site-packages/airflow/example_dags/example_nested_branch_dag.py for tasks to queue
[2022-04-25 12:43:55,758] {logging_mixin.py:109} INFO - [2022-04-25 12:43:55,757] {dagbag.py:500} INFO - Filling up the DagBag from /home/airflow/.local/lib/python3.7/site-packages/airflow/example_dags/example_nested_branch_dag.py
[2022-04-25 12:43:55,808] {processor.py:652} INFO - DAG(s) dict_keys(['example_nested_branch_dag']) retrieved from /home/airflow/.local/lib/python3.7/site-packages/airflow/example_dags/example_nested_branch_dag.py
[2022-04-25 12:43:55,838] {logging_mixin.py:109} INFO - [2022-04-25 12:43:55,838] {dag.py:2398} INFO - Sync 1 DAGs
[2022-04-25 12:43:55,904] {logging_mixin.py:109} INFO - [2022-04-25 12:43:55,904] {dag.py:2937} INFO - Setting next_dagrun for example_nested_branch_dag to 2022-04-24 00:00:00+00:00
[2022-04-25 12:43:55,936] {processor.py:171} INFO - Processing /home/airflow/.local/lib/python3.7/site-packages/airflow/example_dags/example_nested_branch_dag.py took 0.208 seconds
[2022-04-25 12:44:26,182] {processor.py:163} INFO - Started process (PID=435) to work on /home/airflow/.local/lib/python3.7/site-packages/airflow/example_dags/example_nested_branch_dag.py
[2022-04-25 12:44:26,186] {processor.py:642} INFO - Processing file /home/airflow/.local/lib/python3.7/site-packages/airflow/example_dags/example_nested_branch_dag.py for tasks to queue
[2022-04-25 12:44:26,188] {logging_mixin.py:109} INFO - [2022-04-25 12:44:26,188] {dagbag.py:500} INFO - Filling up the DagBag from /home/airflow/.local/lib/python3.7/site-packages/airflow/example_dags/example_nested_branch_dag.py
[2022-04-25 12:44:26,218] {processor.py:652} INFO - DAG(s) dict_keys(['example_nested_branch_dag']) retrieved from /home/airflow/.local/lib/python3.7/site-packages/airflow/example_dags/example_nested_branch_dag.py
[2022-04-25 12:44:26,253] {logging_mixin.py:109} INFO - [2022-04-25 12:44:26,252] {dag.py:2398} INFO - Sync 1 DAGs
[2022-04-25 12:44:26,284] {logging_mixin.py:109} INFO - [2022-04-25 12:44:26,283] {dag.py:2937} INFO - Setting next_dagrun for example_nested_branch_dag to 2022-04-24 00:00:00+00:00
[2022-04-25 12:44:26,302] {processor.py:171} INFO - Processing /home/airflow/.local/lib/python3.7/site-packages/airflow/example_dags/example_nested_branch_dag.py took 0.127 seconds
[2022-04-25 12:44:56,735] {processor.py:163} INFO - Started process (PID=492) to work on /home/airflow/.local/lib/python3.7/site-packages/airflow/example_dags/example_nested_branch_dag.py
[2022-04-25 12:44:56,747] {processor.py:642} INFO - Processing file /home/airflow/.local/lib/python3.7/site-packages/airflow/example_dags/example_nested_branch_dag.py for tasks to queue
[2022-04-25 12:44:56,750] {logging_mixin.py:109} INFO - [2022-04-25 12:44:56,750] {dagbag.py:500} INFO - Filling up the DagBag from /home/airflow/.local/lib/python3.7/site-packages/airflow/example_dags/example_nested_branch_dag.py
[2022-04-25 12:44:56,854] {processor.py:652} INFO - DAG(s) dict_keys(['example_nested_branch_dag']) retrieved from /home/airflow/.local/lib/python3.7/site-packages/airflow/example_dags/example_nested_branch_dag.py
[2022-04-25 12:44:56,915] {logging_mixin.py:109} INFO - [2022-04-25 12:44:56,914] {dag.py:2398} INFO - Sync 1 DAGs
[2022-04-25 12:44:56,968] {logging_mixin.py:109} INFO - [2022-04-25 12:44:56,968] {dag.py:2937} INFO - Setting next_dagrun for example_nested_branch_dag to 2022-04-24 00:00:00+00:00
[2022-04-25 12:44:56,990] {processor.py:171} INFO - Processing /home/airflow/.local/lib/python3.7/site-packages/airflow/example_dags/example_nested_branch_dag.py took 0.280 seconds
[2022-04-25 12:45:27,475] {processor.py:163} INFO - Started process (PID=548) to work on /home/airflow/.local/lib/python3.7/site-packages/airflow/example_dags/example_nested_branch_dag.py
[2022-04-25 12:45:27,480] {processor.py:642} INFO - Processing file /home/airflow/.local/lib/python3.7/site-packages/airflow/example_dags/example_nested_branch_dag.py for tasks to queue
[2022-04-25 12:45:27,486] {logging_mixin.py:109} INFO - [2022-04-25 12:45:27,485] {dagbag.py:500} INFO - Filling up the DagBag from /home/airflow/.local/lib/python3.7/site-packages/airflow/example_dags/example_nested_branch_dag.py
[2022-04-25 12:45:27,554] {processor.py:652} INFO - DAG(s) dict_keys(['example_nested_branch_dag']) retrieved from /home/airflow/.local/lib/python3.7/site-packages/airflow/example_dags/example_nested_branch_dag.py
[2022-04-25 12:45:27,608] {logging_mixin.py:109} INFO - [2022-04-25 12:45:27,608] {dag.py:2398} INFO - Sync 1 DAGs
[2022-04-25 12:45:27,650] {logging_mixin.py:109} INFO - [2022-04-25 12:45:27,650] {dag.py:2937} INFO - Setting next_dagrun for example_nested_branch_dag to 2022-04-24 00:00:00+00:00
[2022-04-25 12:45:27,679] {processor.py:171} INFO - Processing /home/airflow/.local/lib/python3.7/site-packages/airflow/example_dags/example_nested_branch_dag.py took 0.225 seconds
[2022-04-25 12:45:58,102] {processor.py:163} INFO - Started process (PID=601) to work on /home/airflow/.local/lib/python3.7/site-packages/airflow/example_dags/example_nested_branch_dag.py
[2022-04-25 12:45:58,105] {processor.py:642} INFO - Processing file /home/airflow/.local/lib/python3.7/site-packages/airflow/example_dags/example_nested_branch_dag.py for tasks to queue
[2022-04-25 12:45:58,107] {logging_mixin.py:109} INFO - [2022-04-25 12:45:58,107] {dagbag.py:500} INFO - Filling up the DagBag from /home/airflow/.local/lib/python3.7/site-packages/airflow/example_dags/example_nested_branch_dag.py
[2022-04-25 12:45:58,136] {processor.py:652} INFO - DAG(s) dict_keys(['example_nested_branch_dag']) retrieved from /home/airflow/.local/lib/python3.7/site-packages/airflow/example_dags/example_nested_branch_dag.py
[2022-04-25 12:45:58,171] {logging_mixin.py:109} INFO - [2022-04-25 12:45:58,170] {dag.py:2398} INFO - Sync 1 DAGs
[2022-04-25 12:45:58,197] {logging_mixin.py:109} INFO - [2022-04-25 12:45:58,197] {dag.py:2937} INFO - Setting next_dagrun for example_nested_branch_dag to 2022-04-24 00:00:00+00:00
[2022-04-25 12:45:58,216] {processor.py:171} INFO - Processing /home/airflow/.local/lib/python3.7/site-packages/airflow/example_dags/example_nested_branch_dag.py took 0.122 seconds
[2022-04-25 12:46:28,350] {processor.py:163} INFO - Started process (PID=650) to work on /home/airflow/.local/lib/python3.7/site-packages/airflow/example_dags/example_nested_branch_dag.py
[2022-04-25 12:46:28,356] {processor.py:642} INFO - Processing file /home/airflow/.local/lib/python3.7/site-packages/airflow/example_dags/example_nested_branch_dag.py for tasks to queue
[2022-04-25 12:46:28,360] {logging_mixin.py:109} INFO - [2022-04-25 12:46:28,360] {dagbag.py:500} INFO - Filling up the DagBag from /home/airflow/.local/lib/python3.7/site-packages/airflow/example_dags/example_nested_branch_dag.py
[2022-04-25 12:46:28,411] {processor.py:652} INFO - DAG(s) dict_keys(['example_nested_branch_dag']) retrieved from /home/airflow/.local/lib/python3.7/site-packages/airflow/example_dags/example_nested_branch_dag.py
[2022-04-25 12:46:28,459] {logging_mixin.py:109} INFO - [2022-04-25 12:46:28,459] {dag.py:2398} INFO - Sync 1 DAGs
[2022-04-25 12:46:28,509] {logging_mixin.py:109} INFO - [2022-04-25 12:46:28,508] {dag.py:2937} INFO - Setting next_dagrun for example_nested_branch_dag to 2022-04-24 00:00:00+00:00
[2022-04-25 12:46:28,525] {processor.py:171} INFO - Processing /home/airflow/.local/lib/python3.7/site-packages/airflow/example_dags/example_nested_branch_dag.py took 0.201 seconds
[2022-04-25 12:46:58,852] {processor.py:163} INFO - Started process (PID=700) to work on /home/airflow/.local/lib/python3.7/site-packages/airflow/example_dags/example_nested_branch_dag.py
[2022-04-25 12:46:58,855] {processor.py:642} INFO - Processing file /home/airflow/.local/lib/python3.7/site-packages/airflow/example_dags/example_nested_branch_dag.py for tasks to queue
[2022-04-25 12:46:58,858] {logging_mixin.py:109} INFO - [2022-04-25 12:46:58,857] {dagbag.py:500} INFO - Filling up the DagBag from /home/airflow/.local/lib/python3.7/site-packages/airflow/example_dags/example_nested_branch_dag.py
[2022-04-25 12:46:58,895] {processor.py:652} INFO - DAG(s) dict_keys(['example_nested_branch_dag']) retrieved from /home/airflow/.local/lib/python3.7/site-packages/airflow/example_dags/example_nested_branch_dag.py
[2022-04-25 12:46:58,931] {logging_mixin.py:109} INFO - [2022-04-25 12:46:58,931] {dag.py:2398} INFO - Sync 1 DAGs
[2022-04-25 12:46:58,959] {logging_mixin.py:109} INFO - [2022-04-25 12:46:58,959] {dag.py:2937} INFO - Setting next_dagrun for example_nested_branch_dag to 2022-04-24 00:00:00+00:00
[2022-04-25 12:46:58,979] {processor.py:171} INFO - Processing /home/airflow/.local/lib/python3.7/site-packages/airflow/example_dags/example_nested_branch_dag.py took 0.140 seconds
[2022-04-25 12:47:29,566] {processor.py:163} INFO - Started process (PID=750) to work on /home/airflow/.local/lib/python3.7/site-packages/airflow/example_dags/example_nested_branch_dag.py
[2022-04-25 12:47:29,571] {processor.py:642} INFO - Processing file /home/airflow/.local/lib/python3.7/site-packages/airflow/example_dags/example_nested_branch_dag.py for tasks to queue
[2022-04-25 12:47:29,573] {logging_mixin.py:109} INFO - [2022-04-25 12:47:29,573] {dagbag.py:500} INFO - Filling up the DagBag from /home/airflow/.local/lib/python3.7/site-packages/airflow/example_dags/example_nested_branch_dag.py
[2022-04-25 12:47:29,607] {processor.py:652} INFO - DAG(s) dict_keys(['example_nested_branch_dag']) retrieved from /home/airflow/.local/lib/python3.7/site-packages/airflow/example_dags/example_nested_branch_dag.py
[2022-04-25 12:47:29,638] {logging_mixin.py:109} INFO - [2022-04-25 12:47:29,638] {dag.py:2398} INFO - Sync 1 DAGs
[2022-04-25 12:47:29,666] {logging_mixin.py:109} INFO - [2022-04-25 12:47:29,666] {dag.py:2937} INFO - Setting next_dagrun for example_nested_branch_dag to 2022-04-24 00:00:00+00:00
[2022-04-25 12:47:29,678] {processor.py:171} INFO - Processing /home/airflow/.local/lib/python3.7/site-packages/airflow/example_dags/example_nested_branch_dag.py took 0.120 seconds
[2022-04-25 12:48:00,065] {processor.py:163} INFO - Started process (PID=799) to work on /home/airflow/.local/lib/python3.7/site-packages/airflow/example_dags/example_nested_branch_dag.py
[2022-04-25 12:48:00,069] {processor.py:642} INFO - Processing file /home/airflow/.local/lib/python3.7/site-packages/airflow/example_dags/example_nested_branch_dag.py for tasks to queue
[2022-04-25 12:48:00,072] {logging_mixin.py:109} INFO - [2022-04-25 12:48:00,072] {dagbag.py:500} INFO - Filling up the DagBag from /home/airflow/.local/lib/python3.7/site-packages/airflow/example_dags/example_nested_branch_dag.py
[2022-04-25 12:48:00,114] {processor.py:652} INFO - DAG(s) dict_keys(['example_nested_branch_dag']) retrieved from /home/airflow/.local/lib/python3.7/site-packages/airflow/example_dags/example_nested_branch_dag.py
[2022-04-25 12:48:00,149] {logging_mixin.py:109} INFO - [2022-04-25 12:48:00,149] {dag.py:2398} INFO - Sync 1 DAGs
[2022-04-25 12:48:00,173] {logging_mixin.py:109} INFO - [2022-04-25 12:48:00,173] {dag.py:2937} INFO - Setting next_dagrun for example_nested_branch_dag to 2022-04-24 00:00:00+00:00
[2022-04-25 12:48:00,191] {processor.py:171} INFO - Processing /home/airflow/.local/lib/python3.7/site-packages/airflow/example_dags/example_nested_branch_dag.py took 0.134 seconds
[2022-04-25 12:48:30,563] {processor.py:163} INFO - Started process (PID=851) to work on /home/airflow/.local/lib/python3.7/site-packages/airflow/example_dags/example_nested_branch_dag.py
[2022-04-25 12:48:30,567] {processor.py:642} INFO - Processing file /home/airflow/.local/lib/python3.7/site-packages/airflow/example_dags/example_nested_branch_dag.py for tasks to queue
[2022-04-25 12:48:30,570] {logging_mixin.py:109} INFO - [2022-04-25 12:48:30,570] {dagbag.py:500} INFO - Filling up the DagBag from /home/airflow/.local/lib/python3.7/site-packages/airflow/example_dags/example_nested_branch_dag.py
[2022-04-25 12:48:30,601] {processor.py:652} INFO - DAG(s) dict_keys(['example_nested_branch_dag']) retrieved from /home/airflow/.local/lib/python3.7/site-packages/airflow/example_dags/example_nested_branch_dag.py
[2022-04-25 12:48:30,633] {logging_mixin.py:109} INFO - [2022-04-25 12:48:30,633] {dag.py:2398} INFO - Sync 1 DAGs
[2022-04-25 12:48:30,658] {logging_mixin.py:109} INFO - [2022-04-25 12:48:30,658] {dag.py:2937} INFO - Setting next_dagrun for example_nested_branch_dag to 2022-04-24 00:00:00+00:00
[2022-04-25 12:48:30,673] {processor.py:171} INFO - Processing /home/airflow/.local/lib/python3.7/site-packages/airflow/example_dags/example_nested_branch_dag.py took 0.116 seconds
[2022-04-25 12:49:01,501] {processor.py:163} INFO - Started process (PID=901) to work on /home/airflow/.local/lib/python3.7/site-packages/airflow/example_dags/example_nested_branch_dag.py
[2022-04-25 12:49:01,504] {processor.py:642} INFO - Processing file /home/airflow/.local/lib/python3.7/site-packages/airflow/example_dags/example_nested_branch_dag.py for tasks to queue
[2022-04-25 12:49:01,506] {logging_mixin.py:109} INFO - [2022-04-25 12:49:01,506] {dagbag.py:500} INFO - Filling up the DagBag from /home/airflow/.local/lib/python3.7/site-packages/airflow/example_dags/example_nested_branch_dag.py
[2022-04-25 12:49:01,540] {processor.py:652} INFO - DAG(s) dict_keys(['example_nested_branch_dag']) retrieved from /home/airflow/.local/lib/python3.7/site-packages/airflow/example_dags/example_nested_branch_dag.py
[2022-04-25 12:49:01,575] {logging_mixin.py:109} INFO - [2022-04-25 12:49:01,575] {dag.py:2398} INFO - Sync 1 DAGs
[2022-04-25 12:49:01,600] {logging_mixin.py:109} INFO - [2022-04-25 12:49:01,600] {dag.py:2937} INFO - Setting next_dagrun for example_nested_branch_dag to 2022-04-24 00:00:00+00:00
[2022-04-25 12:49:01,614] {processor.py:171} INFO - Processing /home/airflow/.local/lib/python3.7/site-packages/airflow/example_dags/example_nested_branch_dag.py took 0.120 seconds
[2022-04-25 12:52:46,269] {processor.py:163} INFO - Started process (PID=952) to work on /home/airflow/.local/lib/python3.7/site-packages/airflow/example_dags/example_nested_branch_dag.py
[2022-04-25 12:52:46,273] {processor.py:642} INFO - Processing file /home/airflow/.local/lib/python3.7/site-packages/airflow/example_dags/example_nested_branch_dag.py for tasks to queue
[2022-04-25 12:52:46,276] {logging_mixin.py:109} INFO - [2022-04-25 12:52:46,276] {dagbag.py:500} INFO - Filling up the DagBag from /home/airflow/.local/lib/python3.7/site-packages/airflow/example_dags/example_nested_branch_dag.py
[2022-04-25 12:52:46,360] {processor.py:652} INFO - DAG(s) dict_keys(['example_nested_branch_dag']) retrieved from /home/airflow/.local/lib/python3.7/site-packages/airflow/example_dags/example_nested_branch_dag.py
[2022-04-25 12:52:46,464] {logging_mixin.py:109} INFO - [2022-04-25 12:52:46,464] {dag.py:2398} INFO - Sync 1 DAGs
[2022-04-25 12:52:46,557] {logging_mixin.py:109} INFO - [2022-04-25 12:52:46,557] {dag.py:2937} INFO - Setting next_dagrun for example_nested_branch_dag to 2022-04-24 00:00:00+00:00
[2022-04-25 12:52:46,597] {processor.py:171} INFO - Processing /home/airflow/.local/lib/python3.7/site-packages/airflow/example_dags/example_nested_branch_dag.py took 0.344 seconds
[2022-04-25 12:53:17,416] {processor.py:163} INFO - Started process (PID=1003) to work on /home/airflow/.local/lib/python3.7/site-packages/airflow/example_dags/example_nested_branch_dag.py
[2022-04-25 12:53:17,420] {processor.py:642} INFO - Processing file /home/airflow/.local/lib/python3.7/site-packages/airflow/example_dags/example_nested_branch_dag.py for tasks to queue
[2022-04-25 12:53:17,423] {logging_mixin.py:109} INFO - [2022-04-25 12:53:17,422] {dagbag.py:500} INFO - Filling up the DagBag from /home/airflow/.local/lib/python3.7/site-packages/airflow/example_dags/example_nested_branch_dag.py
[2022-04-25 12:53:17,482] {processor.py:652} INFO - DAG(s) dict_keys(['example_nested_branch_dag']) retrieved from /home/airflow/.local/lib/python3.7/site-packages/airflow/example_dags/example_nested_branch_dag.py
[2022-04-25 12:53:17,537] {logging_mixin.py:109} INFO - [2022-04-25 12:53:17,537] {dag.py:2398} INFO - Sync 1 DAGs
[2022-04-25 12:53:17,596] {logging_mixin.py:109} INFO - [2022-04-25 12:53:17,593] {dag.py:2937} INFO - Setting next_dagrun for example_nested_branch_dag to 2022-04-24 00:00:00+00:00
[2022-04-25 12:53:17,644] {processor.py:171} INFO - Processing /home/airflow/.local/lib/python3.7/site-packages/airflow/example_dags/example_nested_branch_dag.py took 0.236 seconds
[2022-04-25 12:53:48,010] {processor.py:163} INFO - Started process (PID=1054) to work on /home/airflow/.local/lib/python3.7/site-packages/airflow/example_dags/example_nested_branch_dag.py
[2022-04-25 12:53:48,026] {processor.py:642} INFO - Processing file /home/airflow/.local/lib/python3.7/site-packages/airflow/example_dags/example_nested_branch_dag.py for tasks to queue
[2022-04-25 12:53:48,040] {logging_mixin.py:109} INFO - [2022-04-25 12:53:48,040] {dagbag.py:500} INFO - Filling up the DagBag from /home/airflow/.local/lib/python3.7/site-packages/airflow/example_dags/example_nested_branch_dag.py
[2022-04-25 12:53:48,085] {processor.py:652} INFO - DAG(s) dict_keys(['example_nested_branch_dag']) retrieved from /home/airflow/.local/lib/python3.7/site-packages/airflow/example_dags/example_nested_branch_dag.py
[2022-04-25 12:53:48,127] {logging_mixin.py:109} INFO - [2022-04-25 12:53:48,127] {dag.py:2398} INFO - Sync 1 DAGs
[2022-04-25 12:53:48,203] {logging_mixin.py:109} INFO - [2022-04-25 12:53:48,203] {dag.py:2937} INFO - Setting next_dagrun for example_nested_branch_dag to 2022-04-24 00:00:00+00:00
[2022-04-25 12:53:48,251] {processor.py:171} INFO - Processing /home/airflow/.local/lib/python3.7/site-packages/airflow/example_dags/example_nested_branch_dag.py took 0.297 seconds
[2022-04-25 12:54:18,333] {processor.py:163} INFO - Started process (PID=1103) to work on /home/airflow/.local/lib/python3.7/site-packages/airflow/example_dags/example_nested_branch_dag.py
[2022-04-25 12:54:18,338] {processor.py:642} INFO - Processing file /home/airflow/.local/lib/python3.7/site-packages/airflow/example_dags/example_nested_branch_dag.py for tasks to queue
[2022-04-25 12:54:18,340] {logging_mixin.py:109} INFO - [2022-04-25 12:54:18,340] {dagbag.py:500} INFO - Filling up the DagBag from /home/airflow/.local/lib/python3.7/site-packages/airflow/example_dags/example_nested_branch_dag.py
[2022-04-25 12:54:18,368] {processor.py:652} INFO - DAG(s) dict_keys(['example_nested_branch_dag']) retrieved from /home/airflow/.local/lib/python3.7/site-packages/airflow/example_dags/example_nested_branch_dag.py
[2022-04-25 12:54:18,411] {logging_mixin.py:109} INFO - [2022-04-25 12:54:18,410] {dag.py:2398} INFO - Sync 1 DAGs
[2022-04-25 12:54:18,445] {logging_mixin.py:109} INFO - [2022-04-25 12:54:18,445] {dag.py:2937} INFO - Setting next_dagrun for example_nested_branch_dag to 2022-04-24 00:00:00+00:00
[2022-04-25 12:54:18,460] {processor.py:171} INFO - Processing /home/airflow/.local/lib/python3.7/site-packages/airflow/example_dags/example_nested_branch_dag.py took 0.149 seconds
[2022-04-25 12:54:49,188] {processor.py:163} INFO - Started process (PID=1154) to work on /home/airflow/.local/lib/python3.7/site-packages/airflow/example_dags/example_nested_branch_dag.py
[2022-04-25 12:54:49,194] {processor.py:642} INFO - Processing file /home/airflow/.local/lib/python3.7/site-packages/airflow/example_dags/example_nested_branch_dag.py for tasks to queue
[2022-04-25 12:54:49,199] {logging_mixin.py:109} INFO - [2022-04-25 12:54:49,198] {dagbag.py:500} INFO - Filling up the DagBag from /home/airflow/.local/lib/python3.7/site-packages/airflow/example_dags/example_nested_branch_dag.py
[2022-04-25 12:54:49,265] {processor.py:652} INFO - DAG(s) dict_keys(['example_nested_branch_dag']) retrieved from /home/airflow/.local/lib/python3.7/site-packages/airflow/example_dags/example_nested_branch_dag.py
[2022-04-25 12:54:49,312] {logging_mixin.py:109} INFO - [2022-04-25 12:54:49,312] {dag.py:2398} INFO - Sync 1 DAGs
[2022-04-25 12:54:49,362] {logging_mixin.py:109} INFO - [2022-04-25 12:54:49,362] {dag.py:2937} INFO - Setting next_dagrun for example_nested_branch_dag to 2022-04-24 00:00:00+00:00
[2022-04-25 12:54:49,381] {processor.py:171} INFO - Processing /home/airflow/.local/lib/python3.7/site-packages/airflow/example_dags/example_nested_branch_dag.py took 0.206 seconds
[2022-04-25 12:55:19,780] {processor.py:163} INFO - Started process (PID=1209) to work on /home/airflow/.local/lib/python3.7/site-packages/airflow/example_dags/example_nested_branch_dag.py
[2022-04-25 12:55:19,786] {processor.py:642} INFO - Processing file /home/airflow/.local/lib/python3.7/site-packages/airflow/example_dags/example_nested_branch_dag.py for tasks to queue
[2022-04-25 12:55:19,792] {logging_mixin.py:109} INFO - [2022-04-25 12:55:19,792] {dagbag.py:500} INFO - Filling up the DagBag from /home/airflow/.local/lib/python3.7/site-packages/airflow/example_dags/example_nested_branch_dag.py
[2022-04-25 12:55:19,906] {processor.py:652} INFO - DAG(s) dict_keys(['example_nested_branch_dag']) retrieved from /home/airflow/.local/lib/python3.7/site-packages/airflow/example_dags/example_nested_branch_dag.py
[2022-04-25 12:55:19,987] {logging_mixin.py:109} INFO - [2022-04-25 12:55:19,987] {dag.py:2398} INFO - Sync 1 DAGs
[2022-04-25 12:55:20,051] {logging_mixin.py:109} INFO - [2022-04-25 12:55:20,051] {dag.py:2937} INFO - Setting next_dagrun for example_nested_branch_dag to 2022-04-24 00:00:00+00:00
[2022-04-25 12:55:20,097] {processor.py:171} INFO - Processing /home/airflow/.local/lib/python3.7/site-packages/airflow/example_dags/example_nested_branch_dag.py took 0.334 seconds
[2022-04-25 12:55:51,346] {processor.py:163} INFO - Started process (PID=1270) to work on /home/airflow/.local/lib/python3.7/site-packages/airflow/example_dags/example_nested_branch_dag.py
[2022-04-25 12:55:51,352] {processor.py:642} INFO - Processing file /home/airflow/.local/lib/python3.7/site-packages/airflow/example_dags/example_nested_branch_dag.py for tasks to queue
[2022-04-25 12:55:51,360] {logging_mixin.py:109} INFO - [2022-04-25 12:55:51,359] {dagbag.py:500} INFO - Filling up the DagBag from /home/airflow/.local/lib/python3.7/site-packages/airflow/example_dags/example_nested_branch_dag.py
[2022-04-25 12:55:51,485] {processor.py:652} INFO - DAG(s) dict_keys(['example_nested_branch_dag']) retrieved from /home/airflow/.local/lib/python3.7/site-packages/airflow/example_dags/example_nested_branch_dag.py
[2022-04-25 12:55:51,538] {logging_mixin.py:109} INFO - [2022-04-25 12:55:51,538] {dag.py:2398} INFO - Sync 1 DAGs
[2022-04-25 12:55:51,588] {logging_mixin.py:109} INFO - [2022-04-25 12:55:51,588] {dag.py:2937} INFO - Setting next_dagrun for example_nested_branch_dag to 2022-04-24 00:00:00+00:00
[2022-04-25 12:55:51,619] {processor.py:171} INFO - Processing /home/airflow/.local/lib/python3.7/site-packages/airflow/example_dags/example_nested_branch_dag.py took 0.299 seconds
[2022-04-25 12:56:22,421] {processor.py:163} INFO - Started process (PID=1323) to work on /home/airflow/.local/lib/python3.7/site-packages/airflow/example_dags/example_nested_branch_dag.py
[2022-04-25 12:56:22,438] {processor.py:642} INFO - Processing file /home/airflow/.local/lib/python3.7/site-packages/airflow/example_dags/example_nested_branch_dag.py for tasks to queue
[2022-04-25 12:56:22,448] {logging_mixin.py:109} INFO - [2022-04-25 12:56:22,446] {dagbag.py:500} INFO - Filling up the DagBag from /home/airflow/.local/lib/python3.7/site-packages/airflow/example_dags/example_nested_branch_dag.py
[2022-04-25 12:56:22,579] {processor.py:652} INFO - DAG(s) dict_keys(['example_nested_branch_dag']) retrieved from /home/airflow/.local/lib/python3.7/site-packages/airflow/example_dags/example_nested_branch_dag.py
[2022-04-25 12:56:22,715] {logging_mixin.py:109} INFO - [2022-04-25 12:56:22,715] {dag.py:2398} INFO - Sync 1 DAGs
[2022-04-25 12:56:22,829] {logging_mixin.py:109} INFO - [2022-04-25 12:56:22,829] {dag.py:2937} INFO - Setting next_dagrun for example_nested_branch_dag to 2022-04-24 00:00:00+00:00
[2022-04-25 12:56:22,903] {processor.py:171} INFO - Processing /home/airflow/.local/lib/python3.7/site-packages/airflow/example_dags/example_nested_branch_dag.py took 0.509 seconds
[2022-04-25 12:56:53,939] {processor.py:163} INFO - Started process (PID=1374) to work on /home/airflow/.local/lib/python3.7/site-packages/airflow/example_dags/example_nested_branch_dag.py
[2022-04-25 12:56:53,965] {processor.py:642} INFO - Processing file /home/airflow/.local/lib/python3.7/site-packages/airflow/example_dags/example_nested_branch_dag.py for tasks to queue
[2022-04-25 12:56:53,992] {logging_mixin.py:109} INFO - [2022-04-25 12:56:53,991] {dagbag.py:500} INFO - Filling up the DagBag from /home/airflow/.local/lib/python3.7/site-packages/airflow/example_dags/example_nested_branch_dag.py
[2022-04-25 12:56:54,042] {processor.py:652} INFO - DAG(s) dict_keys(['example_nested_branch_dag']) retrieved from /home/airflow/.local/lib/python3.7/site-packages/airflow/example_dags/example_nested_branch_dag.py
[2022-04-25 12:56:54,096] {logging_mixin.py:109} INFO - [2022-04-25 12:56:54,096] {dag.py:2398} INFO - Sync 1 DAGs
[2022-04-25 12:56:54,170] {logging_mixin.py:109} INFO - [2022-04-25 12:56:54,162] {dag.py:2937} INFO - Setting next_dagrun for example_nested_branch_dag to 2022-04-24 00:00:00+00:00
[2022-04-25 12:56:54,216] {processor.py:171} INFO - Processing /home/airflow/.local/lib/python3.7/site-packages/airflow/example_dags/example_nested_branch_dag.py took 0.294 seconds
[2022-04-25 12:57:24,599] {processor.py:163} INFO - Started process (PID=1427) to work on /home/airflow/.local/lib/python3.7/site-packages/airflow/example_dags/example_nested_branch_dag.py
[2022-04-25 12:57:24,603] {processor.py:642} INFO - Processing file /home/airflow/.local/lib/python3.7/site-packages/airflow/example_dags/example_nested_branch_dag.py for tasks to queue
[2022-04-25 12:57:24,606] {logging_mixin.py:109} INFO - [2022-04-25 12:57:24,606] {dagbag.py:500} INFO - Filling up the DagBag from /home/airflow/.local/lib/python3.7/site-packages/airflow/example_dags/example_nested_branch_dag.py
[2022-04-25 12:57:24,643] {processor.py:652} INFO - DAG(s) dict_keys(['example_nested_branch_dag']) retrieved from /home/airflow/.local/lib/python3.7/site-packages/airflow/example_dags/example_nested_branch_dag.py
[2022-04-25 12:57:24,682] {logging_mixin.py:109} INFO - [2022-04-25 12:57:24,682] {dag.py:2398} INFO - Sync 1 DAGs
[2022-04-25 12:57:24,725] {logging_mixin.py:109} INFO - [2022-04-25 12:57:24,725] {dag.py:2937} INFO - Setting next_dagrun for example_nested_branch_dag to 2022-04-24 00:00:00+00:00
[2022-04-25 12:57:24,760] {processor.py:171} INFO - Processing /home/airflow/.local/lib/python3.7/site-packages/airflow/example_dags/example_nested_branch_dag.py took 0.167 seconds
[2022-04-25 12:57:55,007] {processor.py:163} INFO - Started process (PID=1488) to work on /home/airflow/.local/lib/python3.7/site-packages/airflow/example_dags/example_nested_branch_dag.py
[2022-04-25 12:57:55,019] {processor.py:642} INFO - Processing file /home/airflow/.local/lib/python3.7/site-packages/airflow/example_dags/example_nested_branch_dag.py for tasks to queue
[2022-04-25 12:57:55,021] {logging_mixin.py:109} INFO - [2022-04-25 12:57:55,021] {dagbag.py:500} INFO - Filling up the DagBag from /home/airflow/.local/lib/python3.7/site-packages/airflow/example_dags/example_nested_branch_dag.py
[2022-04-25 12:57:55,085] {processor.py:652} INFO - DAG(s) dict_keys(['example_nested_branch_dag']) retrieved from /home/airflow/.local/lib/python3.7/site-packages/airflow/example_dags/example_nested_branch_dag.py
[2022-04-25 12:57:55,153] {logging_mixin.py:109} INFO - [2022-04-25 12:57:55,153] {dag.py:2398} INFO - Sync 1 DAGs
[2022-04-25 12:57:55,233] {logging_mixin.py:109} INFO - [2022-04-25 12:57:55,233] {dag.py:2937} INFO - Setting next_dagrun for example_nested_branch_dag to 2022-04-24 00:00:00+00:00
[2022-04-25 12:57:55,278] {processor.py:171} INFO - Processing /home/airflow/.local/lib/python3.7/site-packages/airflow/example_dags/example_nested_branch_dag.py took 0.275 seconds
[2022-04-25 12:58:25,706] {processor.py:163} INFO - Started process (PID=1537) to work on /home/airflow/.local/lib/python3.7/site-packages/airflow/example_dags/example_nested_branch_dag.py
[2022-04-25 12:58:25,710] {processor.py:642} INFO - Processing file /home/airflow/.local/lib/python3.7/site-packages/airflow/example_dags/example_nested_branch_dag.py for tasks to queue
[2022-04-25 12:58:25,712] {logging_mixin.py:109} INFO - [2022-04-25 12:58:25,712] {dagbag.py:500} INFO - Filling up the DagBag from /home/airflow/.local/lib/python3.7/site-packages/airflow/example_dags/example_nested_branch_dag.py
[2022-04-25 12:58:25,827] {processor.py:652} INFO - DAG(s) dict_keys(['example_nested_branch_dag']) retrieved from /home/airflow/.local/lib/python3.7/site-packages/airflow/example_dags/example_nested_branch_dag.py
[2022-04-25 12:58:25,930] {logging_mixin.py:109} INFO - [2022-04-25 12:58:25,929] {dag.py:2398} INFO - Sync 1 DAGs
[2022-04-25 12:58:26,017] {logging_mixin.py:109} INFO - [2022-04-25 12:58:26,017] {dag.py:2937} INFO - Setting next_dagrun for example_nested_branch_dag to 2022-04-24 00:00:00+00:00
[2022-04-25 12:58:26,075] {processor.py:171} INFO - Processing /home/airflow/.local/lib/python3.7/site-packages/airflow/example_dags/example_nested_branch_dag.py took 0.381 seconds
[2022-04-25 12:58:56,582] {processor.py:163} INFO - Started process (PID=1587) to work on /home/airflow/.local/lib/python3.7/site-packages/airflow/example_dags/example_nested_branch_dag.py
[2022-04-25 12:58:56,585] {processor.py:642} INFO - Processing file /home/airflow/.local/lib/python3.7/site-packages/airflow/example_dags/example_nested_branch_dag.py for tasks to queue
[2022-04-25 12:58:56,587] {logging_mixin.py:109} INFO - [2022-04-25 12:58:56,587] {dagbag.py:500} INFO - Filling up the DagBag from /home/airflow/.local/lib/python3.7/site-packages/airflow/example_dags/example_nested_branch_dag.py
[2022-04-25 12:58:56,622] {processor.py:652} INFO - DAG(s) dict_keys(['example_nested_branch_dag']) retrieved from /home/airflow/.local/lib/python3.7/site-packages/airflow/example_dags/example_nested_branch_dag.py
[2022-04-25 12:58:56,669] {logging_mixin.py:109} INFO - [2022-04-25 12:58:56,669] {dag.py:2398} INFO - Sync 1 DAGs
[2022-04-25 12:58:56,703] {logging_mixin.py:109} INFO - [2022-04-25 12:58:56,703] {dag.py:2937} INFO - Setting next_dagrun for example_nested_branch_dag to 2022-04-24 00:00:00+00:00
[2022-04-25 12:58:56,724] {processor.py:171} INFO - Processing /home/airflow/.local/lib/python3.7/site-packages/airflow/example_dags/example_nested_branch_dag.py took 0.149 seconds
[2022-04-25 12:59:27,311] {processor.py:163} INFO - Started process (PID=1641) to work on /home/airflow/.local/lib/python3.7/site-packages/airflow/example_dags/example_nested_branch_dag.py
[2022-04-25 12:59:27,316] {processor.py:642} INFO - Processing file /home/airflow/.local/lib/python3.7/site-packages/airflow/example_dags/example_nested_branch_dag.py for tasks to queue
[2022-04-25 12:59:27,320] {logging_mixin.py:109} INFO - [2022-04-25 12:59:27,319] {dagbag.py:500} INFO - Filling up the DagBag from /home/airflow/.local/lib/python3.7/site-packages/airflow/example_dags/example_nested_branch_dag.py
[2022-04-25 12:59:27,362] {processor.py:652} INFO - DAG(s) dict_keys(['example_nested_branch_dag']) retrieved from /home/airflow/.local/lib/python3.7/site-packages/airflow/example_dags/example_nested_branch_dag.py
[2022-04-25 12:59:27,414] {logging_mixin.py:109} INFO - [2022-04-25 12:59:27,414] {dag.py:2398} INFO - Sync 1 DAGs
[2022-04-25 12:59:27,460] {logging_mixin.py:109} INFO - [2022-04-25 12:59:27,459] {dag.py:2937} INFO - Setting next_dagrun for example_nested_branch_dag to 2022-04-24 00:00:00+00:00
[2022-04-25 12:59:27,478] {processor.py:171} INFO - Processing /home/airflow/.local/lib/python3.7/site-packages/airflow/example_dags/example_nested_branch_dag.py took 0.183 seconds
[2022-04-25 12:59:58,263] {processor.py:163} INFO - Started process (PID=1694) to work on /home/airflow/.local/lib/python3.7/site-packages/airflow/example_dags/example_nested_branch_dag.py
[2022-04-25 12:59:58,270] {processor.py:642} INFO - Processing file /home/airflow/.local/lib/python3.7/site-packages/airflow/example_dags/example_nested_branch_dag.py for tasks to queue
[2022-04-25 12:59:58,274] {logging_mixin.py:109} INFO - [2022-04-25 12:59:58,273] {dagbag.py:500} INFO - Filling up the DagBag from /home/airflow/.local/lib/python3.7/site-packages/airflow/example_dags/example_nested_branch_dag.py
[2022-04-25 12:59:58,359] {processor.py:652} INFO - DAG(s) dict_keys(['example_nested_branch_dag']) retrieved from /home/airflow/.local/lib/python3.7/site-packages/airflow/example_dags/example_nested_branch_dag.py
[2022-04-25 12:59:58,396] {logging_mixin.py:109} INFO - [2022-04-25 12:59:58,396] {dag.py:2398} INFO - Sync 1 DAGs
[2022-04-25 12:59:58,430] {logging_mixin.py:109} INFO - [2022-04-25 12:59:58,430] {dag.py:2937} INFO - Setting next_dagrun for example_nested_branch_dag to 2022-04-24 00:00:00+00:00
[2022-04-25 12:59:58,481] {processor.py:171} INFO - Processing /home/airflow/.local/lib/python3.7/site-packages/airflow/example_dags/example_nested_branch_dag.py took 0.244 seconds
[2022-04-25 13:00:29,128] {processor.py:163} INFO - Started process (PID=1753) to work on /home/airflow/.local/lib/python3.7/site-packages/airflow/example_dags/example_nested_branch_dag.py
[2022-04-25 13:00:29,141] {processor.py:642} INFO - Processing file /home/airflow/.local/lib/python3.7/site-packages/airflow/example_dags/example_nested_branch_dag.py for tasks to queue
[2022-04-25 13:00:29,158] {logging_mixin.py:109} INFO - [2022-04-25 13:00:29,157] {dagbag.py:500} INFO - Filling up the DagBag from /home/airflow/.local/lib/python3.7/site-packages/airflow/example_dags/example_nested_branch_dag.py
[2022-04-25 13:00:29,400] {processor.py:652} INFO - DAG(s) dict_keys(['example_nested_branch_dag']) retrieved from /home/airflow/.local/lib/python3.7/site-packages/airflow/example_dags/example_nested_branch_dag.py
[2022-04-25 13:00:29,642] {logging_mixin.py:109} INFO - [2022-04-25 13:00:29,642] {dag.py:2398} INFO - Sync 1 DAGs
[2022-04-25 13:00:29,924] {logging_mixin.py:109} INFO - [2022-04-25 13:00:29,924] {dag.py:2937} INFO - Setting next_dagrun for example_nested_branch_dag to 2022-04-24 00:00:00+00:00
[2022-04-25 13:00:30,020] {processor.py:171} INFO - Processing /home/airflow/.local/lib/python3.7/site-packages/airflow/example_dags/example_nested_branch_dag.py took 0.926 seconds
[2022-04-25 13:01:01,640] {processor.py:163} INFO - Started process (PID=1805) to work on /home/airflow/.local/lib/python3.7/site-packages/airflow/example_dags/example_nested_branch_dag.py
[2022-04-25 13:01:01,646] {processor.py:642} INFO - Processing file /home/airflow/.local/lib/python3.7/site-packages/airflow/example_dags/example_nested_branch_dag.py for tasks to queue
[2022-04-25 13:01:01,651] {logging_mixin.py:109} INFO - [2022-04-25 13:01:01,650] {dagbag.py:500} INFO - Filling up the DagBag from /home/airflow/.local/lib/python3.7/site-packages/airflow/example_dags/example_nested_branch_dag.py
[2022-04-25 13:01:01,741] {processor.py:652} INFO - DAG(s) dict_keys(['example_nested_branch_dag']) retrieved from /home/airflow/.local/lib/python3.7/site-packages/airflow/example_dags/example_nested_branch_dag.py
[2022-04-25 13:01:01,832] {logging_mixin.py:109} INFO - [2022-04-25 13:01:01,832] {dag.py:2398} INFO - Sync 1 DAGs
[2022-04-25 13:01:01,913] {logging_mixin.py:109} INFO - [2022-04-25 13:01:01,913] {dag.py:2937} INFO - Setting next_dagrun for example_nested_branch_dag to 2022-04-24 00:00:00+00:00
[2022-04-25 13:01:01,963] {processor.py:171} INFO - Processing /home/airflow/.local/lib/python3.7/site-packages/airflow/example_dags/example_nested_branch_dag.py took 0.341 seconds
[2022-04-25 13:01:32,397] {processor.py:163} INFO - Started process (PID=1856) to work on /home/airflow/.local/lib/python3.7/site-packages/airflow/example_dags/example_nested_branch_dag.py
[2022-04-25 13:01:32,402] {processor.py:642} INFO - Processing file /home/airflow/.local/lib/python3.7/site-packages/airflow/example_dags/example_nested_branch_dag.py for tasks to queue
[2022-04-25 13:01:32,406] {logging_mixin.py:109} INFO - [2022-04-25 13:01:32,406] {dagbag.py:500} INFO - Filling up the DagBag from /home/airflow/.local/lib/python3.7/site-packages/airflow/example_dags/example_nested_branch_dag.py
[2022-04-25 13:01:32,440] {processor.py:652} INFO - DAG(s) dict_keys(['example_nested_branch_dag']) retrieved from /home/airflow/.local/lib/python3.7/site-packages/airflow/example_dags/example_nested_branch_dag.py
[2022-04-25 13:01:32,500] {logging_mixin.py:109} INFO - [2022-04-25 13:01:32,500] {dag.py:2398} INFO - Sync 1 DAGs
[2022-04-25 13:01:32,572] {logging_mixin.py:109} INFO - [2022-04-25 13:01:32,571] {dag.py:2937} INFO - Setting next_dagrun for example_nested_branch_dag to 2022-04-24 00:00:00+00:00
[2022-04-25 13:01:32,596] {processor.py:171} INFO - Processing /home/airflow/.local/lib/python3.7/site-packages/airflow/example_dags/example_nested_branch_dag.py took 0.208 seconds
[2022-04-25 13:02:02,828] {processor.py:163} INFO - Started process (PID=1908) to work on /home/airflow/.local/lib/python3.7/site-packages/airflow/example_dags/example_nested_branch_dag.py
[2022-04-25 13:02:02,832] {processor.py:642} INFO - Processing file /home/airflow/.local/lib/python3.7/site-packages/airflow/example_dags/example_nested_branch_dag.py for tasks to queue
[2022-04-25 13:02:02,834] {logging_mixin.py:109} INFO - [2022-04-25 13:02:02,834] {dagbag.py:500} INFO - Filling up the DagBag from /home/airflow/.local/lib/python3.7/site-packages/airflow/example_dags/example_nested_branch_dag.py
[2022-04-25 13:02:02,864] {processor.py:652} INFO - DAG(s) dict_keys(['example_nested_branch_dag']) retrieved from /home/airflow/.local/lib/python3.7/site-packages/airflow/example_dags/example_nested_branch_dag.py
[2022-04-25 13:02:02,898] {logging_mixin.py:109} INFO - [2022-04-25 13:02:02,898] {dag.py:2398} INFO - Sync 1 DAGs
[2022-04-25 13:02:02,923] {logging_mixin.py:109} INFO - [2022-04-25 13:02:02,923] {dag.py:2937} INFO - Setting next_dagrun for example_nested_branch_dag to 2022-04-24 00:00:00+00:00
[2022-04-25 13:02:02,940] {processor.py:171} INFO - Processing /home/airflow/.local/lib/python3.7/site-packages/airflow/example_dags/example_nested_branch_dag.py took 0.119 seconds
[2022-04-25 13:02:33,068] {processor.py:163} INFO - Started process (PID=1958) to work on /home/airflow/.local/lib/python3.7/site-packages/airflow/example_dags/example_nested_branch_dag.py
[2022-04-25 13:02:33,071] {processor.py:642} INFO - Processing file /home/airflow/.local/lib/python3.7/site-packages/airflow/example_dags/example_nested_branch_dag.py for tasks to queue
[2022-04-25 13:02:33,074] {logging_mixin.py:109} INFO - [2022-04-25 13:02:33,074] {dagbag.py:500} INFO - Filling up the DagBag from /home/airflow/.local/lib/python3.7/site-packages/airflow/example_dags/example_nested_branch_dag.py
[2022-04-25 13:02:33,127] {processor.py:652} INFO - DAG(s) dict_keys(['example_nested_branch_dag']) retrieved from /home/airflow/.local/lib/python3.7/site-packages/airflow/example_dags/example_nested_branch_dag.py
[2022-04-25 13:02:33,168] {logging_mixin.py:109} INFO - [2022-04-25 13:02:33,168] {dag.py:2398} INFO - Sync 1 DAGs
[2022-04-25 13:02:33,211] {logging_mixin.py:109} INFO - [2022-04-25 13:02:33,211] {dag.py:2937} INFO - Setting next_dagrun for example_nested_branch_dag to 2022-04-24 00:00:00+00:00
[2022-04-25 13:02:33,272] {processor.py:171} INFO - Processing /home/airflow/.local/lib/python3.7/site-packages/airflow/example_dags/example_nested_branch_dag.py took 0.212 seconds
[2022-04-25 13:11:59,162] {processor.py:163} INFO - Started process (PID=2024) to work on /home/airflow/.local/lib/python3.7/site-packages/airflow/example_dags/example_nested_branch_dag.py
[2022-04-25 13:11:59,175] {processor.py:642} INFO - Processing file /home/airflow/.local/lib/python3.7/site-packages/airflow/example_dags/example_nested_branch_dag.py for tasks to queue
[2022-04-25 13:11:59,179] {logging_mixin.py:109} INFO - [2022-04-25 13:11:59,179] {dagbag.py:500} INFO - Filling up the DagBag from /home/airflow/.local/lib/python3.7/site-packages/airflow/example_dags/example_nested_branch_dag.py
[2022-04-25 13:11:59,234] {processor.py:652} INFO - DAG(s) dict_keys(['example_nested_branch_dag']) retrieved from /home/airflow/.local/lib/python3.7/site-packages/airflow/example_dags/example_nested_branch_dag.py
[2022-04-25 13:11:59,290] {logging_mixin.py:109} INFO - [2022-04-25 13:11:59,289] {dag.py:2398} INFO - Sync 1 DAGs
[2022-04-25 13:11:59,350] {logging_mixin.py:109} INFO - [2022-04-25 13:11:59,350] {dag.py:2937} INFO - Setting next_dagrun for example_nested_branch_dag to 2022-04-24 00:00:00+00:00
[2022-04-25 13:11:59,373] {processor.py:171} INFO - Processing /home/airflow/.local/lib/python3.7/site-packages/airflow/example_dags/example_nested_branch_dag.py took 0.218 seconds
