[2022-04-25 12:41:52,104] {processor.py:163} INFO - Started process (PID=178) to work on /home/airflow/.local/lib/python3.7/site-packages/airflow/example_dags/example_external_task_marker_dag.py
[2022-04-25 12:41:52,107] {processor.py:642} INFO - Processing file /home/airflow/.local/lib/python3.7/site-packages/airflow/example_dags/example_external_task_marker_dag.py for tasks to queue
[2022-04-25 12:41:52,114] {logging_mixin.py:109} INFO - [2022-04-25 12:41:52,113] {dagbag.py:500} INFO - Filling up the DagBag from /home/airflow/.local/lib/python3.7/site-packages/airflow/example_dags/example_external_task_marker_dag.py
[2022-04-25 12:41:52,182] {processor.py:652} INFO - DAG(s) dict_keys(['example_external_task_marker_parent', 'example_external_task_marker_child']) retrieved from /home/airflow/.local/lib/python3.7/site-packages/airflow/example_dags/example_external_task_marker_dag.py
[2022-04-25 12:41:58,497] {logging_mixin.py:109} INFO - [2022-04-25 12:41:58,497] {manager.py:496} INFO - Created Permission View: can read on DAG:example_external_task_marker_parent
[2022-04-25 12:41:58,525] {logging_mixin.py:109} INFO - [2022-04-25 12:41:58,525] {manager.py:496} INFO - Created Permission View: can edit on DAG:example_external_task_marker_parent
[2022-04-25 12:41:58,555] {logging_mixin.py:109} INFO - [2022-04-25 12:41:58,555] {manager.py:496} INFO - Created Permission View: can read on DAG:example_external_task_marker_child
[2022-04-25 12:41:58,574] {logging_mixin.py:109} INFO - [2022-04-25 12:41:58,574] {manager.py:496} INFO - Created Permission View: can edit on DAG:example_external_task_marker_child
[2022-04-25 12:41:58,577] {logging_mixin.py:109} INFO - [2022-04-25 12:41:58,576] {dag.py:2398} INFO - Sync 2 DAGs
[2022-04-25 12:41:58,626] {logging_mixin.py:109} INFO - [2022-04-25 12:41:58,625] {dag.py:2417} INFO - Creating ORM DAG for example_external_task_marker_child
[2022-04-25 12:41:58,629] {logging_mixin.py:109} INFO - [2022-04-25 12:41:58,629] {dag.py:2417} INFO - Creating ORM DAG for example_external_task_marker_parent
[2022-04-25 12:41:58,653] {logging_mixin.py:109} INFO - [2022-04-25 12:41:58,653] {dag.py:2937} INFO - Setting next_dagrun for example_external_task_marker_child to None
[2022-04-25 12:41:58,655] {logging_mixin.py:109} INFO - [2022-04-25 12:41:58,655] {dag.py:2937} INFO - Setting next_dagrun for example_external_task_marker_parent to None
[2022-04-25 12:41:58,685] {processor.py:171} INFO - Processing /home/airflow/.local/lib/python3.7/site-packages/airflow/example_dags/example_external_task_marker_dag.py took 6.599 seconds
[2022-04-25 12:42:37,653] {processor.py:163} INFO - Started process (PID=257) to work on /home/airflow/.local/lib/python3.7/site-packages/airflow/example_dags/example_external_task_marker_dag.py
[2022-04-25 12:42:37,662] {processor.py:642} INFO - Processing file /home/airflow/.local/lib/python3.7/site-packages/airflow/example_dags/example_external_task_marker_dag.py for tasks to queue
[2022-04-25 12:42:37,670] {logging_mixin.py:109} INFO - [2022-04-25 12:42:37,669] {dagbag.py:500} INFO - Filling up the DagBag from /home/airflow/.local/lib/python3.7/site-packages/airflow/example_dags/example_external_task_marker_dag.py
[2022-04-25 12:42:37,734] {processor.py:652} INFO - DAG(s) dict_keys(['example_external_task_marker_parent', 'example_external_task_marker_child']) retrieved from /home/airflow/.local/lib/python3.7/site-packages/airflow/example_dags/example_external_task_marker_dag.py
[2022-04-25 12:42:37,811] {logging_mixin.py:109} INFO - [2022-04-25 12:42:37,811] {dag.py:2398} INFO - Sync 2 DAGs
[2022-04-25 12:42:37,836] {logging_mixin.py:109} INFO - [2022-04-25 12:42:37,836] {dag.py:2937} INFO - Setting next_dagrun for example_external_task_marker_child to None
[2022-04-25 12:42:37,838] {logging_mixin.py:109} INFO - [2022-04-25 12:42:37,837] {dag.py:2937} INFO - Setting next_dagrun for example_external_task_marker_parent to None
[2022-04-25 12:42:37,853] {processor.py:171} INFO - Processing /home/airflow/.local/lib/python3.7/site-packages/airflow/example_dags/example_external_task_marker_dag.py took 0.222 seconds
[2022-04-25 12:43:11,385] {processor.py:163} INFO - Started process (PID=320) to work on /home/airflow/.local/lib/python3.7/site-packages/airflow/example_dags/example_external_task_marker_dag.py
[2022-04-25 12:43:11,400] {processor.py:642} INFO - Processing file /home/airflow/.local/lib/python3.7/site-packages/airflow/example_dags/example_external_task_marker_dag.py for tasks to queue
[2022-04-25 12:43:11,412] {logging_mixin.py:109} INFO - [2022-04-25 12:43:11,412] {dagbag.py:500} INFO - Filling up the DagBag from /home/airflow/.local/lib/python3.7/site-packages/airflow/example_dags/example_external_task_marker_dag.py
[2022-04-25 12:43:11,588] {processor.py:652} INFO - DAG(s) dict_keys(['example_external_task_marker_parent', 'example_external_task_marker_child']) retrieved from /home/airflow/.local/lib/python3.7/site-packages/airflow/example_dags/example_external_task_marker_dag.py
[2022-04-25 12:43:11,752] {logging_mixin.py:109} INFO - [2022-04-25 12:43:11,752] {dag.py:2398} INFO - Sync 2 DAGs
[2022-04-25 12:43:11,906] {logging_mixin.py:109} INFO - [2022-04-25 12:43:11,905] {dag.py:2937} INFO - Setting next_dagrun for example_external_task_marker_child to None
[2022-04-25 12:43:11,908] {logging_mixin.py:109} INFO - [2022-04-25 12:43:11,908] {dag.py:2937} INFO - Setting next_dagrun for example_external_task_marker_parent to None
[2022-04-25 12:43:12,028] {processor.py:171} INFO - Processing /home/airflow/.local/lib/python3.7/site-packages/airflow/example_dags/example_external_task_marker_dag.py took 0.675 seconds
[2022-04-25 12:43:43,994] {processor.py:163} INFO - Started process (PID=372) to work on /home/airflow/.local/lib/python3.7/site-packages/airflow/example_dags/example_external_task_marker_dag.py
[2022-04-25 12:43:44,001] {processor.py:642} INFO - Processing file /home/airflow/.local/lib/python3.7/site-packages/airflow/example_dags/example_external_task_marker_dag.py for tasks to queue
[2022-04-25 12:43:44,008] {logging_mixin.py:109} INFO - [2022-04-25 12:43:44,005] {dagbag.py:500} INFO - Filling up the DagBag from /home/airflow/.local/lib/python3.7/site-packages/airflow/example_dags/example_external_task_marker_dag.py
[2022-04-25 12:43:44,112] {processor.py:652} INFO - DAG(s) dict_keys(['example_external_task_marker_parent', 'example_external_task_marker_child']) retrieved from /home/airflow/.local/lib/python3.7/site-packages/airflow/example_dags/example_external_task_marker_dag.py
[2022-04-25 12:43:44,255] {logging_mixin.py:109} INFO - [2022-04-25 12:43:44,254] {dag.py:2398} INFO - Sync 2 DAGs
[2022-04-25 12:43:44,357] {logging_mixin.py:109} INFO - [2022-04-25 12:43:44,357] {dag.py:2937} INFO - Setting next_dagrun for example_external_task_marker_child to None
[2022-04-25 12:43:44,360] {logging_mixin.py:109} INFO - [2022-04-25 12:43:44,360] {dag.py:2937} INFO - Setting next_dagrun for example_external_task_marker_parent to None
[2022-04-25 12:43:44,430] {processor.py:171} INFO - Processing /home/airflow/.local/lib/python3.7/site-packages/airflow/example_dags/example_external_task_marker_dag.py took 0.442 seconds
[2022-04-25 12:44:15,079] {processor.py:163} INFO - Started process (PID=426) to work on /home/airflow/.local/lib/python3.7/site-packages/airflow/example_dags/example_external_task_marker_dag.py
[2022-04-25 12:44:15,086] {processor.py:642} INFO - Processing file /home/airflow/.local/lib/python3.7/site-packages/airflow/example_dags/example_external_task_marker_dag.py for tasks to queue
[2022-04-25 12:44:15,091] {logging_mixin.py:109} INFO - [2022-04-25 12:44:15,090] {dagbag.py:500} INFO - Filling up the DagBag from /home/airflow/.local/lib/python3.7/site-packages/airflow/example_dags/example_external_task_marker_dag.py
[2022-04-25 12:44:15,159] {processor.py:652} INFO - DAG(s) dict_keys(['example_external_task_marker_parent', 'example_external_task_marker_child']) retrieved from /home/airflow/.local/lib/python3.7/site-packages/airflow/example_dags/example_external_task_marker_dag.py
[2022-04-25 12:44:15,229] {logging_mixin.py:109} INFO - [2022-04-25 12:44:15,229] {dag.py:2398} INFO - Sync 2 DAGs
[2022-04-25 12:44:15,284] {logging_mixin.py:109} INFO - [2022-04-25 12:44:15,279] {dag.py:2937} INFO - Setting next_dagrun for example_external_task_marker_child to None
[2022-04-25 12:44:15,288] {logging_mixin.py:109} INFO - [2022-04-25 12:44:15,288] {dag.py:2937} INFO - Setting next_dagrun for example_external_task_marker_parent to None
[2022-04-25 12:44:15,346] {processor.py:171} INFO - Processing /home/airflow/.local/lib/python3.7/site-packages/airflow/example_dags/example_external_task_marker_dag.py took 0.290 seconds
[2022-04-25 12:44:45,789] {processor.py:163} INFO - Started process (PID=478) to work on /home/airflow/.local/lib/python3.7/site-packages/airflow/example_dags/example_external_task_marker_dag.py
[2022-04-25 12:44:45,800] {processor.py:642} INFO - Processing file /home/airflow/.local/lib/python3.7/site-packages/airflow/example_dags/example_external_task_marker_dag.py for tasks to queue
[2022-04-25 12:44:45,802] {logging_mixin.py:109} INFO - [2022-04-25 12:44:45,802] {dagbag.py:500} INFO - Filling up the DagBag from /home/airflow/.local/lib/python3.7/site-packages/airflow/example_dags/example_external_task_marker_dag.py
[2022-04-25 12:44:45,867] {processor.py:652} INFO - DAG(s) dict_keys(['example_external_task_marker_parent', 'example_external_task_marker_child']) retrieved from /home/airflow/.local/lib/python3.7/site-packages/airflow/example_dags/example_external_task_marker_dag.py
[2022-04-25 12:44:45,990] {logging_mixin.py:109} INFO - [2022-04-25 12:44:45,989] {dag.py:2398} INFO - Sync 2 DAGs
[2022-04-25 12:44:46,059] {logging_mixin.py:109} INFO - [2022-04-25 12:44:46,058] {dag.py:2937} INFO - Setting next_dagrun for example_external_task_marker_child to None
[2022-04-25 12:44:46,062] {logging_mixin.py:109} INFO - [2022-04-25 12:44:46,061] {dag.py:2937} INFO - Setting next_dagrun for example_external_task_marker_parent to None
[2022-04-25 12:44:46,097] {processor.py:171} INFO - Processing /home/airflow/.local/lib/python3.7/site-packages/airflow/example_dags/example_external_task_marker_dag.py took 0.313 seconds
[2022-04-25 12:45:17,288] {processor.py:163} INFO - Started process (PID=529) to work on /home/airflow/.local/lib/python3.7/site-packages/airflow/example_dags/example_external_task_marker_dag.py
[2022-04-25 12:45:17,294] {processor.py:642} INFO - Processing file /home/airflow/.local/lib/python3.7/site-packages/airflow/example_dags/example_external_task_marker_dag.py for tasks to queue
[2022-04-25 12:45:17,298] {logging_mixin.py:109} INFO - [2022-04-25 12:45:17,297] {dagbag.py:500} INFO - Filling up the DagBag from /home/airflow/.local/lib/python3.7/site-packages/airflow/example_dags/example_external_task_marker_dag.py
[2022-04-25 12:45:17,334] {processor.py:652} INFO - DAG(s) dict_keys(['example_external_task_marker_parent', 'example_external_task_marker_child']) retrieved from /home/airflow/.local/lib/python3.7/site-packages/airflow/example_dags/example_external_task_marker_dag.py
[2022-04-25 12:45:17,460] {logging_mixin.py:109} INFO - [2022-04-25 12:45:17,460] {dag.py:2398} INFO - Sync 2 DAGs
[2022-04-25 12:45:17,508] {logging_mixin.py:109} INFO - [2022-04-25 12:45:17,508] {dag.py:2937} INFO - Setting next_dagrun for example_external_task_marker_child to None
[2022-04-25 12:45:17,512] {logging_mixin.py:109} INFO - [2022-04-25 12:45:17,512] {dag.py:2937} INFO - Setting next_dagrun for example_external_task_marker_parent to None
[2022-04-25 12:45:17,530] {processor.py:171} INFO - Processing /home/airflow/.local/lib/python3.7/site-packages/airflow/example_dags/example_external_task_marker_dag.py took 0.251 seconds
[2022-04-25 12:45:48,114] {processor.py:163} INFO - Started process (PID=582) to work on /home/airflow/.local/lib/python3.7/site-packages/airflow/example_dags/example_external_task_marker_dag.py
[2022-04-25 12:45:48,118] {processor.py:642} INFO - Processing file /home/airflow/.local/lib/python3.7/site-packages/airflow/example_dags/example_external_task_marker_dag.py for tasks to queue
[2022-04-25 12:45:48,120] {logging_mixin.py:109} INFO - [2022-04-25 12:45:48,120] {dagbag.py:500} INFO - Filling up the DagBag from /home/airflow/.local/lib/python3.7/site-packages/airflow/example_dags/example_external_task_marker_dag.py
[2022-04-25 12:45:48,155] {processor.py:652} INFO - DAG(s) dict_keys(['example_external_task_marker_parent', 'example_external_task_marker_child']) retrieved from /home/airflow/.local/lib/python3.7/site-packages/airflow/example_dags/example_external_task_marker_dag.py
[2022-04-25 12:45:48,206] {logging_mixin.py:109} INFO - [2022-04-25 12:45:48,206] {dag.py:2398} INFO - Sync 2 DAGs
[2022-04-25 12:45:48,237] {logging_mixin.py:109} INFO - [2022-04-25 12:45:48,237] {dag.py:2937} INFO - Setting next_dagrun for example_external_task_marker_child to None
[2022-04-25 12:45:48,239] {logging_mixin.py:109} INFO - [2022-04-25 12:45:48,239] {dag.py:2937} INFO - Setting next_dagrun for example_external_task_marker_parent to None
[2022-04-25 12:45:48,253] {processor.py:171} INFO - Processing /home/airflow/.local/lib/python3.7/site-packages/airflow/example_dags/example_external_task_marker_dag.py took 0.148 seconds
[2022-04-25 12:46:18,458] {processor.py:163} INFO - Started process (PID=631) to work on /home/airflow/.local/lib/python3.7/site-packages/airflow/example_dags/example_external_task_marker_dag.py
[2022-04-25 12:46:18,462] {processor.py:642} INFO - Processing file /home/airflow/.local/lib/python3.7/site-packages/airflow/example_dags/example_external_task_marker_dag.py for tasks to queue
[2022-04-25 12:46:18,468] {logging_mixin.py:109} INFO - [2022-04-25 12:46:18,467] {dagbag.py:500} INFO - Filling up the DagBag from /home/airflow/.local/lib/python3.7/site-packages/airflow/example_dags/example_external_task_marker_dag.py
[2022-04-25 12:46:18,526] {processor.py:652} INFO - DAG(s) dict_keys(['example_external_task_marker_parent', 'example_external_task_marker_child']) retrieved from /home/airflow/.local/lib/python3.7/site-packages/airflow/example_dags/example_external_task_marker_dag.py
[2022-04-25 12:46:18,616] {logging_mixin.py:109} INFO - [2022-04-25 12:46:18,616] {dag.py:2398} INFO - Sync 2 DAGs
[2022-04-25 12:46:18,677] {logging_mixin.py:109} INFO - [2022-04-25 12:46:18,673] {dag.py:2937} INFO - Setting next_dagrun for example_external_task_marker_child to None
[2022-04-25 12:46:18,679] {logging_mixin.py:109} INFO - [2022-04-25 12:46:18,679] {dag.py:2937} INFO - Setting next_dagrun for example_external_task_marker_parent to None
[2022-04-25 12:46:18,712] {processor.py:171} INFO - Processing /home/airflow/.local/lib/python3.7/site-packages/airflow/example_dags/example_external_task_marker_dag.py took 0.263 seconds
[2022-04-25 12:46:49,107] {processor.py:163} INFO - Started process (PID=681) to work on /home/airflow/.local/lib/python3.7/site-packages/airflow/example_dags/example_external_task_marker_dag.py
[2022-04-25 12:46:49,113] {processor.py:642} INFO - Processing file /home/airflow/.local/lib/python3.7/site-packages/airflow/example_dags/example_external_task_marker_dag.py for tasks to queue
[2022-04-25 12:46:49,117] {logging_mixin.py:109} INFO - [2022-04-25 12:46:49,116] {dagbag.py:500} INFO - Filling up the DagBag from /home/airflow/.local/lib/python3.7/site-packages/airflow/example_dags/example_external_task_marker_dag.py
[2022-04-25 12:46:49,212] {processor.py:652} INFO - DAG(s) dict_keys(['example_external_task_marker_parent', 'example_external_task_marker_child']) retrieved from /home/airflow/.local/lib/python3.7/site-packages/airflow/example_dags/example_external_task_marker_dag.py
[2022-04-25 12:46:49,310] {logging_mixin.py:109} INFO - [2022-04-25 12:46:49,310] {dag.py:2398} INFO - Sync 2 DAGs
[2022-04-25 12:46:49,398] {logging_mixin.py:109} INFO - [2022-04-25 12:46:49,397] {dag.py:2937} INFO - Setting next_dagrun for example_external_task_marker_child to None
[2022-04-25 12:46:49,406] {logging_mixin.py:109} INFO - [2022-04-25 12:46:49,406] {dag.py:2937} INFO - Setting next_dagrun for example_external_task_marker_parent to None
[2022-04-25 12:46:49,455] {processor.py:171} INFO - Processing /home/airflow/.local/lib/python3.7/site-packages/airflow/example_dags/example_external_task_marker_dag.py took 0.366 seconds
[2022-04-25 12:47:20,241] {processor.py:163} INFO - Started process (PID=731) to work on /home/airflow/.local/lib/python3.7/site-packages/airflow/example_dags/example_external_task_marker_dag.py
[2022-04-25 12:47:20,251] {processor.py:642} INFO - Processing file /home/airflow/.local/lib/python3.7/site-packages/airflow/example_dags/example_external_task_marker_dag.py for tasks to queue
[2022-04-25 12:47:20,260] {logging_mixin.py:109} INFO - [2022-04-25 12:47:20,260] {dagbag.py:500} INFO - Filling up the DagBag from /home/airflow/.local/lib/python3.7/site-packages/airflow/example_dags/example_external_task_marker_dag.py
[2022-04-25 12:47:20,344] {processor.py:652} INFO - DAG(s) dict_keys(['example_external_task_marker_parent', 'example_external_task_marker_child']) retrieved from /home/airflow/.local/lib/python3.7/site-packages/airflow/example_dags/example_external_task_marker_dag.py
[2022-04-25 12:47:20,422] {logging_mixin.py:109} INFO - [2022-04-25 12:47:20,422] {dag.py:2398} INFO - Sync 2 DAGs
[2022-04-25 12:47:20,490] {logging_mixin.py:109} INFO - [2022-04-25 12:47:20,490] {dag.py:2937} INFO - Setting next_dagrun for example_external_task_marker_child to None
[2022-04-25 12:47:20,494] {logging_mixin.py:109} INFO - [2022-04-25 12:47:20,493] {dag.py:2937} INFO - Setting next_dagrun for example_external_task_marker_parent to None
[2022-04-25 12:47:20,542] {processor.py:171} INFO - Processing /home/airflow/.local/lib/python3.7/site-packages/airflow/example_dags/example_external_task_marker_dag.py took 0.321 seconds
[2022-04-25 12:47:50,916] {processor.py:163} INFO - Started process (PID=780) to work on /home/airflow/.local/lib/python3.7/site-packages/airflow/example_dags/example_external_task_marker_dag.py
[2022-04-25 12:47:50,921] {processor.py:642} INFO - Processing file /home/airflow/.local/lib/python3.7/site-packages/airflow/example_dags/example_external_task_marker_dag.py for tasks to queue
[2022-04-25 12:47:50,926] {logging_mixin.py:109} INFO - [2022-04-25 12:47:50,926] {dagbag.py:500} INFO - Filling up the DagBag from /home/airflow/.local/lib/python3.7/site-packages/airflow/example_dags/example_external_task_marker_dag.py
[2022-04-25 12:47:51,044] {processor.py:652} INFO - DAG(s) dict_keys(['example_external_task_marker_parent', 'example_external_task_marker_child']) retrieved from /home/airflow/.local/lib/python3.7/site-packages/airflow/example_dags/example_external_task_marker_dag.py
[2022-04-25 12:47:51,156] {logging_mixin.py:109} INFO - [2022-04-25 12:47:51,156] {dag.py:2398} INFO - Sync 2 DAGs
[2022-04-25 12:47:51,216] {logging_mixin.py:109} INFO - [2022-04-25 12:47:51,216] {dag.py:2937} INFO - Setting next_dagrun for example_external_task_marker_child to None
[2022-04-25 12:47:51,218] {logging_mixin.py:109} INFO - [2022-04-25 12:47:51,217] {dag.py:2937} INFO - Setting next_dagrun for example_external_task_marker_parent to None
[2022-04-25 12:47:51,262] {processor.py:171} INFO - Processing /home/airflow/.local/lib/python3.7/site-packages/airflow/example_dags/example_external_task_marker_dag.py took 0.361 seconds
[2022-04-25 12:48:21,681] {processor.py:163} INFO - Started process (PID=831) to work on /home/airflow/.local/lib/python3.7/site-packages/airflow/example_dags/example_external_task_marker_dag.py
[2022-04-25 12:48:21,693] {processor.py:642} INFO - Processing file /home/airflow/.local/lib/python3.7/site-packages/airflow/example_dags/example_external_task_marker_dag.py for tasks to queue
[2022-04-25 12:48:21,699] {logging_mixin.py:109} INFO - [2022-04-25 12:48:21,698] {dagbag.py:500} INFO - Filling up the DagBag from /home/airflow/.local/lib/python3.7/site-packages/airflow/example_dags/example_external_task_marker_dag.py
[2022-04-25 12:48:21,801] {processor.py:652} INFO - DAG(s) dict_keys(['example_external_task_marker_parent', 'example_external_task_marker_child']) retrieved from /home/airflow/.local/lib/python3.7/site-packages/airflow/example_dags/example_external_task_marker_dag.py
[2022-04-25 12:48:21,929] {logging_mixin.py:109} INFO - [2022-04-25 12:48:21,925] {dag.py:2398} INFO - Sync 2 DAGs
[2022-04-25 12:48:22,010] {logging_mixin.py:109} INFO - [2022-04-25 12:48:22,009] {dag.py:2937} INFO - Setting next_dagrun for example_external_task_marker_child to None
[2022-04-25 12:48:22,011] {logging_mixin.py:109} INFO - [2022-04-25 12:48:22,011] {dag.py:2937} INFO - Setting next_dagrun for example_external_task_marker_parent to None
[2022-04-25 12:48:22,031] {processor.py:171} INFO - Processing /home/airflow/.local/lib/python3.7/site-packages/airflow/example_dags/example_external_task_marker_dag.py took 0.373 seconds
[2022-04-25 12:48:55,056] {processor.py:163} INFO - Started process (PID=891) to work on /home/airflow/.local/lib/python3.7/site-packages/airflow/example_dags/example_external_task_marker_dag.py
[2022-04-25 12:48:55,061] {processor.py:642} INFO - Processing file /home/airflow/.local/lib/python3.7/site-packages/airflow/example_dags/example_external_task_marker_dag.py for tasks to queue
[2022-04-25 12:48:55,074] {logging_mixin.py:109} INFO - [2022-04-25 12:48:55,073] {dagbag.py:500} INFO - Filling up the DagBag from /home/airflow/.local/lib/python3.7/site-packages/airflow/example_dags/example_external_task_marker_dag.py
[2022-04-25 12:48:55,204] {processor.py:652} INFO - DAG(s) dict_keys(['example_external_task_marker_parent', 'example_external_task_marker_child']) retrieved from /home/airflow/.local/lib/python3.7/site-packages/airflow/example_dags/example_external_task_marker_dag.py
[2022-04-25 12:48:55,362] {logging_mixin.py:109} INFO - [2022-04-25 12:48:55,362] {dag.py:2398} INFO - Sync 2 DAGs
[2022-04-25 12:48:55,522] {logging_mixin.py:109} INFO - [2022-04-25 12:48:55,521] {dag.py:2937} INFO - Setting next_dagrun for example_external_task_marker_child to None
[2022-04-25 12:48:55,536] {logging_mixin.py:109} INFO - [2022-04-25 12:48:55,535] {dag.py:2937} INFO - Setting next_dagrun for example_external_task_marker_parent to None
[2022-04-25 12:48:55,624] {processor.py:171} INFO - Processing /home/airflow/.local/lib/python3.7/site-packages/airflow/example_dags/example_external_task_marker_dag.py took 0.587 seconds
[2022-04-25 12:52:43,275] {processor.py:163} INFO - Started process (PID=943) to work on /home/airflow/.local/lib/python3.7/site-packages/airflow/example_dags/example_external_task_marker_dag.py
[2022-04-25 12:52:43,283] {processor.py:642} INFO - Processing file /home/airflow/.local/lib/python3.7/site-packages/airflow/example_dags/example_external_task_marker_dag.py for tasks to queue
[2022-04-25 12:52:43,295] {logging_mixin.py:109} INFO - [2022-04-25 12:52:43,294] {dagbag.py:500} INFO - Filling up the DagBag from /home/airflow/.local/lib/python3.7/site-packages/airflow/example_dags/example_external_task_marker_dag.py
[2022-04-25 12:52:43,470] {processor.py:652} INFO - DAG(s) dict_keys(['example_external_task_marker_parent', 'example_external_task_marker_child']) retrieved from /home/airflow/.local/lib/python3.7/site-packages/airflow/example_dags/example_external_task_marker_dag.py
[2022-04-25 12:52:43,622] {logging_mixin.py:109} INFO - [2022-04-25 12:52:43,622] {dag.py:2398} INFO - Sync 2 DAGs
[2022-04-25 12:52:43,740] {logging_mixin.py:109} INFO - [2022-04-25 12:52:43,740] {dag.py:2937} INFO - Setting next_dagrun for example_external_task_marker_child to None
[2022-04-25 12:52:43,748] {logging_mixin.py:109} INFO - [2022-04-25 12:52:43,747] {dag.py:2937} INFO - Setting next_dagrun for example_external_task_marker_parent to None
[2022-04-25 12:52:43,831] {processor.py:171} INFO - Processing /home/airflow/.local/lib/python3.7/site-packages/airflow/example_dags/example_external_task_marker_dag.py took 0.572 seconds
[2022-04-25 12:53:14,025] {processor.py:163} INFO - Started process (PID=994) to work on /home/airflow/.local/lib/python3.7/site-packages/airflow/example_dags/example_external_task_marker_dag.py
[2022-04-25 12:53:14,031] {processor.py:642} INFO - Processing file /home/airflow/.local/lib/python3.7/site-packages/airflow/example_dags/example_external_task_marker_dag.py for tasks to queue
[2022-04-25 12:53:14,035] {logging_mixin.py:109} INFO - [2022-04-25 12:53:14,035] {dagbag.py:500} INFO - Filling up the DagBag from /home/airflow/.local/lib/python3.7/site-packages/airflow/example_dags/example_external_task_marker_dag.py
[2022-04-25 12:53:14,120] {processor.py:652} INFO - DAG(s) dict_keys(['example_external_task_marker_parent', 'example_external_task_marker_child']) retrieved from /home/airflow/.local/lib/python3.7/site-packages/airflow/example_dags/example_external_task_marker_dag.py
[2022-04-25 12:53:14,194] {logging_mixin.py:109} INFO - [2022-04-25 12:53:14,194] {dag.py:2398} INFO - Sync 2 DAGs
[2022-04-25 12:53:14,218] {logging_mixin.py:109} INFO - [2022-04-25 12:53:14,218] {dag.py:2937} INFO - Setting next_dagrun for example_external_task_marker_child to None
[2022-04-25 12:53:14,220] {logging_mixin.py:109} INFO - [2022-04-25 12:53:14,220] {dag.py:2937} INFO - Setting next_dagrun for example_external_task_marker_parent to None
[2022-04-25 12:53:14,239] {processor.py:171} INFO - Processing /home/airflow/.local/lib/python3.7/site-packages/airflow/example_dags/example_external_task_marker_dag.py took 0.227 seconds
[2022-04-25 12:53:45,036] {processor.py:163} INFO - Started process (PID=1046) to work on /home/airflow/.local/lib/python3.7/site-packages/airflow/example_dags/example_external_task_marker_dag.py
[2022-04-25 12:53:45,041] {processor.py:642} INFO - Processing file /home/airflow/.local/lib/python3.7/site-packages/airflow/example_dags/example_external_task_marker_dag.py for tasks to queue
[2022-04-25 12:53:45,044] {logging_mixin.py:109} INFO - [2022-04-25 12:53:45,044] {dagbag.py:500} INFO - Filling up the DagBag from /home/airflow/.local/lib/python3.7/site-packages/airflow/example_dags/example_external_task_marker_dag.py
[2022-04-25 12:53:45,069] {processor.py:652} INFO - DAG(s) dict_keys(['example_external_task_marker_parent', 'example_external_task_marker_child']) retrieved from /home/airflow/.local/lib/python3.7/site-packages/airflow/example_dags/example_external_task_marker_dag.py
[2022-04-25 12:53:45,113] {logging_mixin.py:109} INFO - [2022-04-25 12:53:45,112] {dag.py:2398} INFO - Sync 2 DAGs
[2022-04-25 12:53:45,138] {logging_mixin.py:109} INFO - [2022-04-25 12:53:45,138] {dag.py:2937} INFO - Setting next_dagrun for example_external_task_marker_child to None
[2022-04-25 12:53:45,141] {logging_mixin.py:109} INFO - [2022-04-25 12:53:45,140] {dag.py:2937} INFO - Setting next_dagrun for example_external_task_marker_parent to None
[2022-04-25 12:53:45,157] {processor.py:171} INFO - Processing /home/airflow/.local/lib/python3.7/site-packages/airflow/example_dags/example_external_task_marker_dag.py took 0.130 seconds
[2022-04-25 12:54:15,348] {processor.py:163} INFO - Started process (PID=1095) to work on /home/airflow/.local/lib/python3.7/site-packages/airflow/example_dags/example_external_task_marker_dag.py
[2022-04-25 12:54:15,353] {processor.py:642} INFO - Processing file /home/airflow/.local/lib/python3.7/site-packages/airflow/example_dags/example_external_task_marker_dag.py for tasks to queue
[2022-04-25 12:54:15,357] {logging_mixin.py:109} INFO - [2022-04-25 12:54:15,356] {dagbag.py:500} INFO - Filling up the DagBag from /home/airflow/.local/lib/python3.7/site-packages/airflow/example_dags/example_external_task_marker_dag.py
[2022-04-25 12:54:15,395] {processor.py:652} INFO - DAG(s) dict_keys(['example_external_task_marker_parent', 'example_external_task_marker_child']) retrieved from /home/airflow/.local/lib/python3.7/site-packages/airflow/example_dags/example_external_task_marker_dag.py
[2022-04-25 12:54:15,454] {logging_mixin.py:109} INFO - [2022-04-25 12:54:15,454] {dag.py:2398} INFO - Sync 2 DAGs
[2022-04-25 12:54:15,486] {logging_mixin.py:109} INFO - [2022-04-25 12:54:15,486] {dag.py:2937} INFO - Setting next_dagrun for example_external_task_marker_child to None
[2022-04-25 12:54:15,489] {logging_mixin.py:109} INFO - [2022-04-25 12:54:15,488] {dag.py:2937} INFO - Setting next_dagrun for example_external_task_marker_parent to None
[2022-04-25 12:54:15,511] {processor.py:171} INFO - Processing /home/airflow/.local/lib/python3.7/site-packages/airflow/example_dags/example_external_task_marker_dag.py took 0.179 seconds
[2022-04-25 12:54:45,677] {processor.py:163} INFO - Started process (PID=1145) to work on /home/airflow/.local/lib/python3.7/site-packages/airflow/example_dags/example_external_task_marker_dag.py
[2022-04-25 12:54:45,681] {processor.py:642} INFO - Processing file /home/airflow/.local/lib/python3.7/site-packages/airflow/example_dags/example_external_task_marker_dag.py for tasks to queue
[2022-04-25 12:54:45,684] {logging_mixin.py:109} INFO - [2022-04-25 12:54:45,683] {dagbag.py:500} INFO - Filling up the DagBag from /home/airflow/.local/lib/python3.7/site-packages/airflow/example_dags/example_external_task_marker_dag.py
[2022-04-25 12:54:45,711] {processor.py:652} INFO - DAG(s) dict_keys(['example_external_task_marker_parent', 'example_external_task_marker_child']) retrieved from /home/airflow/.local/lib/python3.7/site-packages/airflow/example_dags/example_external_task_marker_dag.py
[2022-04-25 12:54:45,758] {logging_mixin.py:109} INFO - [2022-04-25 12:54:45,758] {dag.py:2398} INFO - Sync 2 DAGs
[2022-04-25 12:54:45,785] {logging_mixin.py:109} INFO - [2022-04-25 12:54:45,785] {dag.py:2937} INFO - Setting next_dagrun for example_external_task_marker_child to None
[2022-04-25 12:54:45,788] {logging_mixin.py:109} INFO - [2022-04-25 12:54:45,788] {dag.py:2937} INFO - Setting next_dagrun for example_external_task_marker_parent to None
[2022-04-25 12:54:45,811] {processor.py:171} INFO - Processing /home/airflow/.local/lib/python3.7/site-packages/airflow/example_dags/example_external_task_marker_dag.py took 0.140 seconds
[2022-04-25 12:55:16,448] {processor.py:163} INFO - Started process (PID=1199) to work on /home/airflow/.local/lib/python3.7/site-packages/airflow/example_dags/example_external_task_marker_dag.py
[2022-04-25 12:55:16,456] {processor.py:642} INFO - Processing file /home/airflow/.local/lib/python3.7/site-packages/airflow/example_dags/example_external_task_marker_dag.py for tasks to queue
[2022-04-25 12:55:16,464] {logging_mixin.py:109} INFO - [2022-04-25 12:55:16,463] {dagbag.py:500} INFO - Filling up the DagBag from /home/airflow/.local/lib/python3.7/site-packages/airflow/example_dags/example_external_task_marker_dag.py
[2022-04-25 12:55:16,547] {processor.py:652} INFO - DAG(s) dict_keys(['example_external_task_marker_parent', 'example_external_task_marker_child']) retrieved from /home/airflow/.local/lib/python3.7/site-packages/airflow/example_dags/example_external_task_marker_dag.py
[2022-04-25 12:55:16,621] {logging_mixin.py:109} INFO - [2022-04-25 12:55:16,620] {dag.py:2398} INFO - Sync 2 DAGs
[2022-04-25 12:55:16,673] {logging_mixin.py:109} INFO - [2022-04-25 12:55:16,673] {dag.py:2937} INFO - Setting next_dagrun for example_external_task_marker_child to None
[2022-04-25 12:55:16,675] {logging_mixin.py:109} INFO - [2022-04-25 12:55:16,675] {dag.py:2937} INFO - Setting next_dagrun for example_external_task_marker_parent to None
[2022-04-25 12:55:16,700] {processor.py:171} INFO - Processing /home/airflow/.local/lib/python3.7/site-packages/airflow/example_dags/example_external_task_marker_dag.py took 0.279 seconds
[2022-04-25 12:55:46,847] {processor.py:163} INFO - Started process (PID=1252) to work on /home/airflow/.local/lib/python3.7/site-packages/airflow/example_dags/example_external_task_marker_dag.py
[2022-04-25 12:55:46,852] {processor.py:642} INFO - Processing file /home/airflow/.local/lib/python3.7/site-packages/airflow/example_dags/example_external_task_marker_dag.py for tasks to queue
[2022-04-25 12:55:46,855] {logging_mixin.py:109} INFO - [2022-04-25 12:55:46,855] {dagbag.py:500} INFO - Filling up the DagBag from /home/airflow/.local/lib/python3.7/site-packages/airflow/example_dags/example_external_task_marker_dag.py
[2022-04-25 12:55:46,890] {processor.py:652} INFO - DAG(s) dict_keys(['example_external_task_marker_parent', 'example_external_task_marker_child']) retrieved from /home/airflow/.local/lib/python3.7/site-packages/airflow/example_dags/example_external_task_marker_dag.py
[2022-04-25 12:55:46,934] {logging_mixin.py:109} INFO - [2022-04-25 12:55:46,933] {dag.py:2398} INFO - Sync 2 DAGs
[2022-04-25 12:55:47,004] {logging_mixin.py:109} INFO - [2022-04-25 12:55:47,004] {dag.py:2937} INFO - Setting next_dagrun for example_external_task_marker_child to None
[2022-04-25 12:55:47,007] {logging_mixin.py:109} INFO - [2022-04-25 12:55:47,007] {dag.py:2937} INFO - Setting next_dagrun for example_external_task_marker_parent to None
[2022-04-25 12:55:47,048] {processor.py:171} INFO - Processing /home/airflow/.local/lib/python3.7/site-packages/airflow/example_dags/example_external_task_marker_dag.py took 0.213 seconds
[2022-04-25 12:56:17,127] {processor.py:163} INFO - Started process (PID=1303) to work on /home/airflow/.local/lib/python3.7/site-packages/airflow/example_dags/example_external_task_marker_dag.py
[2022-04-25 12:56:17,137] {processor.py:642} INFO - Processing file /home/airflow/.local/lib/python3.7/site-packages/airflow/example_dags/example_external_task_marker_dag.py for tasks to queue
[2022-04-25 12:56:17,140] {logging_mixin.py:109} INFO - [2022-04-25 12:56:17,140] {dagbag.py:500} INFO - Filling up the DagBag from /home/airflow/.local/lib/python3.7/site-packages/airflow/example_dags/example_external_task_marker_dag.py
[2022-04-25 12:56:17,169] {processor.py:652} INFO - DAG(s) dict_keys(['example_external_task_marker_parent', 'example_external_task_marker_child']) retrieved from /home/airflow/.local/lib/python3.7/site-packages/airflow/example_dags/example_external_task_marker_dag.py
[2022-04-25 12:56:17,219] {logging_mixin.py:109} INFO - [2022-04-25 12:56:17,219] {dag.py:2398} INFO - Sync 2 DAGs
[2022-04-25 12:56:17,255] {logging_mixin.py:109} INFO - [2022-04-25 12:56:17,255] {dag.py:2937} INFO - Setting next_dagrun for example_external_task_marker_child to None
[2022-04-25 12:56:17,257] {logging_mixin.py:109} INFO - [2022-04-25 12:56:17,257] {dag.py:2937} INFO - Setting next_dagrun for example_external_task_marker_parent to None
[2022-04-25 12:56:17,280] {processor.py:171} INFO - Processing /home/airflow/.local/lib/python3.7/site-packages/airflow/example_dags/example_external_task_marker_dag.py took 0.157 seconds
[2022-04-25 12:56:47,715] {processor.py:163} INFO - Started process (PID=1366) to work on /home/airflow/.local/lib/python3.7/site-packages/airflow/example_dags/example_external_task_marker_dag.py
[2022-04-25 12:56:47,720] {processor.py:642} INFO - Processing file /home/airflow/.local/lib/python3.7/site-packages/airflow/example_dags/example_external_task_marker_dag.py for tasks to queue
[2022-04-25 12:56:47,723] {logging_mixin.py:109} INFO - [2022-04-25 12:56:47,723] {dagbag.py:500} INFO - Filling up the DagBag from /home/airflow/.local/lib/python3.7/site-packages/airflow/example_dags/example_external_task_marker_dag.py
[2022-04-25 12:56:47,779] {processor.py:652} INFO - DAG(s) dict_keys(['example_external_task_marker_parent', 'example_external_task_marker_child']) retrieved from /home/airflow/.local/lib/python3.7/site-packages/airflow/example_dags/example_external_task_marker_dag.py
[2022-04-25 12:56:47,837] {logging_mixin.py:109} INFO - [2022-04-25 12:56:47,837] {dag.py:2398} INFO - Sync 2 DAGs
[2022-04-25 12:56:47,894] {logging_mixin.py:109} INFO - [2022-04-25 12:56:47,893] {dag.py:2937} INFO - Setting next_dagrun for example_external_task_marker_child to None
[2022-04-25 12:56:47,897] {logging_mixin.py:109} INFO - [2022-04-25 12:56:47,896] {dag.py:2937} INFO - Setting next_dagrun for example_external_task_marker_parent to None
[2022-04-25 12:56:47,937] {processor.py:171} INFO - Processing /home/airflow/.local/lib/python3.7/site-packages/airflow/example_dags/example_external_task_marker_dag.py took 0.237 seconds
[2022-04-25 12:57:18,250] {processor.py:163} INFO - Started process (PID=1419) to work on /home/airflow/.local/lib/python3.7/site-packages/airflow/example_dags/example_external_task_marker_dag.py
[2022-04-25 12:57:18,257] {processor.py:642} INFO - Processing file /home/airflow/.local/lib/python3.7/site-packages/airflow/example_dags/example_external_task_marker_dag.py for tasks to queue
[2022-04-25 12:57:18,262] {logging_mixin.py:109} INFO - [2022-04-25 12:57:18,261] {dagbag.py:500} INFO - Filling up the DagBag from /home/airflow/.local/lib/python3.7/site-packages/airflow/example_dags/example_external_task_marker_dag.py
[2022-04-25 12:57:18,319] {processor.py:652} INFO - DAG(s) dict_keys(['example_external_task_marker_parent', 'example_external_task_marker_child']) retrieved from /home/airflow/.local/lib/python3.7/site-packages/airflow/example_dags/example_external_task_marker_dag.py
[2022-04-25 12:57:18,390] {logging_mixin.py:109} INFO - [2022-04-25 12:57:18,390] {dag.py:2398} INFO - Sync 2 DAGs
[2022-04-25 12:57:18,448] {logging_mixin.py:109} INFO - [2022-04-25 12:57:18,448] {dag.py:2937} INFO - Setting next_dagrun for example_external_task_marker_child to None
[2022-04-25 12:57:18,451] {logging_mixin.py:109} INFO - [2022-04-25 12:57:18,450] {dag.py:2937} INFO - Setting next_dagrun for example_external_task_marker_parent to None
[2022-04-25 12:57:18,491] {processor.py:171} INFO - Processing /home/airflow/.local/lib/python3.7/site-packages/airflow/example_dags/example_external_task_marker_dag.py took 0.259 seconds
[2022-04-25 12:57:49,339] {processor.py:163} INFO - Started process (PID=1472) to work on /home/airflow/.local/lib/python3.7/site-packages/airflow/example_dags/example_external_task_marker_dag.py
[2022-04-25 12:57:49,342] {processor.py:642} INFO - Processing file /home/airflow/.local/lib/python3.7/site-packages/airflow/example_dags/example_external_task_marker_dag.py for tasks to queue
[2022-04-25 12:57:49,344] {logging_mixin.py:109} INFO - [2022-04-25 12:57:49,344] {dagbag.py:500} INFO - Filling up the DagBag from /home/airflow/.local/lib/python3.7/site-packages/airflow/example_dags/example_external_task_marker_dag.py
[2022-04-25 12:57:49,389] {processor.py:652} INFO - DAG(s) dict_keys(['example_external_task_marker_parent', 'example_external_task_marker_child']) retrieved from /home/airflow/.local/lib/python3.7/site-packages/airflow/example_dags/example_external_task_marker_dag.py
[2022-04-25 12:57:49,448] {logging_mixin.py:109} INFO - [2022-04-25 12:57:49,448] {dag.py:2398} INFO - Sync 2 DAGs
[2022-04-25 12:57:49,489] {logging_mixin.py:109} INFO - [2022-04-25 12:57:49,489] {dag.py:2937} INFO - Setting next_dagrun for example_external_task_marker_child to None
[2022-04-25 12:57:49,490] {logging_mixin.py:109} INFO - [2022-04-25 12:57:49,490] {dag.py:2937} INFO - Setting next_dagrun for example_external_task_marker_parent to None
[2022-04-25 12:57:49,514] {processor.py:171} INFO - Processing /home/airflow/.local/lib/python3.7/site-packages/airflow/example_dags/example_external_task_marker_dag.py took 0.189 seconds
[2022-04-25 12:58:22,002] {processor.py:163} INFO - Started process (PID=1529) to work on /home/airflow/.local/lib/python3.7/site-packages/airflow/example_dags/example_external_task_marker_dag.py
[2022-04-25 12:58:22,021] {processor.py:642} INFO - Processing file /home/airflow/.local/lib/python3.7/site-packages/airflow/example_dags/example_external_task_marker_dag.py for tasks to queue
[2022-04-25 12:58:22,032] {logging_mixin.py:109} INFO - [2022-04-25 12:58:22,026] {dagbag.py:500} INFO - Filling up the DagBag from /home/airflow/.local/lib/python3.7/site-packages/airflow/example_dags/example_external_task_marker_dag.py
[2022-04-25 12:58:22,138] {processor.py:652} INFO - DAG(s) dict_keys(['example_external_task_marker_parent', 'example_external_task_marker_child']) retrieved from /home/airflow/.local/lib/python3.7/site-packages/airflow/example_dags/example_external_task_marker_dag.py
[2022-04-25 12:58:22,263] {logging_mixin.py:109} INFO - [2022-04-25 12:58:22,263] {dag.py:2398} INFO - Sync 2 DAGs
[2022-04-25 12:58:22,345] {logging_mixin.py:109} INFO - [2022-04-25 12:58:22,344] {dag.py:2937} INFO - Setting next_dagrun for example_external_task_marker_child to None
[2022-04-25 12:58:22,347] {logging_mixin.py:109} INFO - [2022-04-25 12:58:22,346] {dag.py:2937} INFO - Setting next_dagrun for example_external_task_marker_parent to None
[2022-04-25 12:58:22,398] {processor.py:171} INFO - Processing /home/airflow/.local/lib/python3.7/site-packages/airflow/example_dags/example_external_task_marker_dag.py took 0.411 seconds
[2022-04-25 12:58:52,882] {processor.py:163} INFO - Started process (PID=1578) to work on /home/airflow/.local/lib/python3.7/site-packages/airflow/example_dags/example_external_task_marker_dag.py
[2022-04-25 12:58:52,886] {processor.py:642} INFO - Processing file /home/airflow/.local/lib/python3.7/site-packages/airflow/example_dags/example_external_task_marker_dag.py for tasks to queue
[2022-04-25 12:58:52,889] {logging_mixin.py:109} INFO - [2022-04-25 12:58:52,888] {dagbag.py:500} INFO - Filling up the DagBag from /home/airflow/.local/lib/python3.7/site-packages/airflow/example_dags/example_external_task_marker_dag.py
[2022-04-25 12:58:53,024] {processor.py:652} INFO - DAG(s) dict_keys(['example_external_task_marker_parent', 'example_external_task_marker_child']) retrieved from /home/airflow/.local/lib/python3.7/site-packages/airflow/example_dags/example_external_task_marker_dag.py
[2022-04-25 12:58:53,163] {logging_mixin.py:109} INFO - [2022-04-25 12:58:53,163] {dag.py:2398} INFO - Sync 2 DAGs
[2022-04-25 12:58:53,241] {logging_mixin.py:109} INFO - [2022-04-25 12:58:53,240] {dag.py:2937} INFO - Setting next_dagrun for example_external_task_marker_child to None
[2022-04-25 12:58:53,244] {logging_mixin.py:109} INFO - [2022-04-25 12:58:53,244] {dag.py:2937} INFO - Setting next_dagrun for example_external_task_marker_parent to None
[2022-04-25 12:58:53,297] {processor.py:171} INFO - Processing /home/airflow/.local/lib/python3.7/site-packages/airflow/example_dags/example_external_task_marker_dag.py took 0.448 seconds
[2022-04-25 12:59:23,729] {processor.py:163} INFO - Started process (PID=1632) to work on /home/airflow/.local/lib/python3.7/site-packages/airflow/example_dags/example_external_task_marker_dag.py
[2022-04-25 12:59:23,738] {processor.py:642} INFO - Processing file /home/airflow/.local/lib/python3.7/site-packages/airflow/example_dags/example_external_task_marker_dag.py for tasks to queue
[2022-04-25 12:59:23,742] {logging_mixin.py:109} INFO - [2022-04-25 12:59:23,742] {dagbag.py:500} INFO - Filling up the DagBag from /home/airflow/.local/lib/python3.7/site-packages/airflow/example_dags/example_external_task_marker_dag.py
[2022-04-25 12:59:23,785] {processor.py:652} INFO - DAG(s) dict_keys(['example_external_task_marker_parent', 'example_external_task_marker_child']) retrieved from /home/airflow/.local/lib/python3.7/site-packages/airflow/example_dags/example_external_task_marker_dag.py
[2022-04-25 12:59:23,829] {logging_mixin.py:109} INFO - [2022-04-25 12:59:23,829] {dag.py:2398} INFO - Sync 2 DAGs
[2022-04-25 12:59:23,853] {logging_mixin.py:109} INFO - [2022-04-25 12:59:23,853] {dag.py:2937} INFO - Setting next_dagrun for example_external_task_marker_child to None
[2022-04-25 12:59:23,855] {logging_mixin.py:109} INFO - [2022-04-25 12:59:23,855] {dag.py:2937} INFO - Setting next_dagrun for example_external_task_marker_parent to None
[2022-04-25 12:59:23,873] {processor.py:171} INFO - Processing /home/airflow/.local/lib/python3.7/site-packages/airflow/example_dags/example_external_task_marker_dag.py took 0.159 seconds
[2022-04-25 12:59:54,219] {processor.py:163} INFO - Started process (PID=1684) to work on /home/airflow/.local/lib/python3.7/site-packages/airflow/example_dags/example_external_task_marker_dag.py
[2022-04-25 12:59:54,222] {processor.py:642} INFO - Processing file /home/airflow/.local/lib/python3.7/site-packages/airflow/example_dags/example_external_task_marker_dag.py for tasks to queue
[2022-04-25 12:59:54,224] {logging_mixin.py:109} INFO - [2022-04-25 12:59:54,224] {dagbag.py:500} INFO - Filling up the DagBag from /home/airflow/.local/lib/python3.7/site-packages/airflow/example_dags/example_external_task_marker_dag.py
[2022-04-25 12:59:54,249] {processor.py:652} INFO - DAG(s) dict_keys(['example_external_task_marker_parent', 'example_external_task_marker_child']) retrieved from /home/airflow/.local/lib/python3.7/site-packages/airflow/example_dags/example_external_task_marker_dag.py
[2022-04-25 12:59:54,301] {logging_mixin.py:109} INFO - [2022-04-25 12:59:54,301] {dag.py:2398} INFO - Sync 2 DAGs
[2022-04-25 12:59:54,334] {logging_mixin.py:109} INFO - [2022-04-25 12:59:54,333] {dag.py:2937} INFO - Setting next_dagrun for example_external_task_marker_child to None
[2022-04-25 12:59:54,336] {logging_mixin.py:109} INFO - [2022-04-25 12:59:54,335] {dag.py:2937} INFO - Setting next_dagrun for example_external_task_marker_parent to None
[2022-04-25 12:59:54,357] {processor.py:171} INFO - Processing /home/airflow/.local/lib/python3.7/site-packages/airflow/example_dags/example_external_task_marker_dag.py took 0.145 seconds
[2022-04-25 13:00:24,535] {processor.py:163} INFO - Started process (PID=1736) to work on /home/airflow/.local/lib/python3.7/site-packages/airflow/example_dags/example_external_task_marker_dag.py
[2022-04-25 13:00:24,539] {processor.py:642} INFO - Processing file /home/airflow/.local/lib/python3.7/site-packages/airflow/example_dags/example_external_task_marker_dag.py for tasks to queue
[2022-04-25 13:00:24,541] {logging_mixin.py:109} INFO - [2022-04-25 13:00:24,540] {dagbag.py:500} INFO - Filling up the DagBag from /home/airflow/.local/lib/python3.7/site-packages/airflow/example_dags/example_external_task_marker_dag.py
[2022-04-25 13:00:24,563] {processor.py:652} INFO - DAG(s) dict_keys(['example_external_task_marker_parent', 'example_external_task_marker_child']) retrieved from /home/airflow/.local/lib/python3.7/site-packages/airflow/example_dags/example_external_task_marker_dag.py
[2022-04-25 13:00:24,600] {logging_mixin.py:109} INFO - [2022-04-25 13:00:24,600] {dag.py:2398} INFO - Sync 2 DAGs
[2022-04-25 13:00:24,623] {logging_mixin.py:109} INFO - [2022-04-25 13:00:24,623] {dag.py:2937} INFO - Setting next_dagrun for example_external_task_marker_child to None
[2022-04-25 13:00:24,625] {logging_mixin.py:109} INFO - [2022-04-25 13:00:24,624] {dag.py:2937} INFO - Setting next_dagrun for example_external_task_marker_parent to None
[2022-04-25 13:00:24,640] {processor.py:171} INFO - Processing /home/airflow/.local/lib/python3.7/site-packages/airflow/example_dags/example_external_task_marker_dag.py took 0.110 seconds
[2022-04-25 13:00:55,190] {processor.py:163} INFO - Started process (PID=1785) to work on /home/airflow/.local/lib/python3.7/site-packages/airflow/example_dags/example_external_task_marker_dag.py
[2022-04-25 13:00:55,195] {processor.py:642} INFO - Processing file /home/airflow/.local/lib/python3.7/site-packages/airflow/example_dags/example_external_task_marker_dag.py for tasks to queue
[2022-04-25 13:00:55,198] {logging_mixin.py:109} INFO - [2022-04-25 13:00:55,198] {dagbag.py:500} INFO - Filling up the DagBag from /home/airflow/.local/lib/python3.7/site-packages/airflow/example_dags/example_external_task_marker_dag.py
[2022-04-25 13:00:55,236] {processor.py:652} INFO - DAG(s) dict_keys(['example_external_task_marker_parent', 'example_external_task_marker_child']) retrieved from /home/airflow/.local/lib/python3.7/site-packages/airflow/example_dags/example_external_task_marker_dag.py
[2022-04-25 13:00:55,292] {logging_mixin.py:109} INFO - [2022-04-25 13:00:55,292] {dag.py:2398} INFO - Sync 2 DAGs
[2022-04-25 13:00:55,329] {logging_mixin.py:109} INFO - [2022-04-25 13:00:55,329] {dag.py:2937} INFO - Setting next_dagrun for example_external_task_marker_child to None
[2022-04-25 13:00:55,332] {logging_mixin.py:109} INFO - [2022-04-25 13:00:55,331] {dag.py:2937} INFO - Setting next_dagrun for example_external_task_marker_parent to None
[2022-04-25 13:00:55,359] {processor.py:171} INFO - Processing /home/airflow/.local/lib/python3.7/site-packages/airflow/example_dags/example_external_task_marker_dag.py took 0.180 seconds
[2022-04-25 13:01:25,956] {processor.py:163} INFO - Started process (PID=1836) to work on /home/airflow/.local/lib/python3.7/site-packages/airflow/example_dags/example_external_task_marker_dag.py
[2022-04-25 13:01:25,962] {processor.py:642} INFO - Processing file /home/airflow/.local/lib/python3.7/site-packages/airflow/example_dags/example_external_task_marker_dag.py for tasks to queue
[2022-04-25 13:01:25,966] {logging_mixin.py:109} INFO - [2022-04-25 13:01:25,965] {dagbag.py:500} INFO - Filling up the DagBag from /home/airflow/.local/lib/python3.7/site-packages/airflow/example_dags/example_external_task_marker_dag.py
[2022-04-25 13:01:25,993] {processor.py:652} INFO - DAG(s) dict_keys(['example_external_task_marker_parent', 'example_external_task_marker_child']) retrieved from /home/airflow/.local/lib/python3.7/site-packages/airflow/example_dags/example_external_task_marker_dag.py
[2022-04-25 13:01:26,031] {logging_mixin.py:109} INFO - [2022-04-25 13:01:26,031] {dag.py:2398} INFO - Sync 2 DAGs
[2022-04-25 13:01:26,056] {logging_mixin.py:109} INFO - [2022-04-25 13:01:26,056] {dag.py:2937} INFO - Setting next_dagrun for example_external_task_marker_child to None
[2022-04-25 13:01:26,059] {logging_mixin.py:109} INFO - [2022-04-25 13:01:26,059] {dag.py:2937} INFO - Setting next_dagrun for example_external_task_marker_parent to None
[2022-04-25 13:01:26,094] {processor.py:171} INFO - Processing /home/airflow/.local/lib/python3.7/site-packages/airflow/example_dags/example_external_task_marker_dag.py took 0.156 seconds
[2022-04-25 13:01:56,966] {processor.py:163} INFO - Started process (PID=1888) to work on /home/airflow/.local/lib/python3.7/site-packages/airflow/example_dags/example_external_task_marker_dag.py
[2022-04-25 13:01:56,972] {processor.py:642} INFO - Processing file /home/airflow/.local/lib/python3.7/site-packages/airflow/example_dags/example_external_task_marker_dag.py for tasks to queue
[2022-04-25 13:01:56,976] {logging_mixin.py:109} INFO - [2022-04-25 13:01:56,976] {dagbag.py:500} INFO - Filling up the DagBag from /home/airflow/.local/lib/python3.7/site-packages/airflow/example_dags/example_external_task_marker_dag.py
[2022-04-25 13:01:57,041] {processor.py:652} INFO - DAG(s) dict_keys(['example_external_task_marker_parent', 'example_external_task_marker_child']) retrieved from /home/airflow/.local/lib/python3.7/site-packages/airflow/example_dags/example_external_task_marker_dag.py
[2022-04-25 13:01:57,120] {logging_mixin.py:109} INFO - [2022-04-25 13:01:57,120] {dag.py:2398} INFO - Sync 2 DAGs
[2022-04-25 13:01:57,172] {logging_mixin.py:109} INFO - [2022-04-25 13:01:57,171] {dag.py:2937} INFO - Setting next_dagrun for example_external_task_marker_child to None
[2022-04-25 13:01:57,174] {logging_mixin.py:109} INFO - [2022-04-25 13:01:57,173] {dag.py:2937} INFO - Setting next_dagrun for example_external_task_marker_parent to None
[2022-04-25 13:01:57,196] {processor.py:171} INFO - Processing /home/airflow/.local/lib/python3.7/site-packages/airflow/example_dags/example_external_task_marker_dag.py took 0.249 seconds
[2022-04-25 13:02:27,619] {processor.py:163} INFO - Started process (PID=1950) to work on /home/airflow/.local/lib/python3.7/site-packages/airflow/example_dags/example_external_task_marker_dag.py
[2022-04-25 13:02:27,622] {processor.py:642} INFO - Processing file /home/airflow/.local/lib/python3.7/site-packages/airflow/example_dags/example_external_task_marker_dag.py for tasks to queue
[2022-04-25 13:02:27,626] {logging_mixin.py:109} INFO - [2022-04-25 13:02:27,626] {dagbag.py:500} INFO - Filling up the DagBag from /home/airflow/.local/lib/python3.7/site-packages/airflow/example_dags/example_external_task_marker_dag.py
[2022-04-25 13:02:27,696] {processor.py:652} INFO - DAG(s) dict_keys(['example_external_task_marker_parent', 'example_external_task_marker_child']) retrieved from /home/airflow/.local/lib/python3.7/site-packages/airflow/example_dags/example_external_task_marker_dag.py
[2022-04-25 13:02:27,759] {logging_mixin.py:109} INFO - [2022-04-25 13:02:27,759] {dag.py:2398} INFO - Sync 2 DAGs
[2022-04-25 13:02:27,844] {logging_mixin.py:109} INFO - [2022-04-25 13:02:27,844] {dag.py:2937} INFO - Setting next_dagrun for example_external_task_marker_child to None
[2022-04-25 13:02:27,847] {logging_mixin.py:109} INFO - [2022-04-25 13:02:27,846] {dag.py:2937} INFO - Setting next_dagrun for example_external_task_marker_parent to None
[2022-04-25 13:02:27,889] {processor.py:171} INFO - Processing /home/airflow/.local/lib/python3.7/site-packages/airflow/example_dags/example_external_task_marker_dag.py took 0.281 seconds
[2022-04-25 13:11:56,797] {processor.py:163} INFO - Started process (PID=2015) to work on /home/airflow/.local/lib/python3.7/site-packages/airflow/example_dags/example_external_task_marker_dag.py
[2022-04-25 13:11:56,802] {processor.py:642} INFO - Processing file /home/airflow/.local/lib/python3.7/site-packages/airflow/example_dags/example_external_task_marker_dag.py for tasks to queue
[2022-04-25 13:11:56,806] {logging_mixin.py:109} INFO - [2022-04-25 13:11:56,805] {dagbag.py:500} INFO - Filling up the DagBag from /home/airflow/.local/lib/python3.7/site-packages/airflow/example_dags/example_external_task_marker_dag.py
[2022-04-25 13:11:56,852] {processor.py:652} INFO - DAG(s) dict_keys(['example_external_task_marker_parent', 'example_external_task_marker_child']) retrieved from /home/airflow/.local/lib/python3.7/site-packages/airflow/example_dags/example_external_task_marker_dag.py
[2022-04-25 13:11:56,951] {logging_mixin.py:109} INFO - [2022-04-25 13:11:56,951] {dag.py:2398} INFO - Sync 2 DAGs
[2022-04-25 13:11:56,994] {logging_mixin.py:109} INFO - [2022-04-25 13:11:56,994] {dag.py:2937} INFO - Setting next_dagrun for example_external_task_marker_child to None
[2022-04-25 13:11:56,997] {logging_mixin.py:109} INFO - [2022-04-25 13:11:56,997] {dag.py:2937} INFO - Setting next_dagrun for example_external_task_marker_parent to None
[2022-04-25 13:11:57,038] {processor.py:171} INFO - Processing /home/airflow/.local/lib/python3.7/site-packages/airflow/example_dags/example_external_task_marker_dag.py took 0.251 seconds
