[2022-04-25 12:42:01,508] {processor.py:163} INFO - Started process (PID=188) to work on /home/airflow/.local/lib/python3.7/site-packages/airflow/example_dags/example_task_group.py
[2022-04-25 12:42:01,515] {processor.py:642} INFO - Processing file /home/airflow/.local/lib/python3.7/site-packages/airflow/example_dags/example_task_group.py for tasks to queue
[2022-04-25 12:42:01,521] {logging_mixin.py:109} INFO - [2022-04-25 12:42:01,520] {dagbag.py:500} INFO - Filling up the DagBag from /home/airflow/.local/lib/python3.7/site-packages/airflow/example_dags/example_task_group.py
[2022-04-25 12:42:01,619] {processor.py:652} INFO - DAG(s) dict_keys(['example_task_group']) retrieved from /home/airflow/.local/lib/python3.7/site-packages/airflow/example_dags/example_task_group.py
[2022-04-25 12:42:07,107] {logging_mixin.py:109} INFO - [2022-04-25 12:42:07,107] {manager.py:496} INFO - Created Permission View: can read on DAG:example_task_group
[2022-04-25 12:42:07,135] {logging_mixin.py:109} INFO - [2022-04-25 12:42:07,134] {manager.py:496} INFO - Created Permission View: can edit on DAG:example_task_group
[2022-04-25 12:42:07,137] {logging_mixin.py:109} INFO - [2022-04-25 12:42:07,136] {dag.py:2398} INFO - Sync 1 DAGs
[2022-04-25 12:42:07,158] {logging_mixin.py:109} INFO - [2022-04-25 12:42:07,158] {dag.py:2417} INFO - Creating ORM DAG for example_task_group
[2022-04-25 12:42:07,208] {logging_mixin.py:109} INFO - [2022-04-25 12:42:07,207] {dag.py:2937} INFO - Setting next_dagrun for example_task_group to 2022-04-24T12:42:07.207582+00:00
[2022-04-25 12:42:07,250] {processor.py:171} INFO - Processing /home/airflow/.local/lib/python3.7/site-packages/airflow/example_dags/example_task_group.py took 5.757 seconds
[2022-04-25 12:42:38,513] {processor.py:163} INFO - Started process (PID=260) to work on /home/airflow/.local/lib/python3.7/site-packages/airflow/example_dags/example_task_group.py
[2022-04-25 12:42:38,520] {processor.py:642} INFO - Processing file /home/airflow/.local/lib/python3.7/site-packages/airflow/example_dags/example_task_group.py for tasks to queue
[2022-04-25 12:42:38,525] {logging_mixin.py:109} INFO - [2022-04-25 12:42:38,525] {dagbag.py:500} INFO - Filling up the DagBag from /home/airflow/.local/lib/python3.7/site-packages/airflow/example_dags/example_task_group.py
[2022-04-25 12:42:38,631] {processor.py:652} INFO - DAG(s) dict_keys(['example_task_group']) retrieved from /home/airflow/.local/lib/python3.7/site-packages/airflow/example_dags/example_task_group.py
[2022-04-25 12:42:38,768] {logging_mixin.py:109} INFO - [2022-04-25 12:42:38,768] {dag.py:2398} INFO - Sync 1 DAGs
[2022-04-25 12:42:38,874] {logging_mixin.py:109} INFO - [2022-04-25 12:42:38,870] {dag.py:2937} INFO - Setting next_dagrun for example_task_group to 2022-04-24T12:42:38.862588+00:00
[2022-04-25 12:42:38,995] {processor.py:171} INFO - Processing /home/airflow/.local/lib/python3.7/site-packages/airflow/example_dags/example_task_group.py took 0.496 seconds
[2022-04-25 12:43:12,192] {processor.py:163} INFO - Started process (PID=323) to work on /home/airflow/.local/lib/python3.7/site-packages/airflow/example_dags/example_task_group.py
[2022-04-25 12:43:12,203] {processor.py:642} INFO - Processing file /home/airflow/.local/lib/python3.7/site-packages/airflow/example_dags/example_task_group.py for tasks to queue
[2022-04-25 12:43:12,205] {logging_mixin.py:109} INFO - [2022-04-25 12:43:12,205] {dagbag.py:500} INFO - Filling up the DagBag from /home/airflow/.local/lib/python3.7/site-packages/airflow/example_dags/example_task_group.py
[2022-04-25 12:43:12,280] {processor.py:652} INFO - DAG(s) dict_keys(['example_task_group']) retrieved from /home/airflow/.local/lib/python3.7/site-packages/airflow/example_dags/example_task_group.py
[2022-04-25 12:43:12,346] {logging_mixin.py:109} INFO - [2022-04-25 12:43:12,346] {dag.py:2398} INFO - Sync 1 DAGs
[2022-04-25 12:43:12,399] {logging_mixin.py:109} INFO - [2022-04-25 12:43:12,398] {dag.py:2937} INFO - Setting next_dagrun for example_task_group to 2022-04-24T12:43:12.398146+00:00
[2022-04-25 12:43:12,453] {processor.py:171} INFO - Processing /home/airflow/.local/lib/python3.7/site-packages/airflow/example_dags/example_task_group.py took 0.276 seconds
[2022-04-25 12:43:44,640] {processor.py:163} INFO - Started process (PID=375) to work on /home/airflow/.local/lib/python3.7/site-packages/airflow/example_dags/example_task_group.py
[2022-04-25 12:43:44,646] {processor.py:642} INFO - Processing file /home/airflow/.local/lib/python3.7/site-packages/airflow/example_dags/example_task_group.py for tasks to queue
[2022-04-25 12:43:44,648] {logging_mixin.py:109} INFO - [2022-04-25 12:43:44,648] {dagbag.py:500} INFO - Filling up the DagBag from /home/airflow/.local/lib/python3.7/site-packages/airflow/example_dags/example_task_group.py
[2022-04-25 12:43:44,705] {processor.py:652} INFO - DAG(s) dict_keys(['example_task_group']) retrieved from /home/airflow/.local/lib/python3.7/site-packages/airflow/example_dags/example_task_group.py
[2022-04-25 12:43:44,768] {logging_mixin.py:109} INFO - [2022-04-25 12:43:44,768] {dag.py:2398} INFO - Sync 1 DAGs
[2022-04-25 12:43:44,847] {logging_mixin.py:109} INFO - [2022-04-25 12:43:44,847] {dag.py:2937} INFO - Setting next_dagrun for example_task_group to 2022-04-24T12:43:44.846795+00:00
[2022-04-25 12:43:44,877] {processor.py:171} INFO - Processing /home/airflow/.local/lib/python3.7/site-packages/airflow/example_dags/example_task_group.py took 0.245 seconds
[2022-04-25 12:44:15,667] {processor.py:163} INFO - Started process (PID=429) to work on /home/airflow/.local/lib/python3.7/site-packages/airflow/example_dags/example_task_group.py
[2022-04-25 12:44:15,677] {processor.py:642} INFO - Processing file /home/airflow/.local/lib/python3.7/site-packages/airflow/example_dags/example_task_group.py for tasks to queue
[2022-04-25 12:44:15,682] {logging_mixin.py:109} INFO - [2022-04-25 12:44:15,681] {dagbag.py:500} INFO - Filling up the DagBag from /home/airflow/.local/lib/python3.7/site-packages/airflow/example_dags/example_task_group.py
[2022-04-25 12:44:15,760] {processor.py:652} INFO - DAG(s) dict_keys(['example_task_group']) retrieved from /home/airflow/.local/lib/python3.7/site-packages/airflow/example_dags/example_task_group.py
[2022-04-25 12:44:15,833] {logging_mixin.py:109} INFO - [2022-04-25 12:44:15,833] {dag.py:2398} INFO - Sync 1 DAGs
[2022-04-25 12:44:15,865] {logging_mixin.py:109} INFO - [2022-04-25 12:44:15,865] {dag.py:2937} INFO - Setting next_dagrun for example_task_group to 2022-04-24T12:44:15.864734+00:00
[2022-04-25 12:44:15,902] {processor.py:171} INFO - Processing /home/airflow/.local/lib/python3.7/site-packages/airflow/example_dags/example_task_group.py took 0.250 seconds
[2022-04-25 12:44:46,627] {processor.py:163} INFO - Started process (PID=481) to work on /home/airflow/.local/lib/python3.7/site-packages/airflow/example_dags/example_task_group.py
[2022-04-25 12:44:46,637] {processor.py:642} INFO - Processing file /home/airflow/.local/lib/python3.7/site-packages/airflow/example_dags/example_task_group.py for tasks to queue
[2022-04-25 12:44:46,643] {logging_mixin.py:109} INFO - [2022-04-25 12:44:46,642] {dagbag.py:500} INFO - Filling up the DagBag from /home/airflow/.local/lib/python3.7/site-packages/airflow/example_dags/example_task_group.py
[2022-04-25 12:44:46,722] {processor.py:652} INFO - DAG(s) dict_keys(['example_task_group']) retrieved from /home/airflow/.local/lib/python3.7/site-packages/airflow/example_dags/example_task_group.py
[2022-04-25 12:44:46,808] {logging_mixin.py:109} INFO - [2022-04-25 12:44:46,808] {dag.py:2398} INFO - Sync 1 DAGs
[2022-04-25 12:44:46,859] {logging_mixin.py:109} INFO - [2022-04-25 12:44:46,859] {dag.py:2937} INFO - Setting next_dagrun for example_task_group to 2022-04-24T12:44:46.859233+00:00
[2022-04-25 12:44:46,900] {processor.py:171} INFO - Processing /home/airflow/.local/lib/python3.7/site-packages/airflow/example_dags/example_task_group.py took 0.291 seconds
[2022-04-25 12:45:17,651] {processor.py:163} INFO - Started process (PID=532) to work on /home/airflow/.local/lib/python3.7/site-packages/airflow/example_dags/example_task_group.py
[2022-04-25 12:45:17,659] {processor.py:642} INFO - Processing file /home/airflow/.local/lib/python3.7/site-packages/airflow/example_dags/example_task_group.py for tasks to queue
[2022-04-25 12:45:17,664] {logging_mixin.py:109} INFO - [2022-04-25 12:45:17,663] {dagbag.py:500} INFO - Filling up the DagBag from /home/airflow/.local/lib/python3.7/site-packages/airflow/example_dags/example_task_group.py
[2022-04-25 12:45:17,698] {processor.py:652} INFO - DAG(s) dict_keys(['example_task_group']) retrieved from /home/airflow/.local/lib/python3.7/site-packages/airflow/example_dags/example_task_group.py
[2022-04-25 12:45:17,745] {logging_mixin.py:109} INFO - [2022-04-25 12:45:17,745] {dag.py:2398} INFO - Sync 1 DAGs
[2022-04-25 12:45:17,771] {logging_mixin.py:109} INFO - [2022-04-25 12:45:17,771] {dag.py:2937} INFO - Setting next_dagrun for example_task_group to 2022-04-24T12:45:17.771047+00:00
[2022-04-25 12:45:17,812] {processor.py:171} INFO - Processing /home/airflow/.local/lib/python3.7/site-packages/airflow/example_dags/example_task_group.py took 0.193 seconds
[2022-04-25 12:45:48,560] {processor.py:163} INFO - Started process (PID=585) to work on /home/airflow/.local/lib/python3.7/site-packages/airflow/example_dags/example_task_group.py
[2022-04-25 12:45:48,564] {processor.py:642} INFO - Processing file /home/airflow/.local/lib/python3.7/site-packages/airflow/example_dags/example_task_group.py for tasks to queue
[2022-04-25 12:45:48,566] {logging_mixin.py:109} INFO - [2022-04-25 12:45:48,566] {dagbag.py:500} INFO - Filling up the DagBag from /home/airflow/.local/lib/python3.7/site-packages/airflow/example_dags/example_task_group.py
[2022-04-25 12:45:48,621] {processor.py:652} INFO - DAG(s) dict_keys(['example_task_group']) retrieved from /home/airflow/.local/lib/python3.7/site-packages/airflow/example_dags/example_task_group.py
[2022-04-25 12:45:48,680] {logging_mixin.py:109} INFO - [2022-04-25 12:45:48,679] {dag.py:2398} INFO - Sync 1 DAGs
[2022-04-25 12:45:48,750] {logging_mixin.py:109} INFO - [2022-04-25 12:45:48,750] {dag.py:2937} INFO - Setting next_dagrun for example_task_group to 2022-04-24T12:45:48.749797+00:00
[2022-04-25 12:45:48,769] {processor.py:171} INFO - Processing /home/airflow/.local/lib/python3.7/site-packages/airflow/example_dags/example_task_group.py took 0.215 seconds
[2022-04-25 12:46:19,510] {processor.py:163} INFO - Started process (PID=635) to work on /home/airflow/.local/lib/python3.7/site-packages/airflow/example_dags/example_task_group.py
[2022-04-25 12:46:19,515] {processor.py:642} INFO - Processing file /home/airflow/.local/lib/python3.7/site-packages/airflow/example_dags/example_task_group.py for tasks to queue
[2022-04-25 12:46:19,518] {logging_mixin.py:109} INFO - [2022-04-25 12:46:19,517] {dagbag.py:500} INFO - Filling up the DagBag from /home/airflow/.local/lib/python3.7/site-packages/airflow/example_dags/example_task_group.py
[2022-04-25 12:46:19,576] {processor.py:652} INFO - DAG(s) dict_keys(['example_task_group']) retrieved from /home/airflow/.local/lib/python3.7/site-packages/airflow/example_dags/example_task_group.py
[2022-04-25 12:46:19,662] {logging_mixin.py:109} INFO - [2022-04-25 12:46:19,661] {dag.py:2398} INFO - Sync 1 DAGs
[2022-04-25 12:46:19,702] {logging_mixin.py:109} INFO - [2022-04-25 12:46:19,702] {dag.py:2937} INFO - Setting next_dagrun for example_task_group to 2022-04-24T12:46:19.701803+00:00
[2022-04-25 12:46:19,732] {processor.py:171} INFO - Processing /home/airflow/.local/lib/python3.7/site-packages/airflow/example_dags/example_task_group.py took 0.230 seconds
[2022-04-25 12:46:50,210] {processor.py:163} INFO - Started process (PID=685) to work on /home/airflow/.local/lib/python3.7/site-packages/airflow/example_dags/example_task_group.py
[2022-04-25 12:46:50,221] {processor.py:642} INFO - Processing file /home/airflow/.local/lib/python3.7/site-packages/airflow/example_dags/example_task_group.py for tasks to queue
[2022-04-25 12:46:50,226] {logging_mixin.py:109} INFO - [2022-04-25 12:46:50,226] {dagbag.py:500} INFO - Filling up the DagBag from /home/airflow/.local/lib/python3.7/site-packages/airflow/example_dags/example_task_group.py
[2022-04-25 12:46:50,321] {processor.py:652} INFO - DAG(s) dict_keys(['example_task_group']) retrieved from /home/airflow/.local/lib/python3.7/site-packages/airflow/example_dags/example_task_group.py
[2022-04-25 12:46:50,401] {logging_mixin.py:109} INFO - [2022-04-25 12:46:50,401] {dag.py:2398} INFO - Sync 1 DAGs
[2022-04-25 12:46:50,478] {logging_mixin.py:109} INFO - [2022-04-25 12:46:50,478] {dag.py:2937} INFO - Setting next_dagrun for example_task_group to 2022-04-24T12:46:50.478109+00:00
[2022-04-25 12:46:50,555] {processor.py:171} INFO - Processing /home/airflow/.local/lib/python3.7/site-packages/airflow/example_dags/example_task_group.py took 0.361 seconds
[2022-04-25 12:47:21,696] {processor.py:163} INFO - Started process (PID=741) to work on /home/airflow/.local/lib/python3.7/site-packages/airflow/example_dags/example_task_group.py
[2022-04-25 12:47:21,711] {processor.py:642} INFO - Processing file /home/airflow/.local/lib/python3.7/site-packages/airflow/example_dags/example_task_group.py for tasks to queue
[2022-04-25 12:47:21,726] {logging_mixin.py:109} INFO - [2022-04-25 12:47:21,726] {dagbag.py:500} INFO - Filling up the DagBag from /home/airflow/.local/lib/python3.7/site-packages/airflow/example_dags/example_task_group.py
[2022-04-25 12:47:21,889] {processor.py:652} INFO - DAG(s) dict_keys(['example_task_group']) retrieved from /home/airflow/.local/lib/python3.7/site-packages/airflow/example_dags/example_task_group.py
[2022-04-25 12:47:22,042] {logging_mixin.py:109} INFO - [2022-04-25 12:47:22,042] {dag.py:2398} INFO - Sync 1 DAGs
[2022-04-25 12:47:22,139] {logging_mixin.py:109} INFO - [2022-04-25 12:47:22,139] {dag.py:2937} INFO - Setting next_dagrun for example_task_group to 2022-04-24T12:47:22.138573+00:00
[2022-04-25 12:47:22,204] {processor.py:171} INFO - Processing /home/airflow/.local/lib/python3.7/site-packages/airflow/example_dags/example_task_group.py took 0.551 seconds
[2022-04-25 12:47:53,307] {processor.py:163} INFO - Started process (PID=790) to work on /home/airflow/.local/lib/python3.7/site-packages/airflow/example_dags/example_task_group.py
[2022-04-25 12:47:53,314] {processor.py:642} INFO - Processing file /home/airflow/.local/lib/python3.7/site-packages/airflow/example_dags/example_task_group.py for tasks to queue
[2022-04-25 12:47:53,324] {logging_mixin.py:109} INFO - [2022-04-25 12:47:53,324] {dagbag.py:500} INFO - Filling up the DagBag from /home/airflow/.local/lib/python3.7/site-packages/airflow/example_dags/example_task_group.py
[2022-04-25 12:47:53,492] {processor.py:652} INFO - DAG(s) dict_keys(['example_task_group']) retrieved from /home/airflow/.local/lib/python3.7/site-packages/airflow/example_dags/example_task_group.py
[2022-04-25 12:47:53,654] {logging_mixin.py:109} INFO - [2022-04-25 12:47:53,654] {dag.py:2398} INFO - Sync 1 DAGs
[2022-04-25 12:47:53,758] {logging_mixin.py:109} INFO - [2022-04-25 12:47:53,757] {dag.py:2937} INFO - Setting next_dagrun for example_task_group to 2022-04-24T12:47:53.757487+00:00
[2022-04-25 12:47:53,846] {processor.py:171} INFO - Processing /home/airflow/.local/lib/python3.7/site-packages/airflow/example_dags/example_task_group.py took 0.561 seconds
[2022-04-25 12:48:24,522] {processor.py:163} INFO - Started process (PID=844) to work on /home/airflow/.local/lib/python3.7/site-packages/airflow/example_dags/example_task_group.py
[2022-04-25 12:48:24,533] {processor.py:642} INFO - Processing file /home/airflow/.local/lib/python3.7/site-packages/airflow/example_dags/example_task_group.py for tasks to queue
[2022-04-25 12:48:24,536] {logging_mixin.py:109} INFO - [2022-04-25 12:48:24,536] {dagbag.py:500} INFO - Filling up the DagBag from /home/airflow/.local/lib/python3.7/site-packages/airflow/example_dags/example_task_group.py
[2022-04-25 12:48:24,597] {processor.py:652} INFO - DAG(s) dict_keys(['example_task_group']) retrieved from /home/airflow/.local/lib/python3.7/site-packages/airflow/example_dags/example_task_group.py
[2022-04-25 12:48:24,655] {logging_mixin.py:109} INFO - [2022-04-25 12:48:24,655] {dag.py:2398} INFO - Sync 1 DAGs
[2022-04-25 12:48:24,711] {logging_mixin.py:109} INFO - [2022-04-25 12:48:24,710] {dag.py:2937} INFO - Setting next_dagrun for example_task_group to 2022-04-24T12:48:24.709943+00:00
[2022-04-25 12:48:24,748] {processor.py:171} INFO - Processing /home/airflow/.local/lib/python3.7/site-packages/airflow/example_dags/example_task_group.py took 0.232 seconds
[2022-04-25 12:48:56,081] {processor.py:163} INFO - Started process (PID=894) to work on /home/airflow/.local/lib/python3.7/site-packages/airflow/example_dags/example_task_group.py
[2022-04-25 12:48:56,095] {processor.py:642} INFO - Processing file /home/airflow/.local/lib/python3.7/site-packages/airflow/example_dags/example_task_group.py for tasks to queue
[2022-04-25 12:48:56,100] {logging_mixin.py:109} INFO - [2022-04-25 12:48:56,099] {dagbag.py:500} INFO - Filling up the DagBag from /home/airflow/.local/lib/python3.7/site-packages/airflow/example_dags/example_task_group.py
[2022-04-25 12:48:56,196] {processor.py:652} INFO - DAG(s) dict_keys(['example_task_group']) retrieved from /home/airflow/.local/lib/python3.7/site-packages/airflow/example_dags/example_task_group.py
[2022-04-25 12:48:56,254] {logging_mixin.py:109} INFO - [2022-04-25 12:48:56,254] {dag.py:2398} INFO - Sync 1 DAGs
[2022-04-25 12:48:56,316] {logging_mixin.py:109} INFO - [2022-04-25 12:48:56,315] {dag.py:2937} INFO - Setting next_dagrun for example_task_group to 2022-04-24T12:48:56.313607+00:00
[2022-04-25 12:48:56,349] {processor.py:171} INFO - Processing /home/airflow/.local/lib/python3.7/site-packages/airflow/example_dags/example_task_group.py took 0.282 seconds
[2022-04-25 12:52:44,233] {processor.py:163} INFO - Started process (PID=946) to work on /home/airflow/.local/lib/python3.7/site-packages/airflow/example_dags/example_task_group.py
[2022-04-25 12:52:44,251] {processor.py:642} INFO - Processing file /home/airflow/.local/lib/python3.7/site-packages/airflow/example_dags/example_task_group.py for tasks to queue
[2022-04-25 12:52:44,261] {logging_mixin.py:109} INFO - [2022-04-25 12:52:44,260] {dagbag.py:500} INFO - Filling up the DagBag from /home/airflow/.local/lib/python3.7/site-packages/airflow/example_dags/example_task_group.py
[2022-04-25 12:52:44,428] {processor.py:652} INFO - DAG(s) dict_keys(['example_task_group']) retrieved from /home/airflow/.local/lib/python3.7/site-packages/airflow/example_dags/example_task_group.py
[2022-04-25 12:52:44,629] {logging_mixin.py:109} INFO - [2022-04-25 12:52:44,629] {dag.py:2398} INFO - Sync 1 DAGs
[2022-04-25 12:52:44,808] {logging_mixin.py:109} INFO - [2022-04-25 12:52:44,808] {dag.py:2937} INFO - Setting next_dagrun for example_task_group to 2022-04-24T12:52:44.808078+00:00
[2022-04-25 12:52:44,924] {processor.py:171} INFO - Processing /home/airflow/.local/lib/python3.7/site-packages/airflow/example_dags/example_task_group.py took 0.722 seconds
[2022-04-25 12:53:15,637] {processor.py:163} INFO - Started process (PID=997) to work on /home/airflow/.local/lib/python3.7/site-packages/airflow/example_dags/example_task_group.py
[2022-04-25 12:53:15,643] {processor.py:642} INFO - Processing file /home/airflow/.local/lib/python3.7/site-packages/airflow/example_dags/example_task_group.py for tasks to queue
[2022-04-25 12:53:15,646] {logging_mixin.py:109} INFO - [2022-04-25 12:53:15,645] {dagbag.py:500} INFO - Filling up the DagBag from /home/airflow/.local/lib/python3.7/site-packages/airflow/example_dags/example_task_group.py
[2022-04-25 12:53:15,682] {processor.py:652} INFO - DAG(s) dict_keys(['example_task_group']) retrieved from /home/airflow/.local/lib/python3.7/site-packages/airflow/example_dags/example_task_group.py
[2022-04-25 12:53:15,728] {logging_mixin.py:109} INFO - [2022-04-25 12:53:15,727] {dag.py:2398} INFO - Sync 1 DAGs
[2022-04-25 12:53:15,770] {logging_mixin.py:109} INFO - [2022-04-25 12:53:15,770] {dag.py:2937} INFO - Setting next_dagrun for example_task_group to 2022-04-24T12:53:15.768717+00:00
[2022-04-25 12:53:15,802] {processor.py:171} INFO - Processing /home/airflow/.local/lib/python3.7/site-packages/airflow/example_dags/example_task_group.py took 0.180 seconds
[2022-04-25 12:53:46,420] {processor.py:163} INFO - Started process (PID=1049) to work on /home/airflow/.local/lib/python3.7/site-packages/airflow/example_dags/example_task_group.py
[2022-04-25 12:53:46,423] {processor.py:642} INFO - Processing file /home/airflow/.local/lib/python3.7/site-packages/airflow/example_dags/example_task_group.py for tasks to queue
[2022-04-25 12:53:46,425] {logging_mixin.py:109} INFO - [2022-04-25 12:53:46,425] {dagbag.py:500} INFO - Filling up the DagBag from /home/airflow/.local/lib/python3.7/site-packages/airflow/example_dags/example_task_group.py
[2022-04-25 12:53:46,469] {processor.py:652} INFO - DAG(s) dict_keys(['example_task_group']) retrieved from /home/airflow/.local/lib/python3.7/site-packages/airflow/example_dags/example_task_group.py
[2022-04-25 12:53:46,524] {logging_mixin.py:109} INFO - [2022-04-25 12:53:46,524] {dag.py:2398} INFO - Sync 1 DAGs
[2022-04-25 12:53:46,574] {logging_mixin.py:109} INFO - [2022-04-25 12:53:46,574] {dag.py:2937} INFO - Setting next_dagrun for example_task_group to 2022-04-24T12:53:46.573604+00:00
[2022-04-25 12:53:46,611] {processor.py:171} INFO - Processing /home/airflow/.local/lib/python3.7/site-packages/airflow/example_dags/example_task_group.py took 0.201 seconds
[2022-04-25 12:54:16,834] {processor.py:163} INFO - Started process (PID=1099) to work on /home/airflow/.local/lib/python3.7/site-packages/airflow/example_dags/example_task_group.py
[2022-04-25 12:54:16,840] {processor.py:642} INFO - Processing file /home/airflow/.local/lib/python3.7/site-packages/airflow/example_dags/example_task_group.py for tasks to queue
[2022-04-25 12:54:16,846] {logging_mixin.py:109} INFO - [2022-04-25 12:54:16,846] {dagbag.py:500} INFO - Filling up the DagBag from /home/airflow/.local/lib/python3.7/site-packages/airflow/example_dags/example_task_group.py
[2022-04-25 12:54:16,923] {processor.py:652} INFO - DAG(s) dict_keys(['example_task_group']) retrieved from /home/airflow/.local/lib/python3.7/site-packages/airflow/example_dags/example_task_group.py
[2022-04-25 12:54:16,970] {logging_mixin.py:109} INFO - [2022-04-25 12:54:16,970] {dag.py:2398} INFO - Sync 1 DAGs
[2022-04-25 12:54:17,024] {logging_mixin.py:109} INFO - [2022-04-25 12:54:17,024] {dag.py:2937} INFO - Setting next_dagrun for example_task_group to 2022-04-24T12:54:17.023831+00:00
[2022-04-25 12:54:17,045] {processor.py:171} INFO - Processing /home/airflow/.local/lib/python3.7/site-packages/airflow/example_dags/example_task_group.py took 0.238 seconds
[2022-04-25 12:54:47,225] {processor.py:163} INFO - Started process (PID=1149) to work on /home/airflow/.local/lib/python3.7/site-packages/airflow/example_dags/example_task_group.py
[2022-04-25 12:54:47,229] {processor.py:642} INFO - Processing file /home/airflow/.local/lib/python3.7/site-packages/airflow/example_dags/example_task_group.py for tasks to queue
[2022-04-25 12:54:47,237] {logging_mixin.py:109} INFO - [2022-04-25 12:54:47,237] {dagbag.py:500} INFO - Filling up the DagBag from /home/airflow/.local/lib/python3.7/site-packages/airflow/example_dags/example_task_group.py
[2022-04-25 12:54:47,274] {processor.py:652} INFO - DAG(s) dict_keys(['example_task_group']) retrieved from /home/airflow/.local/lib/python3.7/site-packages/airflow/example_dags/example_task_group.py
[2022-04-25 12:54:47,322] {logging_mixin.py:109} INFO - [2022-04-25 12:54:47,322] {dag.py:2398} INFO - Sync 1 DAGs
[2022-04-25 12:54:47,352] {logging_mixin.py:109} INFO - [2022-04-25 12:54:47,352] {dag.py:2937} INFO - Setting next_dagrun for example_task_group to 2022-04-24T12:54:47.351880+00:00
[2022-04-25 12:54:47,378] {processor.py:171} INFO - Processing /home/airflow/.local/lib/python3.7/site-packages/airflow/example_dags/example_task_group.py took 0.159 seconds
[2022-04-25 12:55:17,895] {processor.py:163} INFO - Started process (PID=1202) to work on /home/airflow/.local/lib/python3.7/site-packages/airflow/example_dags/example_task_group.py
[2022-04-25 12:55:17,901] {processor.py:642} INFO - Processing file /home/airflow/.local/lib/python3.7/site-packages/airflow/example_dags/example_task_group.py for tasks to queue
[2022-04-25 12:55:17,907] {logging_mixin.py:109} INFO - [2022-04-25 12:55:17,906] {dagbag.py:500} INFO - Filling up the DagBag from /home/airflow/.local/lib/python3.7/site-packages/airflow/example_dags/example_task_group.py
[2022-04-25 12:55:17,965] {processor.py:652} INFO - DAG(s) dict_keys(['example_task_group']) retrieved from /home/airflow/.local/lib/python3.7/site-packages/airflow/example_dags/example_task_group.py
[2022-04-25 12:55:18,062] {logging_mixin.py:109} INFO - [2022-04-25 12:55:18,062] {dag.py:2398} INFO - Sync 1 DAGs
[2022-04-25 12:55:18,114] {logging_mixin.py:109} INFO - [2022-04-25 12:55:18,113] {dag.py:2937} INFO - Setting next_dagrun for example_task_group to 2022-04-24T12:55:18.113522+00:00
[2022-04-25 12:55:18,142] {processor.py:171} INFO - Processing /home/airflow/.local/lib/python3.7/site-packages/airflow/example_dags/example_task_group.py took 0.303 seconds
[2022-04-25 12:55:48,260] {processor.py:163} INFO - Started process (PID=1255) to work on /home/airflow/.local/lib/python3.7/site-packages/airflow/example_dags/example_task_group.py
[2022-04-25 12:55:48,264] {processor.py:642} INFO - Processing file /home/airflow/.local/lib/python3.7/site-packages/airflow/example_dags/example_task_group.py for tasks to queue
[2022-04-25 12:55:48,266] {logging_mixin.py:109} INFO - [2022-04-25 12:55:48,266] {dagbag.py:500} INFO - Filling up the DagBag from /home/airflow/.local/lib/python3.7/site-packages/airflow/example_dags/example_task_group.py
[2022-04-25 12:55:48,298] {processor.py:652} INFO - DAG(s) dict_keys(['example_task_group']) retrieved from /home/airflow/.local/lib/python3.7/site-packages/airflow/example_dags/example_task_group.py
[2022-04-25 12:55:48,343] {logging_mixin.py:109} INFO - [2022-04-25 12:55:48,342] {dag.py:2398} INFO - Sync 1 DAGs
[2022-04-25 12:55:48,367] {logging_mixin.py:109} INFO - [2022-04-25 12:55:48,366] {dag.py:2937} INFO - Setting next_dagrun for example_task_group to 2022-04-24T12:55:48.366595+00:00
[2022-04-25 12:55:48,392] {processor.py:171} INFO - Processing /home/airflow/.local/lib/python3.7/site-packages/airflow/example_dags/example_task_group.py took 0.138 seconds
[2022-04-25 12:56:18,469] {processor.py:163} INFO - Started process (PID=1316) to work on /home/airflow/.local/lib/python3.7/site-packages/airflow/example_dags/example_task_group.py
[2022-04-25 12:56:18,474] {processor.py:642} INFO - Processing file /home/airflow/.local/lib/python3.7/site-packages/airflow/example_dags/example_task_group.py for tasks to queue
[2022-04-25 12:56:18,478] {logging_mixin.py:109} INFO - [2022-04-25 12:56:18,477] {dagbag.py:500} INFO - Filling up the DagBag from /home/airflow/.local/lib/python3.7/site-packages/airflow/example_dags/example_task_group.py
[2022-04-25 12:56:18,516] {processor.py:652} INFO - DAG(s) dict_keys(['example_task_group']) retrieved from /home/airflow/.local/lib/python3.7/site-packages/airflow/example_dags/example_task_group.py
[2022-04-25 12:56:18,553] {logging_mixin.py:109} INFO - [2022-04-25 12:56:18,553] {dag.py:2398} INFO - Sync 1 DAGs
[2022-04-25 12:56:18,586] {logging_mixin.py:109} INFO - [2022-04-25 12:56:18,586] {dag.py:2937} INFO - Setting next_dagrun for example_task_group to 2022-04-24T12:56:18.585580+00:00
[2022-04-25 12:56:18,604] {processor.py:171} INFO - Processing /home/airflow/.local/lib/python3.7/site-packages/airflow/example_dags/example_task_group.py took 0.144 seconds
[2022-04-25 12:56:49,134] {processor.py:163} INFO - Started process (PID=1369) to work on /home/airflow/.local/lib/python3.7/site-packages/airflow/example_dags/example_task_group.py
[2022-04-25 12:56:49,139] {processor.py:642} INFO - Processing file /home/airflow/.local/lib/python3.7/site-packages/airflow/example_dags/example_task_group.py for tasks to queue
[2022-04-25 12:56:49,144] {logging_mixin.py:109} INFO - [2022-04-25 12:56:49,144] {dagbag.py:500} INFO - Filling up the DagBag from /home/airflow/.local/lib/python3.7/site-packages/airflow/example_dags/example_task_group.py
[2022-04-25 12:56:49,206] {processor.py:652} INFO - DAG(s) dict_keys(['example_task_group']) retrieved from /home/airflow/.local/lib/python3.7/site-packages/airflow/example_dags/example_task_group.py
[2022-04-25 12:56:49,271] {logging_mixin.py:109} INFO - [2022-04-25 12:56:49,271] {dag.py:2398} INFO - Sync 1 DAGs
[2022-04-25 12:56:49,325] {logging_mixin.py:109} INFO - [2022-04-25 12:56:49,322] {dag.py:2937} INFO - Setting next_dagrun for example_task_group to 2022-04-24T12:56:49.322222+00:00
[2022-04-25 12:56:49,355] {processor.py:171} INFO - Processing /home/airflow/.local/lib/python3.7/site-packages/airflow/example_dags/example_task_group.py took 0.237 seconds
[2022-04-25 12:57:19,674] {processor.py:163} INFO - Started process (PID=1422) to work on /home/airflow/.local/lib/python3.7/site-packages/airflow/example_dags/example_task_group.py
[2022-04-25 12:57:19,679] {processor.py:642} INFO - Processing file /home/airflow/.local/lib/python3.7/site-packages/airflow/example_dags/example_task_group.py for tasks to queue
[2022-04-25 12:57:19,736] {logging_mixin.py:109} INFO - [2022-04-25 12:57:19,735] {dagbag.py:500} INFO - Filling up the DagBag from /home/airflow/.local/lib/python3.7/site-packages/airflow/example_dags/example_task_group.py
[2022-04-25 12:57:19,825] {processor.py:652} INFO - DAG(s) dict_keys(['example_task_group']) retrieved from /home/airflow/.local/lib/python3.7/site-packages/airflow/example_dags/example_task_group.py
[2022-04-25 12:57:19,918] {logging_mixin.py:109} INFO - [2022-04-25 12:57:19,918] {dag.py:2398} INFO - Sync 1 DAGs
[2022-04-25 12:57:19,963] {logging_mixin.py:109} INFO - [2022-04-25 12:57:19,963] {dag.py:2937} INFO - Setting next_dagrun for example_task_group to 2022-04-24T12:57:19.963434+00:00
[2022-04-25 12:57:19,995] {processor.py:171} INFO - Processing /home/airflow/.local/lib/python3.7/site-packages/airflow/example_dags/example_task_group.py took 0.344 seconds
[2022-04-25 12:57:50,319] {processor.py:163} INFO - Started process (PID=1475) to work on /home/airflow/.local/lib/python3.7/site-packages/airflow/example_dags/example_task_group.py
[2022-04-25 12:57:50,324] {processor.py:642} INFO - Processing file /home/airflow/.local/lib/python3.7/site-packages/airflow/example_dags/example_task_group.py for tasks to queue
[2022-04-25 12:57:50,329] {logging_mixin.py:109} INFO - [2022-04-25 12:57:50,329] {dagbag.py:500} INFO - Filling up the DagBag from /home/airflow/.local/lib/python3.7/site-packages/airflow/example_dags/example_task_group.py
[2022-04-25 12:57:50,400] {processor.py:652} INFO - DAG(s) dict_keys(['example_task_group']) retrieved from /home/airflow/.local/lib/python3.7/site-packages/airflow/example_dags/example_task_group.py
[2022-04-25 12:57:50,474] {logging_mixin.py:109} INFO - [2022-04-25 12:57:50,474] {dag.py:2398} INFO - Sync 1 DAGs
[2022-04-25 12:57:50,559] {logging_mixin.py:109} INFO - [2022-04-25 12:57:50,559] {dag.py:2937} INFO - Setting next_dagrun for example_task_group to 2022-04-24T12:57:50.558971+00:00
[2022-04-25 12:57:50,600] {processor.py:171} INFO - Processing /home/airflow/.local/lib/python3.7/site-packages/airflow/example_dags/example_task_group.py took 0.289 seconds
[2022-04-25 12:58:22,893] {processor.py:163} INFO - Started process (PID=1532) to work on /home/airflow/.local/lib/python3.7/site-packages/airflow/example_dags/example_task_group.py
[2022-04-25 12:58:22,905] {processor.py:642} INFO - Processing file /home/airflow/.local/lib/python3.7/site-packages/airflow/example_dags/example_task_group.py for tasks to queue
[2022-04-25 12:58:22,909] {logging_mixin.py:109} INFO - [2022-04-25 12:58:22,908] {dagbag.py:500} INFO - Filling up the DagBag from /home/airflow/.local/lib/python3.7/site-packages/airflow/example_dags/example_task_group.py
[2022-04-25 12:58:22,959] {processor.py:652} INFO - DAG(s) dict_keys(['example_task_group']) retrieved from /home/airflow/.local/lib/python3.7/site-packages/airflow/example_dags/example_task_group.py
[2022-04-25 12:58:23,006] {logging_mixin.py:109} INFO - [2022-04-25 12:58:23,006] {dag.py:2398} INFO - Sync 1 DAGs
[2022-04-25 12:58:23,087] {logging_mixin.py:109} INFO - [2022-04-25 12:58:23,087] {dag.py:2937} INFO - Setting next_dagrun for example_task_group to 2022-04-24T12:58:23.087154+00:00
[2022-04-25 12:58:23,129] {processor.py:171} INFO - Processing /home/airflow/.local/lib/python3.7/site-packages/airflow/example_dags/example_task_group.py took 0.249 seconds
[2022-04-25 12:58:54,291] {processor.py:163} INFO - Started process (PID=1582) to work on /home/airflow/.local/lib/python3.7/site-packages/airflow/example_dags/example_task_group.py
[2022-04-25 12:58:54,300] {processor.py:642} INFO - Processing file /home/airflow/.local/lib/python3.7/site-packages/airflow/example_dags/example_task_group.py for tasks to queue
[2022-04-25 12:58:54,309] {logging_mixin.py:109} INFO - [2022-04-25 12:58:54,307] {dagbag.py:500} INFO - Filling up the DagBag from /home/airflow/.local/lib/python3.7/site-packages/airflow/example_dags/example_task_group.py
[2022-04-25 12:58:54,418] {processor.py:652} INFO - DAG(s) dict_keys(['example_task_group']) retrieved from /home/airflow/.local/lib/python3.7/site-packages/airflow/example_dags/example_task_group.py
[2022-04-25 12:58:54,492] {logging_mixin.py:109} INFO - [2022-04-25 12:58:54,490] {dag.py:2398} INFO - Sync 1 DAGs
[2022-04-25 12:58:54,578] {logging_mixin.py:109} INFO - [2022-04-25 12:58:54,578] {dag.py:2937} INFO - Setting next_dagrun for example_task_group to 2022-04-24T12:58:54.578032+00:00
[2022-04-25 12:58:54,620] {processor.py:171} INFO - Processing /home/airflow/.local/lib/python3.7/site-packages/airflow/example_dags/example_task_group.py took 0.361 seconds
[2022-04-25 12:59:25,493] {processor.py:163} INFO - Started process (PID=1636) to work on /home/airflow/.local/lib/python3.7/site-packages/airflow/example_dags/example_task_group.py
[2022-04-25 12:59:25,497] {processor.py:642} INFO - Processing file /home/airflow/.local/lib/python3.7/site-packages/airflow/example_dags/example_task_group.py for tasks to queue
[2022-04-25 12:59:25,500] {logging_mixin.py:109} INFO - [2022-04-25 12:59:25,500] {dagbag.py:500} INFO - Filling up the DagBag from /home/airflow/.local/lib/python3.7/site-packages/airflow/example_dags/example_task_group.py
[2022-04-25 12:59:25,527] {processor.py:652} INFO - DAG(s) dict_keys(['example_task_group']) retrieved from /home/airflow/.local/lib/python3.7/site-packages/airflow/example_dags/example_task_group.py
[2022-04-25 12:59:25,571] {logging_mixin.py:109} INFO - [2022-04-25 12:59:25,570] {dag.py:2398} INFO - Sync 1 DAGs
[2022-04-25 12:59:25,601] {logging_mixin.py:109} INFO - [2022-04-25 12:59:25,601] {dag.py:2937} INFO - Setting next_dagrun for example_task_group to 2022-04-24T12:59:25.601054+00:00
[2022-04-25 12:59:25,620] {processor.py:171} INFO - Processing /home/airflow/.local/lib/python3.7/site-packages/airflow/example_dags/example_task_group.py took 0.134 seconds
[2022-04-25 12:59:55,772] {processor.py:163} INFO - Started process (PID=1688) to work on /home/airflow/.local/lib/python3.7/site-packages/airflow/example_dags/example_task_group.py
[2022-04-25 12:59:55,775] {processor.py:642} INFO - Processing file /home/airflow/.local/lib/python3.7/site-packages/airflow/example_dags/example_task_group.py for tasks to queue
[2022-04-25 12:59:55,778] {logging_mixin.py:109} INFO - [2022-04-25 12:59:55,777] {dagbag.py:500} INFO - Filling up the DagBag from /home/airflow/.local/lib/python3.7/site-packages/airflow/example_dags/example_task_group.py
[2022-04-25 12:59:55,806] {processor.py:652} INFO - DAG(s) dict_keys(['example_task_group']) retrieved from /home/airflow/.local/lib/python3.7/site-packages/airflow/example_dags/example_task_group.py
[2022-04-25 12:59:55,846] {logging_mixin.py:109} INFO - [2022-04-25 12:59:55,846] {dag.py:2398} INFO - Sync 1 DAGs
[2022-04-25 12:59:55,872] {logging_mixin.py:109} INFO - [2022-04-25 12:59:55,872] {dag.py:2937} INFO - Setting next_dagrun for example_task_group to 2022-04-24T12:59:55.872337+00:00
[2022-04-25 12:59:55,890] {processor.py:171} INFO - Processing /home/airflow/.local/lib/python3.7/site-packages/airflow/example_dags/example_task_group.py took 0.124 seconds
[2022-04-25 13:00:26,127] {processor.py:163} INFO - Started process (PID=1740) to work on /home/airflow/.local/lib/python3.7/site-packages/airflow/example_dags/example_task_group.py
[2022-04-25 13:00:26,133] {processor.py:642} INFO - Processing file /home/airflow/.local/lib/python3.7/site-packages/airflow/example_dags/example_task_group.py for tasks to queue
[2022-04-25 13:00:26,136] {logging_mixin.py:109} INFO - [2022-04-25 13:00:26,136] {dagbag.py:500} INFO - Filling up the DagBag from /home/airflow/.local/lib/python3.7/site-packages/airflow/example_dags/example_task_group.py
[2022-04-25 13:00:26,162] {processor.py:652} INFO - DAG(s) dict_keys(['example_task_group']) retrieved from /home/airflow/.local/lib/python3.7/site-packages/airflow/example_dags/example_task_group.py
[2022-04-25 13:00:26,196] {logging_mixin.py:109} INFO - [2022-04-25 13:00:26,195] {dag.py:2398} INFO - Sync 1 DAGs
[2022-04-25 13:00:26,220] {logging_mixin.py:109} INFO - [2022-04-25 13:00:26,220] {dag.py:2937} INFO - Setting next_dagrun for example_task_group to 2022-04-24T13:00:26.220153+00:00
[2022-04-25 13:00:26,240] {processor.py:171} INFO - Processing /home/airflow/.local/lib/python3.7/site-packages/airflow/example_dags/example_task_group.py took 0.141 seconds
[2022-04-25 13:00:56,618] {processor.py:163} INFO - Started process (PID=1788) to work on /home/airflow/.local/lib/python3.7/site-packages/airflow/example_dags/example_task_group.py
[2022-04-25 13:00:56,624] {processor.py:642} INFO - Processing file /home/airflow/.local/lib/python3.7/site-packages/airflow/example_dags/example_task_group.py for tasks to queue
[2022-04-25 13:00:56,627] {logging_mixin.py:109} INFO - [2022-04-25 13:00:56,626] {dagbag.py:500} INFO - Filling up the DagBag from /home/airflow/.local/lib/python3.7/site-packages/airflow/example_dags/example_task_group.py
[2022-04-25 13:00:56,659] {processor.py:652} INFO - DAG(s) dict_keys(['example_task_group']) retrieved from /home/airflow/.local/lib/python3.7/site-packages/airflow/example_dags/example_task_group.py
[2022-04-25 13:00:56,694] {logging_mixin.py:109} INFO - [2022-04-25 13:00:56,694] {dag.py:2398} INFO - Sync 1 DAGs
[2022-04-25 13:00:56,718] {logging_mixin.py:109} INFO - [2022-04-25 13:00:56,718] {dag.py:2937} INFO - Setting next_dagrun for example_task_group to 2022-04-24T13:00:56.717640+00:00
[2022-04-25 13:00:56,736] {processor.py:171} INFO - Processing /home/airflow/.local/lib/python3.7/site-packages/airflow/example_dags/example_task_group.py took 0.127 seconds
[2022-04-25 13:01:27,500] {processor.py:163} INFO - Started process (PID=1839) to work on /home/airflow/.local/lib/python3.7/site-packages/airflow/example_dags/example_task_group.py
[2022-04-25 13:01:27,508] {processor.py:642} INFO - Processing file /home/airflow/.local/lib/python3.7/site-packages/airflow/example_dags/example_task_group.py for tasks to queue
[2022-04-25 13:01:27,518] {logging_mixin.py:109} INFO - [2022-04-25 13:01:27,517] {dagbag.py:500} INFO - Filling up the DagBag from /home/airflow/.local/lib/python3.7/site-packages/airflow/example_dags/example_task_group.py
[2022-04-25 13:01:27,736] {processor.py:652} INFO - DAG(s) dict_keys(['example_task_group']) retrieved from /home/airflow/.local/lib/python3.7/site-packages/airflow/example_dags/example_task_group.py
[2022-04-25 13:01:27,792] {logging_mixin.py:109} INFO - [2022-04-25 13:01:27,791] {dag.py:2398} INFO - Sync 1 DAGs
[2022-04-25 13:01:27,823] {logging_mixin.py:109} INFO - [2022-04-25 13:01:27,823] {dag.py:2937} INFO - Setting next_dagrun for example_task_group to 2022-04-24T13:01:27.822647+00:00
[2022-04-25 13:01:27,843] {processor.py:171} INFO - Processing /home/airflow/.local/lib/python3.7/site-packages/airflow/example_dags/example_task_group.py took 0.367 seconds
[2022-04-25 13:01:58,017] {processor.py:163} INFO - Started process (PID=1900) to work on /home/airflow/.local/lib/python3.7/site-packages/airflow/example_dags/example_task_group.py
[2022-04-25 13:01:58,034] {processor.py:642} INFO - Processing file /home/airflow/.local/lib/python3.7/site-packages/airflow/example_dags/example_task_group.py for tasks to queue
[2022-04-25 13:01:58,038] {logging_mixin.py:109} INFO - [2022-04-25 13:01:58,037] {dagbag.py:500} INFO - Filling up the DagBag from /home/airflow/.local/lib/python3.7/site-packages/airflow/example_dags/example_task_group.py
[2022-04-25 13:01:58,131] {processor.py:652} INFO - DAG(s) dict_keys(['example_task_group']) retrieved from /home/airflow/.local/lib/python3.7/site-packages/airflow/example_dags/example_task_group.py
[2022-04-25 13:01:58,220] {logging_mixin.py:109} INFO - [2022-04-25 13:01:58,220] {dag.py:2398} INFO - Sync 1 DAGs
[2022-04-25 13:01:58,304] {logging_mixin.py:109} INFO - [2022-04-25 13:01:58,304] {dag.py:2937} INFO - Setting next_dagrun for example_task_group to 2022-04-24T13:01:58.303639+00:00
[2022-04-25 13:01:58,337] {processor.py:171} INFO - Processing /home/airflow/.local/lib/python3.7/site-packages/airflow/example_dags/example_task_group.py took 0.365 seconds
[2022-04-25 13:02:28,890] {processor.py:163} INFO - Started process (PID=1953) to work on /home/airflow/.local/lib/python3.7/site-packages/airflow/example_dags/example_task_group.py
[2022-04-25 13:02:28,900] {processor.py:642} INFO - Processing file /home/airflow/.local/lib/python3.7/site-packages/airflow/example_dags/example_task_group.py for tasks to queue
[2022-04-25 13:02:28,907] {logging_mixin.py:109} INFO - [2022-04-25 13:02:28,905] {dagbag.py:500} INFO - Filling up the DagBag from /home/airflow/.local/lib/python3.7/site-packages/airflow/example_dags/example_task_group.py
[2022-04-25 13:02:28,996] {processor.py:652} INFO - DAG(s) dict_keys(['example_task_group']) retrieved from /home/airflow/.local/lib/python3.7/site-packages/airflow/example_dags/example_task_group.py
[2022-04-25 13:02:29,091] {logging_mixin.py:109} INFO - [2022-04-25 13:02:29,091] {dag.py:2398} INFO - Sync 1 DAGs
[2022-04-25 13:02:29,159] {logging_mixin.py:109} INFO - [2022-04-25 13:02:29,159] {dag.py:2937} INFO - Setting next_dagrun for example_task_group to 2022-04-24T13:02:29.156731+00:00
[2022-04-25 13:02:29,214] {processor.py:171} INFO - Processing /home/airflow/.local/lib/python3.7/site-packages/airflow/example_dags/example_task_group.py took 0.354 seconds
[2022-04-25 13:11:57,402] {processor.py:163} INFO - Started process (PID=2018) to work on /home/airflow/.local/lib/python3.7/site-packages/airflow/example_dags/example_task_group.py
[2022-04-25 13:11:57,409] {processor.py:642} INFO - Processing file /home/airflow/.local/lib/python3.7/site-packages/airflow/example_dags/example_task_group.py for tasks to queue
[2022-04-25 13:11:57,418] {logging_mixin.py:109} INFO - [2022-04-25 13:11:57,416] {dagbag.py:500} INFO - Filling up the DagBag from /home/airflow/.local/lib/python3.7/site-packages/airflow/example_dags/example_task_group.py
[2022-04-25 13:11:57,493] {processor.py:652} INFO - DAG(s) dict_keys(['example_task_group']) retrieved from /home/airflow/.local/lib/python3.7/site-packages/airflow/example_dags/example_task_group.py
[2022-04-25 13:11:57,553] {logging_mixin.py:109} INFO - [2022-04-25 13:11:57,553] {dag.py:2398} INFO - Sync 1 DAGs
[2022-04-25 13:11:57,593] {logging_mixin.py:109} INFO - [2022-04-25 13:11:57,592] {dag.py:2937} INFO - Setting next_dagrun for example_task_group to 2022-04-24T13:11:57.590802+00:00
[2022-04-25 13:11:57,619] {processor.py:171} INFO - Processing /home/airflow/.local/lib/python3.7/site-packages/airflow/example_dags/example_task_group.py took 0.244 seconds
