[2022-04-25 12:41:05,831] {processor.py:163} INFO - Started process (PID=106) to work on /home/airflow/.local/lib/python3.7/site-packages/airflow/example_dags/tutorial.py
[2022-04-25 12:41:05,834] {processor.py:642} INFO - Processing file /home/airflow/.local/lib/python3.7/site-packages/airflow/example_dags/tutorial.py for tasks to queue
[2022-04-25 12:41:05,837] {logging_mixin.py:109} INFO - [2022-04-25 12:41:05,837] {dagbag.py:500} INFO - Filling up the DagBag from /home/airflow/.local/lib/python3.7/site-packages/airflow/example_dags/tutorial.py
[2022-04-25 12:41:05,877] {processor.py:652} INFO - DAG(s) dict_keys(['tutorial']) retrieved from /home/airflow/.local/lib/python3.7/site-packages/airflow/example_dags/tutorial.py
[2022-04-25 12:41:10,867] {logging_mixin.py:109} INFO - [2022-04-25 12:41:10,867] {manager.py:496} INFO - Created Permission View: can read on DAG:tutorial
[2022-04-25 12:41:10,893] {logging_mixin.py:109} INFO - [2022-04-25 12:41:10,893] {manager.py:496} INFO - Created Permission View: can edit on DAG:tutorial
[2022-04-25 12:41:10,895] {logging_mixin.py:109} INFO - [2022-04-25 12:41:10,895] {dag.py:2398} INFO - Sync 1 DAGs
[2022-04-25 12:41:10,960] {logging_mixin.py:109} INFO - [2022-04-25 12:41:10,960] {dag.py:2417} INFO - Creating ORM DAG for tutorial
[2022-04-25 12:41:10,976] {logging_mixin.py:109} INFO - [2022-04-25 12:41:10,975] {dag.py:2937} INFO - Setting next_dagrun for tutorial to 2022-04-24T12:41:10.975589+00:00
[2022-04-25 12:41:11,020] {processor.py:171} INFO - Processing /home/airflow/.local/lib/python3.7/site-packages/airflow/example_dags/tutorial.py took 5.199 seconds
[2022-04-25 12:42:32,420] {processor.py:163} INFO - Started process (PID=243) to work on /home/airflow/.local/lib/python3.7/site-packages/airflow/example_dags/tutorial.py
[2022-04-25 12:42:32,445] {processor.py:642} INFO - Processing file /home/airflow/.local/lib/python3.7/site-packages/airflow/example_dags/tutorial.py for tasks to queue
[2022-04-25 12:42:32,458] {logging_mixin.py:109} INFO - [2022-04-25 12:42:32,458] {dagbag.py:500} INFO - Filling up the DagBag from /home/airflow/.local/lib/python3.7/site-packages/airflow/example_dags/tutorial.py
[2022-04-25 12:42:32,580] {processor.py:652} INFO - DAG(s) dict_keys(['tutorial']) retrieved from /home/airflow/.local/lib/python3.7/site-packages/airflow/example_dags/tutorial.py
[2022-04-25 12:42:32,823] {logging_mixin.py:109} INFO - [2022-04-25 12:42:32,823] {dag.py:2398} INFO - Sync 1 DAGs
[2022-04-25 12:42:32,999] {logging_mixin.py:109} INFO - [2022-04-25 12:42:32,999] {dag.py:2937} INFO - Setting next_dagrun for tutorial to 2022-04-24T12:42:32.999217+00:00
[2022-04-25 12:42:33,041] {processor.py:171} INFO - Processing /home/airflow/.local/lib/python3.7/site-packages/airflow/example_dags/tutorial.py took 0.667 seconds
[2022-04-25 12:43:03,845] {processor.py:163} INFO - Started process (PID=296) to work on /home/airflow/.local/lib/python3.7/site-packages/airflow/example_dags/tutorial.py
[2022-04-25 12:43:03,851] {processor.py:642} INFO - Processing file /home/airflow/.local/lib/python3.7/site-packages/airflow/example_dags/tutorial.py for tasks to queue
[2022-04-25 12:43:03,854] {logging_mixin.py:109} INFO - [2022-04-25 12:43:03,854] {dagbag.py:500} INFO - Filling up the DagBag from /home/airflow/.local/lib/python3.7/site-packages/airflow/example_dags/tutorial.py
[2022-04-25 12:43:03,886] {processor.py:652} INFO - DAG(s) dict_keys(['tutorial']) retrieved from /home/airflow/.local/lib/python3.7/site-packages/airflow/example_dags/tutorial.py
[2022-04-25 12:43:03,923] {logging_mixin.py:109} INFO - [2022-04-25 12:43:03,923] {dag.py:2398} INFO - Sync 1 DAGs
[2022-04-25 12:43:03,947] {logging_mixin.py:109} INFO - [2022-04-25 12:43:03,946] {dag.py:2937} INFO - Setting next_dagrun for tutorial to 2022-04-24T12:43:03.946423+00:00
[2022-04-25 12:43:03,966] {processor.py:171} INFO - Processing /home/airflow/.local/lib/python3.7/site-packages/airflow/example_dags/tutorial.py took 0.131 seconds
[2022-04-25 12:43:34,180] {processor.py:163} INFO - Started process (PID=348) to work on /home/airflow/.local/lib/python3.7/site-packages/airflow/example_dags/tutorial.py
[2022-04-25 12:43:34,186] {processor.py:642} INFO - Processing file /home/airflow/.local/lib/python3.7/site-packages/airflow/example_dags/tutorial.py for tasks to queue
[2022-04-25 12:43:34,188] {logging_mixin.py:109} INFO - [2022-04-25 12:43:34,188] {dagbag.py:500} INFO - Filling up the DagBag from /home/airflow/.local/lib/python3.7/site-packages/airflow/example_dags/tutorial.py
[2022-04-25 12:43:34,214] {processor.py:652} INFO - DAG(s) dict_keys(['tutorial']) retrieved from /home/airflow/.local/lib/python3.7/site-packages/airflow/example_dags/tutorial.py
[2022-04-25 12:43:34,245] {logging_mixin.py:109} INFO - [2022-04-25 12:43:34,245] {dag.py:2398} INFO - Sync 1 DAGs
[2022-04-25 12:43:34,271] {logging_mixin.py:109} INFO - [2022-04-25 12:43:34,271] {dag.py:2937} INFO - Setting next_dagrun for tutorial to 2022-04-24T12:43:34.270918+00:00
[2022-04-25 12:43:34,288] {processor.py:171} INFO - Processing /home/airflow/.local/lib/python3.7/site-packages/airflow/example_dags/tutorial.py took 0.116 seconds
[2022-04-25 12:44:04,549] {processor.py:163} INFO - Started process (PID=400) to work on /home/airflow/.local/lib/python3.7/site-packages/airflow/example_dags/tutorial.py
[2022-04-25 12:44:04,552] {processor.py:642} INFO - Processing file /home/airflow/.local/lib/python3.7/site-packages/airflow/example_dags/tutorial.py for tasks to queue
[2022-04-25 12:44:04,554] {logging_mixin.py:109} INFO - [2022-04-25 12:44:04,554] {dagbag.py:500} INFO - Filling up the DagBag from /home/airflow/.local/lib/python3.7/site-packages/airflow/example_dags/tutorial.py
[2022-04-25 12:44:04,587] {processor.py:652} INFO - DAG(s) dict_keys(['tutorial']) retrieved from /home/airflow/.local/lib/python3.7/site-packages/airflow/example_dags/tutorial.py
[2022-04-25 12:44:04,624] {logging_mixin.py:109} INFO - [2022-04-25 12:44:04,624] {dag.py:2398} INFO - Sync 1 DAGs
[2022-04-25 12:44:04,649] {logging_mixin.py:109} INFO - [2022-04-25 12:44:04,649] {dag.py:2937} INFO - Setting next_dagrun for tutorial to 2022-04-24T12:44:04.649171+00:00
[2022-04-25 12:44:04,673] {processor.py:171} INFO - Processing /home/airflow/.local/lib/python3.7/site-packages/airflow/example_dags/tutorial.py took 0.133 seconds
[2022-04-25 12:44:34,983] {processor.py:163} INFO - Started process (PID=452) to work on /home/airflow/.local/lib/python3.7/site-packages/airflow/example_dags/tutorial.py
[2022-04-25 12:44:34,988] {processor.py:642} INFO - Processing file /home/airflow/.local/lib/python3.7/site-packages/airflow/example_dags/tutorial.py for tasks to queue
[2022-04-25 12:44:34,991] {logging_mixin.py:109} INFO - [2022-04-25 12:44:34,991] {dagbag.py:500} INFO - Filling up the DagBag from /home/airflow/.local/lib/python3.7/site-packages/airflow/example_dags/tutorial.py
[2022-04-25 12:44:35,021] {processor.py:652} INFO - DAG(s) dict_keys(['tutorial']) retrieved from /home/airflow/.local/lib/python3.7/site-packages/airflow/example_dags/tutorial.py
[2022-04-25 12:44:35,062] {logging_mixin.py:109} INFO - [2022-04-25 12:44:35,062] {dag.py:2398} INFO - Sync 1 DAGs
[2022-04-25 12:44:35,089] {logging_mixin.py:109} INFO - [2022-04-25 12:44:35,088] {dag.py:2937} INFO - Setting next_dagrun for tutorial to 2022-04-24T12:44:35.088392+00:00
[2022-04-25 12:44:35,124] {processor.py:171} INFO - Processing /home/airflow/.local/lib/python3.7/site-packages/airflow/example_dags/tutorial.py took 0.151 seconds
[2022-04-25 12:45:05,595] {processor.py:163} INFO - Started process (PID=503) to work on /home/airflow/.local/lib/python3.7/site-packages/airflow/example_dags/tutorial.py
[2022-04-25 12:45:05,598] {processor.py:642} INFO - Processing file /home/airflow/.local/lib/python3.7/site-packages/airflow/example_dags/tutorial.py for tasks to queue
[2022-04-25 12:45:05,600] {logging_mixin.py:109} INFO - [2022-04-25 12:45:05,600] {dagbag.py:500} INFO - Filling up the DagBag from /home/airflow/.local/lib/python3.7/site-packages/airflow/example_dags/tutorial.py
[2022-04-25 12:45:05,625] {processor.py:652} INFO - DAG(s) dict_keys(['tutorial']) retrieved from /home/airflow/.local/lib/python3.7/site-packages/airflow/example_dags/tutorial.py
[2022-04-25 12:45:05,666] {logging_mixin.py:109} INFO - [2022-04-25 12:45:05,666] {dag.py:2398} INFO - Sync 1 DAGs
[2022-04-25 12:45:05,692] {logging_mixin.py:109} INFO - [2022-04-25 12:45:05,692] {dag.py:2937} INFO - Setting next_dagrun for tutorial to 2022-04-24T12:45:05.691580+00:00
[2022-04-25 12:45:05,708] {processor.py:171} INFO - Processing /home/airflow/.local/lib/python3.7/site-packages/airflow/example_dags/tutorial.py took 0.118 seconds
[2022-04-25 12:45:36,074] {processor.py:163} INFO - Started process (PID=556) to work on /home/airflow/.local/lib/python3.7/site-packages/airflow/example_dags/tutorial.py
[2022-04-25 12:45:36,079] {processor.py:642} INFO - Processing file /home/airflow/.local/lib/python3.7/site-packages/airflow/example_dags/tutorial.py for tasks to queue
[2022-04-25 12:45:36,082] {logging_mixin.py:109} INFO - [2022-04-25 12:45:36,081] {dagbag.py:500} INFO - Filling up the DagBag from /home/airflow/.local/lib/python3.7/site-packages/airflow/example_dags/tutorial.py
[2022-04-25 12:45:36,105] {processor.py:652} INFO - DAG(s) dict_keys(['tutorial']) retrieved from /home/airflow/.local/lib/python3.7/site-packages/airflow/example_dags/tutorial.py
[2022-04-25 12:45:36,137] {logging_mixin.py:109} INFO - [2022-04-25 12:45:36,137] {dag.py:2398} INFO - Sync 1 DAGs
[2022-04-25 12:45:36,167] {logging_mixin.py:109} INFO - [2022-04-25 12:45:36,167] {dag.py:2937} INFO - Setting next_dagrun for tutorial to 2022-04-24T12:45:36.167252+00:00
[2022-04-25 12:45:36,185] {processor.py:171} INFO - Processing /home/airflow/.local/lib/python3.7/site-packages/airflow/example_dags/tutorial.py took 0.119 seconds
[2022-04-25 12:46:06,903] {processor.py:163} INFO - Started process (PID=609) to work on /home/airflow/.local/lib/python3.7/site-packages/airflow/example_dags/tutorial.py
[2022-04-25 12:46:06,909] {processor.py:642} INFO - Processing file /home/airflow/.local/lib/python3.7/site-packages/airflow/example_dags/tutorial.py for tasks to queue
[2022-04-25 12:46:06,912] {logging_mixin.py:109} INFO - [2022-04-25 12:46:06,912] {dagbag.py:500} INFO - Filling up the DagBag from /home/airflow/.local/lib/python3.7/site-packages/airflow/example_dags/tutorial.py
[2022-04-25 12:46:06,942] {processor.py:652} INFO - DAG(s) dict_keys(['tutorial']) retrieved from /home/airflow/.local/lib/python3.7/site-packages/airflow/example_dags/tutorial.py
[2022-04-25 12:46:07,004] {logging_mixin.py:109} INFO - [2022-04-25 12:46:07,003] {dag.py:2398} INFO - Sync 1 DAGs
[2022-04-25 12:46:07,060] {logging_mixin.py:109} INFO - [2022-04-25 12:46:07,060] {dag.py:2937} INFO - Setting next_dagrun for tutorial to 2022-04-24T12:46:07.059582+00:00
[2022-04-25 12:46:07,082] {processor.py:171} INFO - Processing /home/airflow/.local/lib/python3.7/site-packages/airflow/example_dags/tutorial.py took 0.189 seconds
[2022-04-25 12:46:37,695] {processor.py:163} INFO - Started process (PID=667) to work on /home/airflow/.local/lib/python3.7/site-packages/airflow/example_dags/tutorial.py
[2022-04-25 12:46:37,706] {processor.py:642} INFO - Processing file /home/airflow/.local/lib/python3.7/site-packages/airflow/example_dags/tutorial.py for tasks to queue
[2022-04-25 12:46:37,713] {logging_mixin.py:109} INFO - [2022-04-25 12:46:37,712] {dagbag.py:500} INFO - Filling up the DagBag from /home/airflow/.local/lib/python3.7/site-packages/airflow/example_dags/tutorial.py
[2022-04-25 12:46:37,799] {processor.py:652} INFO - DAG(s) dict_keys(['tutorial']) retrieved from /home/airflow/.local/lib/python3.7/site-packages/airflow/example_dags/tutorial.py
[2022-04-25 12:46:37,839] {logging_mixin.py:109} INFO - [2022-04-25 12:46:37,839] {dag.py:2398} INFO - Sync 1 DAGs
[2022-04-25 12:46:37,865] {logging_mixin.py:109} INFO - [2022-04-25 12:46:37,865] {dag.py:2937} INFO - Setting next_dagrun for tutorial to 2022-04-24T12:46:37.864980+00:00
[2022-04-25 12:46:37,890] {processor.py:171} INFO - Processing /home/airflow/.local/lib/python3.7/site-packages/airflow/example_dags/tutorial.py took 0.206 seconds
[2022-04-25 12:47:08,062] {processor.py:163} INFO - Started process (PID=715) to work on /home/airflow/.local/lib/python3.7/site-packages/airflow/example_dags/tutorial.py
[2022-04-25 12:47:08,069] {processor.py:642} INFO - Processing file /home/airflow/.local/lib/python3.7/site-packages/airflow/example_dags/tutorial.py for tasks to queue
[2022-04-25 12:47:08,075] {logging_mixin.py:109} INFO - [2022-04-25 12:47:08,074] {dagbag.py:500} INFO - Filling up the DagBag from /home/airflow/.local/lib/python3.7/site-packages/airflow/example_dags/tutorial.py
[2022-04-25 12:47:08,178] {processor.py:652} INFO - DAG(s) dict_keys(['tutorial']) retrieved from /home/airflow/.local/lib/python3.7/site-packages/airflow/example_dags/tutorial.py
[2022-04-25 12:47:08,266] {logging_mixin.py:109} INFO - [2022-04-25 12:47:08,266] {dag.py:2398} INFO - Sync 1 DAGs
[2022-04-25 12:47:08,341] {logging_mixin.py:109} INFO - [2022-04-25 12:47:08,340] {dag.py:2937} INFO - Setting next_dagrun for tutorial to 2022-04-24T12:47:08.340464+00:00
[2022-04-25 12:47:08,412] {processor.py:171} INFO - Processing /home/airflow/.local/lib/python3.7/site-packages/airflow/example_dags/tutorial.py took 0.370 seconds
[2022-04-25 12:47:38,569] {processor.py:163} INFO - Started process (PID=764) to work on /home/airflow/.local/lib/python3.7/site-packages/airflow/example_dags/tutorial.py
[2022-04-25 12:47:38,572] {processor.py:642} INFO - Processing file /home/airflow/.local/lib/python3.7/site-packages/airflow/example_dags/tutorial.py for tasks to queue
[2022-04-25 12:47:38,585] {logging_mixin.py:109} INFO - [2022-04-25 12:47:38,585] {dagbag.py:500} INFO - Filling up the DagBag from /home/airflow/.local/lib/python3.7/site-packages/airflow/example_dags/tutorial.py
[2022-04-25 12:47:38,710] {processor.py:652} INFO - DAG(s) dict_keys(['tutorial']) retrieved from /home/airflow/.local/lib/python3.7/site-packages/airflow/example_dags/tutorial.py
[2022-04-25 12:47:38,858] {logging_mixin.py:109} INFO - [2022-04-25 12:47:38,858] {dag.py:2398} INFO - Sync 1 DAGs
[2022-04-25 12:47:38,929] {logging_mixin.py:109} INFO - [2022-04-25 12:47:38,929] {dag.py:2937} INFO - Setting next_dagrun for tutorial to 2022-04-24T12:47:38.928606+00:00
[2022-04-25 12:47:38,974] {processor.py:171} INFO - Processing /home/airflow/.local/lib/python3.7/site-packages/airflow/example_dags/tutorial.py took 0.432 seconds
[2022-04-25 12:48:09,855] {processor.py:163} INFO - Started process (PID=817) to work on /home/airflow/.local/lib/python3.7/site-packages/airflow/example_dags/tutorial.py
[2022-04-25 12:48:09,866] {processor.py:642} INFO - Processing file /home/airflow/.local/lib/python3.7/site-packages/airflow/example_dags/tutorial.py for tasks to queue
[2022-04-25 12:48:09,872] {logging_mixin.py:109} INFO - [2022-04-25 12:48:09,871] {dagbag.py:500} INFO - Filling up the DagBag from /home/airflow/.local/lib/python3.7/site-packages/airflow/example_dags/tutorial.py
[2022-04-25 12:48:09,972] {processor.py:652} INFO - DAG(s) dict_keys(['tutorial']) retrieved from /home/airflow/.local/lib/python3.7/site-packages/airflow/example_dags/tutorial.py
[2022-04-25 12:48:10,066] {logging_mixin.py:109} INFO - [2022-04-25 12:48:10,065] {dag.py:2398} INFO - Sync 1 DAGs
[2022-04-25 12:48:10,174] {logging_mixin.py:109} INFO - [2022-04-25 12:48:10,171] {dag.py:2937} INFO - Setting next_dagrun for tutorial to 2022-04-24T12:48:10.167759+00:00
[2022-04-25 12:48:10,235] {processor.py:171} INFO - Processing /home/airflow/.local/lib/python3.7/site-packages/airflow/example_dags/tutorial.py took 0.403 seconds
[2022-04-25 12:48:40,438] {processor.py:163} INFO - Started process (PID=868) to work on /home/airflow/.local/lib/python3.7/site-packages/airflow/example_dags/tutorial.py
[2022-04-25 12:48:40,447] {processor.py:642} INFO - Processing file /home/airflow/.local/lib/python3.7/site-packages/airflow/example_dags/tutorial.py for tasks to queue
[2022-04-25 12:48:40,451] {logging_mixin.py:109} INFO - [2022-04-25 12:48:40,450] {dagbag.py:500} INFO - Filling up the DagBag from /home/airflow/.local/lib/python3.7/site-packages/airflow/example_dags/tutorial.py
[2022-04-25 12:48:40,517] {processor.py:652} INFO - DAG(s) dict_keys(['tutorial']) retrieved from /home/airflow/.local/lib/python3.7/site-packages/airflow/example_dags/tutorial.py
[2022-04-25 12:48:40,623] {logging_mixin.py:109} INFO - [2022-04-25 12:48:40,623] {dag.py:2398} INFO - Sync 1 DAGs
[2022-04-25 12:48:40,687] {logging_mixin.py:109} INFO - [2022-04-25 12:48:40,687] {dag.py:2937} INFO - Setting next_dagrun for tutorial to 2022-04-24T12:48:40.686554+00:00
[2022-04-25 12:48:40,745] {processor.py:171} INFO - Processing /home/airflow/.local/lib/python3.7/site-packages/airflow/example_dags/tutorial.py took 0.323 seconds
[2022-04-25 12:52:29,550] {processor.py:163} INFO - Started process (PID=919) to work on /home/airflow/.local/lib/python3.7/site-packages/airflow/example_dags/tutorial.py
[2022-04-25 12:52:29,570] {processor.py:642} INFO - Processing file /home/airflow/.local/lib/python3.7/site-packages/airflow/example_dags/tutorial.py for tasks to queue
[2022-04-25 12:52:29,573] {logging_mixin.py:109} INFO - [2022-04-25 12:52:29,573] {dagbag.py:500} INFO - Filling up the DagBag from /home/airflow/.local/lib/python3.7/site-packages/airflow/example_dags/tutorial.py
[2022-04-25 12:52:29,829] {processor.py:652} INFO - DAG(s) dict_keys(['tutorial']) retrieved from /home/airflow/.local/lib/python3.7/site-packages/airflow/example_dags/tutorial.py
[2022-04-25 12:52:30,072] {logging_mixin.py:109} INFO - [2022-04-25 12:52:30,072] {dag.py:2398} INFO - Sync 1 DAGs
[2022-04-25 12:52:30,207] {logging_mixin.py:109} INFO - [2022-04-25 12:52:30,207] {dag.py:2937} INFO - Setting next_dagrun for tutorial to 2022-04-24T12:52:30.206540+00:00
[2022-04-25 12:52:30,291] {processor.py:171} INFO - Processing /home/airflow/.local/lib/python3.7/site-packages/airflow/example_dags/tutorial.py took 0.785 seconds
[2022-04-25 12:53:00,572] {processor.py:163} INFO - Started process (PID=971) to work on /home/airflow/.local/lib/python3.7/site-packages/airflow/example_dags/tutorial.py
[2022-04-25 12:53:00,581] {processor.py:642} INFO - Processing file /home/airflow/.local/lib/python3.7/site-packages/airflow/example_dags/tutorial.py for tasks to queue
[2022-04-25 12:53:00,585] {logging_mixin.py:109} INFO - [2022-04-25 12:53:00,585] {dagbag.py:500} INFO - Filling up the DagBag from /home/airflow/.local/lib/python3.7/site-packages/airflow/example_dags/tutorial.py
[2022-04-25 12:53:00,642] {processor.py:652} INFO - DAG(s) dict_keys(['tutorial']) retrieved from /home/airflow/.local/lib/python3.7/site-packages/airflow/example_dags/tutorial.py
[2022-04-25 12:53:00,732] {logging_mixin.py:109} INFO - [2022-04-25 12:53:00,732] {dag.py:2398} INFO - Sync 1 DAGs
[2022-04-25 12:53:00,772] {logging_mixin.py:109} INFO - [2022-04-25 12:53:00,772] {dag.py:2937} INFO - Setting next_dagrun for tutorial to 2022-04-24T12:53:00.771906+00:00
[2022-04-25 12:53:00,796] {processor.py:171} INFO - Processing /home/airflow/.local/lib/python3.7/site-packages/airflow/example_dags/tutorial.py took 0.235 seconds
[2022-04-25 12:53:31,175] {processor.py:163} INFO - Started process (PID=1021) to work on /home/airflow/.local/lib/python3.7/site-packages/airflow/example_dags/tutorial.py
[2022-04-25 12:53:31,181] {processor.py:642} INFO - Processing file /home/airflow/.local/lib/python3.7/site-packages/airflow/example_dags/tutorial.py for tasks to queue
[2022-04-25 12:53:31,185] {logging_mixin.py:109} INFO - [2022-04-25 12:53:31,184] {dagbag.py:500} INFO - Filling up the DagBag from /home/airflow/.local/lib/python3.7/site-packages/airflow/example_dags/tutorial.py
[2022-04-25 12:53:31,222] {processor.py:652} INFO - DAG(s) dict_keys(['tutorial']) retrieved from /home/airflow/.local/lib/python3.7/site-packages/airflow/example_dags/tutorial.py
[2022-04-25 12:53:31,268] {logging_mixin.py:109} INFO - [2022-04-25 12:53:31,267] {dag.py:2398} INFO - Sync 1 DAGs
[2022-04-25 12:53:31,329] {logging_mixin.py:109} INFO - [2022-04-25 12:53:31,329] {dag.py:2937} INFO - Setting next_dagrun for tutorial to 2022-04-24T12:53:31.328811+00:00
[2022-04-25 12:53:31,349] {processor.py:171} INFO - Processing /home/airflow/.local/lib/python3.7/site-packages/airflow/example_dags/tutorial.py took 0.183 seconds
[2022-04-25 12:54:01,475] {processor.py:163} INFO - Started process (PID=1073) to work on /home/airflow/.local/lib/python3.7/site-packages/airflow/example_dags/tutorial.py
[2022-04-25 12:54:01,484] {processor.py:642} INFO - Processing file /home/airflow/.local/lib/python3.7/site-packages/airflow/example_dags/tutorial.py for tasks to queue
[2022-04-25 12:54:01,489] {logging_mixin.py:109} INFO - [2022-04-25 12:54:01,489] {dagbag.py:500} INFO - Filling up the DagBag from /home/airflow/.local/lib/python3.7/site-packages/airflow/example_dags/tutorial.py
[2022-04-25 12:54:01,539] {processor.py:652} INFO - DAG(s) dict_keys(['tutorial']) retrieved from /home/airflow/.local/lib/python3.7/site-packages/airflow/example_dags/tutorial.py
[2022-04-25 12:54:01,605] {logging_mixin.py:109} INFO - [2022-04-25 12:54:01,605] {dag.py:2398} INFO - Sync 1 DAGs
[2022-04-25 12:54:01,653] {logging_mixin.py:109} INFO - [2022-04-25 12:54:01,652] {dag.py:2937} INFO - Setting next_dagrun for tutorial to 2022-04-24T12:54:01.652510+00:00
[2022-04-25 12:54:01,670] {processor.py:171} INFO - Processing /home/airflow/.local/lib/python3.7/site-packages/airflow/example_dags/tutorial.py took 0.208 seconds
[2022-04-25 12:54:32,000] {processor.py:163} INFO - Started process (PID=1122) to work on /home/airflow/.local/lib/python3.7/site-packages/airflow/example_dags/tutorial.py
[2022-04-25 12:54:32,004] {processor.py:642} INFO - Processing file /home/airflow/.local/lib/python3.7/site-packages/airflow/example_dags/tutorial.py for tasks to queue
[2022-04-25 12:54:32,006] {logging_mixin.py:109} INFO - [2022-04-25 12:54:32,006] {dagbag.py:500} INFO - Filling up the DagBag from /home/airflow/.local/lib/python3.7/site-packages/airflow/example_dags/tutorial.py
[2022-04-25 12:54:32,056] {processor.py:652} INFO - DAG(s) dict_keys(['tutorial']) retrieved from /home/airflow/.local/lib/python3.7/site-packages/airflow/example_dags/tutorial.py
[2022-04-25 12:54:32,091] {logging_mixin.py:109} INFO - [2022-04-25 12:54:32,090] {dag.py:2398} INFO - Sync 1 DAGs
[2022-04-25 12:54:32,118] {logging_mixin.py:109} INFO - [2022-04-25 12:54:32,118] {dag.py:2937} INFO - Setting next_dagrun for tutorial to 2022-04-24T12:54:32.117851+00:00
[2022-04-25 12:54:32,137] {processor.py:171} INFO - Processing /home/airflow/.local/lib/python3.7/site-packages/airflow/example_dags/tutorial.py took 0.145 seconds
[2022-04-25 12:55:02,555] {processor.py:163} INFO - Started process (PID=1176) to work on /home/airflow/.local/lib/python3.7/site-packages/airflow/example_dags/tutorial.py
[2022-04-25 12:55:02,567] {processor.py:642} INFO - Processing file /home/airflow/.local/lib/python3.7/site-packages/airflow/example_dags/tutorial.py for tasks to queue
[2022-04-25 12:55:02,569] {logging_mixin.py:109} INFO - [2022-04-25 12:55:02,569] {dagbag.py:500} INFO - Filling up the DagBag from /home/airflow/.local/lib/python3.7/site-packages/airflow/example_dags/tutorial.py
[2022-04-25 12:55:02,642] {processor.py:652} INFO - DAG(s) dict_keys(['tutorial']) retrieved from /home/airflow/.local/lib/python3.7/site-packages/airflow/example_dags/tutorial.py
[2022-04-25 12:55:02,720] {logging_mixin.py:109} INFO - [2022-04-25 12:55:02,720] {dag.py:2398} INFO - Sync 1 DAGs
[2022-04-25 12:55:02,796] {logging_mixin.py:109} INFO - [2022-04-25 12:55:02,796] {dag.py:2937} INFO - Setting next_dagrun for tutorial to 2022-04-24T12:55:02.795646+00:00
[2022-04-25 12:55:02,830] {processor.py:171} INFO - Processing /home/airflow/.local/lib/python3.7/site-packages/airflow/example_dags/tutorial.py took 0.291 seconds
[2022-04-25 12:55:33,186] {processor.py:163} INFO - Started process (PID=1229) to work on /home/airflow/.local/lib/python3.7/site-packages/airflow/example_dags/tutorial.py
[2022-04-25 12:55:33,192] {processor.py:642} INFO - Processing file /home/airflow/.local/lib/python3.7/site-packages/airflow/example_dags/tutorial.py for tasks to queue
[2022-04-25 12:55:33,195] {logging_mixin.py:109} INFO - [2022-04-25 12:55:33,195] {dagbag.py:500} INFO - Filling up the DagBag from /home/airflow/.local/lib/python3.7/site-packages/airflow/example_dags/tutorial.py
[2022-04-25 12:55:33,230] {processor.py:652} INFO - DAG(s) dict_keys(['tutorial']) retrieved from /home/airflow/.local/lib/python3.7/site-packages/airflow/example_dags/tutorial.py
[2022-04-25 12:55:33,278] {logging_mixin.py:109} INFO - [2022-04-25 12:55:33,278] {dag.py:2398} INFO - Sync 1 DAGs
[2022-04-25 12:55:33,335] {logging_mixin.py:109} INFO - [2022-04-25 12:55:33,334] {dag.py:2937} INFO - Setting next_dagrun for tutorial to 2022-04-24T12:55:33.328725+00:00
[2022-04-25 12:55:33,356] {processor.py:171} INFO - Processing /home/airflow/.local/lib/python3.7/site-packages/airflow/example_dags/tutorial.py took 0.181 seconds
[2022-04-25 12:56:03,796] {processor.py:163} INFO - Started process (PID=1280) to work on /home/airflow/.local/lib/python3.7/site-packages/airflow/example_dags/tutorial.py
[2022-04-25 12:56:03,801] {processor.py:642} INFO - Processing file /home/airflow/.local/lib/python3.7/site-packages/airflow/example_dags/tutorial.py for tasks to queue
[2022-04-25 12:56:03,804] {logging_mixin.py:109} INFO - [2022-04-25 12:56:03,804] {dagbag.py:500} INFO - Filling up the DagBag from /home/airflow/.local/lib/python3.7/site-packages/airflow/example_dags/tutorial.py
[2022-04-25 12:56:03,917] {processor.py:652} INFO - DAG(s) dict_keys(['tutorial']) retrieved from /home/airflow/.local/lib/python3.7/site-packages/airflow/example_dags/tutorial.py
[2022-04-25 12:56:03,977] {logging_mixin.py:109} INFO - [2022-04-25 12:56:03,977] {dag.py:2398} INFO - Sync 1 DAGs
[2022-04-25 12:56:04,053] {logging_mixin.py:109} INFO - [2022-04-25 12:56:04,052] {dag.py:2937} INFO - Setting next_dagrun for tutorial to 2022-04-24T12:56:04.052446+00:00
[2022-04-25 12:56:04,087] {processor.py:171} INFO - Processing /home/airflow/.local/lib/python3.7/site-packages/airflow/example_dags/tutorial.py took 0.310 seconds
[2022-04-25 12:56:34,864] {processor.py:163} INFO - Started process (PID=1343) to work on /home/airflow/.local/lib/python3.7/site-packages/airflow/example_dags/tutorial.py
[2022-04-25 12:56:34,875] {processor.py:642} INFO - Processing file /home/airflow/.local/lib/python3.7/site-packages/airflow/example_dags/tutorial.py for tasks to queue
[2022-04-25 12:56:34,877] {logging_mixin.py:109} INFO - [2022-04-25 12:56:34,877] {dagbag.py:500} INFO - Filling up the DagBag from /home/airflow/.local/lib/python3.7/site-packages/airflow/example_dags/tutorial.py
[2022-04-25 12:56:34,939] {processor.py:652} INFO - DAG(s) dict_keys(['tutorial']) retrieved from /home/airflow/.local/lib/python3.7/site-packages/airflow/example_dags/tutorial.py
[2022-04-25 12:56:34,987] {logging_mixin.py:109} INFO - [2022-04-25 12:56:34,986] {dag.py:2398} INFO - Sync 1 DAGs
[2022-04-25 12:56:35,019] {logging_mixin.py:109} INFO - [2022-04-25 12:56:35,019] {dag.py:2937} INFO - Setting next_dagrun for tutorial to 2022-04-24T12:56:35.018968+00:00
[2022-04-25 12:56:35,043] {processor.py:171} INFO - Processing /home/airflow/.local/lib/python3.7/site-packages/airflow/example_dags/tutorial.py took 0.185 seconds
[2022-04-25 12:57:05,668] {processor.py:163} INFO - Started process (PID=1395) to work on /home/airflow/.local/lib/python3.7/site-packages/airflow/example_dags/tutorial.py
[2022-04-25 12:57:05,677] {processor.py:642} INFO - Processing file /home/airflow/.local/lib/python3.7/site-packages/airflow/example_dags/tutorial.py for tasks to queue
[2022-04-25 12:57:05,683] {logging_mixin.py:109} INFO - [2022-04-25 12:57:05,682] {dagbag.py:500} INFO - Filling up the DagBag from /home/airflow/.local/lib/python3.7/site-packages/airflow/example_dags/tutorial.py
[2022-04-25 12:57:05,761] {processor.py:652} INFO - DAG(s) dict_keys(['tutorial']) retrieved from /home/airflow/.local/lib/python3.7/site-packages/airflow/example_dags/tutorial.py
[2022-04-25 12:57:05,867] {logging_mixin.py:109} INFO - [2022-04-25 12:57:05,865] {dag.py:2398} INFO - Sync 1 DAGs
[2022-04-25 12:57:05,952] {logging_mixin.py:109} INFO - [2022-04-25 12:57:05,952] {dag.py:2937} INFO - Setting next_dagrun for tutorial to 2022-04-24T12:57:05.951747+00:00
[2022-04-25 12:57:05,990] {processor.py:171} INFO - Processing /home/airflow/.local/lib/python3.7/site-packages/airflow/example_dags/tutorial.py took 0.337 seconds
[2022-04-25 12:57:36,464] {processor.py:163} INFO - Started process (PID=1448) to work on /home/airflow/.local/lib/python3.7/site-packages/airflow/example_dags/tutorial.py
[2022-04-25 12:57:36,476] {processor.py:642} INFO - Processing file /home/airflow/.local/lib/python3.7/site-packages/airflow/example_dags/tutorial.py for tasks to queue
[2022-04-25 12:57:36,482] {logging_mixin.py:109} INFO - [2022-04-25 12:57:36,481] {dagbag.py:500} INFO - Filling up the DagBag from /home/airflow/.local/lib/python3.7/site-packages/airflow/example_dags/tutorial.py
[2022-04-25 12:57:36,538] {processor.py:652} INFO - DAG(s) dict_keys(['tutorial']) retrieved from /home/airflow/.local/lib/python3.7/site-packages/airflow/example_dags/tutorial.py
[2022-04-25 12:57:36,599] {logging_mixin.py:109} INFO - [2022-04-25 12:57:36,599] {dag.py:2398} INFO - Sync 1 DAGs
[2022-04-25 12:57:36,659] {logging_mixin.py:109} INFO - [2022-04-25 12:57:36,659] {dag.py:2937} INFO - Setting next_dagrun for tutorial to 2022-04-24T12:57:36.658705+00:00
[2022-04-25 12:57:36,702] {processor.py:171} INFO - Processing /home/airflow/.local/lib/python3.7/site-packages/airflow/example_dags/tutorial.py took 0.251 seconds
[2022-04-25 12:58:07,009] {processor.py:163} INFO - Started process (PID=1508) to work on /home/airflow/.local/lib/python3.7/site-packages/airflow/example_dags/tutorial.py
[2022-04-25 12:58:07,028] {processor.py:642} INFO - Processing file /home/airflow/.local/lib/python3.7/site-packages/airflow/example_dags/tutorial.py for tasks to queue
[2022-04-25 12:58:07,033] {logging_mixin.py:109} INFO - [2022-04-25 12:58:07,032] {dagbag.py:500} INFO - Filling up the DagBag from /home/airflow/.local/lib/python3.7/site-packages/airflow/example_dags/tutorial.py
[2022-04-25 12:58:07,123] {processor.py:652} INFO - DAG(s) dict_keys(['tutorial']) retrieved from /home/airflow/.local/lib/python3.7/site-packages/airflow/example_dags/tutorial.py
[2022-04-25 12:58:07,238] {logging_mixin.py:109} INFO - [2022-04-25 12:58:07,238] {dag.py:2398} INFO - Sync 1 DAGs
[2022-04-25 12:58:07,399] {logging_mixin.py:109} INFO - [2022-04-25 12:58:07,399] {dag.py:2937} INFO - Setting next_dagrun for tutorial to 2022-04-24T12:58:07.398796+00:00
[2022-04-25 12:58:07,495] {processor.py:171} INFO - Processing /home/airflow/.local/lib/python3.7/site-packages/airflow/example_dags/tutorial.py took 0.509 seconds
[2022-04-25 12:58:38,428] {processor.py:163} INFO - Started process (PID=1557) to work on /home/airflow/.local/lib/python3.7/site-packages/airflow/example_dags/tutorial.py
[2022-04-25 12:58:38,437] {processor.py:642} INFO - Processing file /home/airflow/.local/lib/python3.7/site-packages/airflow/example_dags/tutorial.py for tasks to queue
[2022-04-25 12:58:38,444] {logging_mixin.py:109} INFO - [2022-04-25 12:58:38,443] {dagbag.py:500} INFO - Filling up the DagBag from /home/airflow/.local/lib/python3.7/site-packages/airflow/example_dags/tutorial.py
[2022-04-25 12:58:38,521] {processor.py:652} INFO - DAG(s) dict_keys(['tutorial']) retrieved from /home/airflow/.local/lib/python3.7/site-packages/airflow/example_dags/tutorial.py
[2022-04-25 12:58:38,627] {logging_mixin.py:109} INFO - [2022-04-25 12:58:38,627] {dag.py:2398} INFO - Sync 1 DAGs
[2022-04-25 12:58:38,738] {logging_mixin.py:109} INFO - [2022-04-25 12:58:38,738] {dag.py:2937} INFO - Setting next_dagrun for tutorial to 2022-04-24T12:58:38.738331+00:00
[2022-04-25 12:58:38,803] {processor.py:171} INFO - Processing /home/airflow/.local/lib/python3.7/site-packages/airflow/example_dags/tutorial.py took 0.404 seconds
[2022-04-25 12:59:09,203] {processor.py:163} INFO - Started process (PID=1607) to work on /home/airflow/.local/lib/python3.7/site-packages/airflow/example_dags/tutorial.py
[2022-04-25 12:59:09,212] {processor.py:642} INFO - Processing file /home/airflow/.local/lib/python3.7/site-packages/airflow/example_dags/tutorial.py for tasks to queue
[2022-04-25 12:59:09,222] {logging_mixin.py:109} INFO - [2022-04-25 12:59:09,221] {dagbag.py:500} INFO - Filling up the DagBag from /home/airflow/.local/lib/python3.7/site-packages/airflow/example_dags/tutorial.py
[2022-04-25 12:59:09,288] {processor.py:652} INFO - DAG(s) dict_keys(['tutorial']) retrieved from /home/airflow/.local/lib/python3.7/site-packages/airflow/example_dags/tutorial.py
[2022-04-25 12:59:09,406] {logging_mixin.py:109} INFO - [2022-04-25 12:59:09,404] {dag.py:2398} INFO - Sync 1 DAGs
[2022-04-25 12:59:09,499] {logging_mixin.py:109} INFO - [2022-04-25 12:59:09,498] {dag.py:2937} INFO - Setting next_dagrun for tutorial to 2022-04-24T12:59:09.498519+00:00
[2022-04-25 12:59:09,528] {processor.py:171} INFO - Processing /home/airflow/.local/lib/python3.7/site-packages/airflow/example_dags/tutorial.py took 0.331 seconds
[2022-04-25 12:59:39,724] {processor.py:163} INFO - Started process (PID=1662) to work on /home/airflow/.local/lib/python3.7/site-packages/airflow/example_dags/tutorial.py
[2022-04-25 12:59:39,732] {processor.py:642} INFO - Processing file /home/airflow/.local/lib/python3.7/site-packages/airflow/example_dags/tutorial.py for tasks to queue
[2022-04-25 12:59:39,741] {logging_mixin.py:109} INFO - [2022-04-25 12:59:39,741] {dagbag.py:500} INFO - Filling up the DagBag from /home/airflow/.local/lib/python3.7/site-packages/airflow/example_dags/tutorial.py
[2022-04-25 12:59:39,850] {processor.py:652} INFO - DAG(s) dict_keys(['tutorial']) retrieved from /home/airflow/.local/lib/python3.7/site-packages/airflow/example_dags/tutorial.py
[2022-04-25 12:59:39,921] {logging_mixin.py:109} INFO - [2022-04-25 12:59:39,920] {dag.py:2398} INFO - Sync 1 DAGs
[2022-04-25 12:59:39,949] {logging_mixin.py:109} INFO - [2022-04-25 12:59:39,949] {dag.py:2937} INFO - Setting next_dagrun for tutorial to 2022-04-24T12:59:39.948701+00:00
[2022-04-25 12:59:39,977] {processor.py:171} INFO - Processing /home/airflow/.local/lib/python3.7/site-packages/airflow/example_dags/tutorial.py took 0.265 seconds
[2022-04-25 13:00:10,278] {processor.py:163} INFO - Started process (PID=1715) to work on /home/airflow/.local/lib/python3.7/site-packages/airflow/example_dags/tutorial.py
[2022-04-25 13:00:10,283] {processor.py:642} INFO - Processing file /home/airflow/.local/lib/python3.7/site-packages/airflow/example_dags/tutorial.py for tasks to queue
[2022-04-25 13:00:10,286] {logging_mixin.py:109} INFO - [2022-04-25 13:00:10,286] {dagbag.py:500} INFO - Filling up the DagBag from /home/airflow/.local/lib/python3.7/site-packages/airflow/example_dags/tutorial.py
[2022-04-25 13:00:10,348] {processor.py:652} INFO - DAG(s) dict_keys(['tutorial']) retrieved from /home/airflow/.local/lib/python3.7/site-packages/airflow/example_dags/tutorial.py
[2022-04-25 13:00:10,388] {logging_mixin.py:109} INFO - [2022-04-25 13:00:10,388] {dag.py:2398} INFO - Sync 1 DAGs
[2022-04-25 13:00:10,435] {logging_mixin.py:109} INFO - [2022-04-25 13:00:10,434] {dag.py:2937} INFO - Setting next_dagrun for tutorial to 2022-04-24T13:00:10.433850+00:00
[2022-04-25 13:00:10,466] {processor.py:171} INFO - Processing /home/airflow/.local/lib/python3.7/site-packages/airflow/example_dags/tutorial.py took 0.193 seconds
[2022-04-25 13:00:40,895] {processor.py:163} INFO - Started process (PID=1766) to work on /home/airflow/.local/lib/python3.7/site-packages/airflow/example_dags/tutorial.py
[2022-04-25 13:00:40,898] {processor.py:642} INFO - Processing file /home/airflow/.local/lib/python3.7/site-packages/airflow/example_dags/tutorial.py for tasks to queue
[2022-04-25 13:00:40,900] {logging_mixin.py:109} INFO - [2022-04-25 13:00:40,899] {dagbag.py:500} INFO - Filling up the DagBag from /home/airflow/.local/lib/python3.7/site-packages/airflow/example_dags/tutorial.py
[2022-04-25 13:00:40,994] {processor.py:652} INFO - DAG(s) dict_keys(['tutorial']) retrieved from /home/airflow/.local/lib/python3.7/site-packages/airflow/example_dags/tutorial.py
[2022-04-25 13:00:41,041] {logging_mixin.py:109} INFO - [2022-04-25 13:00:41,041] {dag.py:2398} INFO - Sync 1 DAGs
[2022-04-25 13:00:41,075] {logging_mixin.py:109} INFO - [2022-04-25 13:00:41,074] {dag.py:2937} INFO - Setting next_dagrun for tutorial to 2022-04-24T13:00:41.074387+00:00
[2022-04-25 13:00:41,110] {processor.py:171} INFO - Processing /home/airflow/.local/lib/python3.7/site-packages/airflow/example_dags/tutorial.py took 0.227 seconds
[2022-04-25 13:01:11,717] {processor.py:163} INFO - Started process (PID=1815) to work on /home/airflow/.local/lib/python3.7/site-packages/airflow/example_dags/tutorial.py
[2022-04-25 13:01:11,720] {processor.py:642} INFO - Processing file /home/airflow/.local/lib/python3.7/site-packages/airflow/example_dags/tutorial.py for tasks to queue
[2022-04-25 13:01:11,726] {logging_mixin.py:109} INFO - [2022-04-25 13:01:11,726] {dagbag.py:500} INFO - Filling up the DagBag from /home/airflow/.local/lib/python3.7/site-packages/airflow/example_dags/tutorial.py
[2022-04-25 13:01:11,775] {processor.py:652} INFO - DAG(s) dict_keys(['tutorial']) retrieved from /home/airflow/.local/lib/python3.7/site-packages/airflow/example_dags/tutorial.py
[2022-04-25 13:01:11,850] {logging_mixin.py:109} INFO - [2022-04-25 13:01:11,850] {dag.py:2398} INFO - Sync 1 DAGs
[2022-04-25 13:01:11,891] {logging_mixin.py:109} INFO - [2022-04-25 13:01:11,891] {dag.py:2937} INFO - Setting next_dagrun for tutorial to 2022-04-24T13:01:11.890932+00:00
[2022-04-25 13:01:11,918] {processor.py:171} INFO - Processing /home/airflow/.local/lib/python3.7/site-packages/airflow/example_dags/tutorial.py took 0.216 seconds
[2022-04-25 13:01:42,567] {processor.py:163} INFO - Started process (PID=1868) to work on /home/airflow/.local/lib/python3.7/site-packages/airflow/example_dags/tutorial.py
[2022-04-25 13:01:42,575] {processor.py:642} INFO - Processing file /home/airflow/.local/lib/python3.7/site-packages/airflow/example_dags/tutorial.py for tasks to queue
[2022-04-25 13:01:42,579] {logging_mixin.py:109} INFO - [2022-04-25 13:01:42,579] {dagbag.py:500} INFO - Filling up the DagBag from /home/airflow/.local/lib/python3.7/site-packages/airflow/example_dags/tutorial.py
[2022-04-25 13:01:42,628] {processor.py:652} INFO - DAG(s) dict_keys(['tutorial']) retrieved from /home/airflow/.local/lib/python3.7/site-packages/airflow/example_dags/tutorial.py
[2022-04-25 13:01:42,686] {logging_mixin.py:109} INFO - [2022-04-25 13:01:42,685] {dag.py:2398} INFO - Sync 1 DAGs
[2022-04-25 13:01:42,738] {logging_mixin.py:109} INFO - [2022-04-25 13:01:42,737] {dag.py:2937} INFO - Setting next_dagrun for tutorial to 2022-04-24T13:01:42.734461+00:00
[2022-04-25 13:01:42,767] {processor.py:171} INFO - Processing /home/airflow/.local/lib/python3.7/site-packages/airflow/example_dags/tutorial.py took 0.220 seconds
[2022-04-25 13:02:13,312] {processor.py:163} INFO - Started process (PID=1930) to work on /home/airflow/.local/lib/python3.7/site-packages/airflow/example_dags/tutorial.py
[2022-04-25 13:02:13,324] {processor.py:642} INFO - Processing file /home/airflow/.local/lib/python3.7/site-packages/airflow/example_dags/tutorial.py for tasks to queue
[2022-04-25 13:02:13,336] {logging_mixin.py:109} INFO - [2022-04-25 13:02:13,333] {dagbag.py:500} INFO - Filling up the DagBag from /home/airflow/.local/lib/python3.7/site-packages/airflow/example_dags/tutorial.py
[2022-04-25 13:02:13,450] {processor.py:652} INFO - DAG(s) dict_keys(['tutorial']) retrieved from /home/airflow/.local/lib/python3.7/site-packages/airflow/example_dags/tutorial.py
[2022-04-25 13:02:13,543] {logging_mixin.py:109} INFO - [2022-04-25 13:02:13,542] {dag.py:2398} INFO - Sync 1 DAGs
[2022-04-25 13:02:13,630] {logging_mixin.py:109} INFO - [2022-04-25 13:02:13,630] {dag.py:2937} INFO - Setting next_dagrun for tutorial to 2022-04-24T13:02:13.629821+00:00
[2022-04-25 13:02:13,683] {processor.py:171} INFO - Processing /home/airflow/.local/lib/python3.7/site-packages/airflow/example_dags/tutorial.py took 0.383 seconds
[2022-04-25 13:02:44,298] {processor.py:163} INFO - Started process (PID=1981) to work on /home/airflow/.local/lib/python3.7/site-packages/airflow/example_dags/tutorial.py
[2022-04-25 13:02:44,306] {processor.py:642} INFO - Processing file /home/airflow/.local/lib/python3.7/site-packages/airflow/example_dags/tutorial.py for tasks to queue
[2022-04-25 13:02:44,309] {logging_mixin.py:109} INFO - [2022-04-25 13:02:44,309] {dagbag.py:500} INFO - Filling up the DagBag from /home/airflow/.local/lib/python3.7/site-packages/airflow/example_dags/tutorial.py
[2022-04-25 13:02:44,375] {processor.py:652} INFO - DAG(s) dict_keys(['tutorial']) retrieved from /home/airflow/.local/lib/python3.7/site-packages/airflow/example_dags/tutorial.py
[2022-04-25 13:02:44,440] {logging_mixin.py:109} INFO - [2022-04-25 13:02:44,440] {dag.py:2398} INFO - Sync 1 DAGs
[2022-04-25 13:02:44,500] {logging_mixin.py:109} INFO - [2022-04-25 13:02:44,500] {dag.py:2937} INFO - Setting next_dagrun for tutorial to 2022-04-24T13:02:44.499594+00:00
[2022-04-25 13:02:44,534] {processor.py:171} INFO - Processing /home/airflow/.local/lib/python3.7/site-packages/airflow/example_dags/tutorial.py took 0.244 seconds
[2022-04-25 13:11:49,074] {processor.py:163} INFO - Started process (PID=2001) to work on /home/airflow/.local/lib/python3.7/site-packages/airflow/example_dags/tutorial.py
[2022-04-25 13:11:49,089] {processor.py:642} INFO - Processing file /home/airflow/.local/lib/python3.7/site-packages/airflow/example_dags/tutorial.py for tasks to queue
[2022-04-25 13:11:49,092] {logging_mixin.py:109} INFO - [2022-04-25 13:11:49,091] {dagbag.py:500} INFO - Filling up the DagBag from /home/airflow/.local/lib/python3.7/site-packages/airflow/example_dags/tutorial.py
[2022-04-25 13:11:49,263] {processor.py:652} INFO - DAG(s) dict_keys(['tutorial']) retrieved from /home/airflow/.local/lib/python3.7/site-packages/airflow/example_dags/tutorial.py
[2022-04-25 13:11:49,515] {logging_mixin.py:109} INFO - [2022-04-25 13:11:49,515] {dag.py:2398} INFO - Sync 1 DAGs
[2022-04-25 13:11:49,730] {logging_mixin.py:109} INFO - [2022-04-25 13:11:49,718] {dag.py:2937} INFO - Setting next_dagrun for tutorial to 2022-04-24T13:11:49.717614+00:00
[2022-04-25 13:11:49,802] {processor.py:171} INFO - Processing /home/airflow/.local/lib/python3.7/site-packages/airflow/example_dags/tutorial.py took 0.756 seconds
