[2022-04-26 22:54:36,603] {processor.py:163} INFO - Started process (PID=66) to work on /home/airflow/.local/lib/python3.7/site-packages/airflow/example_dags/example_subdag_operator.py
[2022-04-26 22:54:36,661] {processor.py:642} INFO - Processing file /home/airflow/.local/lib/python3.7/site-packages/airflow/example_dags/example_subdag_operator.py for tasks to queue
[2022-04-26 22:54:36,686] {logging_mixin.py:109} INFO - [2022-04-26 22:54:36,686] {dagbag.py:500} INFO - Filling up the DagBag from /home/airflow/.local/lib/python3.7/site-packages/airflow/example_dags/example_subdag_operator.py
[2022-04-26 22:54:37,228] {processor.py:652} INFO - DAG(s) dict_keys(['example_subdag_operator.section-1', 'example_subdag_operator.section-2', 'example_subdag_operator']) retrieved from /home/airflow/.local/lib/python3.7/site-packages/airflow/example_dags/example_subdag_operator.py
[2022-04-26 22:54:49,376] {logging_mixin.py:109} INFO - [2022-04-26 22:54:49,375] {dag.py:2398} INFO - Sync 3 DAGs
[2022-04-26 22:54:49,489] {logging_mixin.py:109} INFO - [2022-04-26 22:54:49,489] {dag.py:2937} INFO - Setting next_dagrun for example_subdag_operator to 2022-04-24T00:00:00+00:00
[2022-04-26 22:54:49,492] {logging_mixin.py:109} INFO - [2022-04-26 22:54:49,491] {dag.py:2937} INFO - Setting next_dagrun for example_subdag_operator.section-1 to None
[2022-04-26 22:54:49,495] {logging_mixin.py:109} INFO - [2022-04-26 22:54:49,494] {dag.py:2937} INFO - Setting next_dagrun for example_subdag_operator.section-2 to None
[2022-04-26 22:54:49,549] {logging_mixin.py:109} INFO - [2022-04-26 22:54:49,548] {dag.py:2398} INFO - Sync 2 DAGs
[2022-04-26 22:54:49,680] {logging_mixin.py:109} INFO - [2022-04-26 22:54:49,680] {dag.py:2937} INFO - Setting next_dagrun for example_subdag_operator.section-1 to None
[2022-04-26 22:54:49,712] {logging_mixin.py:109} INFO - [2022-04-26 22:54:49,711] {dag.py:2937} INFO - Setting next_dagrun for example_subdag_operator.section-2 to None
[2022-04-26 22:54:49,791] {processor.py:171} INFO - Processing /home/airflow/.local/lib/python3.7/site-packages/airflow/example_dags/example_subdag_operator.py took 13.297 seconds
[2022-04-26 22:56:15,331] {processor.py:163} INFO - Started process (PID=129) to work on /home/airflow/.local/lib/python3.7/site-packages/airflow/example_dags/example_subdag_operator.py
[2022-04-26 22:56:15,577] {processor.py:642} INFO - Processing file /home/airflow/.local/lib/python3.7/site-packages/airflow/example_dags/example_subdag_operator.py for tasks to queue
[2022-04-26 22:56:15,671] {logging_mixin.py:109} INFO - [2022-04-26 22:56:15,671] {dagbag.py:500} INFO - Filling up the DagBag from /home/airflow/.local/lib/python3.7/site-packages/airflow/example_dags/example_subdag_operator.py
[2022-04-26 22:56:19,105] {processor.py:652} INFO - DAG(s) dict_keys(['example_subdag_operator.section-1', 'example_subdag_operator.section-2', 'example_subdag_operator']) retrieved from /home/airflow/.local/lib/python3.7/site-packages/airflow/example_dags/example_subdag_operator.py
[2022-04-26 22:56:19,441] {logging_mixin.py:109} INFO - [2022-04-26 22:56:19,441] {dag.py:2398} INFO - Sync 3 DAGs
[2022-04-26 22:56:19,674] {logging_mixin.py:109} INFO - [2022-04-26 22:56:19,674] {dag.py:2937} INFO - Setting next_dagrun for example_subdag_operator to 2022-04-24T00:00:00+00:00
[2022-04-26 22:56:19,686] {logging_mixin.py:109} INFO - [2022-04-26 22:56:19,686] {dag.py:2937} INFO - Setting next_dagrun for example_subdag_operator.section-1 to None
[2022-04-26 22:56:19,698] {logging_mixin.py:109} INFO - [2022-04-26 22:56:19,698] {dag.py:2937} INFO - Setting next_dagrun for example_subdag_operator.section-2 to None
[2022-04-26 22:56:20,262] {logging_mixin.py:109} INFO - [2022-04-26 22:56:20,089] {dag.py:2398} INFO - Sync 2 DAGs
[2022-04-26 22:56:20,885] {logging_mixin.py:109} INFO - [2022-04-26 22:56:20,885] {dag.py:2937} INFO - Setting next_dagrun for example_subdag_operator.section-1 to None
[2022-04-26 22:56:20,892] {logging_mixin.py:109} INFO - [2022-04-26 22:56:20,890] {dag.py:2937} INFO - Setting next_dagrun for example_subdag_operator.section-2 to None
[2022-04-26 22:56:21,141] {processor.py:171} INFO - Processing /home/airflow/.local/lib/python3.7/site-packages/airflow/example_dags/example_subdag_operator.py took 6.399 seconds
[2022-04-26 22:58:57,905] {processor.py:163} INFO - Started process (PID=197) to work on /home/airflow/.local/lib/python3.7/site-packages/airflow/example_dags/example_subdag_operator.py
[2022-04-26 22:58:58,016] {processor.py:642} INFO - Processing file /home/airflow/.local/lib/python3.7/site-packages/airflow/example_dags/example_subdag_operator.py for tasks to queue
[2022-04-26 22:58:58,151] {logging_mixin.py:109} INFO - [2022-04-26 22:58:58,150] {dagbag.py:500} INFO - Filling up the DagBag from /home/airflow/.local/lib/python3.7/site-packages/airflow/example_dags/example_subdag_operator.py
[2022-04-26 22:59:38,812] {logging_mixin.py:109} INFO - [2022-04-26 22:59:38,599] {timeout.py:36} ERROR - Process timed out, PID: 197
[2022-04-26 22:59:40,148] {logging_mixin.py:109} INFO - [2022-04-26 22:59:38,928] {dagbag.py:334} ERROR - Failed to import: /home/airflow/.local/lib/python3.7/site-packages/airflow/example_dags/example_subdag_operator.py
Traceback (most recent call last):
  File "/home/airflow/.local/lib/python3.7/site-packages/airflow/models/dagbag.py", line 331, in _load_modules_from_file
    loader.exec_module(new_module)
  File "<frozen importlib._bootstrap_external>", line 728, in exec_module
  File "<frozen importlib._bootstrap>", line 219, in _call_with_frames_removed
  File "/home/airflow/.local/lib/python3.7/site-packages/airflow/example_dags/example_subdag_operator.py", line 25, in <module>
    from airflow.operators.subdag import SubDagOperator
  File "/home/airflow/.local/lib/python3.7/site-packages/airflow/operators/subdag.py", line 42, in <module>
    class SkippedStatePropagationOptions(Enum):
  File "/usr/local/lib/python3.7/enum.py", line 153, in __new__
    first_enum)
  File "/usr/local/lib/python3.7/enum.py", line 504, in _find_new_
    None.__new__,
  File "/home/airflow/.local/lib/python3.7/site-packages/airflow/utils/timeout.py", line 37, in handle_timeout
    raise AirflowTaskTimeout(self.error_message)
airflow.exceptions.AirflowTaskTimeout: DagBag import timeout for /home/airflow/.local/lib/python3.7/site-packages/airflow/example_dags/example_subdag_operator.py after 30.0s.
Please take a look at these docs to improve your DAG import time:
* https://airflow.apache.org/docs/apache-airflow/2.2.5/best-practices.html#top-level-python-code
* https://airflow.apache.org/docs/apache-airflow/2.2.5/best-practices.html#reducing-dag-complexity, PID: 197
[2022-04-26 22:59:40,443] {processor.py:654} WARNING - No viable dags retrieved from /home/airflow/.local/lib/python3.7/site-packages/airflow/example_dags/example_subdag_operator.py
